5044117550
-16203630227
1011010100111001101011110010101
-7135162421
-13214475421
1001001011100010001101000000001
-2427652023
1111011101000001000001010010111
-1110010111100101111110010001010
1010101001000010010100000001
16455450762
5375374470
15101742553
-3b2c7190
1000100000000110000111100000010
674d65e2
2b1823e3
6cff8a2b
-359480c5
1111100010001000011111100000001
100110100011110001001110110
15734342246
-4530743662
1319dbe7
2325212772
3043061560
-11110011100101111101000000010
-100101001010001011111000100110
100000010001001101100100101000
-36165871
15623016307
7242523067
1011000101001010001110001001111
59f145b2
-16265262364
cc4d834
-14516251007
-101101100001011101010111110001
6592bbf1
-1000100100011000110011101101100
f3dfeae
10011101101101111101100100100
-1001111001100010111011110010000
15665172666
-2104051365
-8a90f93
1011001000110000010011110100000
4a6256b4
1010101111101010001011101101010
111000111101101011100000100100
99b1300
-17143505211
5741262744
-11111011110011100100110100101
14373753035
1101101101100001010001000111111
434045016
-7165245537
-4d8254c0
1100111011101101100100001000111
4c4765e8
100100110010101011110110011
4304652717
1000100101000101001000000101111
111011001001011110110000001010
1223472533
-7c5208b2
-110111111010010101000111011000
1110001110111011111100001100011
-101100011001111011100011011110
-1101110011010111110011111000101
1000010111100011101111110011011
-238f0ab0
1010010000011111001001100010100
-110101111000000100111101000100
-100100010000011000100000100011
6026306653
-1101111001101001011011010101111
-1001000000001011101000100010110
-4b57b45c
4606dfec
753edc58
16431740005
10000050227
-111011011110000000001001111
101001101011110010011001110001
-1010100011111010110010000001011
300dd306
-5464370645
17077354624
26134f64
-16335545650
-50b8b2ed
-6880b5cb
-11242563147
5041133547
-1101101111011000000110010010
-11000000011001010101110101001
12320751221
-15462154713
2a25b32a
-2216141461
6424152403
-3c5b9fe
-1100110010111000010111000000
-1110100011001001110010001000111
40804bd2
-1100110111011110010010101001000
100011101010010101100010010
6507262137
7157012217
-3440314250
-110110101010011111101101100001
-1100011100001101101110011110010
-111001110010110110010111111
-7efd2ca6
-5124762635
71242b65
-1725367047
426163273
-110111000010100110000110100011
36562359
-5855b0d1
-1010100100001010000000101110101
59dac0dd
-16136017225
10000000110010110100000100001
-101100101111001000100010010101
-5e7b9e56
1101100010110010001001101110
7361437674
2511501422
14527731760
-1001001010111101011010000000110
-126da8d
100010011110000011100101001101
-1100101011011101011100010100
110001100000111110110001011
7712355010
-5277622771
-111110001101111100100000011000
7d3e20c9
101101010011010101000100001010
1010011100110111010000111011010
11420751473
101001110101101101001011000
2055460374
10010110110111010101011001000
-101111010111010101001001100101
2706564003
-c598403
5c66cde6
2c63e830
14405032422
51ee8d47
-6471540217
3326207433
-17307415743
-111101010011000001100100000001
7a4c47ad
4898b3fa
3426425774
4dfd4939
-15435420270
-17420621147
-2772b295
-7694037a
-10d20704
1557344636
-7afd015e
58e0de17
546133040
11000111100111101110110001
7056651476
14621627425
-10111100010000011101000101110
-3530313713
6431257071
-11ba9ef3
2a607d70
-11ef68cf
12120146446
-11464436464
34983960
5be8082
1001010001010011100111001000010
32a545ee
-101001100001010000100011011100
-1000011000001100110000011000101
-15071704422
4547514153
-1017746217
-5773702072
44578944
-1131472354
-11110001001100000001011000110
-14455374346
356461b7
-30c05850
-110000101001011010010110111001
57f7f700
14073533042
15062017760
-110110001101101010000111010011
1101011100010000101101001110010
4302517316
11100011001111011111001101001
-1000000001110000100001001001110
-11101000110011110110010001
-7271564325
1100110010001010110000101011100
-2a6c164
-6f929eff
2964cf01
-10534335726
-7d5fef8b
-1010100010110100100000100001111
1010011001000101101101111011010
-35207401
41b20c6d
-565dc7ff
-11641661675
2d999a
4836e731
-110011001000010010110100101101
5c79b883
-15625444267
-52630760
-486fd2cb
1b433f88
1000111011010110111000001111101
-44f067a5
1000110100011110010111011010111
1111000111010001100101110111011
14216234541
17064774452
5406113277
-7305066012
-1101001101100001100110100111010
-469f53a
-1011100100011011010100011011111
-10011110011100010010110010010
-12030432572
-14145024215
-1111000011010001101001111011
3451693e
11110010011011101011011100001
6335062534
-1101111111100101101111111111010
1000111110001010111010111110001
294eda1d
-5503375516
111011101000110100111101111001
-1000011110110010010001001100001
-1011011100011011010001111000110
15121512224
-761c7f15
111100001001010001000000000000
11111101010111010001011010110
40395522
-1407077162
-1d964245
-4569698e
4165636621
3eea8048
100001001010011110000111010000
-101000100101111111111101110100
1000010101110111101011011101000
1110101010100110001101111011111
-41bd1664
-1770610733
2716200655
-1995d285
10000010110000001111101010
2520072766
-2731777771
-1101011100000001101110110001100
1111110001110111101101110110011
601fab6e
-10006077651
-1cc20136
1101101111100011010110011000100
-7634316
15237241702
1043325163
-6735140033
4310055063
7854b446
2120350201
6f87a804
-14055063470
-100101011101101010101011000001
12070743663
-6112046550
-e94dbe2
-1010101110110111100011011010110
4332306770
129783c5
-2610450716
1000000010111110001010100011010
-17101707021
-1100000111111101110110100000101
-303247227
11471100343
-1001011100111100010110110001110
-17143323242
-3695b82c
1110100100101011110101000111101
1f9f6cb7
-1100001100110000010010101111
5735620232
11001101000000011101001101001
-5016262130
-3252b071
4635033607
-111011110000101101111100110001
-4145776620
-101101010011111011101100101011
10010010010101100100111101101
6054605034
11045377045
46785e64
-16663303173
5510537427
-1011000010001100111101011000001
1011011010100001010100001010000
11101001010000000001100111
3521516707
101010101100000000100111110111
6600d4e3
-12613456031
6db4a19a
-6c0b3748
-140d438a
-5466330273
-17522206671
-1c1b5ced
-2155665406
1111111011010000000100011111101
-10013433214
-101011110001000001111000101101
1546537624
-1000000111000000110010000101010
-41133143
1011100101111111110011010010110
15776107647
-1111110011000111100010001011000
-4056142264
-1011110101100001001101110001
-11010110000110011111111100011
-13600570603
12667331446
16314231044
1100000110011000111110100010110
-6dfd15eb
-14507264235
79f60858
1010110100001101101000111111111
12666047177
1f921371
-13140314107
-129e52fa
-17031076324
50839710
101001011000101101000011011101
5981f5c3
-11334243501
-555f3833
-1100111100110000000011010011010
-3b38d0bf
28045bdd
-1000100011000011010001101100000
64431963
-7737a66f
-10677037567
-1073727333
-2ff79d69
22415e81
14412572127
111000100111101011101011100110
13240505420
fd9598c
-7a6e17f4
-1101111111101010011100001010
1723d890
-41b015cd
51e18d32
77f16562
1001100110111100111011010000100
-15602207473
-101101000110001000101100000011
-1100110001100100010111100111101
1000100101010101101110100100000
-10311064254
-15763260204
-23f45490
4bac859c
-1203452131
-10110010001100000011000111000
10000111011101111100001011001
-b1c550e
15426031120
17102755000
-4054103171
-573654532
30d964af
-11111001010101001100001100110
-3421710217
100000111001011001001001101101
-2147773741
-100010010111001001111111111
-1100100001000100111010100111010
21fbf47f
-14160612264
-48bfa78c
-86a0008
1fc694cb
-523bea17
1100111000000101111011011100111
1111111010111011111100100101000
-100001001010011101110100100110
-5247312653
110000011010100101001010101010
-334211560
1101110000101010101000111000
4ed83901
-110001110000110000000011111111
-1001111000000111011011101100111
57af1519
-415ff500
45db8675
1a780c12
-5c236606
-111111011001111010010001000011
-250b3a47
3574303024
6887c1e6
7df581b4
1000000101111011110011011011000
-774b5549
-10127472141
75e9aecd
-10156775336
-10000011110100101100110011111
13507537140
-670c0d84
-5779495e
4270726243
-5c653010
77729441
-3679f0d9
-6b40ce80
1376076473
-101101101010010000111101101010
-110110111011011010001100111100
5f6125e0
-101000111001011100111110001000
-5220237456
-1101010110101011011111010111110
-11011110001001001101101110100
-17177325152
651525013
5160409e
-d380b02
-1100111101100010010111110101000
-51606321
-101010001000000101010110111111
-2fcbc139
1101011100011001011001101011100
18d97e10
-1824f307
495ff9c9
5162db7a
-4171110611
-772cb47
-331733316
1100111100101011011100011011001
1111110000111111001111011011111
-495ee3b4
1101000001001100011110111110000
110000101100011100101001010101
7122077365
79fa10be
d37b8be
101001101101000001000011001110
2331107251
1100010001100110101111101101101
-17036305464
-100100101010101100100110000111
254b2755
77a43931
-110010000100110011111001011010
-5541566422
101100010100110011011110101000
1110110010110011110010011110110
-1011001110111100001110110101111
-1010100011100111011110111001
-3e828274
11101101010000001000100111010
6fe0fdd2
4496e0b
-5742417572
17443446150
-6021266623
-1101111001111011010101010000111
-6251513701
-1100101111001111101011001011
11125366243
-1111110100110000010101101000101
-10212716535
-7e9148d8
17121311413
-39bc92fa
1011111010110000001010101011100
-1544326604
-13714116514
201be43d
10070460404
110011011010001000111011100010
-1100011011010011111011110011011
2d6b683
-646bcab7
-11755450521
-17266127406
-762324015
-3610514251
1001110010000000111000010111101
-1001000000111111010101011000101
-6426737317
-7042617106
-1ad3d506
1010011100011110010001100110000
-1110000000101101110001110011111
79c3b893
66179562
-1010101111000101101111110110110
16117206260
6751231425
-6561220702
16317605605
-3d4e8699
-26914f49
-13115622617
-17774350177
1110101110010110011110010101001
-1100101000001010011101110100111
5300200620
63d1ea69
-100100111010000011000000000001
-7567024171
-50eba152
10011101100111000111010111111
-6be2def8
-10011100110101010010100101111
-1100100111010100110011101001101
1064613317
-12545267713
-11257323707
6715544146
-db2dc53
-b3e9458
111101000010001000110001111
51a396f0
1101110011011010100100110001010
-1101110100001110100000100101110
4ce0074
1000000110101010000000101010001
538169a0
-16171210606
5ac7c854
-7a67dae9
-2114674242
11010010010100000011000001101
-10011011011100001010001101111
-101100001010000110110011000110
-17207157542
-4501646571
-9e702f1
17016170060
3bd18820
-110000101011001100000000001011
5a3ff127
24d55ed7
-100110000100001010111001000001
3c14f79c
100101000111011111110011000001
-12660435313
5565134574
1010101011100000111111101110101
5167255402
10344046527
-5114256412
-1000001110100111001010001000111
1111000101111000100001001000100
63a74d53
6232225033
-1010110110010111010101100010000
-110011100010110001000000010101
-13631574433
-e206b61
77c4390a
1001011000001001001101011101010
-10110110000001000010110001
13345735000
-1011011100110100001010001111011
-1001110011110010000001100100010
5043653363
-2456637624
-7705630444
1713353040
-7df483aa
14426015561
50bd08d7
1000101000100010011000110100101
-1111000011000000001011111101001
-1111110011111000110011010000111
-1110111100110110101101000011110
-1100100000111111000101011100010
100011000011000100011111100000
1111000100111000111111010011011
-573a7c1f
-1101110001000011000001010001
-1da1fc36
1203476270
1101011010101101011100100110111
566ee4b5
-5477726262
1110100000010011000010110000100
-11147026153
14163170466
-1010100001001001000011001110000
-4ea98cb0
16605446153
48348bda
573122201
-31254b6a
1001111111000011001011111111
1000100101000011010010101110100
1010101110110101100110001010110
-78b81af
1d98df69
-c3032b5
-1000101010010011010101001000011
1111010101010110011111101010110
1059499c
522a4c5d
6771260724
-544e01b6
7141e6c9
-10674055736
204f0d0c
6ef47679
-15170554475
-218a2d57
1011101010100011001010001010100
11550003550
1100101011000010011010010100010
-111001011101010101011010111000
3040462264
6e2d0948
777997c9
-6540253103
1110000111001000101010001100011
110011010010000101101010010001
405c5d8f
577e978d
10241417556
-100110111011011010100100011110
-1000110111100011010110101101011
c20d59e
-1011010001100111111101110100010
-418a6d95
1111111110110000101000010011000
-6f09bb44
-111001000010011111110011011001
-2050653366
3462602663
-1111100111001001000010100001010
-1111000000100101001010110000001
4b2b0952
-14310240227
60c9d303
-17652345014
101101011110110110111000000010
1010001010011100011110101010011
5451133551
-436f8e52
-5521655247
-13573240605
-1111100101001111101001001000010
-1443067557
-1153325373
2134330322
1011111110011100111101001100111
-3607070503
-1111111010011101101101010110100
-13664664703
-12204451120
1101011011011100111111011101000
101101010011110100010101001001
786e44d1
1111101011000101100110011001100
429a00bd
-1100000100011001110100000110110
1101110100001011011001110001111
-10110001010101111011110110000
430416fe
595faeb5
1100101010101000110001000111100
-110011110100100101010011011000
75793dbe
-14659842
38b2533a
-59e6bb6c
-15351101017
-10477577152
-208bd9fd
-13022560545
-402f9a94
-10435325703
-14331407013
-13467442021
-5776237400
12123404304
-14111136624
1101000011000000110101011110001
-7751235721
14446015501
330dfc90
17002127607
6a5842b8
9d7e50e
66feb879
14155451244
11010110100000010101000110010
-1110011010010110001000001100011
4e5f4969
-c617ca3
5d7c05e2
1101100001100100100100100101001
-b0db3b3
5631472166
-3324f9c0
2356152357
-9c12889
1cff5dcf
1000110000000101001100000010000
-100011111101111101101100110
7959ff33
4b6cacdf
-1010111000000111110101100110100
2555364401
-7111726751
-15141236125
5619e13d
1c7cca94
5a0dc531
12126514447
12040437670
-111100000101101001100001111101
-7997353
-142fd42b
1001011000110010111001101011100
1011000000010000001101100101111
-321fba6
12640231026
5378fede
-1010001111101000100101011010110
1001101111000111111011100001101
-110101111011110101000110110100
14de0e4f
-3116527440
229cdc6
-4172672035
-13046420363
-1750032334
-111000110100101011000110110011
-423003720
-2d0fde90
-11101110010110001010101110001
-2137304012
15055625374
16132505432
-2ec7a4af
16327205777
-5713726545
7f8333b4
-4504376362
-1101100000110011100110111111110
-6715571c
37e45163
-3240237114
10010101110000100111110011101
682fb974
-100011111110011011110011010100
75028851
-100010111001110110010010011001
7371515627
16030575455
-36e72946
-101000100111111000011010101111
-110010101100010110110001000000
3723701167
-20c78573
-1010111111110000100011010011
15305615173
-16514071023
11224106724
-1001000000000001100010101001100
-1755752464
13751760657
13447444457
1001011101100010011111000111010
-e87dd51
2705057454
-2d169ebd
-2266017525
-13466414501
-15077422333
-4254527177
977bc8d
-4570572663
-12162153433
2051306601
1101101011011110110011001110010
-506202160
11450135401
-3bf636d
4fe2e4cb
-4ba52aaf
c1d52e8
-11111011010011001101000111101
-782489ad
1100011001001010000101110000010
-27848eef
5106242227
-1000110111001000100000110110010
-11040572017
-111101000111001111111000100000
-76fa5d77
-6c8907f
-40fba44d
721f1b76
152304212
542f9a01
100000001111100001011111111100
-1111101100111001010010010000010
101111010110110010110110000111
5364130342
-3734056442
46ba542c
-1000100110001010100101111000001
10110100100110000001101011001
-11436541774
-3db88a54
-1110111110001010000111101110010
16135005106
-10240674520
3ff2bad5
1110100111010101111111010101101
111001111110100010001011001010
7219aa10
-16563454363
-15303716216
-6f639817
1111001010001001001100011
-1010100100011010111010110111100
-10671412621
16071404252
-12723575415
6a045fd9
-14630705254
-3f930d99
4c5bbce2
4ad99e2f
15467512024
-1010100011101000101101111101001
-1001110111000100101111110011010
36a8087
-75131365
1011000001010010010110011111100
7274433537
2026234570
-2ec8481b
1000000111001110111110000001010
16633331724
100001001011011111101100111100
-29bc9338
1100100000010101101000001010000
100000110000101110110011111000
-13656a6b
-17311644437
10110111110101001100000110100
-7e03af11
-6666666320
14241312640
41138d79
1176d738
-1bc3986f
-1011100000011101010101001100
-111100110110011000110101011100
223a5e6c
-65a400d2
6c6421a7
12121157205
-111010111101010001100111110110
-1100000100001110111101001100100
1111101001000111100011000010100
-1001000100010001100011000101
-7550626517
-6421015435
110100111100010100110011010100
13454122663
-17745636355
-43d6042b
-11323545056
-5c18c4e7
56465494
-640c2c16
-55370963
-73f095d7
3c86120d
-1010010000101010111100111010001
-17273342777
-7165707235
101110111011111110000000101111
-67b43edd
100010100011011100111000111111
60a64639
-14041173055
-15541333701
-1000000010010111001001111011111
-6a9536e7
-10402236030
3fa7bc34
-1001011110101111100101010000111
454ef772
100101010001000100110110110
-17241462634
8f86432
-7631374325
1101001010011101001000011111000
-29e14c35
-11475105652
-6431412627
-110010101010010001001111000110
-1101110011011100111100001001001
-419628c3
2510075334
4101314474
-4450765343
1011100011100001011110011110
-12005445414
1001011010110001000110101100000
2f7c76b2
101100000101000001100001001010
379f7e47
-11bfa1e2
1011000011011101001001000111101
-17711337405
-1354752723
-20d713db
1101101110100010000000100010111
-2711277233
-111000100111100000011111
110110110110110100101100101101
-52540d8c
2124135320
705df074
110010011011010100010101
-2016712743
-17450732554
-1010110111010101000111111111101
1feb075b
-6117140237
-1011111110100010101010001100
23390677
5737537751
42ad3288
-12142434224
40a86409
15525326325
1011001111000111110101110000
100000000011100010111110100000
-3aad3912
2ac645d4
1101011100000110010011101101011
-1001001001100001001110011100001
-1001001000110100010010111001000
-77bd0025
-10101000101100011110111010110
-111101011000000100100111001001
1080ee0d
10205031232
-762c9929
-3b1510
-11661346706
1101001111110111011001110010111
-751434220
-17521641227
-635b379e
3742656457
1101000010111011000110011011100
-13126274515
-15652004353
5264714065
442a7db0
1011000001101001111111111001101
15592c34
-111111000100000100011100001001
-2256176765
7ab0c9a5
-100110100000010011000111100010
11d0974d
36595432
-18d1f20c
11110001010001111001011011000
-110101001100100001000010100111
713ee804
10424076570
56096337
-1100011101100111011000111010001
-1101001000110111101101000101011
-12d3143a
45206d8a
-7e9277f9
11522317267
25155367
31256f8a
3526263240
62d6b89
1101011110110011011011111100111
-101000110111010101101101001000
110101011100111000011110100100
-1000010110101101010011110011101
-1000110110100100011101010010110
1110001001001010110011011100000
-a68794b
-c496e10
1000000111010100000001100001000
-1011010001001001101111110111000
-14044741533
-101010100000001101001110001011
3200612321
3353ad6d
1670402543
28988b66
27ebe0d2
-13216344002
-16156125144
-40555311
-14732436565
-14525475637
-6e9e0be9
715a6946
-64b0e0af
-65d89b27
-100111010111001001100101010000
-1100111101011001001010101111100
7243704413
-1461451404
1110010010101101000001101011001
-4a8f6fc8
-6c018d0c
7d476a09
-1001010100111100110101010010000
-1011101001111101100111100101110
-13612304652
7455e0e5
361525564
1110100000110001101111111000001
-37d7ae0b
100001001011001000001100100100
-54c2adc6
-12205311367
-101110011001011100111010101111
-529013b4
12247775773
-1011011001011101011110101010110
16411523777
30a7619f
15655707372
4e33243e
4aec72e
-dd0577e
-100000010001010001001001100010
13676311224
-6b6043ee
232fd98a
15267433616
-331203543
-1010101111000001101011111100000
36978be2
1100001000001101010010111110010
-18664ce
-7c7d9dea
5a29b6a4
-12313162325
1010100010111100010011000001
-13132254406
110110110010001010100001111001
20d0379a
-1011000101010010011110000011111
2e4d4321
-4f1a423f
-7d9c0eb8
-4d51514d
3302642321
-1101001110110000001000100000
12242610201
-16564260074
4033331504
-1010110000011111100001010101001
-50919a1d
-11010111000000110100000001010
-110001001110100100000001000100
-100101110011100100101100011010
8b52b01
11110000000000111000111001001
-11f279f9
-3075745610
-1001100110111000101000100101110
7b6059a4
-10101111010000001111011100100
-204446332
-6524132126
1078327e
-1c3fc25b
-1100001011100010000101111011111
13140511115
-4f7c543b
1010011011111111001001011111111
1011000001000110101011111000111
2201410257
449ff9b6
-6a944a63
1e854259
-18baf02a
-15744412650
12264255
14436223405
7331373410
6102753567
-1010100100110101110011001011010
-40e82059
1101101101001110100111001010010
-11111110111111001000011111100
14517254111
16316741205
-189086c0
1110100100000001101110000011011
-4e1fc8be
11276540374
284da74b
-6310371020
2f7efa02
1000000100000001111101001110001
84f57f3
5ba013b2
4126745301
4ef9453e
1000110001100001011010000
11010100000110110010011100
3745327512
-11171402357
-7431e294
-14355304120
-1b78e783
6e812e71
-1100000001010000000110011111001
-1111010101100011111111010
-12310310122
-73144e51
-6bb22277
1f4d6610
-10000000001010011111001101
1110100111101001110001111000101
-1100100111000100010111010100111
-13633411320
-1010111000000101110000001011
413d8274
17155571737
100101000110100101011100110010
-3715601b
69d4ad87
66ba2dac
-1e6f5605
-24f56d55
101010110101011111010100011111
10111011100001110100000000001
-1000011111111100111111101000011
1f19c1f0
-66bdd0ce
1000111000011111110101111001
6070615071
-c6c8c4b
-17417036470
14011575053
-1104664002
6775eeb6
3dd09e05
-1d4eb36d
-4765204253
-10101100010111101001000010011
4048af32
1701611644
-6e831f2c
d2fa3ff
-14445601766
-6444243165
-1001000011111111010101101111100
15300014013
dbfec24
1011100111111101110010111100000
-354d54a7
-1601423173
-13326732177
-2554627433
-13445670733
39a0cce7
-4744530243
-48ff2dd0
1705735752
-a5c2b6f
-7415a149
-3469092
-12507762303
110111011100000101100111001101
-15405714250
-217a6416
-2576570027
-1001011011000101000101001111001
11001101100010000100100100
-1417c44c
1405036100
72b8bb59
3333f8f5
-10111011111110110000000001010
-16706413317
-2066555063
52cc6f
-21f948c1
6133004353
33b71f0e
-1011101010110010111111101001101
2166103624
-3013105312
-7613066146
-1100101101111000001011101000010
10571625760
148bf2e8
-1010111010111001000100011011
-4bf2f180
-2204210701
-2bdfd4ac
-110100000010101010001000010101
10535055533
1111000111010011110111101000
-1011010110111011100111111100111
-7440076725
16303572241
4a325f
-1000111101101001100100010010100
697ad021
-1508512d
6bc6ad2c
-68ebafae
1001000111111000100110000100001
-15220046416
13997bc8
-36ae85e9
-4650215750
15571311754
1111101101000100111001001000111
1011111110100010110110001111001
c725ec1
-c716bcf
1735453406
1da92f0
-17341144266
-100110001110100010000001000
68a8d47d
-2117373207
6304261573
-581a7a
-63b13f3d
-16442314160
1001111111000111111101100101
-1001010101010100101111001001101
-14546702502
-101111001111100000111111010000
-6773160576
-13056671126
-688535ec
-1011101010110101110100011000101
-3781e78a
-6148a09e
-75a11949
-1001001010001111111001000110000
7154261313
-5570537562
-1001010100100100101111011001
-735772564
-6640560372
-13b781ca
76d9c51b
1001100110100010001111100111100
-7605306250
-1100001000010100000010001010100
7313befc
-79b9c6ca
3404177516
-1000010001110110100100000100111
3d873cf5
-83c7c8e
1536eae0
-10111011001011011111000101010
-17171365664
17233106576
7026162444
-264d68d6
-74fce474
-1011110000110100101001010000011
-7123053133
-22aebd3e
-342c5c76
252b3847
10426026306
512296f8
1bb5e7ec
1000010011011110110101101110
-72bc89cd
111101111100011000011010010110
14237642551
4645234211
100011000111101110011011001000
-5bf785
-1110011110100101110100100000011
-bd24019
-7c462b92
100000100010011000000100000100
-12044640330
-5356632727
10100010100001101101011010001
-101011011111001010110111101010
100101001111111100101000001100
4500701352
12014070354
-1000010110110111001000110111101
256e2b66
-51f09ba9
7173673535
1001110011101011000011011011001
17327122466
1000111011110110110001011110100
13110721617
16372306052
-14674472366
-15323055333
-16167522374
-64688bf9
-315814be
17757534524
-1001000010000001010100011110111
10650327107
4dd9c258
-c87e601
-1101110011100001000101110011100
735441455
-786fa1af
14305126002
1011011101010010111001000110
1010101011001011101101111111010
-111100101110110001100011101111
11462515601
-1000001101011101011100100001010
-4661025176
-101010000000101001010110000001
15350306640
-111101010000111101100011010100
1101011110001110011000011100010
-12624234054
-100101110001110000101011101011
3135270471
-10101000101001001011000001111
1111010000100110000110110110001
-1111000100100100110000110000011
-4bed7b38
-7bc13936
16472672727
1110001000001100101010111100011
-6e8fe5d
-12124370100
-39184dc7
1110010110100000110110011001110
101100110000011110100101100001
38e1e2ba
4fb0bd42
-101001011100111000111110111011
-35fd7cc
14677602036
e19bce
5501604641
5603021647
55e3eac5
-1111010101011000001000101001101
-2763571136
-6cf9a8f
-2172671536
1091f47a
-33667234
15263357346
101011101000111000000100100101
110100111011110100100010010100
-7609f2a8
-3ac30d18
1000111100110111001111101000101
12327235327
-27fafeb4
-35e8b0e
-5641437573
374f19a
b3a4a80
-d9f661
3164540433
17444544454
-1100101001011000111110111000001
-11101111001001100111001111010
16350714672
25016103
-6b1a5756
75fcb7d3
15934f3b
-10010111101011010111101111
1000000101111100011011011110010
-2165175c
3575025414
15446204063
-319cd2e8
3545722205
-4647026463
-1011100100101100001000010011000
-10223450564
-3d13db25
-3143463137
1121347001
-4e0a0814
1000001100001111110001111
12d3f63c
3755426475
-5772026663
-1011001111010001111100011111000
10665705441
16601675025
1001000010101110001110101101110
5c080abe
507646563
110001100110001100100010001
11111011101100010010001110010
-10027341105
622692a3
-6bd792f4
6554740215
-2570327770
-1011011111100011110100001011001
-11201507420
101010011000001001001110011
-110111010110111110111111110111
-494c6e60
1415222520
6421663204
1101011101011011101101000000000
-1011000010001001001101011110000
72029255
4cab797d
-1011000111000111111110001000110
34610ac5
5c83796b
-31b99313
3213321124
-6734417647
-456651172
15540626204
1011011001000010111000101110011
-10030713
-16745707176
2638c3c7
1011110000000000001101010110
16712247060
10111110110111110000010111110
1110101110010000101111110000110
d6a969
-5cef9cff
-1001111010010000100000010111101
-10100000110110010111101111110
192f5de4
-21031626
-1101100001001111010011001110111
35eca22b
-5feed2d5
17925102
-1011101110110001101111001110111
35443bb7
-11010011011011000011000101001
-5783542a
1011100110111001010100011001100
-1011100011100000101010100000000
-1e94c383
-2af95af3
-12474777015
-12465624364
-22c0b167
-11100011000010001101110110110
636f98b6
3477345732
110000111100011111010110000101
17307146352
-668936df
111010010100001101101001
-110100010000110011111000111100
1000001001011011111000110010
6fdc4986
7543573323
-cd70ab7
10111100100111011000000110000
1011101010000011000100000111110
13312031263
3f1bae1
1591ae17
-3306305172
-603765027
-4b999973
1111101001111111110011000100000
-3303632226
4f12619a
-44e837d0
2700631660
1242212363
14366464606
-13646444157
-e530dd0
-2361474351
3037407711
-59c737ca
1011000110101110111101010101000
-7cb31d76
-7575205141
-62bdf8a5
-25905037
24203fb4
-12754400466
-3554704053
-1100000100000111100011100101101
1011010000000011001101111001
17245234324
6597ac0
-10111111110101101011011001011
43f3ebdf
5d5b0594
-16271213707
4306725025
21b3ca15
5ff528a2
-67ab3ca1
1000100110000011001100001001010
1043407147
-10677603025
23cc76ad
669e8925
-3498f38d
-2344214635
-13763362072
-6395f923
de27465
1104001061
1000001010011100101000101101100
6604076026
12114064233
1011101100101010100101010000101
7b07df12
38dbd88c
3ab4a667
-7c6433a7
-7248a8f4
-7761473622
-3447c3c9
16364644177
-1225fe06
-1101101100010011001001011000101
-734b73db
-44e3ab48
-a36058a
16661746310
320204003
13770511223
-2305417403
7a6cac64
14354129
1000100000010000001000010011111
16102107763
-56f8abd2
-1011011010001011100010001110111
-111111000101001011111000100011
16633016116
2e22784a
-1010000011000001000100110001010
-409261f9
-100000110001110011010110111011
40911d72
-e3aea4a
13417545257
1101101110111011110110000001010
11100110110000000110101100101
1533434303
-1100101000011110000111101111000
58337991
13654500552
-11111367656
1110010111100100101011001101010
2002704311
-101011010010001010011110111100
-770a974d
-522c2b1a
110100101011001000100011110010
-14050034243
-101000101100110000100111010101
-100111111011001011001001100111
4c8ccb63
-7bbaddea
1110101100110000101100010110110
-110010110010101111111000010101
6517753716
1110011101000111010101010101100
-14756205453
16061346555
-7a0956e8
12125444615
-59848fac
-110001000011010101100101011001
-111011010111010100110011110
-10101001000000001011001110100
17731407410
1111000110111100000101010101111
-4345271054
4a07d62b
-10110001000111000001100111101
-36c0a17
193f1377
16677532610
-514bfe0e
263abfbe
-478b3299
1000100011011000111011111111000
-6db106f
1111011001010000001110111110000
-1add392a
101011110010001010000110100100
-11110001011100101010010001001
4532037110
110100010100110000000111010010
-101101010110001101000111111100
13126665125
-3145275602
111011101001001000001100111011
14375251261
5100213055
-1de8eb
1011101100011011011111010101010
-12304336504
-7002600421
616173164
-14c1c5aa
-16717246701
13014474055
11100000011010101111001000000
35aa75b9
1110101100001001100110110001010
10111000111111110100010100110
1110110111000111100000000001110
-1001101011011100100010111101110
1101011111111100110011011011
-1604233702
110111010011110010101111000000
13614535
-51bcb43b
1001111011100110001010011001000
-77e1d2c3
-1100111110111110010110100000011
6664d9e0
-1010111010001010100110010111010
-2c5e455c
-1747764740
-573f2595
-10001011011100110001001110101
b731909
1011101001001010011011000001010
11011101110010011010010
-1111001011110110001111110010101
-101111101100110100101100001101
6035201116
-3bbc12a1
1011000010000101101100000000
-111100011100110101000110011101
-4403d7ab
1001110010010000011111101001
-1101100100011100101010000100000
101100100011100101101110
-269ba2d9
-701aef90
-1100110000110101001110011010111
-3758d919
14005202160
-11352451353
4a5e80af
-16664103375
15202653003
-2e3b4be6
-1010011111000000110001011011010
-7201467343
663745335
2103357274
3f4c6360
7505463405
15432123570
433bf88b
-1011011111101101001011110010101
3fb235af
3ebb3d1e
110101011101001001011010100001
-520e8561
1001110010011110010100000011100
2742a191
-3460132532
60181e38
-4bf8413
-1100000011011101011101001001100
-17026270722
10100100001011110100101110
2761016314
c44727a
-10000110111001101101110101001
12df2f2e
250100f4
1001010111101111110001001000
2571724135
540824df
-1010010001010100100000110100010
100010111001100000001101000110
580e3376
1010110100110011100101001010110
-15572475156
-1111110011111111110101000101100
-1100001010101001100111000010
7d9bdedf
-79faabb3
58d2b871
1111001001110111101000101100001
-1101100110101100011100100101111
-12616754024
11711261713
10421372417
1401062115
1610357473
1100100011001111010100001001110
7c7e9cb2
-728aca18
-6552165502
70b57136
1110111111000011110011011011001
111101010010111000101000010010
1111001011001010001011011100101
1010000110010000000001111111000
12737436144
-75751224
6e5246ce
1dfc0675
6207131353
48261a22
110010100001110011010111110
-10446247120
12612777241
-6ada4b42
-79a4c858
13632724737
-1490d981
-1cfb15f1
7643363572
-48d1b799
-11005341642
1111101001011101000010000100101
1110010000111011010011001110100
1010010100110100000010100001101
101100110111101011100110111011
10011011000001110001101001100
17027271704
1111001010011111000000001010
5bf41328
-52adc8fa
-30ec6532
-11252652437
-691b35ba
4a4db53a
-7740016d
-4730427107
100010010100101000010111111
-403281ea
14324045672
1011101011100001100110011010100
23f6b62a
-60d386f8
-1101101000111110001011111001110
-647737650
-13426554562
-2aedc3e8
10100110001100110110100101100
1e98e4cb
-1001100000010111001111101010
1110100110001000011010001010111
72a38d22
-10476140467
-5aa2c513
4ed38d0a
101100010110101010010110011100
-7355214515
-1101010001101010111011100111101
-6346572236
1111111100001011000001011110100
-12510730361
-12640224401
-1100000011001001000110010010111
110001111111111010101011001000
1faa9883
1011111111111011100100100010011
1101101100100010001110001011001
-1000111000111001011100001010000
1000100000101111111111111110001
-1000000001100110100111100111000
-100101010111101000110110001010
-795fa59a
-15257333702
7237560172
6c886d4a
-5ee4633a
-4131614700
7505632246
-11361622061
-cc178c
-2961bd75
1011010011001001110000011111111
-73257291
64b5206d
-7ad3c802
-12045353710
1473522204
-679689a9
6b9a9eea
110011001011111010101010011111
-4153565052
72cde281
76d9690d
-110001101101001000101101001000
4971342f
1010101110111001000100110100011
-5655610317
-1001010111011011111001111111011
101110110000101101001001101101
-5005060304
16527021354
6af4a208
-1010111000001001010001010000011
-4ef65ba2
9716845
-7564703710
5bde9a74
-13067163611
5403606620
-4f364206
-2a527ef6
14533605600
-5555653312
-7e009736
1111111111101101101110001001000
-11000101011110011111100110101
-101adc77
-1000001000001000000111001111000
-698c6e51
-16335547217
-1000110010010100001110111110
2d522892
6317744537
5345167602
-42b6d4a7
-17355547034
100101001101011111000010110110
-1001010011111011010001110100100
11410523723
-6511327412
6ca41370
-10214633622
-1011001110001011101101101101010
-1465414146
11011010111110001110111111100
5675140366
-1000011011010000100110001001001
-7e597082
5a282dd9
-2d79526d
1131620052
-4156632417
-67a02c8a
10053124023
1c16b66f
1000000110010101000010001101000
7552355314
-4532375552
17222170146
3aa8a5
-1110100100101100011100111101110
-11107346243
13345030521
-111001010000101111000011001011
1100101010111110000000010110
1000001110101101111110101001000
1111011011110010100100111010011
2014032710
-16527561076
1000010000011111111101111111
1101000011001000001001111110001
-7645541436
110010100001010010010101001001
-3ffd9447
-67edd027
1001101110100110101111011110110
6552077311
7b1dae1e
-3ea19c4c
16322330457
15371104603
c01b362
-11433040005
6ba899b5
-1100100101010000000101000110110
110000111010110101100011100
100010010010000011000001101011
1010011111101101111010001001111
-16371601730
-311ef8ba
-14444fd
54dbb0ef
3773120475
466ded73
11001101000101001101010100011
73ed6d9f
10474373077
111000010111001101001101110111
111000111100110110111001010111
-10011111101000001111001100011
100101001110000001111101000000
-17672034260
-111010110101111101111011000010
1011001101001101110111000110000
111100101010111011101010110000
-1d9b7c08
-3c50b86
32167512
12036060017
-4122311473
-2711454703
-4452445521
2161576040
20f3843f
14666243671
-111010010111101100101110110010
-60503919
5544be18
-369c9995
44ed9ec5
78983570
-262012415
-520f6d46
601dbc99
61e9f6c9
1111100110011110110101100101111
1000110100111011000
67cc9c8e
-16743542252
1010001101110101010011111000101
-101001001000110011101110
11011100001100111101111101011
53a2327c
1001111111101110000100101010
-14702647747
16240722600
1000100000000000011111010000101
-100110111110001110011010110100
-6fef884e
11436100302
5746df29
12176633564
2cf62adc
-10010010001100010100011101
1101011010001010100011011001100
-71b6a17c
14525604337
-16416353141
79af7ebd
798b4026
-6466052d
432254746
1100000111101101111110011110100
-757ccf45
2287c997
-110100011001101011011110110000
11111100111100111000001000011
-78424abd
100011011101110111000010000001
10111011011001101100110000110
-d6b8c60
-15506437662
-100001011111111011001110001001
-17741562235
-1011111101101011111110111010
1100110111001111010111010100101
697f55aa
-110000010011001011101110111010
10722374435
-4102304160
-7a770ff0
-729f6324
5404cb3b
-4dff31c5
15005541753
5673035747
101110110010001110101101001111
2c318921
101101001111110101010011101000
1000101110101111011110111110100
1110110101100100111101111010110
-1101001010110110100001010110001
78582607
1110000100111011000010010110
101100010100100110000101010100
1ff51bca
13716322725
1111011110110011100101010000001
3636634206
3557774572
-533b4bf3
-8f0570e
-4306103630
17611320624
-bb62885
10653631632
-1101110010010000010000101111111
-16312027732
-5c8fac09
-1011100000000010000110010001110
-110001110011100010111110100
-42105423
3f651a00
-1011011000100011000001000110110
11337463754
-1100100000101010100000000100100
17407046411
1d430316
-1100001100010010010101100111
83fc933
10001011001111110010110001110
-15422603245
-4530343241
11343402150
a2ca3f
-1852b9ec
-4161502006
1011010111101000011100100011001
-698416a9
265266615
-111001000111011011100010010111
1101110010000111010010101000000
1100110100001111001101000001011
-2221210647
1101111000011000100001
dd95b1d
-101011000000101010001100100010
7607275170
-225c7488
-752d589b
12061c04
11341713673
-7ac491ad
-6424252560
100011010100010011100010110011
-1100101100111001111100011111010
-101011100011010111111110111100
11301717042
-7414273563
1111001000111111010000000000011
24ec59ee
1001101000111011101110101010010
60c582ad
-8bf4a57
-100111010100100100001010010
-16625012147
-4362134364
-1111010101110001001111101010101
-1110111111000101011011001011100
-100000011111010101101110101001
7426210152
-16066155325
-10111011000001000110010001
29ee1f22
2710327572
101001000010001000011010111100
-1011000011000101110010011110
-1a30cb69
-14725130517
1d1aab25
-100010010111000100001110100000
-100111001001001001011001001011
-1000001001010111010101110100110
5225357761
5f3f64e7
487b4313
-1001110001010011101110010110000
-10000000111101111110011010110
-15125352575
-1cba1998
2fa9df7e
-7206141511
-7156512230
14045232652
-36840fef
-690812e8
2742422267
-1011111001001100011001001011001
-15010442375
35347d98
dfc211c
-12373127531
4312651005
-110110000010100111000101011100
-7330055170
-de833ac
5615072313
101111011100111010000010011101
-11477116667
5edbc8f3
-1111111010110100011111001
-6ce39471
226647040
-1d9dddeb
-110100100101110100111010001000
2443376177
111010110111110011001010111
-1001110010110101000000111001
1101010011001110011011011110011
17551566022
100101110101100011010001010
-1c83adc9
-16621417714
-5b4d704c
1100101111010110101110110000110
1011001011010000111100101000001
12423457555
17334706155
545756fc
152a9128
1111111111000010100011010110010
-1111010110100100011010001011100
5bf17aaf
4118a6b9
110010111001111110001011110011
111110101101010100110111001100
2647332325
1010011101011110111000110111001
100110000001011000110101001011
-454556763
21525c20
-1010110110011101101001101011000
-1111101101010000010000100000001
-462c5f49
-353d651a
-10100010000001000100101111100
-10010011011011100000110101010
-3266324742
-7549e827
-3fd97c8e
1010010101010011011111101100
1944d46c
12541157225
-13345727502
-68ef8e1c
42d0fdaf
101100000010101101101001100010
-1100010101010010110110101
16231642770
3ed6b1d3
-101100010111111001001010000000
1001001110100001011110010011111
-1000000001110110001001110001011
-6035711263
-10224252272
5d089c4e
1001100100100111111101101011001
10110011111101010011011001001
d65ea8d
-111111110110100000001011011100
111110000100011111100011101100
16122263535
-14560447576
110001011101101011100101110011
-3440301275
-2132151375
11101010010000001000101010110
1010001011011011011110111110101
13151045157
6906a9ef
6693930f
-7512065611
340672db
-124164400
-2611152464
-1111101101101010101100010111000
-6273572452
2d8dec59
1010011010100000100001000110100
49d4949f
-7658f502
-71e1a737
-5962ab4c
10010011001101010111010011001
1010010011111101100110110
12575305541
-104bf253
7357601115
-2402557160
-5664142773
111111011100101111110101111100
-1000110101010110101110000100100
1100101101010111111000000010011
110000101001001100100100110000
4f451834
4d1abaa2
2c52bbfe
1101010010001111101100101001011
1bccbff1
1001010000001001010011000010110
-1045bc78
4264266444
-110000100101011000111010110111
4261304510
-7e9c9e9e
-6e2cae33
-110010110000100011110110101001
-4bbbcf0f
101010010011000100000011000101
1011011111111000000001010010101
-11336401555
-38c5b9a9
14732176740
-22d27a2f
10701607167
1151498e
-3e29bc1e
5b858cba
-1001011101010010001110100100100
-10075310154
7222320132
110000010010011111101101100000
47d1dda1
-17367725274
-13434034
1101110101001001001000101111001
1110011011101111110011000011111
-5063155104
-1111000000101111010000011110110
-111100000010011110101000010001
-105395c6
-1010001101111010101011110110011
601da31b
1011111100000001110011100111110
1110100010010010100011001010
-77af44a9
-5014211010
1c7fdef0
11001011111000110100100010011
-2619ff26
1011011011010111101011101111110
253aab44
-17724327567
-3ddd6c14
-11201252273
-7437422762
16275153764
2fde192
-7527610056
6703003153
-2baff4ea
-12641412152
1762712403
5130562275
-12147127660
1011010100110001100010111101000
-c9cd135
424324102
-520366361
-1110000011011000100111011111000
10601257711
-64254937
1010100011111100011000001011111
-1000111111000100111010011100010
-1110101001111100001001101101110
-21e9c77c
-1100111110110101100100101101000
-1000101001001110111000011111001
88d717c
c93090d
-10001001010100101010010110011
-7e738fab
16211425625
-1001010111110011100110111001110
6277237447
-36d1d5ad
17234005763
110010010111011101000100110011
3e751d81
-1101010000011000001101101110
-1106001133
-1d498a3
2020220615
-15545103757
4edf91f5
d80086d
14137741272
11267034122
1000011010010100011101101010101
-100101010100110101000100110100
11257423437
-2561401270
-6067200155
-1101010001100000010000011111100
-1100001111000110010110001100010
-63665b05
-38654749
100111010111010100001101101001
-11b64e4a
-1111111000011001111000010111101
-8e61774
14747334350
-15520323370
-ee3030a
1111100100111000101001100010110
-13077374510
-1110111000001101101100111101001
-6766324107
-1000000101100101111100111001000
17616311450
-4413725121
-40a3cf3c
-15072771232
385a785e
1100110010001110111101110101010
11647653336
714863a7
16100701652
110110011100111110110101010100
-1111111101110111011100110001111
1010101110010110111010011010011
-10101000010100110111001
101111001110010010101111001111
5cc308f3
-7e49192f
-10126635471
-11011001101001010010000000100
3752022625
110000110100110111000110011110
-5a44cca4
-fafd7b4
110110100001001001011000011001
15112316145
-7116736116
7105307757
-11110001111110100000000011011
1110111010101101011010011010001
13717721421
-15312214442
-1433063
-58605f47
-1111101000100001111011010010001
-11710242176
-1111100010001001101011110001111
-11070323222
7141e0be
110011001011011001100111110
66b4aacf
1100100100001110000001110001100
12533361216
13666343465
25eff6ac
-1111011101111000100011101010100
-6a56fb95
11225303002
1001001101100110010000100001101
1110100001010100111101010000111
-3620635163
6500774564
-1110000100100100011101011111
110000000001001011000110010010
-29517f71
14652302506
-15264176313
434e3690
3204021075
2f54b886
1101011000000101001010000111011
-67426581
43d1dc83
-16154400225
-3056221070
1ae7e36c
45c4fc46
3066704c
-1111000001001100100000111010011
-111011111001111100111010101011
6401147201
10111110000100111010101010011
-1010100101111000011101100111110
3743220203
111110100111101101001111000111
-21413613
-11010000000000111010001101101
-1000100000010111011000010000000
1110111011001000111010100011101
17125045252
-110101000111110010100011101101
14115175001
-2e210b17
-445311250
-1111010000110111001000110010
4f174513
13052641633
10776243405
-6c580648
38fd2c5c
10001011111011101100100001
-6773adf4
110110110001010100111110101110
-323766646
-5fe3d52c
72018f1
-2330166f
-341bc80d
1000000111100100101110101011100
101110001100110101011100111
44c80c0f
1110011011100110011101101010000
-60fb02fb
13466547073
-1101101001010010011110000010001
-3602417617
-11637637141
a503820
11262261503
-27cb47e5
-16611714613
-49bfa3c5
-d19d219
-5620074164
-129f635a
-10433111247
-50ef80d0
1111001011111000110000110000101
111110110001000000101100010011
100011001010011001010100110
-14464477307
1111010001101010001100100101100
-255fdd2f
1111111111001001101111100100001
662413335
a22ec2d
-6bc192c8
-4ed810ee
-110101000001101011101101001001
11100101101010001111000000011
-1101000010100001010000001100111
1057746530
5c3708b7
4343630035
-1000010111110010111110101101110
-1011010111011011110000010110001
-27474751
-101011101101000011010101000011
1100100110100110111101101111000
100111101111110011100001111111
-1000110111101011011000101011010
-17715404124
-308bc9e6
1001100000100110110011010101001
-111010010010000100000100100101
-16c762f8
-5f4a75ce
1000101111111011010110000000011
1110111000110110000001001111001
f3d9577
1010101001000000100111011101
-13273470030
6a76965a
-12315002160
1010000010101110110011001100010
-17754771006
13303330755
7428e3b5
5265342577
-5531246015
-4a6f7121
-1ac2bc44
-7ee498c2
-1aa4495a
-1161726005
555c67b
-1010111011010001110010011110010
-14575174472
-10001110110000110001011000111
-40ce7921
-3356770436
5654010062
406611f8
6aa84819
-ec8827e
29ae0a5a
-7515610306
-14150316320
5206bad9
6a67a146
1100101001000110001010000000010
111010100001110100010100001101
-1100000111111000110010101100000
12ddf0bc
-661bb1db
-1afeabef
-5f53b54d
-549c8bdf
1011100010000100001111010
13375055043
8dc2ccc
2a6d2329
7011512313
-10001100001000101001000100101
2c32712b
-1000110111100111100010111111101
-4d0c6055
-101100110100101110111111101010
3e8aa69
-4017721452
-6054514765
-7d91a960
-1eb531e3
14341561340
3253210716
-1100010111100001010100001001011
39c42f20
2e8822c0
6c15607a
46994067
4a4464f2
-1011010011000011000101000100010
101110010111010011110110110001
2627303133
1001111000000010001110101111010
-65b21278
13360755534
-5720104660
11001111110000000100101111110
6dfc8fef
14640766267
-7862af5a
5c3b13de
-1011110001011110110110101000
1110011011011000100100001110101
-11445062656
-1011001001010010100001000001010
-1101000111000000110110001101101
2036152134
15166002236
4c192203
-11111111100100111111001011
-1000010111101000111001100001011
-1a2d780e
-10011000100100110100111010110
1101010011110101111110101001001
-14261451046
1000110111100111101001000111110
-1110111111001000101110110001010
-1001101100001110000101010010001
103e8e2a
1010100111010010110010001000001
-12517354106
-4116000255
111010001110001010001100000001
-14417113272
-540316550
-1101110100011001110010010110000
10502613245
111011110010000010001101001010
-416bf89e
6c620b6a
448d884
100101001110101100111110100111
-5672726422
1011011011110110100100001101110
77201893
-1000000011010011000000111111100
-100100110100111111000000111110
-10644060741
12122646725
-142130401
10110010001000110001000001
101001001100000101011110011001
-14124670230
-40d03917
101000101110011111111000010010
68544868
101000111110101011011111011111
-1001010011111010001001110010101
1100110000001010011110000010111
16151474510
-101111001100110100111111010001
f117274
1f2394dd
11043355343
-10001110000110000110000010000
2622725653
-3037d8cf
5215ee2b
-16622003265
77da9f57
11475640636
3b89225c
1000101111110010000110010110111
c0151c3
-111100000011011010111001010011
5453077052
16457746750
1101011000100101000100111011100
-1100110100011010001100010001101
1001111010010100100110010001011
10533461340
-1110011100001111001010110011000
-1110000110100100101100011010010
-10100010100011000100101011111
-1111110001010011011101101100010
-1467321140
1101111111111011111000010011100
1101011001010010000000110011000
15377634601
1111000100101111000001100011010
-4ee63bcb
11111111010000111000101101000
110100001011000000000110101110
-1100111100100100000100101100111
10215105043
-3411454671
1af21c56
2da643eb
13375615224
-2061724745
-7ae0f1d1
-1010111110100100001110110111011
13021010760
-10101100001100010011010001000
42d35206
66ea7bb1
11235702426
100010000011111111101110110011
-101010100011011111111001001
1390e12f
16562551514
-33f0a75e
-111011001010100111001111011
-4661dd0e
-445303151
1001110010100111000111101110110
1650064125
-276263004
-6072df2e
-10103110110
100000010010110001011111010001
5df42c18
-5de1a250
4667513757
13302623527
-5838af95
-4c18ddcd
-5078df61
-773f3375
-737d017c
7372330166
-1101000101100100111010010011010
101000101110100110101010000110
-1010010000010111110011001011
3270526631
1010100111111101001011111001101
1010101110101001001100101011101
13525547606
8fc781c
10000101001010111011100000001
-11010010011101110000100101111
-1101101101100100010110100101101
15500f59
-13215344457
3010556702
-11000011001110111011011111111
11011011001111101101100000011
416bc6c9
42f7be72
65520742
11110111001100000010010001110
-3430541415
7128b6b1
-42fc6f26
1110111001110000100110010101001
-60623d7c
-110110000101111111100111100
-1435054236
1101000101011010010001010110111
-225cf78d
2c978112
-100000001000100010100100011
10001010011111000110011011001
-12504201731
77a306f9
-14617737424
-1100100010010101011111111011010
-1010100001001010001111010001011
4010753746
1001111101100110100111100001110
14637627415
66a10ca3
10206124430
-3f8444ca
1010100111001011111100001101000
-18bf6ed9
-13464305674
16b85443
15333166417
e3d1309
101000111000010101101100000010
-14165354301
-1010100001001100001011100011111
2545115460
14061570036
-1111101101011000101110101000000
-6680a9ab
51eee950
1000001000111110111010010001100
-16426327700
1110110011100011100111000000001
-7fa6916a
100011110011111111000100101001
357035472
1010110000100110000100110010100
117b394a
-10322474444
-12642626525
1001011110010000110001001110
1011010100011010001010001110110
430713307
2171506070
11366344034
-1100100001000100111111001011
-5b67685b
-1000011010111111010011111110101
1100000001010000101100100100101
110100010100110110111111110011
11325063160
3360403177
110001101000100000000110010101
4f65d346
-110110111111000001101100111001
-11244467061
16537211163
-11075662754
-5632556674
5044377041
-12f601cf
1101110101100100110111011010011
7323517415
-10431775614
100100111100111100101110011110
2727743540
55484757
5344214730
-15245364760
-101000100001011110000111011111
-17664470717
-361217466
673ba906
-17167413750
-14604444721
-1263325276
-10031610577
-100011011101100111110110001001
-78051e57
fc4f2c
10041327525
-10110000101001000000000001011
1062312515
111010000000011000101110111
1f451ac4
-6f5ed8cc
-14502366057
-66abf4f9
100110011100010001011001001
17015203013
4755561673
2ae534ee
26b041bc
-1000100010010001111111001101011
6421647044
-1100010111111001110000111101110
-1100100110100110111000001001001
-13357003637
-5c7600a6
-110100011111110110111010101000
-1110100100101000101101001101111
-1000001001101011110110111111111
f5d62dd
4a49f2d0
-16220270664
5ac9cfbe
1001011101000110111010110100110
11263370103
-101000110101101101110000110
15733020500
5388fff8
10100101101001010011010101
101001011110001111100111011010
11213073652
-33c23776
13355447473
-1642246726
450473150
15024206733
4c2e8b62
-1111000101011011110010111010001
1111011110010000101000110101110
2c477b4f
1214613627
-7ea0be1a
-19e8f032
13724037365
-12523755706
1011110000111010010111000111100
-1100110000100010110001110010011
7ce30ebc
14651622460
1101000111001111100110000111111
-1111111110111111110101100011
-4115300704
-6710cc1e
-1100010010010011111011011100011
-6034131446
331546520
-3f48f9ad
667d496c
-1726354530
110110001001000011110010000110
1000111100101101110011110001101
49e43604
-1110000001101000001010010000100
-13337677241
12144527504
7557034422
-1010000010101111101011001111000
375cd10a
-d265923
7771650317
-1010001001000011001111010100000
1011111111010100001001101001100
-111110101011111111010010000000
-312660553
1fd547b9
201f47a0
1010010010111000000101110101011
-5e2c8bec
-1101110111111000011110000110110
6554414251
-2714706705
1010000101111110011110000000011
676c55fd
-10110000101011101111111111000
16556017732
126762c7
2066254707
-54b97770
-13552757416
1010110101000100001000110110
7b96c6be
-1110101011011000010101101011001
-733a1850
-1111abed
-11141421163
-15b92f77
1501573077
14344206473
-103c4728
-17215524253
6282a395
5464606777
-2662371271
-3a847617
18f139bb
100101110000001000011100010101
6021d7ae
1111110010000000011001110111110
1000110111100000011111000100100
-12713231716
-15776104375
3041731720
12213577537
6402161615
-1110100011011000001001010111000
-1010100100111001101111010110011
-d511ae9
156a444a
100011001110110111101000101111
-1110010000110000010101010110110
-1001100000000110100011101111111
-111001101001011110110011101111
-19245e8
5d2fdfce
-1264450452
13706455554
-1959257c
-602e73c5
-5117575072
-2771216445
-67238868
28f99459
101110011111011101101100111101
1110110010010101110000111100001
13477660774
55bd776a
-1010011010111110100110001110101
2276133154
-1100010010100001001011110000011
-1514066307
-3bc2d0ca
-111100100011101110001010100001
10010001101110001110001000011
100100001111111011000111101000
-1111101000001011000111101000100
-101000100001100000011100100000
111011001011100100011100001100
3ce118fb
-4030724655
-1010010011111011001111010010011
23cd9bd2
-11347306164
1bc0853b
1001111000100100111000111100111
-11010010011101011011010110011
1100100100011001001101000100001
-1000011100011101101110001001
-111001111111111100110010
1010110110111100000001010111100
1010110101000111001111010110010
458c502f
-101010011110101001010001000101
-43a8e9e7
100010001101011110001010011011
-12410610441
3e9a33b5
-d8ab343
38de4b9d
-20e557e7
101100010111110101001011010000
1307006446
10230145530
100000110100000110000110111111
a247113
1001001101111001010110111000
101001110000001100011000111000
110001110011011001011000011101
13424141415
-2142335142
1ac45867
-5072431075
17705174626
-3026ea38
-446605326
-1c74f77c
-10625752710
6467140650
10750070
-1010000010010010001111011100110
7a381b24
-17e90c04
-2367526406
100110111111001010100100000100
-1000110100100110111110101111001
-674dc621
7ea59067
4372543603
1111110100101001110010010010000
-1001000000100101111000000100111
110011110100100011100010100001
-2427103124
-e28bbe8
-76634ea3
584d921f
7756715156
-1010010001111000111011111001010
1974f5ef
-1111111000101111100111011101010
-7f57ad41
-1001000100110111001010110100111
31687488
1100000100000101101001110010011
-10100110001100100100000100011
-1100010100000010101011000011
-2314762762
5656525074
10554603375
-3e3a8f7b
-10010010010001010001001011100
-12074563524
29cafb7d
-111111100110010110011100101
-1000111101000001011011100111001
101110111011110100000111101100
17361265724
-4cccb211
7d9f2326
13276764031
-12553542332
1640735b
110010011111100010100100110001
-6e82f73a
-11005333401
1111111001111110100110011000001
-3ca3c039
15130264720
-2b00c667
-1110100000001101111100110111101
111100100001010001001000001110
-4521532621
-12040612577
-1101101110101101111010111010000
-5946a19b
111100000000101010011111001101
-47e5c9f7
-110001111110011000101011101001
-11677562223
1100001011001101110110110001010
-1111010001001001010010111001101
1101001011111101111101011000011
-110101001100111101110001010101
-3377032360
-5420751102
-111010111011000111100001101101
-1101001101110101111101111100111
-13161323034
1100101110011100110000000101100
50a76881
-6e11faf
58d3a4d3
-5731442145
1e3bb099
c10d59f
8493a48
477152607
-1111001000011101100111101000010
-100101001000100111001111011101
17666736420
-47949598
-244eb573
111010010011000010011001110010
-1000000000110111011011011010
11301136527
22ed55bf
-f40b91a
11070241246
-e26e8d8
11111010110100011011000111011
-1110010100101110110111010001101
-100001000101100101111100001110
110000010011111110001000
-12221331642
1110110100010100110101101110
-13411364605
101010001010011101001111111101
-121ff386
117655c
17202632453
7dcea8ac
1000000101010001110000011101001
10000011100010001000100000
-4264620102
46ff0297
1011000110101010100110101010111
-5514123702
1110110001101010111001101000011
-59f71b65
-a849815
1011001010100110101100010001110
76614691
63bbfa4c
-12737541755
7cf24d01
10001001001010001101101001
17124665745
-100110001010111100010110111000
-1111011001110111100000101111010
-1010001010110100010010110100110
-1111100010111010011000110011001
11024756020
-2af3cf04
-11457137
-17165021037
-1100001100000000000001110011010
6332275163
-3350434211
-40e3170a
111101101101000100000101101011
-12743342246
-16101054440
15240276107
-601417712
-1010011000010011111101110011
-13243204664
-1000011101000001011000110110101
4265462333
573247136
-596b1531
fcda1b7
-1011111101010000000101100001110
67d68473
-22982686
110001010110000011110000001001
44cab221
-55d5223d
431730357
710a2580
-4446745310
-10100001000110110100111000010
10100000101101011100011011000
2423125753
-5edbb072
-6023767425
6f290960
4a38c1d0
-3274102600
16655250404
-3cd00151
-2d8d5fb2
16451701300
65e63c44
733034006
-4717575477
511ead71
34bc9b27
1001011101011101110101000011111
13810520
1001000101001011000101000110011
-1101010011101110101101100010001
10111101010010101010111111100
10111110000100010001000101101
-13720132273
6060135666
-13453263122
11435447535
-17625337616
4250735230
-4575625174
-17627053776
17065222344
3171425677
2a9c84b3
13465757633
-7ae8e6df
6477542507
-16654466635
3322745020
1010000000010011111000001111110
-759db4d7
-3461e9aa
633b2f19
1010010100110101010011001000111
-5572072417
15103014266
14163026653
2354364077
-15420715717
1325562221
-12552300276
11122222612
-1011111001000111111110101000100
101110111111000110101111111100
1100000010010111011110000001101
-1011100001100010001101110111100
-48b9931d
6611373c
7e8db6d8
-3936edb4
-11110100011011100101000000
1100010011001010111001101011011
-5002236a
16613514033
4235645565
-11221054141
1500776352
-1011011110100111000011011001111
-3024523212
-10603546062
-aca8491
-7151421206
-63b31321
-674f705
-10671436255
-6643bc93
2230656512
-1101110111110001001001001110111
6f0d7aae
-11725757506
-6e4903a1
11e6bce5
-1e6934d0
-10010011000001010011011101101
35427328
17123244575
-651413156
-1616232513
3451366774
-1011110011110111011101010000011
10010101111010111011110100000
-733cf70a
-1111000001011111101100001001
-1000110111011001011110000010000
5ea67102
17440661647
111010111011001000111000100
-2226116434
17547136727
17775646245
-366cad84
3d952a57
-1cc6a88e
-5966a9f6
-f46c89a
-1011001001000101001000101001100
-11100001100010110000101111000
5dbd81d2
134617610
-28b684d5
-11011100100011110111110010
41567047
-49163a22
-100111111100000001001000
1000011011101100100011110110110
100100011001101110100010110001
68115ec3
-11127121103
-1729b782
-3732735457
1010010101010001101110000010
16506724447
-1ee560e7
-1001010011100010111000000100011
14636157126
110011000000000110010010000100
-6272602006
-1001101110010101001010111000011
97a7d7
-50b878b3
-101100100000001101001011101011
3d133905
-607054077
-1673746316
-118ee86e
-111101101101001010001011010
-13643051342
240de88f
-2510356003
-1fb89882
12133411517
-111010000110011000010111110100
-16612124530
77ae5f0e
-100100100001110111001010110010
-7a15668
13574500640
-7e52d8f3
7d9b0c9e
aaf5ca4
11111110101000101100101110100
346d93b6
-6a79ed69
6c6b36ee
-3074737211
-11001001101001110100011101011
-11255536150
-4775079b
-1000010110010101000011001010
4c59a6b7
576633a2
-48c038a1
-5e77c55e
-5388e37e
-1110100011010101111010110011111
-1111010111010011000100010110010
-1a33de3
-4365de8e
14001320506
1f0ddb9a
3a0a023b
5cae8ddc
15755447657
11110000110100111100000110011
-3ed9e763
1100010100011101100100000111
3242612140
-1a2fb99c
727e913a
-1001000001000101110110001111110
-1101101001101010001010
5027171217
111101100011111001100110101110
-110100010100111011001011111101
1010011101100000100000000010001
272246f6
1111100101000010101100001110101
-2f7a5d81
1100001011111010110101100001001
-1001110101111100110101110101110
-151a2322
-16126225630
-17701242440
12200323135
7d269c94
4efbad02
-100110100010110100101100001101
-1110100001111001110000001
72a97194
5a246bc0
6212466564
56d321a2
1010001000110110111110011111110
-291282c0
68b0c5cd
-447625651
5924ca66
110001110011010100101100010011
14376131707
7386e8d9
1892fb15
-12143305410
-c74d9c3
16503666153
530c8770
-1111101000101111000001011110010
14220235613
1011001101100101001110001011010
-2705432160
14450714736
-1111011010100001101100000110101
1110001010010010110100111100010
4e504d70
-5124ee02
7561b22
-3450b1fa
-1000110010100000011001010000000
2266635237
1b1aaedc
1011110101000000001001011010000
-11100011110000000011010111010
-1110111011100000100010011000011
723444466
1903c1f8
1000110100101011000101000100111
1110101111001010011101110100
-14641552116
12377437245
1001000001011010101000001110011
1cc782c0
-1101011000110110110011010010
1111010100110100001000011111111
48e7eb05
-10415674004
-baa57d5
-51d3162a
-101000011001110010001111001100
7e94b078
-5562643564
2343170200
-5330071211
16026727750
16554375003
-1111001010110100010111100100000
-2017046752
429e1f37
f11a7e0
-111101101001101110101001100
3640650423
5775465466
4f5a0f7c
5444632552
3d48cf10
111001011101010100011101110110
-244781c
12005201631
23429862
1110001001010110010100110000101
-251d7e36
6615177351
-14035607274
6c2e90e0
-1000100001100001001001010
1111110100100110011101111110010
-120743345
-5e0d4cf2
-100100111010000001010111000000
35d8d237
2da3d5a0
-1100110011111000100110010010111
10011001000001100100100000101
-100000110000011010010010111101
14521431261
-1110100101101101101011011110000
-3117021361
101111101110011101101000001
63448e43
-1011011100100010100010011000010
2337301045
111001111111010111111110110100
2e9da853
-2163171704
-2433e97a
-13312155365
14715762630
-1100000000010101011000010010010
7602333517
10100111111110010001011101011
7196e0ac
1100111011111011110010011000
-22475ecc
1222636065
6562431445
154257674
2613531154
-11647736363
-1101111100001101011100010111
-2221134513
-21373d
13111460144
1111011000100101010100110110100
-17467724414
111001100011100110010010001001
-6406401732
4bd1c065
-6a0e7089
10011111101110010100100010101
-1100001110110110100011001000011
1000001111010101001100011011111
-16071145663
-1111110100110011110100010001111
-10135145060
-111011110010010100001001101
1011001010010000111001010011100
13054154747
-1101111110011010000010010000001
-1d4d86c7
4787b6ca
-5d454360
10763743325
-101100010000010010111011110101
13775045154
-13456622055
-110001000010010000110110011111
2ac4ee8e
13317407277
1101111010011111010111001100010
-a0c9bb8
-65a366b3
-1011110100001000110100110011010
38f4e1a6
-5522317672
-1011110110001101000101110011010
-100101110110000000010011000
-1ad4aae5
c8bc9c7
-17307721226
-639b1433
771796d3
10241362254
-14623444522
7827c39c
12624503753
11232362256
13351541710
10543264066
1271373572
-3470625623
110010111101010101001010011
20731266
12644733064
11403767355
101011100100100111110100110111
-40ee7cb6
14758dbf
-7f52b8a3
-10575440636
7aee07dd
111111111000000111011101101
10213550501
-1e133a9f
7e10c5b
10572522240
1c22f218
-1101100000110110000100010110
-14254555516
-2f2610bb
6f35d12b
1011010000110000100011010100011
1000110111101110101111101100111
-13365732712
-111100011011100101001110001101
1107541771
54e9f73b
-2b2a2c8f
33ae9d77
10027262331
-1011101010001100110010011101000
16633151117
2113101510
-49291783
11006473543
-168667bd
1111110111011010011111001101011
-7447223143
-7013603335
3423016726
-38c1f28b
6350122473
111110000110101110110001101100
-e355691
111010101011100100100011110010
-1bd94389
-1010011100011111100010010001011
1110001100101000100001100000001
-5242034724
2c06f5a0
-1001100110101110110000100111111
-101110010101001001100111011111
-1111011101010100011100110011100
-1011100110011011000010101100110
13273062470
1101101101000010001101100111111
-23f8dc30
6642742767
3761df26
66209aa2
-7766661472
-10057747663
75cc11ad
-1010101100101010111100011000111
-f662499
-2eec4f21
7373056513
-3d2d1ce
-1010101001111000101001110101100
-1001000110100101110110100010100
-7a9f7046
-65ad3183
18d46e86
-1101110111001101000010011001001
-13521537131
-111001010011110011000000000111
567946b7
15045632207
-19a0122f
-111101111110110000010010100100
-a5d9bb7
661a7c28
11100100011101001101111101100
-438b662a
-3b621c6b
1737672440
-1101000110111011001011001000110
-110101101001111111010001110100
74471ef7
-5f80c075
-17475124527
1100010101010011111110000010001
-1000000001001110001100110101100
-17203445007
-14303354067
1001101110001000010000101110111
110011100101101100110110000
-75866107
101100111011111110111000010111
-17ab7a1b
-1000100111110010010000001010010
1101101010001010100101101111010
-1110000100001011100000010111000
-15527252353
101100111100101001110110100110
-1001011001101101011001110110010
101101111010011000100101100
12645074601
-4365341120
3325046027
-71e029bd
1111110110110011111000000110000
12243015767
4267267127
7eca7f52
-5533334723
10011000110011100011001111000
17470744223
101010000011100101010101010001
7345072742
110101101101010110110111010101
-1f374c77
-13320244456
-5902d9a4
1431737715
-46cffd68
-1b1565bf
111011011001100100001101100010
-2635227167
5331614045
5a1c1f95
-1617200260
-31bc3473
-1000111100000101101010111100100
-243acbf2
-39234c86
13227243724
4717670712
-5302607253
11600254336
-527263173
-3c1277d8
74f57e97
-14531334337
-111110010100001100111101111100
11523043635
1111001010100110000110111100010
11653473223
331a2a2
-110000010001100000111010001110
-12557114251
1111001111111001101001001110111
-11100100110011101111110100000
-263762a9
-646406621
17433114165
1001111000010111010110000000011
-1001101110010011010100100011001
1101110100110101010111111101111
28b667b
2b9dc178
-111010101001001111100100000000
1643185e
-111100110001001101110100110111
-312c50d4
15361434432
3ce5e0e7
5112304715
-1602673720
5f77a14c
1011011010110101111101100011101
17310445154
-111111101010110101110010000101
-13523654024
-4112173272
15474273610
-46ba60d6
101000011100111001101100111010
110011001001011101000001010
-3e54c89
10644156221
3254ea74
-6700555112
-4f020060
100100110110000101010000000110
10112736137
-3761521572
1647705c
111110101000111011001101010111
-1001110100010100110010000101001
20e8b55a
13677362366
-10001010000011101111000001101
13752042333
-1000000110110001010110010011
110110101101111101001100101110
14655561773
-4a6b4cac
50d8bc3f
110101010010100101010011110101
-1e66cb6
-1462761004
11616515764
21c460b3
110000011000111111100000001111
1100000011000110010110111000101
-5774142626
-111001101111110000101011001011
-1001011111011100011000100001010
-237e5adc
5060198e
-1301774144
-100100101000101101111010100001
-1000011111011000001000111111101
43466f58
-55c6a8be
-5c33600a
-573c0aa5
-13637662201
-6e41881
-1110101011000101001111001111101
2a3a7179
-41ec9710
5c47efc9
2556101403
1110001011100010111000100001011
-11547350273
-1100100110010000100101111001001
1100010101010001001100001111001
-12720362015
-100000111110010110100001101001
2b3204b0
-687a5c1f
-1010101110011010101000010111111
29dc0bae
10100100001010010000011111010
-1110011101101000011100101000001
-111010000110100100001111001
-66353430
-7d7a38d2
-1101000111011100001011000100000
-111000010011000100001100001100
111000110110101011010000101110
3c9a991f
-5746311526
-1e4081be
1111100100000011011011000010
-17756457426
514152037
1110111001000110001001000000100
13256724447
-e3c54df
-5a60c450
6015212663
-2427f40f
1111101110011111000100010111
-65d4950
110101110101101110011010100011
-11703702632
11024541045
79cea954
19264de4
-4db4768d
10101010101011011010011001101
6362653747
7da3e69
-17736363556
4ebe2992
-7030114334
2466712767
1101000001010111010001110111
11454544220
6e1209a1
-28476170
-6bb8580e
-101010111000111010111111010
7564433435
-11246552260
73ac9022
111110110100010101000000100010
-6a7b77
-1000010001011001101100000000000
e5febcc
-110110011110010100011011010100
c044de2
15414513564
-10101111010011111110111000100
101110100100100011100101000011
c6c8e52
85cfb18
5b7825b8
-5a2e027d
1101000010000011011011001010011
6570103744
-1255707766
41362100
111100111101100111100000011100
422c46c6
4b1b2af2
16535747563
-423536571
-36864811
-597bc35d
62eddf9
-66782cc8
664fdb2d
-110010111100011110001000111100
7f51b9c3
5e9fdd1
10110010001001001101111100111
2776cf66
1011111000111101110111100000100
-33e37d88
1010111110110011110010111001011
11111001101101010000110100
4626045335
7ed87ce8
5320644345
11167101256
2558c305
-12464512433
-1101100000010001100110100100000
1000110101111010000110000101111
15236077353
32d66248
656bb898
7ed97d51
1101010111110001011111110111011
48965d0
1110100100000000101011100001101
776034327
110010010010111011111011111000
-38ca2434
-573b9728
1111010111000100011011011000110
188876ba
-4057776356
-4aa37491
16044772655
-1001101001101010011011111100100
10011111101011110010100101011
101011011011001010011101010000
-1010111111101010100010100101000
-1001111010101111100101111111100
5236200566
-16214244461
3357137612
1110101011111110001100010100111
5327627515
1000110000110000101010110010000
-1110111110001100110111011100001
-11616174411
-15177411620
-5b222dab
-13798f16
1010001100111010000000111100000
7145277050
7137767342
6826b090
-2b5bba56
25b9b08e
-15176036602
-3572517177
4edf90e4
-17572732406
110101000001001010110110000110
1001000001101111011001000111111
13076143371
5302761140
110101000000000001011101000010
-1001101010111010000001111000110
6cf0a8dd
-10544577630
-49998c75
-10101100011110010000001111000
-17cb87f2
-1110010101101001010000000111011
-4703006412
11656467545
100010011101010011101011010111
-13705073314
-10001010011000000001110111101
-1100010001010001100010011010110
-16626650104
-7431571027
1100100101010100010011001110
15032000
-1110100100100011110100111101001
-3eb62c45
100000101010000010101100000001
-519b7c4
-1011110101010100101010001000110
-10633557024
7750271653
-1100111001010010001110110110100
-6a3bbf93
-54c2e890
-1101101001101110011010111001001
1000100010111101000010100001000
-4afe8e3a
15ee6bb0
-67a052ec
-1101001100110011001011011001111
-1010100101100010101100010110110
-1000011011011001110111111011010
-4a69e2b1
-1f62812a
14730203253
5555043055
1bd5c1e6
-1001100110111100000010000110
-5d7c999d
16217113776
1354535305
5b46169e
7131517725
-1011010111001010110100011001110
59d93444
1101000111000011110101011011100
3214106326
-132b4bd2
-11324c26
10010101010110101101011101000
-100111110101010011010010111100
4c4906f5
-11101011111101110111110111111
-5731274653
-1b4712e8
54e87e10
-11322066474
-5275702066
-302ae101
-14517341032
17033445541
-111110000110101100011110100011
12737702222
14157514114
31ed3027
1011111100010111100101101110001
15427230107
-2733741746
142355173
-58f21d37
-1100110111111011100110010001111
-1110110000001111100101111100000
-8c5ff4a
505453414
5431a511
-13313557777
-1011101101101111100001000000111
1d0f4a86
-6046510642
1011010000100100101100101010001
100100101000100010010010101
-3ec4772
11101001100001110010010001101
2986e9ab
-7111c16b
-115f1d3d
-6dd47988
-14172615122
6b9886af
11035003063
-1110011110010111111000101000111
111010100000000110100100101111
1202545430
10715277716
-20286c5d
-1100011001111010101110110011000
2fbe5237
-10111000110010001110101011110
-16702336474
73291c35
-110101111000101010000011001011
2dcfe86a
1001011000100111111101111011111
3215371566
12606407365
10011110101000111001001011110
-110000010110111111011000011101
-3342015736
19a81a87
-12700371506
71860efa
-1100011000001001000000011100
17232522023
3573307153
-5befdc5d
-1111101001100100101011111101110
1000100010111001001110110111010
15477603425
16151345524
-12165010723
1010001011011000101101100001
4303740266
-733eaaa3
-1322175571
-9fcef3c
8d1c6c0
-1000100010011011011000010110000
3d0e46be
-1011111010101111101110101110000
100100111100100000000010010010
15122546630
-11100111011110111001001100110
-3e091100
-1111101111011111101110010001111
-10430237745
101100100011011100100110101110
-110111101000101001010110011111
-16304551072
-111001111010110100100011100111
1110001000111100010001011101101
-5965ffe0
-14036775451
111100000011101100000100000
-6da0c30b
-6d96d9c4
4534746233
-7543726262
-15371622367
35f2c226
-56aa7f96
59faf44a
-1230432242
-14673177513
-1001101110111111101101111010
100100000010001110011010111011
-27dca820
-293384d
-4f634103
-1000000000101000001010100101000
-1010101001011000011101111111111
78ff4b95
11101101000000111000110001000
1000110011101100111010001010001
1110000000001010101100110110110
-17214272603
101110001111110010110100110010
-13554775142
-2854d55f
-111110111111010100101010010110
-101111101000111111100001000111
3731777147
-1640fbee
-101001111101111001011001010101
7f20b5a6
-7530027246
7113541152
1011100011011111010101110110011
11011010011111111001110
57b9afe
-14505157301
-1111101101110101011010101110010
-1000001000111001100010011011110
-6e9c0fc1
-ce6dbb
-7cfda699
6275726117
17557731303
7705647612
1111010101101010010101100111101
-11712602070
-110101000001011010111001010001
-3da391eb
11470202043
16121043200
12037575032
-110110101100000101000110001101
-17645012151
-35fffb94
100101101110011110010010000110
1101110111100101111111001111110
6253564663
11100101101100110101001101110
11110100110110101011110110011
1001011010100001100101111001010
-6027147010
-5607647160
-1001111110110001100010100110
450047f4
10000000110011010001100010100
45870597
1ec6e949
1000100010100001000101001111100
4fa06472
101101110111101101011011010001
-100000000110101000110001010111
-1010111111011001001001110010011
16077345573
-4564026126
-4414313006
15236551421
-11421131455
11111000110101111001110101101
60b59058
4d8ed0ab
11101010010110111001001100101
-269c2030
54810a9c
10001001000011101110001011100
14f4dbb6
-5695149d
-1100010100101001000001010100101
-10325512472
3a2cb9e7
-2070141546
586e2057
7230426567
352b04a9
29a60fa1
-249ab3ad
-3442447
15437290
-100b2a1f
6726137535
-78363efe
17144373201
1000101101100100010100100010111
ff53088
1100110100101010111011011111111
1110111010100010111000000011101
-2641714126
1110000000010010110001101110010
-13712761102
-4137411447
-11027700120
-3f7fcb1f
111011011011010000110100010100
-2353070336
-111110000000100101011001110000
1011001111011001001011101101000
11010111101000011111101000000
13013243122
10306161220
-10100110000110111111101110101
-230bb558
-37da9541
1743564413
12607711376
12600653125
-1111101010011011111001100101111
1001110000001000111001000110000
110000110111100010110101101001
5362675540
-1f931456
-1100010010011101101001100001010
-10717115420
3144704656
16021062252
-22cc217f
17256615406
-12544431627
2243366256
-48a02513
-11520160754
1110101111110110000100100010111
-463134771
11676433664
28280540
-8fa259b
100001101010110110111110100
-1000000100010101101101110010110
110000010001111101111110001001
-10944066
111000000110001000001101100100
1110010011010111111100010010010
-1276150225
-1010100011001111001010000
1332ca3b
10372237201
-1001000110010000110111100101111
-77009456
16513362454
1010001111100101110001101100111
-24768150
1011111001010110101000011101
-15131044570
-1000011001010110110010000010
7134612516
-4204435425
-1110001100001010010001001100001
2125744257
-1a6a1597
-7f9a129
101010100111101001101110011001
-11142500636
-737314157
1701035103
100011000100011010011110100101
-7596b278
-7132829d
-13475453232
-110001001100011000010011010101
-3d66da30
14043776377
1001000010110011101011001111000
-632cda68
-25ffdfd4
-101101001001011101001011000111
-5e182395
11511370247
-52a20d0c
13437212150
-1011010000101110110100000100101
7f5968da
-4646320507
-1110010001011000100110100011010
1001110000011100111111010011011
-5566417226
-110011101011111110000111011000
10473267174
15435103005
45f4234c
-7df9cbcd
-7272475322
-12631631233
-1000000111100100111100110010110
31320245
11562034327
4567125663
-10001001001111100000101000010
-13d4336b
1010110110111101011010011000000
2929aab4
14765550536
1010100000101000101111111010
242b82c
-3172777264
-15546602333
13271503220
-4503077251
-6e18aa19
1011000110101100010110111011110
-3346114403
11713502074
10553664355
3927faff
-224057662
-17743612672
-719ac4f8
-1356677715
448e7f4c
5134623277
-111011010010001101001111010111
100100001000000110001011000101
-1da2868
-1010001010011000101001101110101
1ef8e772
-17423240041
7c48f2e3
1111000000011011011101111100
1001011100101101111000110101
101100100100010111101000010110
1110011111011000110101010011101
-3623717043
10101001110000110101111111101
-1000111100110011111010000101011
-101111111010001011100011111010
12443411020
-412ea4ac
-110001000101000101100111010010
-419c8cc7
-101011001000110101010101111100
-3145007343
111111000000101011001001010011
-388c0bcf
14423250027
645a0794
-5f02862
-7a9607a5
111110100111111000000100111110
660ba64b
7604740657
-111000010011000100010111111101
6c190559
-11101010100001110000111111011
-111101100001011000101011101000
-1101101101001111111001110110101
32b34c86
7764a74a
-506702145
3dd19bc2
2153107c
1561040646
-2767515312
48ea8e18
-bcb0b72
101000001111101111100000111100
-100010110101110010001000101
-1666536465
111001100001010100010010010110
-15207703323
-7744270042
1001000011111111110000110011001
1110001011100111000101101010010
-11332355760
2f80e338
14720111622
1010111101010001011000000111110
3345a68a
-101001110001110000101011000101
74cb3dd5
6031142471
-29ac91ca
1010100010000001001010110010000
4562463224
7430345153
16353720670
-6031464563
-4300121326
-736412713
1000001100110101101100100001011
-d171337
4473135505
-12547172172
7327313111
-1011110100010001100110000101011
-1001010110001000001111011110
42713074
1000100111111010011110111011010
1101100111110111111001101111101
-1100001011001011101100101111000
-5107603172
278a536d
-2d8a43e0
111010110111011001100011010001
-288d7af3
1111101111110110100100011000100
39095e88
-1100110100110100010111111001110
1110110110100011011000101110001
-773255e7
15247212143
100110110101100101110000000000
2534406015
38202497
3466014357
1001010101101010000011001010
-1010010111010001100111110100101
11217011127
101111110101111111100100010011
1654bff2
1064105405
4350533033
1001110100011101111000000001100
13032314231
1111111111111010100110000111110
-3ba37b83
-17314671173
1111010011011000011101001011
-7175524141
12564302146
10714054042
4d769558
-101010101001111100001111010001
-64fe4318
-134356153
-6004a312
3686d1ad
773b184
11110111100100011111110111000
dc3c9b7
2337407507
-16747327426
-1110000010110110000010110000111
-4720661204
-14761772350
-39086c3f
1000101010101101101010111111111
3e284461
-12511345366
-1100100011100001010010010011001
1100011010101000110010010000110
-48b65a
4300604027
1001000011011010011011101100110
17335416252
4e54a777
-5625633710
-5265203365
-16036242245
6f36f1b2
-1000001010011100001001001000101
-1110100001010010010110010011010
5afed74
1111011111001110101111011011001
100100011111011101011001111011
-100000101111000101101010101
1e5a2eea
-5403483e
63e9f7b
-72cbf2ac
1000011011111111000010011101110
1110001111011111111001011010111
664b291
-14277522320
1111100001101101010100100100110
111100101011000111110010100111
14445460413
3b356fae
11010111001010001011110010
-7057061543
11252260701
1101000011000111100100001110000
-3114716450
17120412305
11057222340
-6204121531
111110111100101101110010001001
-110011101101011100110000000000
111111011111100111001101101001
-2330207056
1001111101011101110010101001111
-1110110110111001110110110010001
-11111100100100100111001011001
632a9213
be3ae82
6953ef52
11101011011100111001101100101
-1000110010000100001101111001010
-1001010010011011110011000110101
4527525246
263155472
-1010010100101100001101000010100
5067de1b
-2810eab1
1100000111010011010101001111001
-11101000110101001100101100
45c80fec
-6253633577
-4b87029e
-2227203765
4c041a9e
11340564762
-144639f8
-101100000111000111010011011000
-63f58e53
100101010000110000010110110
9e7b9e1
-78e6e8cf
-408e4c77
7c465e2b
110011001101101101010111001101
-1101001000111101001001101001100
-4264017261
-1010001011100101100010010110010
-15744040261
110110010001100011011101100
30c2cae3
1057300266
1000000101010010110100101010100
-11011000010110000100001100100
10055521206
1011100111111100110111110000101
16312114470
-2247f7bf
2aeb6866
-1010101101000110111111110111000
1110000010000100000100000010001
1000110001000100101000111010111
1000000111100001111111011101110
6f21bab7
512706df
f5edb35
-1a2ff39f
111011000010111000001110011001
111000101111101101110111110110
-100101111011000001001001110101
-2043653472
-10000100001010101111000000111
13f9069a
5173273224
48e7af6a
-1010110100100101100111011110100
-1010010101101001001100010011011
110000101000000100000001100101
-3724456770
130156c
-1012206601
4707665505
11315635463
-4263733643
-11343126165
6b4eb052
10010100001101011001110110110
13031a3f
4c26357f
622f9d2c
-110000010011001011110010111001
-1001010001011100110100100001001
16634340544
1011011001000011111001100000010
110101001111100111111101010010
-1111100000110110011011000110010
-11771036410
16112120121
1762057613
-1010111110101011111101011101101
7d67fb9f
-1001101110000110110110001001110
13391606
5773434616
-3b3f4dfc
-75b52b70
-7b6dc2e
-15206026132
-3445094b
13671064353
-d38a650
1111011001010110101100111100
-1110110001111100001000100000
-7064aa61
339f7d60
-4fb05b75
-1010010001010000101110100101000
-10110010100100100101111000
40f4dec9
-110100110010001101010111100000
-468fd81b
-685eae71
-5202272150
5705065441
10324434774
-1001101111111000101110000010010
-14031665110
84bc1dd
5094e038
-11011667533
-5fd92f35
17333146603
-16276631574
-1ec78c03
-1001101000001010111111010100011
7762367011
10035ca7
1111001000000111000111010110110
754af1de
-101011000001100111101000111101
-425081c9
-1101100010101011101010001100000
-1101110100000001110001101111111
-1e29245f
-7132462263
-73d1e4d7
-12463676466
-13245210011
1001001101011101010100010100
76228f2a
44cdccf0
12211501546
-1100000111010000001001001010001
42be15cd
2626612473
9922574
-1101110001110110100010101011000
333405476
-4c99f038
4c458585
-5d698f09
-1001110000110110100101001000101
-14631771011
-1011010010110110110111011010101
76f58669
7729cecb
-1010010011011101110000001010010
1101011011111001011001110101001
-11011000011010111111110110101
1627613172
-3d407418
-11111000011110001001100110000
10010000101001100100000101101
-6c9d13b6
-2144270670
1011010001111001101101000110100
1011110111111111110111111010000
1d083b19
1111011001010111001101100111101
24575c69
-4363765222
-5212124326
f53d4f2
-11446176774
3c269232
6705254271
673103641
1001110111000101110000111101011
2353044522
557cc8ce
-7673231564
6023657042
-2c14a56b
-1ba178cd
-14041602076
-1101110010100011110000010001101
6abff009
-17544336076
4814bbb0
-1110010100001101111111110010100
-15370602050
-111000000110000001100000000011
-1111011110110000000010101010001
1111000001001001101101111111111
4411355541
-100111011101001000000000010000
3477220043
-15b45f7d
111011011010111111110001011100
-1000100000111000011001010101110
1101011011011100010101000010100
-101001100010110000100111000001
-16057515042
5617160605
3b08048b
-1a77c2ed
-6f59a3e8
7006171035
-6fa1232a
77fb5420
11604713573
1110101000010111010011001110101
e166403
13cc86d1
-17670255653
