92a8254
11170331654
11441162362
1dad3907
100110000001000100110001001011
-2db996e2
3474077447
101101010110100110000001100100
110001001110100100000101100000
-111110000001001010101100001010
4c85704a
7d473b1
-1001001110001011001111011000100
7e289797
-3de53664
-13333270457
-13021564250
7337674511
1533d499
1010101010100000010011101000011
-110000010010001100110010100110
-1100110100100100101111010110010
14302247737
17621516143
15321316725
-16104517350
-2445325626
-647c9a75
-4670224505
2b8ce717
-4503164164
-7bbf8411
228c4627
-1100111001010111111101010110000
1000111001000100111100000100110
-1100000000100111010110110100000
111000100111010101001100010011
9136fd5
16362203276
2741532712
71373726
101110011010010101101011101110
-7fb008a1
-2418ca02
-100011000000010000010000010000
-1110001010001000101001101101010
-240771d6
11540156051
-13121344455
-4716474261
-1011001001100111011100110101001
2713402713
-111101000000101100001101001101
336285c6
1111010100001000010101110000110
5670113576
-11fa8519
-12461523323
1100010111100100010100000100000
-5d587507
-5056f821
-1100110110001100110101010000
10011100001111001000101001010
612b62d1
-1001010010101010101100010000000
-7d315661
-6fea51dc
-521f01f6
1001011000000101110011000101001
435cfc68
-100100000000101010101110000101
-2ed03783
17037550634
1010010111001110010110100011110
-1011010111111110111011000011
-100011011100010101100001111
62db17db
-5550655234
-1010111100110010001110111000111
-10566273125
77326eaf
15213372241
7454dc0f
10010000111111101100111110010
-8c874d8
-5edc3a5a
1110011010100111111110100010110
1bcc3d46
356f66a3
1010101000100001011011100001111
11012133630
-e36fa31
-1000110110111010110101100010011
-a4fc581
2062121241
7b9e9a12
-1101000100010100111100101010
6565037245
-1011110010100001000000000100001
-106681f9
11000100111010100010101011100
2074046364
2670024152
210dd978
-2131717655
-101111000110111011111100101011
1011000111101010110010001000111
16424562142
2234505002
-5455022304
-110011011010111000101100001110
6f256e7b
-12533002226
-16314726344
110010000010101100111110001011
-1101001011111111101111111110001
6a34f710
-7d420d09
-1000001110101101100110010100110
-5005455233
11764356716
11612027257
-1101000110110000110000011011000
2db88d3c
1110001001110001000010001000101
-11101110010110000111111100110
-39c9ad01
13727245564
-1010111111001101010010101001100
11111001111011100100010
-1031117540
-16601222655
-13357027610
423546101
-100110001111110011000011001111
6b9051bd
-15402115335
-1101101100101001101111100101110
-52c392ac
-1000010110111100111000100110000
-6d249bd6
-17261254662
1011000110000101011111010001
6d16eef4
519c8d33
1100010101111000111010101000001
-100000001110110111101010110111
-12155563172
11237214125
-10000110100010101010000111111
-13254013776
2015044111
1101000110011000010111100
5f9414f5
-6953ec0b
10111111110010101010001101011
1010001100110101001011110000011
11011010001001011110100011000
18187bc8
44e6f652
65513d99
-1360335633
27c102e5
-18c63c94
12730314070
100111110000100001101000110110
101100000010010110010110111011
100101001011001111001001
-14341501207
6a9c60c0
3a033bad
-2208916f
-4234a39b
7a41b3d0
75527101
111110111110010011110111011111
101111110101101011111100
4fa3d719
101011011010011101111000011011
204d5877
-3adb3a11
-13617245332
11011011001001011000011000110
-1035cb41
100101001111000011011010010000
10611301346
-cb115b
-5534670525
14464757476
1001010111001001010011001100010
-adc0f67
-440c0ccf
-5d93af9b
16420000314
-11001101001111101011011101001
11111100110000001100000101
2bd6c3c1
14767073154
-111110001110111101001001001001
-66e117ca
41439663
1000110101001100001100101000010
-17663501660
5aa1910e
-1011001111101011000001100110001
1233162206
-110100011011000101001110010100
-15020042675
-2270621223
17545364661
-bf0bd66
6d6f072b
-1001010010100110011101000001111
53ca26aa
1001011001100010111010001011100
-4223244210
1010001100101011011000111000100
15744751162
-10302611756
-3872af2f
3818c835
17756224417
-357c7828
-11426517703
10101111001000000000011010001
-17026041616
-111110011000011101001000011100
2800026d
-1000111100110010011001100011010
1010011110011011001011000110011
3242511277
6256374303
-13331705673
-110111000100000001011100110110
-1412632754
-78fdc0fa
-66229348
17350356707
1d2d8b8d
-101001010101001000100010101011
276ce197
15622677767
722583b0
7db177c5
-1272146155
101101011001100010101100001110
-71b989fe
15e1917c
-10000001010000000110101001001
110100100100001011110011001111
4b806e20
-1010110000000010000010100010
7055016670
111000001101011000010111101001
-3379b35d
111110000111001001001100110011
5215162335
-110001010011001101010010101001
111101101011001000011111101100
6feda2c9
-1100010010100000110001010011
-10672317646
-4551304447
-1000010001001100110100111100110
22f0d4cf
-111111101100101010110010100010
12330010474
-6036273607
7895a349
-3162310165
-1000111011011001010010000011000
100110100101010011110100011001
d287754
78ffb516
1d7dc5a5
1100011111010001011001110011101
-1110100100000101101101011011
-143370335
-14114324074
-11000010010001010001100110011
-1fbdd94f
-4450506705
-11334325735
-6bd90a0f
4a4a96f1
6707333623
-6536142647
-3317610601
-714eb1b1
-1614722404
47010a00
-4703242663
6205177113
-15140507577
-6546006367
1011000001010011000001010111110
-111110010001100111000110110101
110001000010101010101010110010
1010010111111100010001000011101
16361570342
-222127100
1011001100100001100000110010010
5202204303
-2425222310
-11001111101001111011111111001
-17453200135
1e2c4c2d
-3db3cee2
10440377327
-7ff85586
-34de2997
10111100100110100010001111010
ae52c87
-40430167
15046623136
-11340717545
15413277745
1000010100011110010010101101101
-16454747724
-11110101110010101010000011
577065366
1ccfa0bd
100111010100110010000000010
39741176
16255214305
-16622320004
10253104105
407bdfa5
-454a1fd0
1902ffe4
-2398c908
-15398d16
-111010010100101111101011001011
11046711716
6a297ee5
-16003575241
-12002017642
-6bc05bed
-101000100000100101010101011001
-1edf0d69
-3363673532
-1010011111000110111001100001000
1101110110100111100100001100011
22be4c4e
-24c5c121
2dc37e9f
100001100000101110110000110000
1010110110111110011111111000100
6f8b8427
-55b8179e
-110111001100010011110010001101
2640466403
11101111001110100111111111110
-5163670603
1010110001111110001101101000001
3247603172
-5c1b2178
-1101011010010101010101110110101
1101110111110111111000101101011
5e3f5593
60aaa6f
-1111101001011111000101100110100
-7345166171
-670b6f8c
-7573504233
110101110010010101011100101
1000110010001011010111100110100
-4d47cc09
-100010111001100100001001100101
-1395bc86
-1011100110110110100101001111100
15664461065
11744620030
-478274cf
3623423572
-1402554316
-101000110011100100000000100011
-110100110011010111001000100101
2135413243
-5521b6f2
-1001111110000101111110000101010
-101000011111111010001010110101
-5004723133
3622170540
-7a52691e
11542432674
-11100001110110001110101000010
-12210155610
2c849284
10101001010111111110010000001
7711047755
-1101110110000011110001011000001
-12504710271
dd95931
10111000010110010000101110110
6bdbf124
-24b9f70c
-17556477117
-1010001000110001010110111011111
-101011110110010000101010100110
-12760200371
1110010000101010100101000000111
229cf0d2
12327316262
-640d4f30
4671637631
-1011011011001111010000001000000
f08dbe2
-1010000100011000101010000001010
3224561311
-11001011001100011001111011011
13234526343
3620231174
35a0a8a4
-1101100111001001100001100100001
-4364625371
15435147263
1111000110000111111001101000010
-78739767
1110011111000110011110100010000
-5260067101
-ec6017a
14767307414
6184d364
-14766667242
-3adeaec2
7117322356
15441222577
-11011001000111010101011111101
111001111000101000101111101000
-17556166404
1100111101011110000110000
10075207444
-11101010000001111001010110011
24378036
-1111110111000111100101111111010
313335527
1cbdecf9
-1010000100101000000000101011101
101111000111101010011010100010
-7b199bf0
-1010001111011011100111000010100
-16607414312
-10101110100101001100100101
-11435446105
-11404305440
1011101101111101000101111100101
10065103526
-465405031
6f587f6d
-16023724416
10111101110010100010011100001
-31348b25
-1010100110010010111011100101000
4a90959f
-5fccbbfb
3217547266
2ee32334
-10110001100110111001011100011
2b3ae7b4
33831be2
16061663574
100100010011100010010001000000
-16671045623
-26a25947
-1444377416
6446560230
-111101011111100010100011001011
-1011000001011010110011100101
-3222b3e7
-5d2530c
5a1862c6
-131f1b9e
4744f68a
-10110101110111101110100111110
49826f9e
-1101001111110010111100100010001
217fc116
1122640612
7723345106
-1133373237
77793b8b
-5614121707
-4424275452
-3d62c17b
-1000000001111001111010010001001
10110010111000111101110001011
-1101001001001000010000001010001
41381946
5575f59a
-353e8000
1111101000011011011100111001110
-3208490f
-146a2934
6f438a87
-40413291
-13431670
-11625620202
2b712dda
1000110001110100100001010110001
10422345345
-1010010000111100101111001111010
-7f6cf93e
-7243230026
-1101111110000010000100010111101
11331424125
6232046202
-14064217120
122e9b9a
-230f2868
-376112bd
-1010000111001101111101001011110
3530dfb3
10425101360
73442cee
-17137325567
-75ba3cd6
361c6da4
-1001101001101110010101100100
-1111011000011101001101101111010
-12536462071
355cdfd4
16ee1355
-11274326416
37556463
-111110110101101111000100011111
-7131746122
-17376643227
11375713044
-1161362725
10077544426
-5203640524
-123d8e84
12675016222
-1100010101111110101000110100010
111111001111110000101100111001
78155314
-110111011011110011110000011011
-111101110110110010100010011010
441a551a
-10100010000001000100001010011
-768eb414
110011100000100011000101011100
6357243743
-1120673552
1001010001101110111010001100100
-1111000011000001110101001011101
-3869a4df
3b648061
330042044
-1000111001111110111111001010011
-111101001010101110001100111001
1101111101110011011000000001101
-39a9437f
57b6aa65
107fa392
-11001101010011101010100100101
-111000110000100010011111010000
-101011110000000111111011001
15356447412
6512305337
3a5fa97a
22a4ec8c
-1111100101010000110011011111000
4357503346
3233313521
1101000100001000001001110100000
10010111000101101101001110000
2675537544
-404076152
2755503265
364a750f
5dbfbf11
5e984cb9
-1101111110100010101001111100111
7425a171
-1111111010101010001001111111010
4ee39e9
101001010100111011000001100000
1100101011010000010001111100100
4f0a2bd4
10010010011110100101001110011
-7710213464
fbb3c68
17271203364
-1147073447
-38ae4518
-41cc88cf
12167177071
12646114116
-12723362471
-4af66fb7
-63c6c075
7620307612
9f9a30c
3476712565
2635713524
-110011011001100111001111100000
7af34d67
17eda249
-1001111111101000011101110101110
5226455244
3eddd946
-3423061516
10011010111101100101010011110
-7d8a06fc
-32319377
-57318230
-1100010000111111010100111111011
-1111010010110110010111111111001
-1111110100010011100010110100011
16545432145
1110001110111111001000101010001
17014134662
-56aecceb
-4534b49
-2a891c76
-17123676
-16031363530
-11647331254
13137727526
-1001001010100000111100111001000
1100110100101010101110111001110
1bfa34bf
13446352205
-3998e460
100001101101101001001010001010
-2627724212
-12771350670
-7d638e48
-13572151441
1100111111111100010010111111101
1104352303
2257417275
101011011101111100110100111100
-1100111101010011100000010100100
-4c669d9f
-1101001001011101100000000101101
10010011101111001101111000110
513735470
-2418bfc5
2724600555
1101101000001010110101000010001
1010101100000000100010011000
-110110101111111001110000000110
-1101001101101000010101011011
38af64e4
-1011001010001010110101011101001
7fcef829
-1000001010000010100111110110001
-132a219d
6e3cdc96
-14545634623
-5863b2f3
16426473122
-2e4cdd08
-1100010110110000101001010001100
-11110111010000110111101011101
3bb702fd
-15200261710
-111010011110110010110111010101
1111001011110101011101
5607215421
-6021242376
79d33a27
-3654032475
-1111110001100101110111010101010
-10545134155
17075364313
110111100100100010000110111100
6845326c
43670263
1100010010101001101001101010100
25afd81e
4516712553
-1b377b77
1001000001011111011101001100111
-2c045567
1100001001100100101000110101101
-43a85543
2972f35a
13272241502
-46150935
4735163571
-4115326756
205c7ce1
-11000001101011001100011000000
3ccb16a1
68e7bc8c
-14566644703
195c7a0b
2e4717ec
1111100101001001100000001101001
-1101101111101000111010001001101
100010001100011001100011000001
-1000011101111000110100000101001
43a58e8d
-101011100100011111100011000011
-1010000110011111010101011011110
11056434142
1110001000011000010110101111110
-4435602445
-10664230001
-40ced5ab
75b997d1
-110010001000011111001101001111
-33afae1d
1101000000001000111001110101000
-3112244437
32db0eaf
3411414514
7dd116f1
15352755617
-4a5fd66b
-1101011011110101100010010110000
-11456536221
17476002040
110010000100001010110010011001
-11010010011111100000010100110
-643ae764
3702facd
-1aeb57d
14061275053
260aac8a
-6787159c
-16123510736
1854fc07
1011111010100010110111101111
16700707732
-77d0312c
398c6f28
1011011000011001100010010001111
-14151261610
-5001357323
-17261573543
-10153230006
-15732402073
-7fe1ca98
1664536124
196ab48b
-53aba862
-10010101100101000101011010000
13435660300
-4b4d885
-1110010110000111010011110111100
13022447547
11501012655
-11000100000001001111101100
1545126332
ec4d306
-2617005254
12226500470
36ea60fa
48a48868
64fb661f
4201454627
-62334697
-13432210522
-1072555501
-63a8a7ca
13557373226
-100001000000101101011101000001
-12634740374
4f02951c
11001011110110000100000001000
111001001011010110101111001011
-16677c9f
-17707643252
ba9b0d2
170ae7b9
-1100011001001011110010100001000
5871358c
-193e5c48
-15122116017
-16441754365
100011101000100011101001000000
-17250277611
20c6d8a1
100001111001100000001011001101
101001001000000110011011010010
-4664516132
-1010110101100001110111000010101
408818
1110101010110010100001011000100
-4425104107
-5241707002
17531551157
1101101110010100101101100001111
-100100111110100001100100110101
16620071443
-6c0516b2
-14661416721
-27beb537
10110110100010000101000110110
-1000101000111100011011111100011
-3c57c2ad
-5506be29
111011111001101011100110111011
78aba7f7
-4022052035
-1000010011110000001101101100111
e445497
-1010110011111110101001001000110
62038972
1110110100000000010110110101110
2513615546
12176051300
1101100010001000011111111100100
-468fb3df
1660410614
-1010100101010100010110100001010
1110011001001100000001000111010
986f47c
-13750642374
15337761207
-10000001011001010001010101101
-6241256235
7345323523
5423425430
17401200717
-1110100111101001100010001001110
1100000111101000110011011011100
10652106304
-111100011110010000000110101110
54a96600
-11101010100000110011101111011
110010001000001110001101011000
-236f5090
110111110111001101000100010110
1ce0ca8e
a830717
-16475776264
-11346432
-7bb40a0f
1110010010111000110111010110111
-5cd1b956
4602ef33
-4a0c40cb
-1101010010000111100100110101
-5113120214
-f71c676
6633047133
2dbc0bb0
-1110010111001100111100100010110
-7365703557
ef06660
1111111011101101000010111011000
-285c158d
100010011011101000100111101101
4155b157
702d39b8
-4b4780e9
-10155450263
1100101110101011011000111110
4032504152
-16363511764
100011110111001100111001110101
1010100011010011111001111001011
1001011010001110100010000110111
-14540503731
-7ebd60c7
56d73e87
-10010101100000000100010110011
3f99e85c
-1011000011010011011111111111
-1000101011000011110010010010110
-1212727142
38ba2ac9
-14245001345
1011010111101000011111001010000
-10611f76
100111100000011010110011110101
-11101101011000011011110000110
-11111101111100101001010110000
-74f3dc46
6d017bfd
-68a7d95c
6270003367
1001011011100110100001111000101
7f9dea52
111100001101000000011001001100
-72d47c92
-1011111101001110111001000110011
3640211715
-17136715224
1101110000010111110001111011110
-11101010101111111011101010100
15527331310
559f58c5
-1010100011111101010111111110111
2006765565
1010011001110011101011111111111
17425013172
1100010001111010010010011111110
67ff5639
-1111001110001100011000100000100
-446d4df8
5012504470
14d19823
1001100000000111110011000000100
1001001110101111111100110010001
6041657570
13365407114
72096500
-5304672372
1000111010111101001001000011101
-4579ace7
111110111000111100100111111
-4b9deb30
-612d186d
edfdf91
11111111011100000000001000001
-733573265
5334b4c9
-61809843
-1086ae07
-2676535235
-11101001110010100001000110100
16603242563
10100100100001000111011011100
4052ae02
-36e7ed20
-1011001111011110001111010100111
-547832b9
-4ee92044
2e596fcb
1100000011001100011011110110000
-1011001111100110101110101100001
-14340165032
-12162463015
100001111111111101000001011100
-1100110101111100110010000100000
2454704001
5564755305
-7205674350
-1000001111100100101111111101000
1010101101000001110011010001011
-727ebda0
-3603616572
18a1d1c4
-5750261165
7071027356
1011110110110011011110001001110
11001100011000001101100101001
-46dce80e
111011011000010000001000000101
-13461345514
4116466206
3aa58f46
12557553
-3510247410
13592d1e
-508ec914
5a0018b0
6ba46c08
38a08154
-55a124ef
-14123372014
-13634360446
-101111100111001111111011100010
-76b6ddd2
1b515d4d
39457ae9
11641360273
33b7280a
-16511075116
-1101110001011011111001100001100
7e642279
10963330
-15375644410
6722712074
111110010011010011100000110000
2304071223
-3b970810
-10111101001101101101001011010
6447050434
6e39a3bd
14547422115
6db7f3b4
-1001100101001000111111110011
100101111010100111100001101010
4301202461
5c73d22b
-1d0c1570
-1010111010101011111111010110001
-1001001100001101001110000001010
-101101011011001000001100100000
-2532e445
-1100001010111011001010000001101
14617102762
-4afb5b4a
-27bcba9f
2430520211
1111111001010101101011110000100
-73d89e32
1001010100100110000010010110101
1110111110100010010111100001001
2a78306d
-12774641561
14405343203
1000101011101000001001101101100
-43eb9a85
12416604377
564d41dd
13525216441
40e483b3
1101111100111110011011001000001
-1130a751
6f1f0578
1100010000111011001110010000011
-1010111101111100100101111001
101110000010000110010111100110
-17247160250
1100111011100001001011011110111
-1d237a93
-111000101001000001001101111111
-14054301613
100001000011110101000100110110
-1001011011001100011010111011110
7603034235
-1100110001111011010100000100
545642fe
-7156513163
-38e71953
387f319d
1f4a2800
5fcf09b7
-110010100111100000101101011111
4585cf01
-6757047014
7eef8a91
-1100101100000110100011000010
-502025265
-5db38722
110101010000101110100100001000
-433ae035
-147b4920
100111110101001101011110011100
-7121704242
-10100110011110111001101011000
1101101101110000000011110100000
1001100011000011010101100001011
-2eb68d98
-12746524220
-1011000001101000010011011000011
1010011110110101100001101001001
16042711563
-1111011110111100100110110010011
10726430444
110100111001010101100001011010
14426046020
1010100011001111011110110001100
-7b4ad253
-11516244013
-101111011111001110110111
-7740050672
5b782443
26f68104
11011010101100110101011000011
-321cc03
-101110110011010100010001110
1011101011101001010110011010011
3a3d52eb
3406072720
-1011101111011100111101001101001
-3265163130
13244411133
16551664563
-7620161404
14256317773
1111001001100001111010110001100
4a62d817
-363f07d8
1010011011110100011011001110001
-14350153427
4251563405
1001100110100010011101001110110
-681ba4d2
1001100000111101100100010001100
-7320007226
60d671eb
-10605722130
-111011011011010011111000000111
6252122214
-6152050401
704a4b24
58cf690a
-3524515160
1110101101101100111000101001011
1101110000001000011111110110111
6bfd7eb0
6b95ea75
-5d82e900
-70f682d5
-1111111100010011101100110010110
13056307405
111329fa
-100100010001100110111100011000
-1200067235
1001100000110111000101000000101
-13217521447
-4ba62c43
1010000111110111100110011000100
16652317555
-1101100101011011000100011111000
524d3b4f
-1000011111001010011000111011001
7a359a5a
55128cdd
-14613157250
4084fbd6
-387f3130
-64a238d3
766b8ee7
1010011010101101001001101000111
-1399a728
-10072631227
38d92b9e
3ae468e0
73aaf7d7
152747521
100100001110011110111000010100
11470600620
-7303f7f9
69df8f0d
16457241422
1100000011101001100111100101010
-11297f38
1001101000010110110101100110111
-16552331414
-6017136552
-723ba778
6657226647
-1111110000101000010101011001101
1101010011110000000000110010110
-111101100000111110001001001101
1111011101100010111111011110010
-14306104202
-110100010101101101111010000101
-6bbbd1e5
3069cbe0
22130755
11111101011111100100101100100
12166405445
-1100111010011111001010111011110
-1330055327
1000011011001110010001011111000
-110110100111010000111010001010
-110010000110000100001001110111
-621a1d15
-4c09009a
14776635036
-13522235607
-1662206272
17311250450
1ee1f33
-7e8197e8
-7257763201
-1eea1ca1
719b1f13
-15f19e08
6627013340
5063405741
3710704124
-17311435147
111010111110011011000101100000
11565400745
-16624014334
-45bc9b56
-1111111101100001101110010101010
-15724040657
5641731515
-100010101000000111110110010101
11164674020
-1101101101110000111011011110101
-28a3516c
17144356617
3165214636
-101101011010010100010111110110
-110111100011010000111100110010
53ad0371
1101010101011011111011011010110
1111011101100001110101001011001
-67df903
1011110001110100010111111001000
-1110011111000010100100111111111
-2030662102
-12472112570
-1100101111101100011011000101110
-39dd3541
-1011101110101011101111110111001
-17775270267
-14710037353
e2f358f
2bd90be5
-11010111011011001100000000011
-43db3be8
1001000100100111010010000111011
-100100101111011010000111100101
7166271241
-1010101001000011001111001010110
-15000327645
1000110011101000010100000011011
-572d02f8
110111111111111110101001001000
43567ff0
-1111000100110111010110111110000
-736c097e
1011000110011111110100000000100
110101010100101110101000001101
-7351116655
65ffdc24
66cdd846
-7230420006
-1101100010001100000011100000111
110101011110101001111100111
1010000100000111011000110011011
5e52a158
-537567331
-11101110001001010111000100011
-13714331775
11633665222
1110100100100110110000010101101
17266763120
3671063215
-4256661337
424b9a0
1110010000001101110000100111110
-111001010011100111110000
350157005
110011011010011010101101101101
-4512274546
73d797ac
-2210555633
101010101010110001001000000000
-1110000011001100011111001010111
1110101110110110110100000110101
-15247063132
10766373252
17053441643
1312bf92
-10110000011001100111110011011
-12512346150
-53d712a
-802edb0
1000110101010001100111101101110
28da7061
6e2fd033
-2b7a953d
-11060667202
2753737464
-1010100010011100000110000100
-1001001101001001010111111111
15776616615
2f89811e
6457417305
-7156127563
12326621751
6f830f60
432301320
1101101101010101110011110
15535014526
761603617
-4dbd078
-4151251404
663c4bad
-1000000011101000000110110111111
6d58c090
46c3c8e4
-2234124243
-1576741470
7a85ebce
1100110010100101010010000110000
16777401220
-10125612316
-1442505002
101010000111001010100011101000
1100110001110000000001100111
-1111101010100000101011110011111
7869a91a
7a6257e0
10517456501
6703225161
-17422113235
-10100101100011000011001110110
-1520054131
1101111110101110110110100101111
9f8ee89
-100010110111101101010111100
5c8e8223
-1000010100100001001110100001101
4091c947
-12175500540
12656734222
3b534fa7
1100010001111010101011010101
100011100110011110001111010100
-14365536066
-1100011111110110001111111000100
-11044321363
-7262620174
-1000010110111010000110111000000
16467274532
-1958180e
-4424450d
-13232067266
-752a3f55
998c6f3
5b224812
14324357707
17240427064
-735e8a6c
-1111011001111101001001011000101
1100110011111001000111101111101
-5031336431
1011110110111001000101110001000
-500273610
1101101000011001111001111101110
111001011110010011111010011110
-10541715251
13472211153
4cf7f0ca
-17504741443
111010101000000011001110100001
1641135002
-57a77d31
-13046135505
-16754215742
-5365167225
-1101110011011000101101100001000
260363070
-6005630214
-12075172472
1000110101110010110110101011100
1111100010001011100100101011001
3195e2a5
16215035723
10100100000001010110110101001
-1772000556
-1100011100001011110011011010111
61cd95bf
-11313111340
10011010010100010000110110010
-16654d28
5b69d55a
1077141332
-60759819
18c1f993
-1001111000001000110101110011000
1347067250
101100010100100011001000100000
-10101101100010010001101101100
5e6b79ec
1101000000100001000011001001010
-11110000011111000011010101111
5a305273
-10723644743
-1ca82a61
-10140427774
7430056013
-1101100100010101000111000110011
7b4aade4
-1b4a93cf
-10011011011111110110100101010
-17342001647
b590848
111110101011011010000000
-1010001011010010101001101011111
11000111100101110010011101101
cf0a143
17135004146
1011000101011000000100000000101
10011000001011110111110111010
-67a97893
101100000101101011110000111001
-6a8d678f
1001111111100001001011000101101
10010000000101101100111000001
7800f244
-1100100011101011010001100111011
-5673366242
-1101010100010111001111101100110
-4baf2c04
10100110000110110110100100100
14612056372
1515561247
1010010100010010100001101000110
111011110101011010101111000001
1110100011000011111000110111101
1000010101101111110001100000000
-3321033474
-244ed1cc
-50ea2823
12631245175
13570363605
11101010100010000100001111101
1101101110000000010011110101111
-10235600223
77d0aefd
4641117537
14363353075
17145404540
1001011011101101101011111101101
5405337123
-1110000010110101001101011001001
-1010001101110011101111010101010
-10213363702
45c26187
451f48de
10011110011000101000110011010
6751575552
-3466637245
111101101100110011111100110101
-5516033133
1010001101011100101001100001001
4994e111
13652333427
111000100110001111000101000
-2f6ffc55
-1324007265
-5246405001
16d101e6
4065101501
43a93a43
-1100100100100000111101111010
-34c61318
19941cea
-54478d31
42baaa3c
-101100100111001010001101000110
5320140
15423523555
-2132164341
-1636222613
6362555127
11015267462
16126466000
-14414644332
7071720503
4414376521
-111011011110110100001100101
-101100011100111101011011001010
-11430312777
1010001101110110001110011110001
17454327021
-10722273557
-1110110111101110011001111010
-11215275405
-3431312760
1110001111000011000100100011101
1111100001101000000011100110
330b4b39
1000101010001000110001001000001
-30a799b6
-7517eb02
-1000111001010100101010100000010
-12413134133
-1000011010111000110001100001000
-1000000111001011001111111000001
16023316601
101100111111010110110101110111
1aaf4ef0
-1100000110011110100110101111001
-3aef50e2
70411de7
13fbc7ec
-5e043177
2204f354
14212033365
-7e29467d
-1d945366
-1000111111010010100100100110101
6b19a34e
14732107271
-1202657041
100010000111010101010001110101
706f3d5f
c74f3e
-4c7629bc
-10025521210
-3b9276
16741773701
3217426621
110111010010110011101000001101
80156d8
d3a02ea
477437322
-1010100110001001100000101011
15537623064
-3532375b
-3271752747
726433001
-13331476552
-1010110011011001001100111000011
4342474707
-627599e7
1111000100011100100011100001110
-1010110100000000001011101111
11054320044
-7737523264
32301dc3
-110001011001100100000000100110
3773454445
2615016721
-6bcd9fae
6c31ab5f
692ed2ed
-4bfdbe5d
10001101010000101100011111011
2d06f8a5
-1673112651
13604360353
54b9a93a
7424377133
11110110011001101001111100010
15656723152
-4241411634
12176064314
-5074100621
-61f7cf93
-16027750346
3cdb2bb6
1d135a09
-1000001101001101101001101101010
12522035113
101100000011000001100010111101
-1acd51c8
-1110010011011010001011011111010
-17026031635
ad014f2
11110010011011110001010000011
-6a2dd49c
14162613344
5f100c26
76318a3e
20bbee1b
1111111011101100000001100001
-3fedb9ba
-1110001011101100010001111011
2bb5734e
11110010110101011101100100110
-1000000010111000110100100111000
-1001111111011101100010010111101
-16311722653
2f41c59c
-66bcc1e2
-41a7110a
1010010110101000011110001101
-1101000001110011110011101000101
-2024110760
-13550525721
-2023034534
2004662456
-17047423016
-16243715016
1632255667
-645a111d
-4727240626
10043171604
3375b46a
10411746070
-11773374720
-69bc6d27
10250243455
-103b47fa
100000101010100101000101000
100011001111000111100000000100
2102015722
-3fde748
1100111001110101110100011010110
16601371446
16021103325
7464754406
-1ed762c3
10506157213
212260471
-53c99666
-11001110000000001101111011000
1111010101100100000110100111100
-3610561657
13177225001
13343000341
-15006037210
675b7855
-6f0c67ae
-755601177
-4377aef4
18200119
-1530257705
100011000011111010001100001011
-1100101101101000000111010010
10107041632
60b1a611
41306153
101001001000001111010000110
-7eeb0358
6717032145
-5d46a263
11177445441
111010000110000110101010110110
-1070476530
29778fcd
-17657464232
-1010101101110010001010111110101
-205f5c2a
11013047016
-14403334473
3262241177
-cdce01d
-6781a2ea
10010100101100100111010101
-3a41629b
-7858e7a7
106041463
4166250627
-13672605011
3bf29dce
3305347305
1270446537
6e63d08c
1100110100100110110000001001
3650000213
400a52a3
14036410024
-7cea40be
-110111000001011100111110001001
-101011101111101110000001100101
1011111101111011010111011000
-4117570743
1256304314
51b2822c
-30f3935
-791ba208
-334813dd
1010110011100100100101110110010
10175376331
acca927
-17306254327
17372422231
-ca177b7
46d5f327
-12647254146
-5421236406
-12101755750
-1562140701
-2773432511
40acad03
-26bb14c9
13354441002
101000100111000101111110010
-10636737722
7393fc07
4da3cc77
16400460060
-73da7339
-100101100111001111011001111000
-15437466021
4f5d7f26
-266621241
-3042211464
4652377120
3e0be60
-1001000011110100001110010101100
-59e5153a
14606356131
145461531
10101101011101010001100101000
16471303511
-5215217000
4a6504a9
51e1092b
1172473074
1110100110011101010101000011000
-1010001111110100000110101011101
43290128
100010000101011010001010001100
-1000101101111111100111000101110
-7f6ec0b4
11533160366
-1111011000111010001101001110001
-7007545122
-6c2afc35
1110000000011000001101010101010
1110101010010101101100101100001
-236240050
41f4539b
-1000111101011000010111000000000
-1010110101101001100100100101110
1265633675
17632022327
10100110001100101011101111
-1000110011110010011001101100100
-10000101000100101010010011001
-13467122361
-1166265433
17262161623
-46f5dba5
-3830ce2d
-6ab2fdda
-17966b12
11001001000100000011001001100
53417193
111110011000010010110101001
-12411705641
-24b2391a
11000000001010011001100101
-13271026347
-1000101001111000101101011101011
6553040136
-3729b755
1010111110011011000110001110011
6625265077
111010101110110111010011011101
37d82199
-11001010000110010000111101010
-2745c3de
-2f75879f
-45327b86
-f8f80b
-10112643143
-1010100010111000111010101010011
16271750620
1157063335
-2cdedd7e
16675772515
-1110011110000101001000110100010
6f51803c
1011011011010110111111001010001
-5bd462cf
1111101101100001111011000110100
1010001001001100000001101111101
-12603610201
6236542717
-2255462751
100011100001111110011000110011
68c558e0
5427f5f5
16502721101
1101011001010101100101011110111
100110101110000010100111001
-11010000101111010010001000101
110000101100101100111011100011
21fd6fe8
24d5fcfc
-46347531
138e3276
-1101011101000010100110010101010
6212144044
-3400256013
-2013675107
1001000010000110000000010110100
-4db02559
1100001101111010100000001000000
1010000110101010001001001001000
-188da943
-5063056337
-100100011110010100011011001101
1101100011010100110011101101101
1011001001101000000101101010010
-3568ecd8
-1000010110110100110011101101100
-7d1f4d1
-7576001220
10110100001110100000011001001
-22b083fa
-12642776043
15570523024
-11111110011101010010011001110
-100110010001001100011110010011
-634c0de2
-13053540766
1100101001101011110010110010100
-100011111011110101011111110
-7cc8f53
-16379d3a
-111001001000011010001011101011
-101010111001111010000001010111
14045171203
-1000101100011110010110000101
2107460257
-79b19a5e
11101101000101000101000011010
-15147362205
8ccd5cf
-7782353a
-10137111526
15405002114
-7f325612
55b932e6
-4665672562
-7d3f36d5
-7131123013
-111000111011111010110001010001
-68dffb25
7337451702
6472225050
101110110000100011110001110010
-34d8b8cc
1000101110011011111000111100101
7d86410d
7423106065
1100011000000111110101001111010
-6263752
-1111010000010100100110111011100
-3151107053
-1670157504
-13224711165
-100010111010010110110011011100
111110000100110001010111000110
-1011000100111001010110101011111
-10011011000100001100000100100
645376753
10110110000000000001110001111
1001111111111011001010101000100
-1e4d51cf
3711646040
-12013551024
1101001001000001001101011101101
-101110100000111001111100111110
1111100000111100101001011000
1101100100111101100010111101100
495d8be0
-2137047771
a77eecf
1101010110010101011100111000110
f492a87
-110100000111011111011101110110
346bfb27
110101110001010100011100101111
14286dc
1141675534
2200511413
-1100110111100100001100001000000
-76e84dae
10602123067
-3655724661
-16151421152
1101010100111111011000100111010
-16421237162
518301e3
-34caebb7
b4e0f30
2075433570
5f7f8db8
-731d706f
-1110101101101110001001111000011
-ac9cf7
-14105314743
-110001111010110001010101011
-316775577
10111101000001101111111100010
63707006
56ece3a6
7144626715
1101011110010110001000010011110
67390932
-100111000111111101010110101111
13a6ab03
5232900
-6eeb3c6b
-413ffffd
4626107765
111000100011001101010001101110
-1111100101011100000101101000011
-17374366654
7f4699bf
-1010011101000011010111000010101
-4150715200
-14672475545
11011000010100010101110011111
1636751731
cbc8997
-4360061173
-17554212321
243d1f81
-10011010111001001010100100011
101011000101100001101001111001
-5bbef037
61de406
23322a2f
10623754367
3e2192df
35829cc9
7a3962d5
110011111001000000111000101000
2fab5dbe
16045751563
-4722724457
3ead3345
-101000111111100100101000011011
-9703023
7218bab2
-6135633107
26ae2562
14326744160
5d72c70b
-1a84bedd
-772395c0
-1100010000000110010011001101110
-1100010100010011001110110011001
2161662504
1100101011001001011000101101110
-2084e70f
70a7e159
-591b711
-101111111100111100110011111010
-132ec5d2
17122450200
-3ead536c
1011101010111001010111011000101
-14070321704
-1ca4079c
1111101011001001100110111111
1111111010100011000000001000110
1010010111000000101011110000011
1110010100101100100111100011010
110110010001101001101100010
1101010000100010110111011110101
-68fb17c6
-6ac359c4
688c81ec
1001110101101000110111110001111
7441c15c
14d0b7ec
13514745355
-44fc39d7
-10520727063
-1263633714
12524211402
-17325075672
70898ef1
1100010100000101011011000101100
-4f3e4a4
-111100101100100011100110111011
-763021161
-13340146726
111100010010011001110100010010
-17641ffd
-1011010001100110011111101111110
1101110000001011101101100011100
3223311102
-1011111101100011011011110000111
-abf7d11
-1001011101101010010011101011001
-17a9091c
1000000001010001111010000100111
1d3abc42
17223562553
2623174021
2d5e98ee
-15321266010
3323756477
-2aa8e95e
1010100111000100011011100110011
272e5d39
-14626422403
10744234112
14567723631
-5283c5e7
-17012432577
-2e0cc7a
-364e317
16415360347
-4e547085
-7621200276
-6356445261
4543616505
10110011100010101000001111111
788967ad
-9fc635
11111010110000111100011011111
12273044210
158294ce
b82f489
-169a170c
100111110001100000010111000010
235167237
-5c77143d
474ce050
-4147145567
-64f25ef5
-5705237765
1100101001111001110001100110000
-50ec648b
14763121520
14527223521
16671414174
1111101110000111101110101100010
-10513700125
71be8703
695571ca
6745571276
621d0fe4
-1101101010100110001011101010
-3127044543
11110000010011101101101011000
1001101100101110110001000001100
-6605c930
26627b10
202103e
-6701774357
5d68a398
-10011100110000111101000101111
1702307130
58d7e89c
1101001011010000100111011111011
7dd0d33a
-1111100000001000101010101011001
-4147007755
111110000000111000100101101110
175463130
-6dd2137d
78853b57
1111001101000110100010000111001
7623740370
-17545161707
-76579dff
2e04f69d
-10100110000010000000101000111
4362056411
1000011010010001100000010110110
3715301505
15001162020
-b2f60af
16071105052
-7226574100
111010111100010101011111011011
-1111110011100000011101000110010
-336db9ef
110001101000111110001110010
-10b0eb52
-1111101110001101101111011111111
1100001001110001100101010010000
3232001365
-1011000001000101101011000101000
-4e973cf7
-5452551600
-1763171776
-15225721613
-1101000101100001111001101010111
3a68f4
2392b892
5411171635
-15401611636
-4f03be67
53d57826
-111101110001001110110010011011
-1011100011000001001111010011011
-77d29c2e
-101000100101110011101010110011
110000110110100111110111000001
-14061501367
4501074623
5726715705
1110100110001011110101001
11001100000001000001000000000
-5491015c
6e7cce51
-3ac352fd
2441616462
-1252317667
100010000000110100110110001010
-14362076301
-730125734
-63c66477
4442317202
101010100010100001101110100001
-a4874f5
13722230305
-100110011001101110000101001100
-1100010000111101100001101100011
-1100111101001111101001000111101
1010011111010010010011010010
1111000001010101111111100000110
1111101011000011010110100110110
-1101100111011101110100001110000
110111000001000011111111111001
2a83cacf
5eebc342
1130442754
111100101000000110110100111000
-12646004764
1000110010100101100000111110100
-559d933c
-7310562570
10000011100011100110101110100
134542270
-22985e6e
-6c1b31d4
-11351251023
-13015065426
-2ec308c7
10001110101100111001001101011
110000011100001011100001001011
-2223000c
-6b2c6408
-17556336025
-1000101111101101001111101000110
-17403265336
-111111001001001011110111010000
-693afa95
1011111010100111011010110110001
110010001011000111010000100001
-1524146641
-45cd4780
-4e1e78d4
5175fe13
e297d4a
-204257765
-1111111000001110000100111101001
16674004503
2ee1dece
-7ee5fbaa
-1073545746
-74aa2d3b
-1010111011111001001111111001100
10110000011111001110100110110
11757216033
-52d26eb9
201c8a38
-1011010000010011111000100010101
-15750302350
12613551332
-17044664022
59b23b36
2435124525
13706172037
-1010100111111000001011010000101
3262362470
1000000000001001110111000001111
11346005077
14065615151
11303262506
-101111100111000001111000011010
2daf322a
2420641037
6325364371
16325335013
-4ba26c71
1000110000101001000110011110
-15111022703
1001011111000100010101100001010
1010000001000100010011010010011
-1100110010110000000000101101101
-14765424647
-1001111111111000000000101111001
-6431fc6e
-111011111010011001111010101001
1100101000111110001001011000000
-1010000111010111110110100111101
-1376003035
3f799099
-1101110010010111010001111
-1011111111110001000111000001000
100011000000011000111001011000
-11611571126
-1111001111011110011001111000111
-14370436336
-14062312356
7124c1e2
-1011101001010000100111011111001
3107324462
-1000011111001011011000000101010
17324523061
1424027174
17767375211
-11211316427
4486715a
10221033113
15ab8daa
-729001cf
13470417067
-13362573216
-1110111011000110001101111100101
11342225257
-3223761116
-12632355514
530272726
-10217645511
1100001100010110111110010010
-62c39ad5
-1010110101100011110111011000101
-11161661605
24dbda94
1101101000101111111100100010
1100111000111001101000010101010
-206635560
-ee9e9ee
-77e4f230
1101110011101000101110010000100
-1110101101111111100110001000100
14a84656
14633154546
-101100011010111000000110111111
-51f976cf
16324203664
-16175202371
5428b3c5
11101001111100010001011010011
-1011101100001001111000001101110
238b5c40
-565b770b
6778001f
-1100001111001101110101000010001
-101100010011001100101001000001
11130357555
-1011100101111000011010101010101
3357204b
100101101000001000110001
-65d5149
101101010110110011000101000011
14203362566
6564777524
3d050a4e
-14250147044
1001111100000100101000001011101
-13f126fa
-11110111110111101110011000000
-6d7edf84
1110001010011000110011111001110
452240045
-11133764325
-1110000000000110000111110000010
-13004145743
15312670143
11041066605
-4789f9c1
1100110000100111001111011110011
-4d455d32
-1010001100011111011000100110000
-11656447067
-1010110101110111000010010010010
47350982
-1110000100011101001110001011011
-1010011100110001101011001110011
5afb496f
-16241153712
33467301
1111111110111010000001001111101
10110111100111100000011011011
1101010110010111100110000010100
-101101011000100000101000100110
-101100100111001010100010000111
-14643667647
10443246440
1101111111101100101110110101110
2abf1b49
-3203363314
-3e8ba944
-4274205056
-1110010011100110101100110111110
-1000110111101100110011111101010
-7478109d
-1111001010000010000001001011110
-23f68ee6
100101110111000110001100010010
-1001111100011010111101011010100
-4456674705
1100100001100101101010110010111
1522045552
-1010011110111101101100101100111
-14352104633
-1100010000100110011101011100010
1101010000110011100000101111010
-11501023135
2c7a2ade
-17031724263
111111011100101001011000010
1001100100010101001010100100010
6360637203
1010000100101110101010001010
-19f57691
1436667120
228d7ea9
-10021130247
1101011011001110010000010110011
2164454044
-4104016230
-17450702502
1111010001001100001111111101111
110010010110110000011010111011
153235376
-1010000001100110011110001111100
-12620240430
4212505543
1730653177
-652502010
7422435436
1004275760
1001101001000111101101110001000
1011000000101011111000001110100
-5970f8a2
56bbae1a
1011101000011011000100001010001
-11455332066
-1101110100101000011100011010101
1111011011110100111110101011110
111110100101111101111100101101
5aa5d330
57192fef
11010111100100110111110000000
16553602077
-1111000100011111101100011001111
557072361
1aac1fd6
15105651117
-5250325274
-11d0ae61
111100000101011011111100110100
189fa2a4
-111110101100010111001111111
10111110100000010000101011001
-15dfe460
7741630072
5026741340
-1110111101100000011110110111100
4217452050
-1521030134
-5351322070
15766360215
100010111110001000010100011100
1001101111001011110110010100010
-660537766
-7656274434
1707577475
306f26d8
-111100001000000110000011110100
1427027313
71ee6b64
-16046777572
-1100011101100100100100100010001
-17073337062
-58860d73
-17314411714
-5466736722
-12416237772
-11002762421
-13062177634
66ff7e3c
-1101011001111110100101110000101
6896dd1f
-100100100000111000011100
2235503326
46314ea9
6306044405
1010110001101011010101110001111
1432c926
-12176312232
-733de775
-1010000001011111111010011011101
1011101101001100111001000000000
11100040006
-100101111011000001001110001011
-4442513666
470d3be1
-1010111101011111111101011000
-1110010011111110101010001111100
-1000110011110110101111001101101
-1715425612
-3dc9a1cc
-12316533056
-1100010001111110100100001111101
-1011110000001111100110111100
17044526270
-52b81640
-1101101100110111000110111101
6fd31f65
1001011110100001100010100000000
111000110110101001100100000001
100111010111111000001011000111
-3c1aed3b
-101111111000111110011001010010
-1f753d2e
-8082d88
-749f366a
5d98d503
76e92e4e
-10771564607
11011110000011010110110001110
-5da6166e
1000011001110001001111111000
-7789dd68
3534642625
-14511156731
-1010010001000001000101101000011
6c4a7f6c
-1271533757
-72993a1b
7d212d89
-17142005461
52281ed4
-1110101001101111000111100011110
-642442704
14243265623
-7e0f0675
3c49f86d
-7e1a1327
502bed42
-3632524265
-2616471743
-5411031650
-15270644123
1010100101000011011101100011101
204777577
35a5ee99
-1110110000111100111110100011010
-57665750
-1001010111101101000101101011010
4f4186d2
1110111110110001000001001000010
-7632372060
-1100001100101011100100001110110
15456232037
101101101011000001011000010010
4c521765
2353a8b7
-1011001001111011011101001011011
-554535530
7557173462
-4702113207
4fbe3e11
111111011011111110110010111110
9d7d518
-23962cbe
-1011101000100001100011001100011
62a59854
-2255716366
1770116310
-1110010001111001101111101001110
11415471643
-5b056351
-12654654363
-1101111000101000111000101001111
-141426d3
-db4a855
-11050145172
11010001101011001110101110010
1164517670
65f690cb
7102075633
101101000110100010011000101001
-110010001111001001100110001000
-1675671014
74d74453
-5156643012
1111011010010010011101001101110
-536351612
-14431367373
-82a050b
1101010001110100101110101111110
-13734274537
1101010000100000100111101100101
-5042264152
-13889df0
2a54f656
1101101111111011010100001110110
-23ae6a5c
1069f310
-111110010111100000100110100100
-2d2ed957
-14260516573
16710015565
-110011100111101100001110101000
13344263037
-16567777542
1001111111001011010011111100001
642c37df
10111000011101111000111111101
6d08a669
4442136261
14251613532
1011111010001010010100100110100
2e07f6c3
16e164af
3424736403
-46508c50
407f4cd
-1111100011111111110101111100
7b57af76
12253403015
-3e5f296
15023267566
-3614301077
-4547612573
14733157660
-7a5cfb13
4261311745
2a073900
-17427303552
-16513430242
2c883d56
1101000100001010010101101110010
-12060112374
-101101100111000001100110010101
-1124472256
60971255
101011111100110011001011011101
1b56e383
6655407105
-2f81a31f
-1011101010111000110011110011
-110011101100011000110101101
-12524152221
32c3995a
-10217440522
61482993
-6256526152
-15517630770
-7705355137
-5d013c78
-5706156053
5774464646
-1100010101000010001111001101000
-10520051707
11100101111010100001011101100
-1001110000010010011111011101011
-1001111010101011100000010000
-3a7436ed
1100000000001001000011110010010
-7d8a7571
-3053013120
-11631342632
-2462321104
10527131271
16643147153
-1110010101001101100111010101111
-2fe62bdb
1001111001010001010011101001110
6236360164
-1110011101110111101010000010000
-11100011001001101110001111
624245071
10325364745
-33e614a7
-41ba8b26
-3d6da49c
-5dd90171
5522412360
-70a8ecb7
10011010011100000000101101000
13176372770
-17770313014
-6bf57f0c
-789c7fb7
-2341544364
-1010010110000011110101100111010
3e6bc9b9
-6462151730
13206371037
61c65a0f
101100111101101111000110010101
347c976c
56ae20be
-10522711462
-3607365642
-11100110111011111010000000100
-16072064532
-17006637265
-7064117206
111010010100101011100101000101
-58d2a569
12543156
-17136543405
-271c820e
-53e0027a
-775342044
1010110100111101111000000110010
-3356112200
-17478bd5
-2430520427
-67dfca99
-1065060160
-60d9241c
-5bbb428a
-17414013104
-39cc3a11
3d0f47e
-2771667202
50ca55e6
75feb2
1011110110011001101110000001
10522455607
-5340261042
1111011110000001011101010001001
12751233436
1101001100000011001010010101001
1000100011100100101110110010010
-1100001111001100110010011011100
-1010101110010011011111110111101
5bea1f08
-17402423032
73fcffac
-153cb1a1
100111100100010111000111000110
-23a5989a
44b36120
-11111000011011110010001000011
-6e3c3fa4
11672363142
1011001011101011101111110000101
1011001010010100100010011100101
-111001011000010001100001100000
7f39d293
-345a2d13
10000100100011100110011010011
-1101110010011001111110000111111
10445c29
-1011011110000101111100011110001
2463606611
-7b2268f6
-65d9f45f
100110100001111011101001111101
-1001011110000110111110100011
-151756167
-309ced4c
1000100110100001001101110010000
1100001101000011001001010111000
-2ed6b157
1010110011001001001101100100101
-1011001111111100101110011110
4d31b06
-10743473472
745440777
7363602326
100100100010100100010000001001
17635752621
-7046406155
10137764053
14657377041
-1001010100010011110011100000
-1425164037
-717317457
1111000110011100100110011111110
1905320b
11000463162
5eb345de
-271b67d7
-10101110010001101101010011001
6774441504
11001000100000010110011
-1110010101001111000110010000011
110101011100010110110101000110
1010101110011011111110100010000
-3f4c4266
11541662345
1201022446
-13650405170
100011110011100101010011000000
-16164743474
a5b520d
-110100010001100100101111001111
-5866c3b6
-1001110101001101111011100011000
17114024274
110110000111100101001011011001
1000111000001111010001111000000
4726611177
-10001010100100100111111001100
-1110010111110100101101001110010
-1010100010111000100101101101001
-110100110011000111011100111100
-4d3cfbd4
-66f5e730
288bde74
-111000000010110110100101100110
-1101000111011010000011101111001
4fadd3e
-5a9bf1e
1111011100000000010101101101011
-1001001001010011010011100011
14167500523
2f3043f9
1111111000001100101001011001111
-14165762733
-1bce9019
6b779317
1000100011110010000101010001010
-110100110011010000000110111011
-641fef1a
1101101100111000111000001000100
-51d6a5bc
-4547752413
78c358ab
101000010111100011100100101101
-13265447424
1011110111101111001010000100110
5140741376
1000111001001001100110101010111
-1000010000000101000000010100000
15633336573
11010110011000100000000101011
e189c07
-100110111011101001001100000101
10350277603
-10011100110111011000011110
17300c7e
-1052021475
745026441
1110011000001000000111111001101
-7762067061
-1001101111100111011011100010100
5cc749d7
-2505706125
-12315047707
-101111001100101111011010111011
-111011000101111100000011001111
7b0cbb0e
111011110111001101110010100
78936547
-6aab7652
-7820ad79
14607362730
-110010001010000110100110101
-14511560431
1010110111011000101000011111011
66843e97
16117167724
-100100001100000110111110111010
-5024003516
100010011110000100101001001010
-1010101100001000010110100111011
-4e09a6e7
10011010011100101100100010000
-5277603040
-1101001100001110001000010010110
-55f3b990
-10122471516
25532e1d
-111010100111000101100010001101
-1787ada8
10621245540
101001101000010010010110000
-12540127467
-10345015603
-13001222100
34c579b
11100100101100011010111001110
-15475023547
ce661a7
-3c2ae5c0
7bf51a3c
-1010011111101000100111101111111
11100000110011111100110001000
1011011111010111010111010111
2425636311
11b8247
6655072266
1100111101001000101010100101111
1011110101100001110110011100001
-5400265730
110001100000011101011111111
101111000010001110010000110001
61db49e3
13463306643
-5532166436
-6035ad4
67c68b95
10763156306
367127772
39a82e7b
1101110110000010111110100101111
-5271345661
1001101100001110010011101011
-703015355
7b96f914
10607215767
-1000001111101011000110000100
1000000110001110101101111111010
-111000101101001111101011111
5e86597
66e04897
-1001011110000111101101101111000
-1101100111010010101010010011101
7a274f40
-61974b55
-1110010011001000001001101011111
-11275450450
53f7b5cc
-1101010001000001001100011100011
-1111011001010011010001110001101
-1111001100111011110011011011111
2624621572
23727fee
1111000111011001001100110011001
-1111001001001011000111100110000
12404505724
6456111140
6151015231
47c01572
7161507317
-154e08e1
-1bfdb1b1
1010100101110000111111011000000
7464625675
-2032df05
1110010010111100101110001100101
-4ca6db8f
1101011010111010000110000110100
-445331501
1661707270
-3c039cbb
-6a3ac6eb
-111000101001100111101101111111
-e972e1b
-1101111001010010010111000100001
-11011100011010010100010000010
1110010110011010001110100111000
-3d7966d8
11100001110111101010100111110
-1100011101110001001011111010101
11734765346
16257602013
28b36556
-111101100100110111110000011101
-3c9b7f2
-101011001100110001000100001101
-7def089f
1000011101000101011000110011010
1101101110011010100010111011000
-13326634065
-1100001111101110001111001100010
-61eca445
14173527260
110010011001001001100011000000
-30f6672c
16550414533
17511256342
-5a6620ac
6457217665
500671545
-1111010011010101100000000010101
1000110011110001100000001101111
-17305427232
521116620
-12067360102
1011100101001110001110000110000
-105a153b
-17015307452
-11177100142
-1101011100110000100100101010000
-549c374c
5215723625
-16675247451
-5d90cabd
-11011101000111011011101001111
-1001100110011000111111100100110
2ca3a5e
5210346272
-4641340111
-7672061746
-111010111100100000110010011110
15524621017
-6e343d62
661d951b
-3612057703
1001101011010100000101100110011
-5030675047
-1ea7c714
1010011100111111000000101000000
-7444345e
-28940127
-14535100131
-14650770156
16007315653
-1001110010011101000111010011001
-1111111100110000100101011000100
1110010110110111101110001001001
-220316160
1110110011101100100000000101101
-10546420455
-7165506452
-10001000101001100000100111
-1000110010001001110001110000110
157c429e
-62a79af0
-4416034271
2753456606
6025316553
6002222630
6516662140
-25845983
1010001011110000011010110111101
414200276
-15740072050
65d84fb3
1010011100101101001111111010010
-101110111110110001111001011
1af90458
-69ded678
-2484b355
-58dceff7
3c72102f
11001101100000000101100111001
-72833ae2
-5f275da7
-77b88b47
100111110000110101011010101000
527fe586
13535507151
-101100101110111100000111101000
6210505210
1010010111101101111000010000001
1000000010111000111101010101
-750554041
23d9c0bd
-100111001100011110100011011001
1101001111100011001101100110101
-14304426764
-1111110001110110000101110000001
1001010101001001011101110111101
-110100010110111001111011011010
7242650075
-12062661732
-66c1f5e7
11100101110111100101010100111
-6e95aea9
1101101000100000010101110101101
11517261315
101001100111110111100101011101
111011100100001000110100111101
3132677752
-7a1c4d83
16047613046
-110001100001001110010010111010
10346621055
2e74c6c1
18899d5b
11643454662
-4156630054
5d9568a2
-42672417
16621425734
110100110001011011111011000
-10100011101001000110011011
-1000010011111010010101110011001
-11410703346
-18edefaa
10c38fab
5642207172
-1000110001011010110101000111001
-100011110001101000100111010010
7224760000
11011110101001110000111010110
-1100001010100010111100100101000
2951efb4
-5ae0f827
10025534625
1010100110100011111010101001111
-1373c365
724b7144
-65b47556
31569909
-1011101111101001010000101010110
-3713006036
49a27471
1000110000001010110100001001010
-101000101100101101010010011111
-644cd7c9
-101101011001101001001101111111
-6121032705
-7272214266
-1010100001110110001101011111110
-13347066547
-1010011111000100100110111110010
100011111001010100001010010101
-151263607
-5cda4c0b
-100000100110000010001010110
7335356072
1010100100010010000001101010
-17215a0
7b26039c
63d82bd
14465726525
110100101101110110001101100010
-1011011001001000001100001001101
11100101000001101011011101
13344427313
1011101000001101101000110111101
-16524326276
10001111011010011100101110110
-10101101010100011011000010011
-2411261375
-6515106025
17402266336
17175555150
1010100111111110100011101001
11043015433
-15771423124
111101110011001000010001110001
-11736425473
1467050340
16f76131
-515ef537
-16354353501
-10014140337
-11111101110001001101100001001
-d458ded
-275433453
14717452135
2334113770
-2fd6b894
101111001101001000001000000
-16011572155
-5102053735
-7a4d921f
14e17095
-1100010110111110100101010100001
100011001100001010010011010010
13134430501
5364d4ac
e781755
11110100100101010111001010001
-6a8cf07c
-1100111000101010100110111001101
1011001000001101111101000101111
15725401754
181a1c16
-16121333513
-3d585570
-10314606270
-5f492141
-1010101011110111110011011101110
5032516637
743702057
13263636034
-1111110111011000100100101101111
-14bef27e
16107255214
-89e778c
110000110101110111000010100011
-3147742751
10110011000111001101000010
-3650417150
5476060463
-1001110100111001110000100100111
-4b5930c8
7227aca6
-485f149a
5273740652
1011111011000010111101111011100
-5423b350
-1111000011000011000010001010110
1111110011111111001011101011001
6470445336
101111001011001000101000101100
-1100010100000001011110000100111
5fd130a0
-16745774416
5770113311
100101011101101011001010001101
100001100111011010100111101011
1000010011010101100110101111111
13504427151
-1110001011001011000111110000100
31e456ce
16523601216
-1000001001100000111111100101001
-639f82fa
-3016607651
f5bd2c9
-10717464131
-4ade3cf
-4076365627
4143542301
-111000110000000100010100101011
-157135265
-7229579b
-1001100100111010100101001011100
1010664155
79741d74
-2631757640
-7db5f7a6
16712312215
-111101110010000000101110110001
-1001001100010011100011011111110
-10f3ac0
-4049aede
-13232530161
-d2a11de
3752236577
3bc9453e
-118ea950
-d400093
-1546247203
14631244272
-15520224113
-101001001111101011110010
f0b3c5d
11000010010000101100110001110
16143424372
-1100001111101111100010111000
-110011011100000100100010001000
413771774
-1001101011110100010111010110
380476ae
-52efa9f3
1010101000001110101001000101
-10414503660
1664276575
2110315704
2643635141
5613176c
12426346330
-1100101100110111101010010000010
13550434321
-13763673461
-25edea35
-3246060247
-16743401452
-111011001010100111010110001
-6a8b303
17520606213
4622631411
1000100111011010000100110100100
11411764405
85cc3f6
100110011100111110110101010000
-701698d3
101011101001110100100000111001
2b2c2d5d
-1a944af5
-11731511333
3020570674
-101100100110000110010001000001
23134ffd
4146732317
-1011011000000100011010111101011
-30d4ee25
-78d99a9d
-1d63cca3
-1000011010110110000110001111011
10500743147
-14167015112
11100110001100111010110110111
-33f7e1c5
-1001111000110110010010011110101
7b05d81
-19f68a3e
6719ca5c
1110111101011010000001001
1100101001011111001101000001000
5a82c2a5
5e44b8c4
-f3ca07c
1111111101101110100101101000101
-5441503642
1100011100101001011101011110011
-1010100001011110011010011111111
13631414513
1001110010100111001101010111000
-15163444300
13622600232
-1011010001001110000011000011110
1011001110010100001101001111001
16710404007
-65c2fc56
38404426
-2661043735
-16474464062
7610c63f
-101010111111011000100010011110
-72ffbcd7
100011110000100010101101111101
-1010000100110101111010110100000
14603354620
-21d3a04f
-200262702
-1111111110101001000010010011101
-100101101100000100111101111011
-1011000001010010001110111001100
-2b9e07f6
-101010101011001101101011010001
-1101101011101100111101110101100
16007564270
-1317650261
-6555007767
1105771603
-42da2b35
-101001100001100001101000000110
-671b6a21
-100001111100011110010101011110
-6522273205
10100101111101111100110000100
-6637722555
-10111010001100110011001011011
-16df29b4
-5b580a59
-15f835ec
773205434
5673371026
5431055635
1111001110100101100011000011
-6077234751
-11351451002
15613424634
-333244024
-14744124130
10077666302
-6e446b4f
-4230167234
-68137ac
-11111010110101010000000111110
e1224c3
-11111110111101101001001110001
3af4b509
-e0ecfc9
-4277a22f
-1001101010010100011001111111000
-1272540713
4799629e
101001101101100111101110101000
101110010111000011001110110010
-1100101010000100010011110000000
-1111010011101111100001001010101
5515507e
-1100011011010001001001110101011
110000011110011101010100110000
-57f9f6fa
-6cb113be
-14a0d50a
11324211365
-67b84859
-5545165707
17373065147
-12f77822
-111110110110101001110001100011
15146661411
-17000175017
12060061616
-49bb131d
682e4820
100110100101100110111011010
-7106464766
-2517132716
-1211112265
-1001101011101000001110011100110
1001101110111111011110110000011
-15046742733
-7626524423
10111111111000101000101110010
-11100010010010100101010010001
-1110111001011101110111111011011
-607134766
-1111010011000010010011100100011
10011101000011011000000011100
1319d0fa
-2510063533
37a07532
-1710715b
f76b56c
-5664220030
-110010100100111110100101011110
2744de77
-1e090e15
12023625034
4122277016
1110101101000000110101010000
50d12076
4c45590
-5464fe67
5306001070
1048555b
-7e0285f6
-110111101001001110111101100010
49c13f7e
-1010011011110111110110111100111
-110101000000100010000001110101
-67b0e994
13246004303
-3aa6fbf7
-12542213445
100101111001010110110000001000
-16114405572
-1101111100101111001001111100101
576a3dce
16057225173
-1010101100110000011010100000
4241377754
-2112076c
-10100010110010011001100101111
674ad526
-24d71fb0
4447410102
-1011001101111110000010100010010
-40ec6057
1011110011101111100111111101011
-1000110101100000111010001100110
1110000010000011010110100101100
4ed005fb
5755136747
-7714167060
19311a5c
3e7f0c0e
40e9d8d9
-6999ab0e
-17eb29d4
-4ed69d2c
5473350266
1110011010101010111101110001011
-14466154566
397e78f
-101110111110111011101101110000
-1111000110011110110100100000101
100100010010010010000001000110
3551121452
-11406504301
-7656752523
10111011101111111010011101011
10000101011110001011110001
cb0be08
-43cf72e2
-101010001010100001010101010011
110011110000110111111101110100
5506726506
-27015dbe
101001000100110010110000110111
17d269fa
101011100000011101010011000000
110000001010111101001010100
-5d7f6793
-101111011100111011110101110000
-1000000000010011011110010010111
-110010011100101100011100010010
-11101001001100000110001010
777350717
1dac24cd
-1101010010111111111010001100
-2563611236
248b0bb9
10711424034
10044165426
-490a08c1
16003400126
637047e7
-4374505107
-16466026332
110010101111110101011100001101
7a3d21ef
16340030414
1001010010100010110010111101101
-100101011111001111111011000101
-30c6b2a1
100010101101101000100001100001
-15027720546
-c03e80f
-2323726547
-42704243
74780d35
101100011111000011111110000000
1000110101010100110000001010000
-13064055254
-7098795a
5454543346
11111001111001101111100100001
-2e2f168d
-10011010011000100011011100
1707270666
-7220d2a
-11011100110011111000011011
412980ce
-101100011000100110110110010100
292b70a6
13052020114
-377623011
-2f250dee
1000101001110000010100111100111
-14600167023
-11010010100100111111011011111
-b103a97
42fdcf76
5234317260
-11ddb83
10752563711
33a9e611
1011101111110010001000000011111
110100110110110101011010110101
-53060032
256e6456
-5a472c20
-111000011111001110001011101101
2775076261
280f3bad
-3332454571
6b899bf9
150ed41e
-1515544412
-1011000101011000011010001001111
7007564133
-4e77740e
-4d58d13e
-11230502400
-10741262274
16124570525
1110100100011001011101001101111
-100100011101001010101101011
1101101100111010011110110100
10031344774
-486aabe3
-45dd85af
460444237
14575020776
10110110101001000010110000
7431234342
-11010011010010110111001000001
100001001000101000101000111001
-10110001111111011101110000010
-12026410102
-100000100011000001001111010100
-1010011100110101011001110100100
-5e4e0c99
75430987
-742326674
18add64b
-16734233010
111110011010011001110111000110
2536465663
-684356bc
1101011010100110111101101001111
1000111001010111100010010101111
5650063671
25e63bb4
60e7f6ed
-1000010101111011010010001101
-1000110010001010101000000010
15046022652
-65e414b1
-435511522
321b915b
71c9d6dd
-1101010000100001010101101101100
2572312530
-100010100100111010100001111010
-4126733441
-62afb79b
7297f34a
110111000110101001101101001111
-6a752bf
-2ff0bf44
3899931
-475776472
78366d8f
-2f94b7a1
72b3b2c3
1c4f3aa9
-1100000100101010110010100001011
1111010100000101000111010010100
7602407172
-38940e09
-7c563d6f
5b0f6c6e
7caa9fc5
5536514504
6156643513
-4a29114
-4274047300
5056754154
-47457be4
-13216262571
44730e58
101011101100110000101001101111
1010100100101000111111010111010
-7252651443
10124434113
2ab9fcdb
3b9074df
10776727555
545663105
175a938b
3057317767
-1100100110110000110010001110011
110001011001101101101001001001
-67674110
-1001110011100010000110111010100
1110100010100010000101110001110
-110110110001101001100000110001
-7721120111
-111010110010101000101010100010
330724371
-15426135651
1011011011010100001000111100
11000100000110100011001010
101000011101101000110111101110
4f5f1a71
1010100010101010101111010000000
-110111010010100010010010101000
5471463647
101010000010100001100000100101
-4640606466
-236f90a8
1c00e229
-242482e7
1000011111100101110010001110101
-1001100101010111110110000100000
1010100110010010111101001101100
62689ed3
-507c8d21
6020173670
1110100101100010101001100010100
111010100110001111001000111101
-1001001010000100011111000100110
1110100101101111100111110011
111011010101110100010011110
-14532477451
12267261025
5104e580
1011011001111100101101110001010
-16744604144
735050005
-3374561445
-1111000011110011011000001000011
-4532723067
537136244
1111011011011011110101
-2405565704
1531405501
1100001010100010100010111101000
-1011111101000100011000101111110
-3151361564
-1000100000111011101000001110
1011100100111111001101000111010
-6507199d
-2121522477
-16037102151
100110011110010010111100011101
15314573335
-1195a1b6
62b7853d
-59bb7b62
-110011010011010011110001010110
-100101000010001111111001001101
-1100101111101010100100001111101
-11100011001100110000010101110
300075141
1101100010010000001001100110
-17074431134
-14047603443
1100100110010000111110111001
13150623342
-11564705130
-10110011010100111100001110000
6e9cdddd
-18248bf0
1111100010001110110111000100
10040232101
-1010111001100101010000111000111
-1011100000000100000100100001
19f7564f
-1001010011000100101100110011010
-118d82eb
2456771640
7101247416
-367bb489
1000010110110000010001110111
100100011110000001100000100011
-1011101000100000000100111111011
17600071223
-7e77b900
11010001010110001011111010001
-10010011101100100011110110111
-4762342157
3156544246
a07e690
16630346300
6547603526
-5620644363
1550347751
-1010001000011010110101011110100
-1011001111110110011011111000110
-1100011010101100000001011000111
1110101000000111010001100010100
-4a0c27f
-16347166125
11516354514
68d52609
11010101011011011001101000010
4027070453
646f9744
-5bc8902d
-1101000011000101010010000001100
-52af5345
6f83a347
6757420165
101010110000001101110011010011
110000111100001110111010011101
-17662263771
-10001010001010011111010111000
-5adc3710
-62eb849d
78c5f17a
13257402435
1111000110000100111010000001010
15418ab3
-5611360236
47532a87
-6470350346
-62dde08b
7e3eca49
7447372307
-101100100111111101000001100011
-4749a366
5da81357
1111111001110110101101000101001
-4046112233
10100000110000110010111010110
39a64340
6ed8f215
-5e5a35a0
-1000011110011010111011001101001
-1000100111010101000000111011101
-17572300253
-5414123006
9e7e612
39d06f51
-11100010001011111000000010100
-10101111101010110101110101001
-10433071753
13744445700
-7bde0326
-3536413623
-25d51774
54b54aa1
-1e46a4eb
1011010100010000001110111101100
-1100010111000111001011111000
1110000111010110101010001001010
-4616410515
-3313075077
100110101110000010000001000101
-10111000100000000101011100111
16767555156
-6126070260
47c28164
-11010000100101110100011111001
-23fdb17
10110111010000001010000110
1101010001011001010111101001110
-11146276477
-1010110101100100000110101111111
15376553441
3414764457
-1111111100001010101100000000001
-7626111752
-6124701065
17607170551
3574603514
13605360735
3707672055
-783c4352
2273014145
1273869f
-443a037
-30d7bf87
-1100100011111111100101101010000
12077661446
53c6e43d
-111000110011111010011111100100
2f138c1d
-99d3391
-101111000100001011100011010101
14004173356
-101101010110001010000001100111
-4066537374
-1010010111100000100000101100000
-1000110011101110111101100011001
-13072451433
4c3b74e0
-73f84738
-24b1b870
570c268f
-1101111000011110100010101000
-30ccda44
-1e360342
-111000110010100010001110010100
12110346773
1100001111011011101010010101001
111011100110001000101100110110
-10010011001101101000010100000
-16114350527
6325177207
-4775447336
-6771532670
1110100101001000101111010000101
71d68b73
-7a7bb014
-14535636504
-10011111111001100101110100110
-2b8003d
1ec08437
15461756533
6d58378f
-1100001010000110000111010101100
-12742553565
1111111011110111111111101101111
73868be2
-101110101100101011111110111000
32dda5e1
-1505134745
3471737637
4446331552
46010492
4044243736
-1000000011101101111001000101111
111100111100101111000001111011
1100101111110000010011001000101
3205657623
9056a76
-255106163
1315364727
-618a63b7
-17577772247
1111011110111000101000001000101
-16564450161
-13561406173
-4221326717
4624045074
4571273203
-111110010001101000110001110011
1110100110010101001110001011011
16230360766
1000101010010110011111001111010
2b88cd5c
-2aac0635
-6242133352
-1b053e9f
59b336cc
-1100101011111010001111111011000
-1110001010101001000000011111000
-12337743225
1011100010111011101111011101100
355126466
1010110110010101100001110000
-ba4d6a6
-100010011000101010010110100011
-6424134320
-3d3e0b42
1037411106
1010000101111101100110010111011
1011100101110011011010010011111
-3440246750
485bf1a8
-15237243405
-1101000001011011000000100111111
-302677422
-6e627705
13556710213
1010001000000110111000100111001
-cee7e6c
110111001111100110101101111000
-1716677c
-14106662237
51f6e5e1
-1100011111011010100001001111110
1110111001011110111001001101101
-101000101010001000100101011
-4d05b927
-f1a5f7e
2124104623
16250136657
550f53b5
-1100010111100001010110100101111
-11551651752
25ae59c8
-100011000111101110010011110000
-110111111111110111110010100000
4f7141da
-1522245633
1000010001011100110100010110000
-10001000011010101101110111000
-7626233274
-1071504365
1100111111101000001100010110110
11275505421
-16614750760
-14117613433
1001010000101001000100011010001
4fba6664
-16562124576
1110011010111101110011111100001
-110110000000101000000100010110
c5babb8
-1e15c19a
-2222330243
-7576252046
14776001075
1110000101010101011011000110110
111011111100111000100000101000
-61a1ac7e
-1111000100001110001111011001001
363573460
111010111010101111000111011000
4fb7f873
5cf6816f
67752777
1101000000111100110011001100011
4e09a7c3
-1000100101111010110000111010100
-7350260246
2372752575
-28b16f6d
10001000110000110100101101
4dd9a67b
-15277766556
-7550f862
-4133c223
