-2fb958d
1100101100000010001000111000101
-60e32c6f
-5350403154
1317452450
3cd8ac91
-11564120524
1011000100011111110010100000001
-1111100001100011100001010001100
101110100001010100000010011
5be78cf
-1110000011001011010100101100111
17171423117
-21225091
-1763303604
111110111101010001000111101010
10000010001110010010100100111
-5d6e6ffd
12152337514
-4104fcaa
5a80cc70
410ff7e9
-76d80795
-1101011101011111110011010100
11275123174
-3465515705
-610384ea
-1111011111011010010010110101001
-7373032056
-13746606623
42a45f6d
-1000100101100010100000011110110
11100110000010000100100110100
15350205233
-394b2ca7
6900e488
1111000101001010000111101101100
-573397e
1100000101001011010110011100110
1111110111010100101001011101
3009dd2e
11111001100111111001010101100
14453450232
-101110011010100010011101110010
-10101101101010110011111000000
-9a20a92
1001001010100110100010100100100
744f45df
-3fca4fc7
-32a935ec
-442434733
-601931b1
-10100110100110111001011010000
-7520662163
5afa46e6
3e99608
205c9242
1110001101101100010001000100000
1001101010110100101111010001111
6066632357
30fdd9f1
-1111011010111000011111110100001
-1495d5c6
5332213217
10111100101001010111100110011
-1ec6d2ff
2076537770
-427203151
1011110100110110101001001
-10001100110001101110101010100
-11111001110111110110011110
1705560744
-58e31efe
-110101001100001010011110101
9f0e3af
-1010111001100001111000111111000
-13367677727
-554ccef
4c8acfbe
-7f7e6950
-1100010100011111100000011000110
1e3a7934
1010111110001000110001010001111
4742176442
-12764001314
-69f81969
13742672600
-1001000110111111100011111011001
24a53022
-6bfd52c4
-3caf0813
5b578153
-3742326204
1110001010000110001110101011111
f46641b
-11667672655
-11001101100110010110011001100
-11720326200
1111011001111000101110010111
774a684f
52071390
708cbbd
1101010110110010111000011000010
-1374271750
6514267663
14011006065
4054612734
16645741375
-1e1cc8dc
1110110110011100001111001010000
-16d35004
-6650257627
16707076036
7243351433
-13260225334
12545524553
-27c63562
1000111100110011010000100000001
101100000101110100000101101
-147c08bd
101111100011101100010001010111
1100000011100010001111110000
-11000000011011100001111110100
-101101010010010110101100110011
14661274262
1000100011111011111100010101101
12035554545
1010001101010100011001110101000
1010111001010110111010000100000
1110001011110110010110000111100
-7b3bd231
7684845
788d02f8
1000110010110001011111101011001
1132710455
5f98849
-1011101110110010000001110011
-1101000011010001000001100111101
-274caa54
1001010010001101001110000100110
2122006647
1100000110011011101011101010011
-290ab150
-101100110100010010101010101110
-74d3f4dd
13072543625
2046042065
379aea1a
1802e29f
424f30e
11240016070
5f8b50d8
1416251641
7b3fd67d
-5012421554
-1b722701
-1101111110110101010000110100000
4a423903
110010001101111100101011100
1001111001010110101010111110110
7b590880
1011000100100101100110111000111
1916c730
-77f34e58
-101000110010100100110100101111
11101001110000000110011110101
10001111010101100010011001101
2628d94
ff6209
-1111000100000110000111011100001
5433743533
10011101011101101010010100010
245b8a91
13436736253
-3dfc9679
5576454674
-5025067066
461de941
-7431412757
-3150043131
-6752210730
-639518b1
-470273622
1000010100000110100100001110011
111110101110111111010101011001
-1001110001111111000010011
-1011110000101101111000101011001
-12637305044
1010100111101000111011001110101
-3e75336c
15614234240
1111101001100000110010111000001
-12715645667
-1110110110111000110111010111010
1000001101110000101101110011010
2311442577
1100100000010010001111100110000
6224522247
-1111011000010111010111010110000
101110110101010010100110110000
-65413e36
1361717103
-1011111000101001011001011100100
1101011100000111011000110101
-7ad48bf7
-56d78967
6e4ef8d7
6420222373
1100001000001001111011101110000
16561640305
1100111001000000110010101100010
678f55ba
-46b60ab3
1000110100011011100100111010110
3ba86fa1
-1000101011100100011100111011010
3becf51b
53dbfbd6
15343320414
3fc2f293
19481eb9
-49df7a28
-4c6ed015
6045473f
49d4e6fe
1101101010111011000110001100010
-1010101110001011111000001001001
-5c18f591
-1001010111011001000100110001001
-15650727152
1001000101001101011110111000101
5174a9c7
-101111000110111110001100111
-11726314414
659b2fc5
-17131323116
4a309b89
-2a4c222b
-111101111011110001101001101100
d925db4
7c6cd1ef
6205514203
-1000101101111011000010101001101
3b930784
7405054741
100110110010110110101100111110
559ec295
3752e8de
3f921f6b
-5205347561
6421445517
-625241507
497619b4
22ac313d
234baa7c
7f9e815a
4563fb74
-1000101010001001010111001101010
-44c72a0a
-100011000001001011000100001000
1cabf80
100101010001111101011000101
-75c2f901
101011111101110111110001100110
1101001000100111010001100010
-52f33e46
-11001010011111011110111010
-7641540704
1476757526
-3849a6d7
11213254621
12540036673
1011111111100111000001011100010
-5ad93dc8
-15155616256
-4427253336
110010101001000110000011001
-1110111101010101101000000001000
16512740127
5df4a98f
-5362070246
-11100101001001111111000110100
111001100000001000110111101001
1100111011111001010010011100011
3154467253
-2fe6d294
11646735431
-6412067357
18419716
10327521305
-34fd5f36
-2406162207
-3a61a288
7354035470
-1101000111111110001101010010110
-10111011011000000011011110010
602057ac
1302200745
4a2dd4e0
15647070477
-33d09ce6
-6521051701
15502132114
a2f0341
761b48f
-2b4a0cac
1010010011011010101000101001101
4ebebfb4
-52541447
13051236403
69f043b4
-5f28c139
5655314731
110010010011000010101111110000
-1b31a709
-5723526170
-4226431250
-5c9e875a
7033140361
16411216520
4b78ee7c
-38c4887d
-7564263177
4e01350c
14314421761
17341360651
-390ef262
3327230751
-1176370477
-77136dd6
13772330246
10411066036
3fce37f3
-b9ca4e2
11001011100001011010001011100
1010001111111101010001101000
-2404165510
-14164445250
-1010100101110111110011100010001
12622366113
6133066305
-110111001110001100001011101100
68a6f72d
-1c9e503c
6563447502
1110110110000001010110010010010
606511433
-10111000001000100100000010111
6fff143f
23d93f8d
598ce45
-15176500020
1104027253
1101111010101001000101010110111
-1001010100011110101110101100000
-1001110111101111110101111100111
-ae9223
-111110010111111010110001101
111101001100010000010101111
-12055015433
2430643252
-11101101011101001010000101011
6529328f
-111110101000110101100010010111
-111001100110101011001010111101
1111111001011110111100101100111
101011101011011111000000101
-1000110011100111000111000010110
-1111010001001001110101110100101
1011101110111011010001000101010
12504051627
3273223
701a0b5b
4a2b8c55
-48b01c9c
4245610363
-3ddc2260
101110011111110111110000101001
-10101101011111001110001010010
4420d33c
-59df8b70
111010001111001111001101010010
121b79c8
-6d64bde0
77919ebd
1100101000001110100100100100101
4cfc1cd6
16b475bf
6109f3c5
13512751617
-5c71cf26
100001011000101011110100011111
1101001111111100101110111101111
3af92f85
1110011111010111100011011011001
-270053007
7601224723
100101011010100010010110110001
-111111010000011001101111111101
-6514126546
5b577707
3b89ca5f
-6cab09c1
-14661537553
10204776101
1100100110111111001101010011111
726127316
17616212112
-101000010100011100001001100110
4ee6972d
-15551054500
74ba0c3e
1101000010001010000111000001110
2205005527
1000000010010010110100011000011
-65951d77
-17716736247
-1101001011110100001110111001101
17532402607
-5572315453
-10100011011100000100110010110
ae241d4
-6c6ee09c
1010010110001100101010101111100
7475636661
70049f5e
1010110010011000110101101101
-1011110011000111001101101110011
-757a6b72
-5a83850f
1111100000101110111000011000110
-1001101011001101000010101111011
47a171dc
-59c1691f
-1000100001010010001001100011100
1010001110100111111111010100
-1001000001101110011111011000101
-1110110110110111101011110110101
-1101110010101101001111000010101
-1345724237
-399a3b5d
-41506968
-11563523366
-3405220243
5625032460
10011011110100011010001000011
-13131756776
-524b51cc
-11217501712
-132137041
12551713452
13153463707
-11723313545
-7172740604
5019c85a
-110011111111000001010011100000
-6375113536
-1110010010010100110100100011
6455730353
4e5990bb
-4a9e9207
72eb2721
-1110110010000001101011001101011
-1010001001110111001000110110111
14477000634
8f5cdb8
73118c44
-1010100100000100111011100111011
-16222747127
-675416e6
4e87b686
13350142357
-2646416456
11ef566b
5434323275
3115505635
-1111011101111000011011001100011
-10534031245
111100111000000011110111001100
1110100011011111000100101100010
-22dd4a4a
1070172551
-1011011001011101000101011001001
-1110110000101110011011101101100
-111011101100000001110000010010
6f78d28a
-5bea4fef
-16622776536
-11111175651
13733421517
-7c2d213a
1010111000111101000010000000111
10345216657
-15323311040
-6b5eca50
10101001000011101110010001100
17471530656
-63a0f697
1110010001111001100010111101
101000010100111111111101001
110010000011101101000001010100
-1100011101111000110010011011110
-11011100111100000111011010010
-1011101000101110101110011111101
1111011110110001110001000110110
-17074600026
-13142661331
6364077252
-12670064662
537671724
-11110001110110010001101101
464c56eb
14cacb87
-7703c2e6
1a5ba01a
5252355006
1f1ce911
-15151722657
3502564751
101100110110111110101010100110
11743075211
-dbfcd25
4b3f473a
-52bf498d
4711520605
163670034
1001010100101100110100000001110
3660754454
11110101000011010001101010010
3469274a
1000111100010110110011110100111
-1000101101100110001100100011
-1101110111000111110111100011101
-1101111000111011000101101111101
7424263037
-101001100100111101111010010001
3929bc19
-7053315622
-2ce076ff
-12672626147
68892622
64f4a43c
-1111110011100101011001001011111
-168e4c1d
739de94b
10066706736
-3231236765
15646166623
-14da8c79
-1000101010110011010101100111
-23074196
-6c0075fc
-654c933f
-1536153601
-ffaf850
110011101010000011101000101001
1000101101111111000111101101101
1101101001010101011001011011011
-1110100110000011100101101111110
-12431633313
3e6a9b3d
10225156325
-7444457501
123b82fa
11101100000011001001011010111
110001000000111000110100100110
-1936aefe
-1010011001101100000101101011011
1010010010000001111001101000110
-11640530155
-11110001111101000100100010111
-4eb467fe
14350576147
dd2101c
-54f2df94
-3450243556
7766011452
-1111010101001101000011011111100
111010111111000001001010110010
-5523153204
-792112e0
3c432f0d
34433644
1110011010111111001001011001101
1a25f3a7
1110110001101001011000101111110
-100101010001010101010110001
1407d389
-100011100111101100010001101010
101011101110100010010100111000
9918c66
17111072763
-1100010011001011110101110110111
677b621e
-1001001001000011000100010011101
-33c9f06
-17665420232
1011110000000001110011110110010
3505117776
111000001111001011010010111010
1100001111111111001100111101101
698ce455
7c3b01fe
-1010110110000101110111110111101
-11644329
-1c25f483
7710743402
-13233452715
7650425001
-13136346106
70105ac9
-4110615263
-17316135515
-3138affc
-7d196fe
17160222765
10256370176
3984ca58
-6274723351
1100100001101111111101010000111
-12500670036
27d38792
1011011000111011101110010100110
-12e2cc4c
-5f266dc1
6f5d4909
-12555040430
-2968ce48
-7302346577
5378d40d
-48124cff
53b21f80
1100111000000011011010000000010
721489aa
-5707474433
-1000010111111110000111111111000
-1540077355
1110011101011010011111110100
-1001111010011010001100011
-1011011001100110001011010110010
11000010000110000000010000100
7dd3aab
-7f1b3989
-1636011525
-100111110010011001010011110100
6593ec56
7432435654
1313536446
-10101100010000000001100110110
-1011100010110100110000011100
290764d5
4674227520
-10101000011000010010110001110
-1511357a
4eb7d34a
-1101011010111100010010110110010
25742a19
-6705399
-11556636243
-2577610034
1101111010100111011101110000
-76f108b6
-704ceff4
-100001010010000000011000001111
-10152463047
-111111010110000101111000100011
-1111111000000011100110111011010
-2252434555
-1110101111010110001110011110101
-1111110001100110110101001000101
1111010000011100101100111101010
17173175704
6160543744
7e8101a4
13571016407
1d4fb6d6
13536244131
-7411066350
10245152701
13651510206
-10543641077
17026645073
-11101101001001001001100010000
-1011000000100001011101011010011
4102432704
71b923f8
-1111010010110101010010110000111
-2456141062
-110011100101010010100001001000
-1000110110011000110110101001
-11010000101001110000100100
-7b4e7de4
-6100220616
-541553043
111011101000100111001110010100
574331076
111111101101111110101010000001
4476107774
-2c6c5a4
6f5ba730
-31914483
7472716544
-11332413205
17646164752
258f6929
-1d93ed48
-17546405734
-11011111111110110000010110110
28d72e0d
-35dbd00f
10110110011100010101010101010
-1110000100101011110010000011111
-1001100111011001001110100011101
110100000000111010011011000110
1c2798c
-111100000000101011010110011110
-11100111011010100000101110011
14521546535
-1101010010011011110011101011
7251024106
1101110111001100000101010111011
757145672
72b241b4
49756c64
1101110000100101110100010000
1110510464
-2a22e50
1110111100010110111011001110110
10011110010101110001011
101100101011001001110110010100
1e04faad
-100001001000100111001101101
17510175535
-155477366
-7415262057
6d33c049
-1110100110110001110000001011100
-14553142222
10722421754
3cf564d8
11101001010010001010111000
100111111100101110000111100000
1100011010011100100000000110001
-11207172567
-108739ef
-1000010011001010000011101100111
368dd20e
101011110100001011011011011110
24087105
16211426435
1111011001110110100000011001100
3993543a
-11600144657
-11000111011110011011000100
60c9dfdf
-100110100011011100010001010001
6457511243
6454305746
1000001011111010101011100110011
-580c699b
-17342452110
-3db93111
-101000111110111110100101010000
-635702444
-7461723764
-1101001000010001110011111111001
-111010011011010010111001100011
-5f15046f
-17213265034
72072c5f
-11023077641
4c6f664e
1110110100100110100111010001011
1001111010111101010011011110001
-5535a4d4
-45fbbe7f
962b43a
-1010111101101110111110100010100
6245347004
1989e570
-17570164673
10555450027
-176350146
-416323a2
3066641103
11001001100001101101000111100
-569a4203
555204132
-110100011101010000101000011010
16737730741
-2eab80c0
1111010011111101100101111011110
6617100225
8949037
-11515002720
-6b49b34f
62fe4ce0
1001100100110100110111101000010
11011011111011011010001000111
11373201330
-11220716361
-5270575451
-10431667010
-16433541437
-1000001011100011010110110011111
-10691757
-4003517203
5863b6e0
-5547667064
-101101110100111101110111100001
-2f398c37
111011111101010101010110001101
-3067730070
1000010111011010011001011011100
101000001110100101111111000001
-2565606015
-111101110011010000111010011111
-6b027126
3e92c1ae
-42f09e6b
10001110000000000000011100111
-110101011110000000101110001110
62c9e2da
11893235
-10053127220
-1111110101010010001000101110000
16033256745
100001000100011010010001001001
100100111100001000001001110011
-1b0b959b
-12b3d3b0
377c9986
-1110110001100101101001100001111
13657230746
232b407d
-5e74b0a1
-12237365272
1110111011100110010000111101000
1001111010100100111111100001
-1010001011100101011010101110100
13676656423
110111110110010111010100010110
-11522421031
5a77ee42
100000100100000111011100010110
14242705350
-1000010001100010101101100101101
-246152736
-8542c45
6616737640
283be747
1110100111000010000011101000111
-6664265470
-7dd71f36
-1101000011110000100100100000110
15674604337
-101100010001100011001011111111
4136740551
14313364172
-11122207574
-1010001000010110010011111100110
11010111000010100110101011010
73f25b5
-7572770214
-3dbb7c00
-414d6820
24c8e869
-16737675350
6325773750
-200e4899
-15675470040
1011101110011101001100000100
5035776051
3673336404
6435446003
723004712
-15517512115
-1000001000000110001001101000
2abf1817
1000111110100100110001011000000
-1001000100010100010001001000000
-15034226446
-101111000010010110011100111100
7100714053
1111111000010110111100011100000
1110010001111010000111110100000
700727633
1110001001000000111111010011110
1011010111001110111011001101101
66e508c3
-7404714705
110010110011101111000010011100
195dcf30
-1466225734
27a09ff5
1001100100110111111101100101100
135c8555
1101100100111110100111111100101
4825dbdc
110001000001101010111010110111
-1010000010010000001010100000011
94049c2
-1001111010000111111001111000110
1225074412
-1e6aeb4c
-1111011011100010000111010111111
-101110101100001111101100111
-111100010000101100100000011111
110001110011000011011100010100
422cd524
13030737261
-5a4b6dee
3212013263
1000011100110000010010010100100
1101000011010101010010011000000
1111101110100100110111010000000
-2013171667
-12176267044
-b56aca
1cd2bb90
-1c7f0ba9
-1011011011010110000001111000101
-4a4fce05
-14712415046
541b1d64
11111001011001101010010
-1001101101111101100110100000100
-2672764515
27d43475
3513367211
-5431622113
1110110110100101111010000000
100011101001011000000110101101
-5732721327
-5251376565
-4012653330
111001001010101000110111001
-1001101011010010001001111100101
-6047645211
-7534107335
12171a6e
-7619f19f
-13306676435
4e5a4066
-100110001100110001010010100010
-1111100000000000111010100010000
-101001110001011011111101001010
4d38e4cd
-2e0cad88
2142707f
-1101001011001110001101011101111
-101100001011100010111110100000
-4998cc98
1110110110011011110001010110010
57a26bbd
11161745536
-13727165252
3cf342f
2c241e0b
110110010000101010010000101
14717075323
10000111110011010010111010101
473e3a8b
-1010111111010111010101001101001
-100000101001100110010010100011
12161161271
-1142553626
-3730103365
-111100111110010011110
-5f5d796e
1000100100001000111101011010000
-1001110100010111110100100110001
-286ab0b3
7510540123
-3646441767
5f66e70f
603f104c
-2cc07d7b
-102042727
-4443107675
-15244652262
16673106001
-727055402
1101010011110001010101110100011
-1100110100010011100010011110010
-fb83b5f
-1206307474
6654137353
-6463654736
1100101011100110000100001011101
1011111100001110011000100110111
6f475ee
-457be575
-577a8fa4
100111010000010111110110000010
-1101101011101001110011000011100
-473bafc3
14111161110
37301a2f
-15136736106
-1011011110101111010011001001110
-27a393e6
-6434413067
1f748a4d
10532777257
14103773242
477023240
16041467644
15404227144
-1101011001000110011011100010001
111101110011101111001100110100
-11b4b3a
1110010011100101000101110111111
4f7e561e
-1111000000000011110110001110
6352623405
-1111110011101100001001110000011
100000110000001110100001010000
16d7f876
-6127220715
1100000111110101100010111011100
-470057072
5a58781a
2546663107
420e014a
-5647337547
-101110001110010101111111110101
13673064405
-1111001011000101111101111110110
111001000001100000101001011001
16614237637
5365565455
91c9232
7647bd50
111011110111100011011100110100
478b2951
1000010001110110010111000111010
1011011101011110111000001101001
1001101011001101111001000001011
-1111111100110101000011110100110
711361316
16b0497e
11626671573
1101010100011101000000110011001
43b1e562
-2b5d4b84
1011010010101101010101011110000
-1764f246
-1010101000001001011110011110011
-101110110001000010110101010010
-111101011111100100110011000
5c45fb5b
-11556140642
100110010100101010110011111
1011010010101010001101001101
54712f89
1011111111011111101000011001010
-14257052270
5a168cb6
321bdd6d
101111111111101011001000111100
16050162200
1001001100111000010100001111
-183974a7
13760520702
11571605557
-1110111111110010011110111101000
-1001011111100101100011100000100
-45bc28a6
101010001010101100000101011111
110110110000100101101001011010
-13014626417
14300137207
-10000100000111101100010110010
101001100000000010111010111000
-111101111111100001001110011111
-73f38711
-11140060713
6d1ed6c3
1271342633
11170314367
-12264310744
-1001100001100011001110011111011
6060634354
-18a3aec5
-1111011000101111001000100
10001100000010100111010011010
-16271137726
-1d5b5546
-100110010110000111010101100001
5f03ead1
-24716ead
1db5c18c
1101011000001000110001011011111
34d2ec30
-11011110111011010001011011010
784baebe
5217504000
-20054ef4
-2347343631
-2511565565
1001001011100011110111110010110
-11110001011000001110110111
1011001001110001011111000000001
-1746217246
7055510146
-1f45d257
-2522264014
743a4fe5
-716007045
1ef56cda
-1010100101011010000010011110101
4e1d67f2
-14047740011
55191f81
32154953
-6501447302
-1101010011110110000111010011111
111011001101011101001111100110
-41f956fc
-3d614728
2505553652
7ba365f9
-1011001110011000010010010101110
-1100100100000010100100100010011
7527a3ce
-10101001010010101011010111100
-1744057707
6436541332
28f229c3
56ccbc27
100100000100111000010100001101
7773674026
37ea9261
15212431265
1000000100011110101001011110001
13763036530
-3477a327
-5ee79e20
3666773004
101111111100010101111101001100
16471211506
100001001111111100000111110001
3654170157
-110010011110101100000111110111
17a8c5fe
1403147150
1100100000111011100000011001111
6e57d2a8
-1110100110001100101101100100010
-2132147562
-1000110010010110100101011001110
5267455111
-100001010111000001100010010011
11635501664
3e085ae8
-17754717747
3242670231
-9b1667a
-1011000000101011001111110001100
10100011101101011100111001100
4701112517
-2310752175
c1e4c85
1011111001100101100010101110100
6333653321
-2851b664
-fdb56fc
-11011110010011100010111011101
-1110010101011011000010000100000
-1101011110100000101001010111001
-4013045422
-4cf12a21
-111110100010001110100111100001
1000010110001101001000010100100
-1100011100001011100101111101010
6c635581
-7302747141
-14b48436
-6642135131
11625542215
-772756123
15507154317
1000101100011010100000110001011
24600ad2
-111110001010001100100111101010
40eba36
-100010000101000000000000011101
35391647
11001101110010010111101110110
-782dfa67
111111011110111010101011111000
-1000001010100000010001000011
1111000000010000001111010000011
6ce7a654
-6016650517
-42195327
100000011001001011010001101110
100101100111001110010111011000
1111111001000100110111100100010
11710454500
-15236323251
-1110000010011000010101110110101
-5006731446
-3a0e1e17
-1c88f053
11000110110011111100011100110
-1101110111001011001110000111
-5177124145
-10034507636
-7c020d45
4455745077
10713527113
6146413764
-1ce26c55
-110110110011110100110010000110
2320525301
-7041576410
110111100011111101011000011
-1110001011010111000011110100100
-30b2f5d6
1100001001000000110011000010110
167c99d
1010101010111001110010110110010
4354f79
-1100010110101100001011001111110
-7fe0473f
-57d96934
-3ca9d634
13475001521
10001000100000011110000001011
1010110010100011010100110010011
-364d1eed
1110101010000011111111100000110
339c4818
-1100000110000110010011000110110
747603604
-13165422652
1100001100001010110010101011010
7625737037
-1671143100
-1110110000011000011110101010000
4430209c
-10101010011100110010010000100
-3093e8e4
2408807
17132474120
7004376750
-110110110100000010000000101101
1011111101101100111010001100000
-6161744053
d155551
-1111010010000001100110111011100
-5e78add4
1101111110110010111011101000001
-1011100011100100010110111110111
-2620140107
10000110000001101011101100001
-6403505772
-13531733656
1101000000000000110111101100
12602716460
100001110010100011000100
-6e1919d
-1101101110110010001100010000011
14642277217
-1010100010010100010110101011110
3311713206
-1011001001011011001111001011101
729198bf
-6100460005
18451881
2174b6f7
-b829099
-7507a1be
2da526ed
110010100111001110001111100011
-1101001001100111100000001000110
-1101001110000101101000100010000
-3434216006
-1001010101011001110000000000111
3b3cb55d
-4643005242
-110111010110100001001011001
-1111110000010000100111101110101
6f923d58
-4440403124
14211475615
-1101000001111010011111010101100
-15270013611
-17252617376
-51c845c1
-28f8dd87
-3cbd099a
-3617276527
101100001000010110110010111000
10111000011000100001011100111
-702643545
-1110001001100000110100101110110
710526245
1010011000100010010000000101100
10416736171
-110001100001011000100010101011
12403712772
-450c949e
13711632334
-15337773607
-1100011000001011001100000100011
12743006147
-6f5ce3b6
-3f38525d
-4be06dc0
-101111110101010110100001111101
1001001010101010011010011010101
-1010100001001001110111111010011
-763a80a4
-10411717367
17417616417
1111101100111111100011111111
654d9ec3
-764ad9a6
-1101000011101100111010110011110
-3400377535
10631326055
-1110001101010110011111010010110
1001111000101000111101010100101
-16456312023
69c34f93
-20972ddd
-2865347e
11101111100100001010011001100
1741453664
2a716b44
-12ae52a9
1110000110000001011011000110011
-100100100010110011110101111000
-51620065
-1111110001011011110011111100101
1011100011101001111000011100100
-1101001110001111010001001100110
-13431412650
-619b950b
420361107
100011011001111100001010000011
4560226434
11656244525
-13156372742
-6455340733
-6335102665
-3604266715
-5612203033
-17767722345
-1da94d17
6d5d126a
-1137246344
110011101110100111111010001111
-5a6e08d5
755247570
12650347513
-4cd0f8f5
7374766030
-1111001011010000011101001001101
1101110101000111101111100011000
-1ee5a142
-6207570712
101101111111100011011001101001
5cc6727f
3badd07
14723204274
-11326123466
-17402342742
12622735131
7817bc67
5217466740
10157322671
-5172063170
1010100111010111010111010101000
-11110101011110001100110111011
101000100001111101100001111001
-11134570770
1110000011110001000000011111111
73e6bc45
7e4b75e
-3af0a9ac
-3109273c
-1010100100011101010011011011011
-1111001100101100000111110111100
1342466251
5742255164
-7dc1220c
13516717275
1110111001010101100100001100111
-15062736660
-3223105477
4270566200
-a3ac8f4
-16601365254
-5b1d961e
7579c134
527a5916
10000000111101110011000100
6404611347
45be000
11536475571
15075247013
11755131571
-1011111100000111101111011111010
-68f3b662
-10100110100010010100100010011
1571663771
165ee1c4
-111000110100111011111010010110
-7226045532
28d9ff59
-5766306736
71cb366f
1f904785
-100010101000001001101111100010
17044073424
-100110010001101011100011001101
-611c92f
110100101000110110001101010111
1111101001111010101111110101110
4174464723
1001001111100101000000000110101
1111101011110101000001010010000
-1001111011001101101011110100100
1101100000001100110101011111101
10001110011111100111000101001
-14223062750
13106676161
1101001011010001010011110011111
-110010110011011111011110011011
-7ae7cf8d
11001011001110100110000010000
-74cc5fb3
-1011101011100000000100011100
11010001011000001111110100111
16372451711
100110101100111110110110001001
46e58b98
374ddf47
-1111111001000010100110001110010
11657556046
-3bf51b9
-101111001100001100101110001010
-6fbfe92d
-1337636060
-7723532355
-110001010111001010000111110011
-14357114500
1111010001110100010000110010111
-11765214121
11253426307
f74345
1000101000100001101101000001100
3656176750
361f69ae
12345024537
111001110111010100100000111011
10133234677
-2605406437
-13576206320
-17302055033
13067746303
7a88eba8
1010011100010100110001110110110
-1100111110000001011101100111100
39920c40
101000000110101101100110001111
-28674262
-1024053321
-15534510626
1111011011010100111111101011100
-2114653545
-1010100100000100101101010001101
-710ad5df
-10101111111010110111111001000
-5027671237
-4cbd0892
-7b03ddd7
-2f2e6fe
-1001101011110000010111000010110
1001011001000111101001111110101
-29dc7a03
11560061522
1000010100001101111110010011011
3420624427
1110101001100010010010100111
1010010010011100111001011001000
-17405712051
101111001101011011111111001101
33068291
1001010101011000100101010010010
-11101110100111111000110110010
11733677174
-1001100011001001110101100110
14237220163
15436040423
-c2f8031
-16407205002
-16333652314
10101111011101110100110101101
111110010011011010100101010000
55a567e7
15677205567
377dd301
-51b9b48
-110110111101001010001001000
-4072353025
-11362404352
-11547553141
-d509e52
-7301037660
-16750370516
1416431222
-4641412464
-8898ac6
-100011100000100100110101101110
12420101233
1011101000111001101110010101110
-1101100010001000111101111100010
-2a97e2c0
-1dcf00c2
1101100101010100001001111111001
12062317321
-1299e9b6
-e7f1e66
1100111101101101010100111001000
7f3fdcd1
11517267576
-110011010000101101110000100110
-2e4dbb5d
101111100101000111011111001
56e175f8
110000100000011110101110010101
-25c3f72
3c9302e8
101011110110001110111011001111
-422e588f
1011001101010111100111111100101
-3077e15e
2a93ee7b
-111100001110001001110100100100
-5726600006
1110001110000001100011010110100
111101010111010101000111110101
7071260170
3573205332
-685f7626
100100010010101110111101011100
-15427401606
-6764257351
-455a461f
-111001000110001011110110010
5275473524
12116570121
-111100111010111111011101110001
-11010011101110110110011011011
-46a8d6a3
66c6d64e
17244123425
111001000010010101010111001111
59d701d2
1010001011110010001010111000
-1010011010100001011110111100100
-1001011010001000101111011
7e283a6d
11321763162
11011010111111110111001010010
6e9af31c
-1101000001100111111111100110111
-14151470133
74b5ecc7
2717450002
10010110101111001000001101111
-7127422161
-4b63ed84
4356061730
-15771346205
1000001010000000011000010110110
-2536102051
7058b2fa
197bbce1
-7e0523f
101101101000001100110110000111
-1323403470
322b2398
745df717
7d520ad4
1313daee
-1000001111111000110000000111
-10635261261
184fb2b
-44f04a6e
2eef1912
2276500124
15037255624
-13372033462
-4d58aa5
1da4f885
-15226737530
101100101001100101100111110111
5ac01a45
-1ffb680d
-173cc821
-5117425245
15575535721
-1011111100010000000100111100001
1450404731
-1001111001110100010111101011010
-110011110011110100011110101011
1100010011000101100000011000010
15525155476
1000010111111111010110101010000
-16470155643
11037374041
-1110111111010111011000010011000
5023002332
10111010001010011010101110001
3aaf8ce6
1101110000001110110011100111001
23ee39b0
7032a5c3
406cc233
1100111111000011100011011101101
-21a5a79d
635522526
2b744c4c
38f91968
-1022363164
-21aac8d3
-4e60c60
1556173037
-2c4fd631
10101101100010000110100100
5ed34473
-101011101011101111000010111100
11427401032
-51204aea
2012140
-1546b834
1001101000000010100111010011100
1716223574
-101100000011111100111011011010
5e5bbcb
1771700411
110010100111001110101001111011
111111000110001101110010001010
14406073765
110110000100101001101100010011
1110010000111001000010001001101
-7daa8ced
7fc2bbe8
-515701601
7fe649c5
-1111101011001010011001010100010
-11100101001001110100010101010
-426f6a02
-1010110011110010000110011000101
72249ee8
-347318c2
-7862e799
13351066042
1010001010001110110010100111001
-111010111101101100011000110
-100000010100111010111010100000
3465102173
3141c0af
-101100000000001010111100100011
-10111001110000011010001001
65abb662
79deb598
-110110101001101100001011110000
-247551346
1000111010011010001101101111111
-1000110110111001101000010100111
c17e590
7060656506
6e3322c3
-523acb65
-7355313602
1100100010100011010001110011111
111111011110000101111101111101
1111011011100101110110000001101
4703514010
10100001001011111010001101101
-2c537e8c
110010101000000000011100001100
101001100111110100011110010
111101110000110011000011110
7df0060b
-11040272275
101000010011010110111110011001
-13257471042
-111101100000000010001111111000
-11010110101110001000100011001
-6264024706
-1111000100000101000101000010
1101111011111001001101001011110
2210721250
-15543142055
10011010010011101110101101101
2130670603
723275ae
1111101101000010011011001110101
-1266405504
-12763533361
78ab5a05
419ada66
670343d5
-72a0a930
-aa5cc43
70083afd
-6c8b19af
29630b40
14601243256
-422cddfe
-4f94d3c5
1101101101110100111001010001011
-110111000111000110001111000111
-111101110001001111011111000110
10573153467
-6103650216
-100010100100100010110010000111
-1110001010001001111010000111000
5023276142
-7530345517
16220410347
-1011100100101100100010110010001
-1001001001111111100001111010001
17535405041
-c2c6168
-3530355f
5654725617
-1101100101111010111000010110
23b759b1
16302333736
-1011100010011100100010101110001
1001100101011101001101000100110
1110111011001010101001101110111
33040672
-57e51da
5560848f
-73da64e9
6110633020
16646561502
-110111110100000110100111100101
-6257f58f
111010100010100011111011000110
17325541050
-6bfd167b
2749b897
-10101000101101101000101010001
3cc488af
-3515241323
11111011011001010110011111111
1110110111010111110011011111
1101110010101010101101111110110
44a97f2f
6323240642
-16153353214
-5603220275
183f35d4
2a61f949
-6520002433
-14157176333
10545011557
325f088c
-36910083
11001010101010000011101000111
294a5fa2
-12372007355
307c17f3
111001100110000111011110010101
-21715a3d
6612360303
-253e73e8
-15b5daa1
52a62bc
-10111110001001000101001011011
-10507605572
-58d00a24
-3e97622e
c309c2f
4b423240
-1111101110001010111000111
-4335776532
38e83054
1100110010011111110111010111111
-5a5ed940
-1001110111001110011000100010000
-58bd6263
6c057e75
1e6240a7
-12054631271
3a26b08
-1100000101100000100001001111011
-170dcf22
-11011101001101011100101000011
1100000101001000100110100001000
481af60a
-71641fe4
1010001010010101001111100100001
a4841cc
-550e9a80
4907dcfb
-1010001101010100000110010100111
-11110000111101100110000101001
-1100110011001100101100010001
-1760605123
-6288ca0b
-7551353506
-4eb4e7d0
22134214
-1101100010011010110111101101000
-1111111000111000100010111001011
-2261154537
10111010010100011000100011001
111111101010111110101100111101
31aa6534
1100101100110000010110111001111
15000674625
1110100100011101010010001011001
-12406142500
7407100243
2223100112
101001101101111111100001111111
-6ea3af3e
-773237624
127744643
10144565045
-17145446544
-101011011100010110101010101000
-13350133520
-1101101000000101111111000010001
-101100101011110011101011001001
48f7b7ed
-1010010101101011000110110110001
-15571131040
-51c5a2de
-111110111000111110000011110001
-255642e0
-17726304257
6409c9ad
-47061480
-5535433301
1110111011000110001111100011
617e08ab
-1bb6c685
-1101111111001101101101011100101
1011011001110110001010010111010
1001001011001111000001010111001
10571277047
1101010111010011000110011000
1000100100001001111001001101101
1111111011010000010010000111000
5c0b04c
3608477b
1306075012
10001101111011001111011010101
-11110110001100101000101011101
-1010101110001111101100101000111
11100000000001000101000001011
7c4872c5
-7a9352f0
-73bb566c
1001011010001010111111000001000
111101010011001111111010010110
-15476401122
-1000000010000011010011100110111
-19277ba8
13155241103
187b6f5c
-1100110000100100100111101111111
651b277e
-6603323530
-744cffb9
-3ec36356
110110001101011101001010100000
1010111110100001001111100111110
15432c72
-795eeb98
6d9c5268
-1110110110011101110000011111111
450aa791
-7652004271
-12736114771
17305641712
-726335564
1111011100101001001101111100
1204745101
6766323670
1010010110100111001001101001000
-7525044467
-17611712657
-14166642435
-440048d5
14232437355
1001000000001111111100101001100
42cf6665
-1100111101110011011001111000000
1000001100001110111001011011001
1111011110000100010100110000001
7a5b7a67
5064447214
4700033737
1100000110010111110111100011010
-111101001001111001000110111000
-1100001010101010100011100000
-734eca2c
-9e7b5ea
-6e9d968d
2df98fdb
6170217475
-14104006735
10110001000111100110001101000
111111011110001011001101111111
4c65edf8
3fdcdbb7
10100100110101101100111010111
-15323361566
111100000011010110001010000000
-17711523153
-c5910ad
-1100010011011111101011000010000
404037540
1110101110001110110101001100101
-a20372b
-11fb0158
937c939
14156653724
-50001ed2
-12243657721
15547556765
1000010000101100110011111100010
-12517410234
4226144211
11052044654
17505641336
-12a18439
7252455646
15601216151
-15111614221
-1011111000110101011100111100001
2441307147
-6621537146
-42af9e8f
22399e2d
-20a4794d
-75852841
-10000010110110101010011010010
502ddb1b
1010100001111001011011111111010
-100111101100010111110001011
22dcaee1
14117054632
2c0e7edc
-1101000110100111010000010011001
6117454547
-3021276564
-2472dd1b
111001001111010011110110110001
8521aca
-1000011001100110010010010010001
-31a2d772
1000111100001100001011001011110
-111010000001011110100010
-12073f9f
10733460347
-4e0bdb72
-14574454505
46330028
-1b13390a
6674dfcc
-1101100100101101111101011100
4206467134
-454650520
-100000000100010101010101100101
-1101000110001111011111001010101
-100111001011101010011100000100
14605711105
14657716113
-41c3b0fe
-37669a11
58ee1761
101110110110110100101111001000
3514446710
-111110001111000100000001101011
1010010001011001101010011111100
755aecf6
-1001110110100000101000000101
-1110001000000111010101000100011
16e32225
-1011011010100100110111110101
-1100001101001010111000011101101
d50b20f
-1011000001011010000111000110000
-1110100111111010100110010011110
16374205006
-1010100111001110101110100101010
-54d10158
-111101100001001010010001011100
-6226210052
-1010011001000101110000011010101
3c710c49
6263175a
-110011010000101111100101110111
-16327723257
13535362311
6120600506
-6672535547
-1e11be0a
-10331530362
5739182c
1101100101000010000000001111100
13752177114
-10046722441
15653600614
-2540276333
5bcf4f51
-1111101101100001111010010001100
-1010000101101100010101011101011
1111000001110011111100110010101
-4421666522
-10117430725
-b99a8bf
-17631236736
-1110011000001110010010011101011
-50a0273f
d222ecd
376debaf
3767403665
-771de0f1
2b5b4d49
-110010000111010101011110
100110110000100001111000101110
-6620205320
10011110001111010101110010110
-14347447746
-586486f9
-17547737743
-5054012303
6761512237
1001101000000111010010110100111
111110010110010110000101100110
111001011111101010001110010010
7300662656
-3a9d8582
6b553b8f
-177707c7
12620020477
-7b52821b
-11252340736
1110001110101110100011110011101
-1101111000110001010000011111000
3569029a
4633461245
1256072062
-1101001010011110101001011111001
39cf5a3b
12105122625
11be0677
10164713012
-1052456205
-15664737725
-1011010000101000010011000101001
-1001101001001000011111110111
1100001101101111000001010111011
-16416663674
-1110111000000111010110110001101
-7251674353
-101000001111110001101110101
6644efc6
1011101101000111110111110101001
15315551116
2270011724
30894d29
12420031
71a41fc
-5021134310
101111000111010111001010011111
-101011100010111011011110001000
111000110110100010110101000001
4557016275
1101010101111100110001111110001
-52f90544
-2624160261
6beda16
-16711653053
-45c9f7fb
3751dba4
-1111011110000100101001010011101
-7d7974ab
-5555125305
2ef67d18
9058494
43a8c420
6733cdf9
-100111100000101001011011
-10660ee2
3653341503
100101110111100000101111011111
29c117c8
-697c1bb8
6232743633
-101111000000000011101110000111
-100010100100000011010011010010
-11761517246
-73d82de7
-532dee2b
1011111110101010011111110111010
-1101001010000000011111101001010
-1057301407
-1011000001111011010001100111011
13067222310
1296d68a
3616355203
-101110001101010101100101001010
-10514421313
110011110100010110111111010000
4db28d68
7b081aa2
-4b27a835
4110453415
-1001111111100001101010010010010
7d0ac7e0
-14301017653
-110001000101101010111100110100
24898589
-1110000100100000100100111110101
-17157766322
-151c42ea
11512627562
-1101011101100101111101100110101
-75212087
-1111110010001101101111000101
ee2f71f
68caaa67
1b84188e
-12324123630
-1441142656
7f0886b9
13054317112
3532177435
10d9a84a
-1649fda7
15750421523
-16207622431
2fbc601e
-624e2bfb
719da60c
-2d3f3e13
17131306605
1100001011001101110100111110110
-13660043126
1101010001000011011111000001100
-1011010111111111000101010010011
-7d16bb26
1b8eed8d
-69032265
-11000101000001010001011110010
12304376162
1100011010101011110101100100111
-7eb53511
-11404423037
-1001110110000110111001001011101
-15514607524
-1110011100011111011011111011000
4073545431
-19cc93a
62312d9d
-4143257010
-5251632000
22def3ba
-2a6c2c29
6564132111
-4206677104
1000010110001110110111101010111
-3103014725
-76e0eac7
16120737037
-1001110100111111001000000000001
111000100011100110010100
-1110010110000000011100011010010
-1010011101101100000010000111101
-7141b2af
77291dbc
1435110060
12225163747
-11470764253
-1001010000111110000001110010001
-1010011011000110100011111101010
15271726472
-1010010010001101011010011110
-45063de5
111110100001100100011100101
2b1bde28
-1000101100100100011111010100001
-6d8e8378
11110100110101000000000011001
1100111011001011010111100000001
10264340320
17774715111
-56fba1ce
100001011111101000001011101
-405364726
1111111101111110010011111111100
-1013761547
-149cf0a
-1010010111110111011011010101111
16276444730
7e3e0fba
1101100100111001000110101101100
676b769d
-2be59545
-1010001110101010001010001101101
100001000101111101010110010010
-12656307310
-10000011100000100010001110110
-5024144075
1000010101110100111000011111
-1000101001011111001011101100111
-1010101011000010011100000110
1dd448a
16123270534
100111000010000101000101100000
-1100000101100011000001101
1627630464
5e7d38e9
-11001000100001101001110000111
4252762070
878a9a1
11110111000001110111010100111
17177570135
-15783151
-6f54c0b4
-4143717441
-11010100010010001110101011010
6665473e
-17fcbe07
7f72be79
100100001101100101000000011001
-5337212
17e2b883
-1905b8ce
17351537603
-1101100011001011110111001011
-17311270700
-17453001541
-67532264
3586e91f
-2cf66dd3
100111101000101110000110111000
-15f12fce
2210011301
1000101100000111100011110010001
-63d1aaac
-445cdea6
-5661665340
-40ddf13e
ee03e14
568a69ab
7adece81
13511064432
-26d8710e
-12360322242
-1011011110100000010110110000100
-3344212603
-15151076463
-2c396e7b
475fd8fa
-1110101001100100101110100011011
-12131244175
752233566
-53453535
9d9c5fb
12116231667
-3006641156
-513037521
798eebda
-2a63b219
-16021242230
-5611671371
-11576164727
6fe6406e
2535744576
1919a1bc
-100010000001001001100011101100
6a9cb096
-1101011011010101000000011000111
1a2d2f4c
5553663116
-13671310223
3e556800
-13034533252
-5ce1657c
40db8ac6
-5677031537
-359395b0
110111010000001001101011111000
14106563126
-397c39ab
14255241555
-b1ccfbe
12367643552
101100100111000010100110101111
111110000011011111111000011011
-1110752523
-17261426257
2226130144
-1000110011110000100011001000100
-1101011011110010010111110110001
-7753620464
-7ca9b45a
-2417443527
3611617762
-1101110000010110100111111100010
6475726205
-2b9473e1
1110001000101101111000001001000
-4750901a
-11447245012
-1000101010000010010100010000010
-111101010110010110011000110001
-ca89951
6245420323
-4de2ef27
-61352614
457f19d8
-16132661616
110000001010101100101001100000
-35ba9498
110111100110110100111101100
1101001101010001011001010100
11074064575
1000100000110011011100010011111
-101010101010011010011010011100
17335062572
-e256e42
-5f99b56
-25059da8
-1236a692
27f9ec05
-151107571
-11111010001101111110
1d645492
-1110011011100001101010110010100
4767677663
15102124004
-100011011110011100000010110111
1110000111110111101100110010011
525a6aca
2643977e
1010000010111100100110101100
100101110011001000000100010001
-100100101111011111000001101010
-15522145717
667342061
-1101001001011011000100001001011
-100100001001001100011001111011
7fe7da18
-7f7291f4
-110001111101110011101010001010
-3efce450
-2735624f
1100010101110111101000000010
1315411314
-1000001001111000010011011101001
56fbd9d9
-1001110100101101101100011101000
7413733026
1011010000110011011000001100101
1110111001110101000111000000001
5fd695a4
11011100101110111110000101
3937df0
-101100100100111000001010010100
-1000000010100100110110000111011
-1001000010111000111100101010011
40ea7439
-6cf4aaf
1000111111110111101110110111
-5d6f658e
1d6c1f0a
246513646
17102437256
-1110101001010010000101111000111
-111110100110010101010011010
17372572420
3c19fd94
13672555517
-111111001101100101000111
-4a057f3b
50ccc758
-26cc3811
1010000101000110010000001110000
1000110010101010111110110011011
-6566116712
5b338655
11110100011000110111111010110
-11827f1c
39bd850e
-7745560707
1010000101001111110011111010
10371003271
-11000010100101011010000101111
-1100010001111101100001100110
-10711715377
7030110457
651243323
11370751237
-100000000010010110011101000010
-2640441276
-25ac24ab
-111100101101001111111111000101
-13607424270
4074100267
10c8a450
-5a931447
-110011000001101000011001000011
15107051246
-4b30d44e
-55cd419b
14140074662
-7a01dc22
13026110010
12a1d6a3
-1010110010010011001100010101101
-4667245277
-2dc42c9f
-7c9e86c
5434142126
16515511424
110111100011111101101001101000
3054305401
10000000011000111110000001101
3610607420
110010011110010000110000010000
-4374351532
-11672452700
7024507026
f448266
f9f7379
-1cec52f6
11333607666
-1110101110110110010111001011001
-4af8d48b
7e6b85df
111111000110011111010100100100
-11473772631
-10644676475
35c7eef4
-15206467425
12033045625
17541531737
-100110101010111111000011011010
663b655
15264115275
16615557036
-520af2a3
6422501246
-6126066607
1010110010100001000011000110010
1001110011001001100001000100011
-1000111100111110000011100011011
111101111000111110110011111110
5055017304
-1011010010011011100110010010000
-1110100101010101110110101010011
11111011110110000110101111110
574340753
-10010001100001000000011000001
-10110011100100110000100001
-231577105
-101100001001011100111000110010
2160104b
3ed46e63
5f94d8f6
15733751114
6571355602
1011010001011100100011001000000
-110000000000001001010001111
5033376360
54fc3024
1110010010100111100100111001011
10010010100011100001100011100
16626150264
1100101110111100000111000101011
100010000110111110100111010100
16422277744
101001100001111011111110101111
56f59995
263771636
5216607072
-13c29834
-45ae063d
10111101001101000111011111111
739c123c
6aaa3a0c
-100111111111100110000110101011
-570e2d1a
14264316324
12226742034
-1efdaa6d
6056501063
-2472527623
-110010111010011101100000100001
1000101110011100101100001111101
1010000110011110001011100101110
4241140414
-1100100101011001100111011111
-6105365260
17662167516
-21e05df7
13345441367
1110110000111011011010010011111
517170226
-1010000011101010000111001001001
-71f256ff
-7331225663
-7333260270
-1010001110101010110100110011100
-111000011000001110010010001111
1111110000110010001110000100001
-15677041652
-2dc0f525
692b429
-1100001101001011111011001100100
-76bbf307
1011001100011111110001101110111
-1e79afd7
-5c75919a
6555435325
4ac62d2d
100000011000110010110100110000
1011110011111011101010111011111
16127367265
-68c6c39
-bedd471
-1100010101010001010111101110010
6fcc0a38
-11000011100000010110100010
1001001010100011011001110001111
12670451610
1100101110010010100100000000
-101101011001101101011001
7253221720
13473606356
3054222052
-1111100101000100010100111100010
-1101110000110111101100001011110
13121250761
-100001111010101011111101000001
100111011001001100011111101111
-306507554
100001000100000001001011011111
119012c6
6201400744
6d00742b
-3467467741
15413023222
-5ee63067
17043250432
1000110011010101110101001110010
-a9d77ec
-11232746011
36686f56
3915383b
-1011110101100001101010111111100
-1010111100000001011100110011011
-10110101010011111000011110001
-3735224221
-12773775100
-1456330305
-16753135715
-26765542
-1473761467
-10394418
-101111011000100011110100010001
-4360140542
-100110001101010100110000110111
-15225341146
-2354035774
-11001011000011100101100100001
15532247375
-12367474265
-2b45b83
-5516633102
-10111110011001011111111110100
-69f6de49
100001001111100001110001011101
-5610063236
-17465774147
-101111011001001011011000111100
-110010100010011000100000000
7cacd7e6
1206645565
11011100001100010100110110100
-73a55b79
-101010001000010100101101010100
-111111111010111101000010100010
-6652262252
-2f5bafe7
3489a22f
18c633d9
7673427621
1000000011100111100110110100011
-10110001111100010011111001100
111010010000011010000111100100
-450d462c
-6474041777
1100000110000100110000101010010
-14051060424
1b74147
1336014620
-1110100001000011100000110000000
7a9ea30d
-13164220042
-2553503111
473684c5
10100001111010001001011010010
-14f34222
954cfa9
1101101101101100001011011101011
1153655034
-57f9b1aa
-865d719
101101011100100100110011111100
-16514372562
-10177766572
-1101110001111010110111000010010
7651027204
111010001001111110111000011
-1110110100100001011011001110111
6530611336
-2a7f2b10
5c193a6f
1001111011000000000101000110000
-67836a1b
336704710
11101111101110000101001001110
1101001001010100001110101100001
1010000011101110010001000100111
31a633f8
4515057773
-7bf76a77
2d2e3783
-79e145a6
1000111000010010110001010001011
-504d4c43
10111001101010111110001000000
444562633
-11110101011011011100011
-2266651502
20ea6b4a
-5566557311
-4f38640d
-218014ea
-1909fd5f
111101010100100001001001010000
-1101011101100000000100110100010
14511162715
1111010111000100000010000010100
-306a4db7
1111000001011101100100011001101
11432247046
-69f3730c
-457654741
14533201303
-9a12526
-1101111010011101000000100011111
-10763543603
1175616022
1100000000001001001100001001110
111000110111011111111000011110
-11500153541
412b13b7
-13336111547
-16751572143
-1274071476
d24b779
100111001110100011110011000010
7216213763
-100110010001010000110110010111
-15271063750
-21b566f2
-73086399
-55d56a22
-44bc2bd1
7371252660
16573600350
4ac4ae7c
-111100011011001010011010101010
-101101100110011101011101100111
-1000001001111011101000011111111
1010010101001111111110011110100
-110000100110011111111101001011
-1010001001001001111110011000001
15642004766
-7c6e4b06
-3764477024
325521
-10562457617
-3b59b36d
12361624031
1100010101001100111111001000001
15170404037
5afb711e
111010010101100110110111111110
-10101010110100101100001011011
-100100101000010000101111110001
-14255222157
5210535560
-5747611743
-1010110101011011101001010111010
52440c56
57fee1bc
-75897e1b
17352724315
-16747107020
100100111111101001111101001
3ab5f419
15135367334
5df2999f
-110010000000111101010110111110
110001110110010010000010001101
12535554051
-13345671373
-1011100101111101011101000100
12057036022
-111110001101000010000101100000
-28f893e9
100000001011001010011000101000
-2141260073
13777041225
100100001000010101100111010010
-1001101011000101011111001011101
-77c52f3b
100000100101001010001011101
1241565731
-3325134523
6eda9c88
-1001111011000001100100110110011
5c81cedb
554532172
-101151747
-7542113604
-4701442071
-11001101101101001110000100010
1100110111011011110000111000000
-6d86dc5
-282cfdc1
10311163021
84efffa
1001001000000110101100001111000
-15207242017
-1110001100011011111000100110110
10335762141
12415642675
-13151205474
10000100100110000000110000011
4098f633
1100110100010010001110101000100
-3577631111
1101000110110101000100011101010
11342531446
-11000000101001001100110111101
-1428d90
-1422161325
-3514776423
-3020517423
-10010101010100000111000111001
-1100010000001100100110010010011
111100011001110101110100011
-4643557511
-29c3a32f
-147ffe36
719b274a
-17555260622
17233640100
2601234502
-2724732147
-1010010000010111000101001001011
239e37ec
5444025537
-1001111100011001010100100011111
10730635771
3e14504b
1011010010000100111001011100111
5567706617
1ca3c3a6
10100100110010101110110101
-10576203375
-21b6c71b
603665145
-602a66
111101110111001000011001100100
1010100000001111011010101100001
-11775073175
-2dc05966
-3331543446
-38092711
5742745352
-11000010001001001110110111
49c46fa2
-5676063555
-32a19a62
1011101111110101000001011001011
-1110001110000010011001101001110
-1a6cafd2
667dfaf9
-101100110000101011001000000
-36aeaf8d
-11100010111100111111011000011
15732344077
-3443544225
-1267202113
1101011100110000010011011101001
-1100101100111000010010100010000
372d5f8a
-5027102200
10100010111001001010010100010
3034c02
5501244504
6c496ce0
-1001110110000101011010011010000
-1011000110010001101001010010010
-1119e14a
-223e9d6a
-12276324347
-110101001110100001100000110010
15713105303
-1110110001000001100000000100111
17037506547
11362244035
-414600253
-b186307
1110001010001111100010100011110
-6d4ab3ee
-70d57bd4
-17037745042
1011101000001011101101111001000
-1111011111000000100101000000111
16363231755
11225311400
-11110100101011001001110011001
3350753302
-cf8db64
-44e90574
4334246454
-2748c221
-1031416444
-12753125462
-110111100101000110101000010111
-111100001110010101010101011010
6cfedaff
-101010110101001110000101001011
1010011001110001011101010110111
-58881e9c
4264317243
111110010011100000010111100000
1f84d9
-6570074236
4a587cce
-13645766076
-101111001111010010101100000
1100000010110110001000011011001
4f18f867
-603fc28e
-741b096c
-10100111011011010001010011001
1000101101010000101000111101110
-11111000111101101010110001000
-17603130455
-176f8398
-1000001101100000010110011001100
10343045545
1000000000100100111010010000
-77cb703b
1001000011011000100111101111110
-2440772706
-279e7c38
-13634223163
-1534736267
1111000111111100110111101000000
101010101111111001101010001
-3b2ee71b
1011010100000101110101000101100
100001110010010101111111111001
1100000101100011011101110101111
5304757107
-60dbf1d9
16ae8047
-1001101101000100001000101110101
1101001100100101000100001000011
-2cff4a52
-1011111010011100101100110010111
37805de1
-1010100100111000100001011111
4227727570
-68cbf393
2ff0286b
6566005635
-495c4317
1001010111001111100101001000100
1010001101011101100000011011000
7c6e3ed7
4546076257
8e31cf0
-1101111001001111111010101011010
-10110000000101100100110111
-6506230773
-1100100111010110110000001011101
-a808d64
-11122132502
616c96dd
-11111010000101010001100100110
10406514474
14416635223
-1001000101010001100010001100100
-5240aa41
-1110101011100101011010101000100
101010110000111010000100010101
-2370152061
-41e0b528
13330322070
-5055266630
17017106101
7fab7a2b
-5196ad17
1110101100001010111001101011000
-1001110111100110111000011100001
-3b2442d0
-1101001100101010010101110010100
-1110000101100001101110100000101
156b2c70
2c17bc1a
70e455ac
75e37557
3177610064
-717155105
-100010100000110001001100101010
10011360773
10000101001011110100111111110
-1010011010011110001101001001
-33a58d74
4743242457
-5f374eb5
-71050763
-6159e5e
223544044
4b35c751
-1001011110111000010001111101110
-47eea208
6f727dc7
-13526206040
-19fe795a
100011101010100110000010100001
53fae3a9
1cac7650
-1437627635
-7ad6d673
-14f6e838
7776275376
-4123312027
100100100111000010110110100
3ffe0ead
746bd035
-110010011010011101100100100011
-100001010010011011111001111111
11100100101110101111011000101
45f84575
-5a24934b
-1000110111000111000011001000001
-2b0af5d6
-477a1574
12151303655
-1111010110110101000000101000101
-12072641765
61a9cd3a
5f812b34
-5f63710b
1010101101110010100001011101100
2013fbec
-1001010110111001101111000011101
1000001000001111111101010100010
100111011000101101001001010100
-7c4aa7b9
-10010100110111110101000110010
1110101111011111001010110111100
-4450305102
-6535144017
1010011110000110100111111010111
-10255736435
-4841b3a5
17024004376
-1110111011101101101011001100010
1142620040
7d194a80
-63b1bb82
17614056126
-1aa99955
-16504575341
-3313524721
-1111111011010110010000000110000
-1011010001000110010110110000011
10101111011001011110011001011
1010010101010100000000000111100
-36156331
1100110110111110111001111100101
-111010100000001000111111110010
1011011110010010101101111011101
1215366037
-5156346177
-48e6a63c
-10606513253
513152b8
-1011110000011100001001010000100
-6255621433
-1010001111001101110100101111110
-1011010010110111100110101011000
6ef5cf20
77bd695e
5b002206
1000001101111001001000010111101
13404436331
17067644000
3573127533
-5143032356
11001111101011110100010101011
-5307735556
-1100000001010011010110111110101
-111110001111000111110001100
-7626577167
110010101010110011001101011100
-4276884a
-31b67a66
-6701244617
1001001001101110100100001101111
-11001101101001001000100110111
101001100110110001110111000100
-196e7478
-111100100101000001010000011111
-cb6744c
-2f2343cc
-1000010110010100101111001010100
-14227105605
9cebd56
-6309cd49
-13143342771
10011100111010111111011110111
-16555344032
-22090331
-148d7b63
15741127054
3272565335
-11771144623
-13320043147
-1142147631
-5754672613
-4121155744
-1001010110100001011110000110011
253934fa
10111000110110100100110101101
-11364045321
12628363
df7b3f
2bb4f4fd
-10101110111011001111110111000
17705047523
-14132553033
11771535073
-10000101000110001110101000111
-17074354020
-111110100100010010110111001
-16c7f089
-15574647727
-4425027455
617d8ef
-11101000101111010000110110101
1100101010000001001100111010000
-14642605356
-df8009f
289995a3
110000011000110101100011011110
-5dac165e
-33137400
-1100100001001110111001001110010
-16cb5db1
1e9ef1b8
-11502021173
13752404026
1371507771
7824642e
3c0f9ffd
1011111111101100110010001011110
-1101100100001100001000111010
1110001011100111010111101001010
-2350a2ef
-1000001101010110011110101000
-16014032321
-17653343560
-7564654455
-264749db
-1100011101100100111111111011000
1101000101111010011101100010100
-111110011011110001100111010101
-12040440150
78c9d2ce
-2172414706
1011011001000010110100011010010
-683cfe33
-1110011010110011010100011101111
-2133726662
-1000100001110010001100110000101
-10535500474
-11262164567
1101001110010111011100100110
-5840c0a4
1011011000111000111000010011110
6060545045
-2212605
100001111001100100010110000100
-3212603614
-11100011100110101011001011110
-42747dce
11000010101010010010111100111
-1101011001110110111111111111111
-456afa45
-40b3c699
13266403207
-6fbd7b06
100111010111001001011010011000
-31fef706
-45fd30dd
-15340302675
-1011011010000001110101001011000
-15737516212
-755aae86
-111111111101001001000111111001
12540336463
77a338cc
-100100101011101101101111100111
-16275573040
-11111577551
5716057537
4da0cd1
-111001101010101001010100010
-1001000010001100101101110010100
-1110111100110010101110011011101
-7fb4a2a5
6013242141
-110100101011011000110011010111
-1010001110111011000111011010111
-51bc9427
747f3e47
-13207640405
100100000011110110100100101010
1101111010000011101000111101111
111000000010111011110001000001
1000100101111101001101110100000
1110100111011100111101100001101
-15607644554
10574513217
100010111001110010110000111100
-1000110000110000011110011011000
7b9702f9
-17166114311
3555335f
-3252217224
-1065500562
16024373343
-13372476412
-2ca36a6e
-3dc59a7e
-7a24bb59
-5df75886
-71355014
-4472450510
-11547266572
-b57e91c
-1100100101100001101000101010100
10575420773
-6c2ccf25
5faa60eb
13321160015
14505114744
-6c77fee3
-13544656625
6166755174
-7b52b989
10110011010101110110110111
-111101111011110110001011100101
1101100110001111001010000011100
-1100101010100111111001001101100
-2251474247
-24fbe755
-1001001001001001110101111101010
-2375677414
-1110111110010110110110100101101
-334aaf11
-10615207740
1111001001011010000010110101000
-c0bc62f
157c186b
-3761315523
1010011011100000110100011101111
-76afde4c
-24f8d352
10101001111001101110111110110
376d50b0
50d7e013
6110315407
-101011010011100101101001111100
-7474065567
-10510d60
12644651315
17037356661
2232575510
2333707501
1824835b
1101100110101100010000100001101
3ce76bbf
6f3d0efd
11100010010110011001000010
111011000111101001001101011010
5603222616
1101111011011000110011110011111
-630526541
-3b4f4920
-4eaf12ce
2d14a698
17711506526
-52c08cda
-4647064343
11001010010101000011100111100
-11111000010000011000110100011
-100101000010100110111010111110
-10110110101010000000011010101
-101100010000111100111010001
-6507350366
1571633132
-17603512260
-3342264411
a864303
464dcb86
4171501737
-6056013640
-6120514347
1001101101010000011101000011100
-16743674104
-4b623740
-2625472074
-11154710325
3ff3f943
-4157227047
1010111000101010101100001000001
-19531100
110010011111101011010110010111
-2ebe8bda
-1000101101000000100000110011101
-156d0729
-3535655712
61ab66d9
-60c397e4
4fb59c4c
-10436166702
2671224657
16706424007
1237deb6
1100010100001111111010010010000
10001010101110011101111111
-30007e8c
-1111100000010001100101101110110
-111010111101100110011001110001
-100101010001010001000000111100
-1b5eb779
-513e551e
1111010111001111101000101111101
110111110010011000111111010111
6540005332
-583b6a65
101011010110111110101000110101
-7328088a
652102761
-17372a7d
16003013454
35979c60
-11233046272
10111111100100011011100110111
136a5f69
-676546765
-736624610
11000101010000001011000111110
5fad3a36
-3510a435
-11111101010000011000010111010
432f2366
17437043642
-3d53ce89
5773331734
100010100010001001100010100011
-111001110100011000110100001000
-10100111001100101100101000111
1111111010100011010011010110101
15434666055
-17641566433
4774450312
15420157712
-7731415741
-7e1ab2ab
10000110011011001100000101000
-1011111000000000000110010101100
-10000011011110011000110111111
1000101101101110011010010000011
-100110110010101010011001001101
-7143236066
2553ff0
2321434537
-1001011010111010001000100101011
-101011000111000011011001110100
-10100010110101010111010110110
10063606365
1111011011110100000101101011000
-7410061577
2775302155
3ffa58bf
-7761544413
-16622457306
17615641574
-3893d5b3
cf8adb4
-13f52076
10000101001101110011011100011
5641676717
-101100101000100010001101111011
-f4f72a1
-1110010001110111000101110000111
-14610333263
101010100010000001100011111101
111100111001110011101100101011
110010001111100011010010010000
-6615150710
-4e03a0e9
562816e4
-591c8cf8
4bc7aafb
-6424356025
10100100101110010010110001
-1111101110100100001101000100011
-60643555
-10211416602
10044665541
-17062734406
7bf8e8ce
5067445262
-17123677004
-13236020441
1010011101100011001111001000001
2116427122
16761076046
6af4bc11
3530b074
55e9a44b
1010101000001100000011001011
1111010000000001110100000110101
101010011111010011111010011
1011011010010011101010110110001
-1010100001111100010000001101001
-57775a05
1010011010110001100111101001010
-1111110100010111010111100111
1001100001011001011111100001100
1011110001001000111101101101010
-8b59eb2
-111111001010011111111101000001
10101101001110010001011110010
-15440455321
-101000001101101000011101110011
5235524736
4421355267
5be263a4
-111110010010000110100100001111
43053a9f
-3741765374
1001101010011110110110110101110
10510171540
-1100000111111001101000110010001
-6a2b6079
2770106013
-5302666013
-3613073722
-1899ef4a
-2731257427
3301422274
76853c4
16070640316
-1111110100100101000011110100111
-7524740214
7023774752
-5207544207
12505077167
111011010101101000010011100010
-1100110110100000110011101100000
10253732211
1011011110101010010100000000000
-1110100111000100100000010110011
-1010110011111000111111001110011
13033325762
10406345424
1011001111000100010100000001
-1101000001100110110011111000000
1011111101000001010101011010100
-1000101100000100101001011111110
1101100001110000101010001000011
2a4287b0
-36264e4
-12364646474
4513672047
6f62a6c7
4ba764c9
-1000001010110101001110101010
7663fedb
-16527256215
-1100110101001111111110001110101
-2521577576
3ab6c8d2
-28c58a1f
1310e2bf
10765641635
-3541165421
-5726270402
5443031306
-2ccdc742
-1001111001010001110001011010
16415253553
-11011110110011010110011010100
-11426574560
-1010111011110001110011110000001
-59a7d247
1000010101001010001001001000000
-7332657325
-7415547030
-13105653250
-111010110010110101110111000010
-41d7d57f
567244165
17321200133
1001001111001011001100000111101
71bc5f84
-14042442561
111101111001000110100110000001
17343142711
-1000000110101001100000011101001
-16221370640
-16263250436
1463627145
264076724
6f1bfb59
-16216602204
7641221135
e9a352a
-7033723575
11660220513
101010111101101011000110100100
-1111001011000000010011110001110
-4eb529bf
2640127230
-1010100001000010100110000
-d938f28
-1222125521
-16772171665
-1110101010111001101101100011000
33108951
10100010011110011001001110010
-13772267310
-4130417215
8d17a27
-4e21463
-11376747356
-4999e29a
3521376352
1110111110011010101110111110
-45b8213e
-1c68e83b
1101111000100101101001011010001
6511316725
-2066000540
10011111010011000000100000001
a0cee7b
-12754135113
-1111000010101011011010101100010
-34c051c0
-65c8c585
-14023612072
143bbbdf
3253301026
1bb13371
-ded2e2
-1101011001110001101000101000100
15045331120
-10001001101000001100010111101
-2572540533
101011010100100101101000010100
-17674251300
436105fc
110100100100000001111101010100
4753a9af
-15b6c1a
10101110111110110001100001000
-1001111101000110001110101110110
101111101000000110010000011
-425e209c
5252634362
7acbc795
-2e2b4df8
10760310764
-101011000111101011010110110010
7717160541
-17156062260
-6eaf0952
1111010001011100111101100110
-79c9dd94
-15133360142
1011100110000111000010011011001
-12460312120
-5133170030
10110101111111011001111000010
-4f19a5bb
1010100001000100100111110000101
-17071603032
353615611
7162566634
-6210454552
-11535143663
-2662511261
e6b1070
-12665362436
1111000001111110100110111100111
1620540430
28c6e68d
-7e21e57b
43d38fcd
11703525616
-451e5b6c
11000101110000111111011000011
1073363703
1001101010100110100000010111011
1fc39c12
d7d0fbb
-2063121622
-263725675
6106477070
-826af3f
-101010111000100000110110111011
-15177034715
-79ac86b0
17516654215
111100001110011010110000
14041416736
-1011110010111111111001110110
101101101011000001001011110011
-12061777064
15665425251
-e91a7c2
-1070022545
-1001000111000010001001000110111
-11420666511
-2d94ecb0
-6730626254
4716623133
-73e57188
10100110110110111101111100
-41bea507
76816fba
-4042030760
-1d51cc9f
4750632146
16137537416
-5b69e67c
-1100010001000011100010010101010
7531172116
1afe6482
641635407
-101101011111000000110101101001
100000011011111101101001100001
-fab18cb
1000011101101110111110101101100
-111100001010011001001001101
10000011100100011011111011011
1011011101000100110000001100011
100101010111110100100000101000
-1010111100001010011000000101000
-12210417133
15024601456
5020426250
-624123203
10110000001011001100101000101
-110101101001111011011010111001
-1000010001100001011001100100011
16347321243
-5507632440
2273160271
17dadfcf
416392eb
7851a1e6
-2166146475
-101111010000100010011010101010
6265635061
-111000000110100001100001
2d4248fe
-17720271556
110010111010101011011000000100
6661504475
-3c62dd37
101100100111100011110010001011
-255c81cf
-10001011000011111010010110111
11001101000010001100110000100
-1111101011101101011011111101100
d9ecbfe
17da45b7
-1001011101100010011011001011100
2cd4f36f
-1000001101100010110011000111001
-1001010101101110101100001100011
-7cff1017
261d3e90
-2b6d6da6
1001001101100100010011010011001
-15164066603
7e26511
-12a0bace
13613115150
-11747447133
-1100111011111111010111100111
-410815e0
2e6e176
-7326564312
-1100010011000100000110111111010
5032342273
110110101001010100100101110101
51f18f18
17661315501
-3d76f084
-17756302417
-5426bcde
-3163747775
-1011011110100000000100001001000
-110101111101011110101101
bc0ed19
-16130299
11000000100010111011101100011
-7200613712
-54b31d97
-2af61186
11010010111011100110111111000
1010001011100000100110001101
7742520524
-11114077023
-11462402514
1111100101001101010000100101010
261aff5b
1011101101111110110011101100010
-3c37ef1f
16430541670
101000000010110111011100110101
1a9e979e
1010111001010011101111011110
14055420743
5329ea61
13471675754
6713140110
1001110010111010000100011000001
-7544606407
101111110010111001011110011000
1630004151
110001110000101111010001010
-14034166737
2d6daf92
2482bf69
-14350566360
10111010100000010101110111011
-2357161364
-1111011011001100000100001110110
-5da004b0
-16524200731
1100110110010110111001011000100
-27c28a25
-1703741223
5e243f94
-101001110001000101111011101000
-6205a44e
-479c0f01
-45ab1393
101110000000101011010101001001
100001001010010011110111010010
1010111011001010110001101001100
10010010001100011110000010011
1100000010111100110001110111000
219e9e9b
-4116053411
f028bb
17450245657
-27f52232
12724652413
-505418d
4073351273
10110000010110000100011000010
77b1a0b
-10327311070
-14424765223
7ac95692
1e2c1001
1111011001110111010101001101010
-202416304
-6640565451
1006e30a
-46b6d1b2
-7e095c36
543047a8
-11704232707
4172ea78
1001001001110111010111000001100
5022567153
1111011111111010000110111000001
1000110001111110101101100011000
-1100101110001100100010111111101
10415137022
-2167317077
-1cd3aa5b
-17573307722
-10001000101101011001000111010
-146dc69e
-4076b28
4a984a54
-1110000111001001110111011010100
1001001010110111111011001010100
6867d407
4575553600
7104433205
-110101111110101000011011110001
-79ffc0e1
4354317346
-16513573404
af6d492
101100111101111000001001111000
-1643101312
-4600201605
620d72f6
24e32531
-56b11e11
-2155450154
-1011100000111010000001011011111
10111000011001010011000001001
-2073211236
-4204470472
-111001100011011011111010010010
257783cc
5f70bdd1
75637001
-4026754522
-213c045c
-127453fa
-110001101101110000111010001100
-3711316634
-1001111010100101000011110010110
-349b80d5
-11512111243
13635420317
5cec38e1
13440307577
-14772453576
-39ad17cf
-10110100111100101100101011001
14361342330
-38c36f5d
-11110010101110001011000101000
1111111011111001100011001
-772363434
4173470232
101000101011001000100110101111
110111011111100110110011101101
2c911794
-277f7c65
110101101101101001101010010011
-24cf51f
110101110011010011010110110101
72137320
10110100110111101110111100101
12a394c2
111011000111011100110010001
-7719b4b2
-1011001010000110111111111001000
14503012212
1001001101101001111011011111010
-2ca9a2b
24eb16da
7fae41c3
632ce1f9
74ea4332
2622d5f4
-1b878ac6
11101110111000111111111110100
-272bce03
-1ebb989d
1111010011101000010100000011
-111000010001101010100011000011
10563023061
-17766216506
4673356772
11001000000010111011100111011
-110000110111110011111011101101
1001110110000110111111000111001
50f05bf3
-20214fac
-1011100111010111100001010011
1101011000110111100100101010111
-663a0f6c
7532131767
-111100100110101010110010001
-1000001111110000011010110000001
-4664604326
-22bc109b
68f6e91b
-1111101011111100001111110111111
-1001101011001000010011011100000
-7257511e
1110011110000010100101000001000
-706705405
-111001001010101001010010100101
16702371613
-c1e403b
5dee0617
11000111100100100000100111110
-16363530552
-110001101101101110110011111000
6364516f
-1111101001011101000001010111100
-4011313327
-10111000101101001001010010010
111110010010101001000001001101
19b66cdd
5347651657
6326671652
111110110101000110000001000110
-2545507050
11011001011111010011011110110
13154753165
-2206274570
6112b67f
-11111000110011011001001001100
1000010010011000010110100000010
11365736754
111110000010101011011000001000
-17115002262
111110110010101000010110000100
11431001552
-f787d23
5fdbb8e1
3d3cec50
11010100010110011110000100101
12525457306
2372534665
100001101110010111111011011
7657574242
-5331421536
1111001110100111100010110011110
111001010000010110010101111001
-7daa00ee
111011100000010101000010011001
-1610614752
-4216326204
28b770e0
-1000001111001011101001111100100
1010011110001100011011010101110
10101010110100001111111000011
-1167437125
100000111001000011101001000001
-4145d448
10366641367
711e1872
-11556165250
-15420000705
-1011100001011110100001101101001
4b97a83
-1011011100101010110000000000110
1000011100011000101000000011110
-763bdd0e
16244157673
-4675611420
-16653245701
-10101011110110110010011011010
14150037021
332378aa
-101111101101110111001110111111
17d5c384
7611007715
-194be39
-1101111110111111100001011011000
-79efc531
-1001111001000101110110001010111
-6d72eb50
4226265722
-1111110010111100001001000101011
-11000100001111001101111101110
16055350373
-17504254411
-1100011111000010000100101100011
1000111100011101001110000011111
15130ba
-17344107174
-7d8e135d
405cfc0f
-100110110101010001100100110101
-1011100100000110100000010111111
4bcef9f5
1101110001011110100111011110010
85c12f9
-1010010010001111011100011100111
3100351472
-7631445170
c8e0419
101111011100101111010001011100
-6761343750
110010101000000101111110000111
17340055260
1010010000111011111111000000100
1101110100000111000111011110111
447723254
1100001010101010010100110011010
-1100110110100111110001100011001
-13517247072
-10010001010101100001010100000
-40f608b9
1110111110011010110111111011
-3410544357
2698a8da
2703767572
453ab025
-15546541420
-1000001100111111010010011110
111000000101110010011100110100
-4b70807
76674e0d
208f4737
14536515446
-14536413063
2706276451
-13774551673
1001010111010100010011111110110
3133c91c
-43a882b6
-16105465712
1307a2c1
-11011000001001110000001000111
15723074013
-2134326433
-1714372446
-1010001000001110000010011111011
15303742237
1110101110100101000011000110
17714454506
-4164c24e
-11010010001000111100110101111
-1100101001001111000001000110111
-100110111110100111001111111101
-7e3be44a
16402725116
-7ee0433f
-70fc8f15
-1111011000011110110110001000010
cd02d3
1011110000010000011010010011010
-1011000000101001011111111010001
-7273514753
101111010111001010001001011011
-1101101101101110110001111011100
1010011111010010101110001011
-11417152155
-11160471343
6300452411
1ec72799
-20bbe862
-1010001111110010000101001011001
-101110001101100000011110011110
14741676532
-100010100011110011101000110010
404e4c58
-1000101011011110111010001100110
4207470462
-16055444647
43b4eed9
13713333011
-505a243a
-1110100101011101111001001010
59db45e3
1010010100000010000100111010111
-17554032442
62cbe2c8
-111101000011101010101100100010
-57402c4c
-3ad2361
22110e13
-14037440165
-17532010547
-2111150332
-3e04070
110010100001010010110011000011
-4111047b
-12661301033
-1111110001101111111110010100001
-7703227233
-23ff83ea
7035026630
-6e7a9b7f
-110110111101011001011011000111
111000000101010011000001010111
1010101101001010000000000001110
-15174207457
10101100100100001111000110000
-7315766603
5361367177
-16137153711
1011110101110110011001110100111
-51b3736e
13762127036
-7e8f2be1
101010000111111000111100001011
3164651211
-4cf7614f
-10247305524
-1001000101100100010111000010010
-4634152323
540275053
-1110100000100100101101100010010
35f9b336
12235475616
-12245322754
-9716509
-13fd8be0
-7004161156
-17770113666
-10374167126
1000110111011010000110101001001
1010110100111000010001100111110
-20e46f2d
5a5461b2
1101110001000011101111010001010
7541f485
100000011000000110011001001000
4206426170
6b43123d
-4d12f56
7489a713
17573764242
-1011011010000110111100010111100
11101101100100110100010000001
-100000010000110110100001000001
-721bfc03
-240f4be
706547a4
-25b42a84
1f82e456
3636247741
1001111010010101011011010001101
47246b30
1000010101010001101100000111101
-248c0c67
2390c69e
-7bd46ab2
-1101110001001101111101100110111
-6110041332
-2680dfff
5988c708
-100111010101111011010001000001
8151ef0
-13064331775
1101001110111111110000001101001
bc2f7a7
-10322310453
7605057761
-11100000100101011101110001000
111110001101110101100101001110
-1101000111101101100011100100101
-6152332054
1a917d22
-10101100011100011111010101101
-1011100001111010111110111000111
1324520254
11171661743
-40c327ca
-11100000101010001011100000011
-1001000101000110111111100101111
-111001110100010011101100110011
-31708a1b
-1001110101111101011110001001011
101000010101100111010001001100
-1101111101101001001011000011101
-101000101011010001111101101101
-cacab05
4bf9c846
-13441415166
-4420643405
-15325140443
-4eaf342f
-3f5d7ac4
-7001715072
1111011011001001100101100000101
327554451
33210627
-10634662213
-411c2380
-223756104
111001101110111011100100110
-13712546207
14233250671
-c720e39
-101000000101001111110100011001
443bc5a2
-17160136476
-101111101110000101111110110000
101101100000100001100110100101
10100101000000110001010111111
-1016553314
-13105604051
-5266707361
-11001100110101001101011010110
10010001001000100110010010101
-3d3033fc
-74856d97
-63f3b1c
10010110010110100011011101110
1142165351
-7217304650
-1010101011100011101000110111111
-7adc0a9b
-1011101000010001111000000101010
209d49f8
57301fa6
-1000111111000100110000000100001
-7723156656
-110101101001111110001111101
6604523572
-12740351375
-24479ec4
-7660673007
74db1136
-77acaacf
1010100100111111110111111101000
1000011101101000101111011
-1011110101010110001001001001001
-1000101001100110110101101100100
-2d4ef32c
-1100011000111001110001101101101
-101101010010001110000101001000
-1101000001010100111111000111000
12736444705
-1d4f9405
-16242222567
-10010011110000011011100001101
-1000110010100011111001110111100
1001100000110011101000010001111
-212681b5
-14456610236
-16327427153
-2375444211
1110011101001011111001111001
-101010110010011110011101111010
11011011000101011001010000111
-2aef5648
1011110000101110101100001100011
-11d68ce4
1111101101001011011111001110010
12347324336
-5355561116
1110100000010010111110000101
6110231465
-4422715050
-11347261340
16576121400
11771525652
4783d189
-4aa0bf33
15205273156
15574213353
146533724
6c379137
4760704627
-6231513036
2aa0fbb7
-7e269929
-7741023700
-10101111100001101001110110100
-26bc36a3
7b3fa7a1
-5255652734
-1101111001000011001111000010101
-7e654382
11516507710
-416b9d28
-11100010011010001000110110001
-111111001000111111111111101
-101101101011100100010000011111
5037304467
6131052152
-6660704261
75a88022
111000010111101001011110001110
4641467232
-63df7573
-10000000011111000000100011110
1001110000001001100001001001111
-3e4c9920
-175064042
-56bd7c3
-7470425562
4212517015
14024423417
-4e8eddff
-575511255
-1110000001001110011010110000110
-507834b4
1767702263
3aa5d0a0
34048093
-6bb3b48a
-77b9998e
-5a29e60a
-fdcbcbd
110100001101110011010110011
4ed6b48c
17736771575
-3f50bbc7
-16237046764
22b882a9
1060204406
11111001001100101110110100010
-29a0dbd4
-1020bb02
a39113e
678eebc1
-1000101011101011110011001110010
-4340566234
-7014316262
-1110110110110010001111000010000
-1100101001011000010010010
7463351637
1000010111010101101110000010
-5408c07c
49004ae0
1011001110001001100100110110110
1011010101101001101111111000010
-11001111111111001010001000011
1110001001001110101001011110000
-1233721227
69ca8e15
-1110011000100101100111010000000
-10563744667
-e112577
38be4dbb
-1110101010010110011111000100100
10001111010111010101001100001
5fd8c988
2293d1dd
3150ff94
-13435131155
-68a0ce54
-110100000000111111110010111
530410404
-11101000100001100000011010110
-1010101100111111101011000101011
-1000010011000100111011011010001
-4c3b3c79
-1100111100111001000010011100
-1100000010100101101000110111
10307250776
7630713700
-78fd7678
-101001101101000101111111111
5164503776
1010010111111101010000001011110
32652b70
-4422a40a
1100111001100010110000011111110
41f83385
1001100100101100000101110100111
100111100011001111110011110110
-321725023
-3ab3a64f
517600571
-45bc897
-1111010110110000000011111101100
2399aacd
-1101000011001001010001001011011
-3032413021
2f028996
14223030772
1110100101011101111101110010010
-11446272107
1000001011000110011010101100011
-12704656377
1110110010011100001100111110101
10302046374
-55020ec6
-74abd20b
1221162736
b85f15e
-703461af
-100100100010000010111100110011
1001110101001000110111101110100
-33f18430
187f67f2
-13752202747
-1100100011010111000110010011010
-17435710320
-1001011110011101011000101001001
-15753425553
10011110010100011001010111100
-10071700642
756b78e5
3b609153
67f1cbc5
-1000011111100011101100101001010
100010101001111011010011001011
1100001110100011011000001010101
-77c254fc
-79b74db6
-100110101011011101011101000
1101111110000010110000010000101
1000000011110000111101101101001
32935510
-33084ee5
-1000101001011010011111101011000
-110011101101010111001100000110
-fd89d5c
4461550057
-3764500600
-4020701734
7377314564
269af91b
12361425536
-413f1053
-3267455706
1101111000111001011101110000
58061bdb
1535765242
-4541725572
101001011001100100000101001001
37640746
23419b75
1110001111010110000100010011001
-14d5755a
62fe3ef9
5905f7c7
-250256044
33a1e0f5
-4acf9dac
10101000110110111000000
7301648d
1001100101111001010111111111111
-15233104131
-6255510470
1772741513
-17013752274
-1101000110101100111110011111001
15621732725
-1554275522
-1111001001000000010111110000010
26c0ce2e
-6af77190
110110100100000001001000111010
cb357e0
-14111757652
2aee46be
-16014252173
12704041414
16570523342
-729296a0
-12350710322
-101111000010111000000101000100
42266930
111111100100001100111100011010
12415232727
16575601665
-1100010101011110000111011110010
10660542772
11110100011001111011100100111
10101011110100001011111000011
-1100010101111001001111101010000
7e74c352
-10660522520
66e93818
-1110001111001111100001011111110
15467152736
111010111001010000100111010
6dce78cb
4600406534
-1323555240
-4701467132
1110010101000001110010101111101
-58210140
-111100111000001100010110000110
11452235160
-15407047413
1001110001010011110011000011001
11007150327
-2017211742
-100100110011111100011100111010
110011001000001011000100
-372aefd9
686d1e00
-7133644321
-7e20becf
110110001110110110100101010010
33de0114
-16201641126
4e55b8da
-1011111110010010010110100100010
3b78a01e
-16155340054
13722264277
-26a131d
2776701233
1001000110000010011100011001111
-690761e2
1001101100010000001101011011010
7507445462
111100000110101001100100011100
1111100010010100101001001101011
12426567346
-10542724313
73f9ca3c
-111010101101000001000101110111
-15773630402
-1110001010001000110001100101111
-11000100110110100101100101000
1101100001001010001100011011101
-44d11dd0
10506270077
38ab0a21
10751231170
1001111010111110110010000111
-7306611321
-5740077665
7256276126
-13257050637
5d980cd
15616250211
101001101111010111010101011100
2222034531
1ac4c6b3
-52e33c0a
-1010101110111001100001100111000
16430747622
-1111010101010000111010100000101
2037321643
13500753725
-1101000000011111010011000
-101010101111000111001011111
101000111011000011110011011001
16657770466
-14533056253
1101110101011110000111000100011
5157017003
-101010110110111101100110100000
-12314403725
110110110011010001111101100110
-6e84807a
476b064c
1100101111010111001000011111100
-1001110100010000000110010111010
101100111011010001010011000100
-268d32f1
4510fa52
-1000001010010001011110100001100
10101010010110100100100001010
-16427562763
6356c4b3
-1010011101100011000011100001100
-7a098f8f
171bcc05
-1000110001100010110100001010110
110111001011100111100010111101
1a302421
-17656166260
-4331403703
1100111011010000111001101011011
-1110100110100111111101010001000
-4a45fc00
1d6f4289
101110111011111000000011110010
-5da14a4e
4424411713
220265643
-6273124350
-13471331457
4e7e93f8
-17471623357
-2b6f44b
2546e6df
-5273266763
6574505444
100101000101000100010111110011
2651555721
-77206bd4
1111110101000000100110110111001
-101100111011101111101000110000
6ecc8846
60c5ba74
1001100000001000000010000100010
1110100111110000001110011111101
17662473742
14017701271
-2be9d045
-13732044175
-6f5c0efb
1011100111011011110001110010101
100010010000100011100011111001
-40917457
100111001101010100110110100001
-111110010111101011011101101111
-10035704723
-33517505
-1010000000001010010011111100001
1111010101000111111010010110110
1723efc4
10305502402
-1664ad7b
-101101010011001111010010001010
-17ee9c8c
110010000100001101100011011110
10415707142
15601525243
100110011010100100010101011
397abb2b
-7176450154
-46fc1252
-1011101011110001010101000100101
-2431663025
1001001111100010001100110011011
2a9c89ac
-1001001101101001110110111110101
-17227225620
-798cd24c
10755102536
-1267416130
-11134105644
-7833a5a7
-16310573460
3d9a2cc2
1110101011100010011001110010101
-16730454267
-5767275015
4020220717
5232246522
-1001000100011100101011001011
-100011100111100110110100111110
-464743533
-1101100101101000001111101000000
1100100100111011111000100000
2120035677
1f003bff
1111010100000000011001111110001
-15077560315
3534bf35
5604121251
6565b2bf
-1010110010010010100111100011111
1100010100011010111001011110110
-7f0051fe
-6ed89c5f
1100111001001111110100010110010
1110100101101101011001110011000
-11714004216
10011101111111111111101000010
111100001010001100010000100001
86a9781
669ee14b
17305064426
-15442776501
100011110001110010101100100101
-7731157306
-65a29169
6a71a7bf
-4a9e78fa
501dc9b
-111000111010011001010110010
66428928
-14403322471
11611172542
-1151724275
-517b3312
47bc6380
-4c8551bb
-10010001100001101110001010111
10101011101011010001011011001
1656308c
-3565507555
-1001111010011010110001100010011
-6144520074
-10010010000001100110001110010
-6aff7c
1692576f
-12725560366
-11371477447
-554c974c
-100100011010101110101001000110
1101011101100100101110000000011
-16051050370
-11111010011011011111110111
7147377171
-4f62afef
-1011001101010111110001011100111
-ec5eb8c
10721460734
111011110001110111111111011100
1011001001000001101000001100
-1010111110001010100111000001101
-eb18253
10101101010000011111001000110
-12111633141
-101000000000111001010101111
16d54e10
2fe2efa9
-4c75a583
5146620425
111110110111111011101110101001
1111000010001101000110111100100
-1613573056
-15266033617
15414547566
-41463f0
-4161025101
-28e8c7c7
-1101101000111000111110101100101
-2811cf56
-2bf4ce9f
505542af
-26a19f32
-21f0c7e6
-42e6befc
-1100010110010100110110111110010
-1111001110110010111010101011
362046242
1010100101010001101000000000001
4763137324
6d9e99c4
110101100101100001100111011001
11111011001010101000110100010
6f1cfe8b
-266f2de4
-1001001011100000110101111100
1011000110101101001100111001001
-14656217262
6532744005
-660c1b83
1110111001111000111110110010110
1010000001000001111010110011101
-100010110100110001111001001001
-10350124641
-17066760655
-3549b36d
11114360543
-295dfaf0
-45bf9e5
-101001110010011111101100010110
-2711244331
-32e68e3b
1011010000110111101101001111101
1225120131
5053273344
79f14b9c
12371152427
-110100100011000100010101001
-7daa2c76
4214928f
-16616312745
111110010101011101000011111010
-158dcbad
7425310041
3374527214
-101000111001000100110110010001
15575614760
-1771072667
10f623b6
4c7508b1
-11000100010010100001000000
1010111000110110010100001001001
-6202304130
-1101111011011010101011010010100
-1111100001011011110000000011100
1111101001111101100111010000010
-42cbf8ea
-1eb5579
13514210461
-1110010100100110110100001100001
3f9c364c
-c18858b
14121272461
-cf7da9a
-6fa1fe4e
17ea967f
-111110010110100011101110010110
2c408e9d
-1010101011011001001101011011100
15467232071
-9ccc771
1001101010000101110100010000111
-1111100101000001110010011111010
1dad893b
-4066340027
-58f6f885
-1101100101100010000111100100000
-1111100001010101111100011100110
-1111011010100000001011101110111
1100111011101010010110000011100
101110010101101010001001011
-6256c93b
-5733236114
-3214023436
17c881f
-20e89c57
6ab2488d
15604212223
2531427316
10550517102
-1042760764
1011110010000111001000101000110
1000011010111001010011110001100
-1000000010010010110001000110000
100011100111100111001011111001
101111000111000010100110110101
-4235415707
-374667030
-48ecf35d
-1010110100100011101111110110110
111100100111110000100110010111
6aca4b8e
1044a3cb
-1110100001000111011001110000111
101110100100010100011100000011
-3aecf04d
1ffee876
10407715321
-13244752164
1011100011001010110101101100001
631098b8
54522df4
-38a21c9a
6e9da927
-11111100100011111001101110011
2241762042
-101001111000111011011011101110
101101101101011001100101001
-423674775
-1101111000110111100000010110010
1011011010100011110100011111101
14705657106
-6364335746
-5122653165
-110001110011010101101011010101
-109d046d
-66c91857
317e4763
73fb311c
10545732635
-3e24261b
-11475273470
1101101001110001111011101111001
-16213067051
-100111100111110110001001111100
-e48c371
2765c3c3
100101011110010110010011001001
-13473666432
100011110100111011001110010
11971b9c
f35eaaf
-5205135752
110000011011011110101011010111
-111111010001000111001011001100
-14710643246
-132511020
-5613057301
13605172066
-12430643330
-1010000011110001011100000101011
17371361320
-12202331271
-1101011000001111101111110010001
-7b369dae
-1011001111101111001110010011111
-3964ab79
-1100111101111001110110011000
-1010110101010010001000110011101
6fb7186e
1110101010010000000011001101110
-11705107720
5240075453
-1435504767
-15124362541
-11011010111101011000111110
-100100000101111110101011111011
6232127166
-1171504105
-41b433b9
-101001011001111111011110001000
6536421063
-110111011110000100010011111100
-23f3dec2
-100000010011011000110101000110
40038315
-29ca4f46
1011110010011001010001110101011
64bfc26e
-17036047636
-1100000000101011110110111100001
-50840c81
12500235352
b1ea9c
-101001011100000001101111011010
3353451712
-6ea8f298
2563351376
3136001627
-11010111111010100000011000011
-11477721330
-8a11009
-1110100101100110011010001101110
-1011000000100010001000101111010
1011100110010011111100111010111
1150aa63
-7102576274
-10111001101100111001010
-31eaa136
4550746203
-1010000100011010100110001110001
-6224133371
-41fccfb7
-62f61972
-100101000111001111110111110
-10545de
1101011110111011111011110110001
11435254762
-6b81300b
110000111001100000011010001010
-1100000101011100110111001000000
-5745713534
-1bebafa
-1424201553
5025133051
c8e4f02
b47a44e
-2525777067
-5512017746
-15220335501
110100010000101010100010101111
-111010001100001001010100010
-1ff0a9c0
1110011000001000111011110010001
-6030370633
1100100010111111111001111011001
665b8921
5206760240
-1001111100101011100100000111010
-4bb17343
62a2bf9c
-1000111100110110100000000111010
1010110100000011001100000111110
-5b9a37d2
1111001001110101011101101110000
101110110111110100001001001010
59638ed0
-2c7d5959
-1111110010111101100101010111111
16310415477
-34da5252
-4e7d77cb
12442036277
-17557351277
2e10ac05
-5d049144
-40e22caa
-411280c2
-41f463ab
1010101100001111011011111000110
1111101100010001001011101001000
-1001000100101000101110011110000
8134715
7372226771
-101100100100010010110010011000
1fb6ebee
14271240727
-5556747072
76ae5632
-10105077554
13530725522
12447137065
-1010010000100000101000101111100
1001010101011011101010000110100
2b33f98f
26e806cc
70203654
-665137a3
-1667365116
-1000000111111000011011010100010
20820a03
12356676270
1001100110001100111000111010010
377472624
-12cd65a5
11001110111000100000100101000
-4314761707
-1111100001010101011001100110110
1351b46d
110101000111100011101100001111
-10001110001111100100010101100
202ab091
1000110010011011011111011000100
-6446d929
-1011011100110010011100001100
15754265605
5551460422
15407020605
7154006125
1011110110101111011011100010111
15413371123
11000101110101011111110110011
-15023032000
12110143055
-4160452524
1111101111101101111111101101011
14175170465
5100643462
-1001001010100000111111001100001
110000110100110011110111001011
-11000001111001011111111101111
-1011111001011010001110001011111
-101110010001010111011001101010
49b69fde
1452606732
16261215365
1111000100011110110100111100000
1011111001111000101010001010100
-1eab2c07
1000101001111101011010101100110
100111000010011010011011100001
1011111000011110011010101010101
1000011101010111100111011100010
-110100101011000010101011010100
-1010010011001100001100110100000
-2736062637
-74f3e965
10010001000001101010001010
10011101001000010101010101111
780dede0
-200250755
4275116350
1615560217
43f77b8f
-72c3cf90
-6125006625
1000101100111011110110101000001
-11011111101100111011100100000
-6546535275
-3235620522
-1010000010100000111110100000
-12063765724
-1032716403
1e8be090
-1000111001000101101000100010101
6b58c872
6653221514
-111100110100011000110111010011
-87daa53
1010000101000110100111111001001
1101011110100101010010100011
-355cbc56
-6e457017
-1111110010010001001100101110001
-4d5aee34
-1532327634
-28e9a2e5
-2d57970
-1010000110000000101111000011011
-2153065777
-17fd01f4
-62705a0d
-101011110110111001011010110101
-2718ac91
1010110111011010101010000011011
-11001011011001001101010110101
-1111000011101111011110010110101
-2d5e08e3
1000100001111011011011011010010
-8f2d6c2
110000011100001110100101001001
-5fea97b8
-1010001010011111001101011111011
aa19ead
3ef6797
-1c0d5f8a
-14620627705
17042244677
-1001100000010110110011101010100
-12302216276
1000011101011010011011101100
-f5f7078
1132612251
-6af535f3
-10110011111000010111010101
-1111101011010010111010000010010
-1100100011001111010000101011010
-4b15864c
15540462014
5445206166
-17032115356
-110101101101110111101001000001
-1100111001110000010010000110001
17367187
4edf7a05
10110010101011010101011001001
1000010001111100100101101011100
34436c33
67bab876
-1000010111001000011100001010001
100110111011110000110000100110
16252457711
5ddaa7a4
207e9a32
3cd89e13
110110100111001010011000110010
94fda81
-11100110000010110111010010111
-111101111011111000000101100010
-688b34c7
1100001011101011011001010100111
7106064543
-10010101010110100101011110011
120d512c
-14116054372
10034536131
-1000010001010110000100010001110
1601307071
1000101100100011110001001
-168f7303
16431617240
2271373323
-1110011111000110100001010100111
76c04812
-101110101101110010100101100110
-1df31dc2
-4ba60cf0
-2442071440
-10010101011001110001100101000
-111000001111000110000011010001
4caf5649
-1010110101110000101101011101101
296e8367
-16664462446
-1111001000101011110010001011100
100110011100011000100010111101
110111111011010110010010000101
-39afa6d1
-4068ee7f
15264766447
-11000110111111001001111110
-6275215242
15632207474
-7db0fabe
-101101101100011011100100010
16022066562
-1001101001001001000000010011010
101010100110110010110110101
-610625372
-10000101001101101000010100110
-7bdd9d96
-10701750224
-17724136000
224a8945
1000001101100101110001010010100
-1000100101000101101000011000
-100000111100111000010101001001
-49935527
-71067224
13374252751
-2c2b4a6f
-4b98b149
11111110001111001111110111011
-7765150507
-111010000010111001000001010100
101001101001100011011101000101
-491f2247
7706542374
-27554641
-1351622026
-1101110111010011000110000100011
1000110100101100011111110111110
-1110110110111111000101100001000
-100111110101010010100101000
-6649bf7a
-17212541173
11011001010111111110110000011
1010010001000001011001011010001
f849bff
-11101011001111000000100110111
-4cb15a1c
-5271471133
-10071124765
1001101110001001100110110100110
3d61e565
1111101100111000001101101111101
-11001010110110001010111111001
-1111000000010011000000001101000
108b6454
6fcfcca8
1d7c2baf
1111011010111111001111000011
19e837c9
5cdbdb5a
58c95f0b
10010721007
44f86bda
-1111001000101100101001011010001
-1101010000100110111001100001
57059d3b
-27d0af9a
16326034545
-14223603171
-62dc9b06
111010101010011110100110000101
22d55a58
-5ec91c03
7abd16cd
-17751665733
101100001010011011011101011
-5172660107
111100110001011000010110101001
-12627256243
-10000110110000011101011011100
2fadeb7e
-321bff21
-16325305403
-1101000101100111000000101010011
-2c595b2d
-3d23ad9e
1000100001000001001010001000011
3707652177
10553216643
-1a9b0b8b
48f3f8d
-14603505045
111100010010100111111110011011
-7306257640
12112306530
6442504366
-1000111000010101010010110010111
65168c84
2cd2acdd
-227711136
23940de3
1010101101000110001110101100111
1010100001011001010000110001101
6e5dd76
16373511423
-15305770047
30480991
-1100111110000101011100001101000
-92debc5
-11161341731
-6406761224
-36285556
-15140147677
45630846
-1101101011000100101100110000101
-110100001101011011000101000101
-101001110100001101111011001
-1010011001100000011011011010010
-11011111110010000011100011000
-101011110110000110000010100010
4775c7e5
70d05217
5577265016
6e827cb4
1111000000010101011001111011101
-6adb4ddb
2a02471e
1100011101001011011110100000111
432474754
-458a98d7
-4b1e68ab
-1101011110011001101000000000100
-101101100100010111001111110011
-d15cc89
619947ba
-4544452277
-1001111100000011001101010011011
-63df3c28
1101100100001100110110110111000
7a9c600f
-6c2885e5
1101010001011111101001110110001
1000000100110010100010010100010
-7062234557
-3143163571
-74d80422
-15700704711
14f7b5d3
-74946dc3
-4646503076
101100101000110001000101100101
1101110110011011010100110011110
10101010101000101110011000111
-8cc0ba3
100110100110101110000010001011
-1111010101001011010110011110101
-3217684c
-100110100111011001110001011110
10340144632
2266504072
216c10c2
-1110000110101100010100011111001
390d14c8
-1000011001000001000000011110011
-100110111011111111000101010010
-100010101100011110010101000111
1011111000100101111000010000001
-4653bc7
6552efb5
-17003362370
-284545a6
1f6790ed
1111001000011001101010011010100
7645570670
671041511
560546553
-71651ff0
-4158712d
-1111101101011110100111001000011
72a55f66
-2246246472
110101110100111101111111111011
-1010011001110000111110011110001
-111110110100010110001101111111
-10076222527
-1011000011101000001100000010
-15245025005
-7b233e23
2a21f550
1110100111101010001001111110110
4045d9e0
-16422472466
1000000111101100011101000110111
-11300357115
6d5a66b6
7076506035
-1010001010110110100100011000
12111727271
-65ebab15
-15e5998f
-100000101010110110100001000101
101101100111111010000011010101
-40ab8ae4
12273710610
-4776366437
-10036124743
-1000001111011101100011100100
1101110011111011001010111011
-1010000000000010110100110000011
-1fd51daa
-1010011101000111011101101011101
-15337235072
1001000110110110101010101010110
111001000101111000110001010000
-4038bfbc
4511e399
-7113245646
-15bb14f9
-111000100011011001101000000011
15bf75af
-1011101010010010001010000000
-6f70106a
4043704254
-11100001010101101010110011011
1011000010001110100111000110101
2336665135
10140313
2c708abf
65ce4585
-390d47c3
-1011101110100011100110100100100
-54bfe505
1101100100100010100101110000000
6669faf7
4f462a76
73f4392d
7056f91a
16323236163
4052621364
1874ab4a
-10000000101001100110101101010
-11001100100110001111110000
28e9d3be
-1101110001101001000110101000010
-13614443403
-1001000111001110001011111001000
-2161310626
6325377452
-75cf1b68
-1d3fe0f1
-111000001000011010100101000010
-17707414531
-14600241162
627031313
15027eec
3353005262
-11543604027
1100100010011010111101000110101
-4fe21451
-100101100000010010001111010110
-4255873c
-2feb16ce
15774061263
-22980a68
-6476240345
1110111011000110010000010010110
100110100101111110010010111001
-1011111111101001011001101000
-14a10e6f
10651530170
-15772211511
14004362331
1100011011010111110011000001000
-1010010100000010111110011101000
7d345ea1
2603243471
-6c5d9e02
2560044515
-4cb44f46
-70c91bf
11574605066
-13307065436
6372324015
7001730564
101110101100110111010101010
-101011000000011110100001001110
17407155233
70656df5
-4d975aa3
100001001010111000111000111011
-2422978b
-111000011000001111100011000110
-10606450451
-68cbcb13
-13144126653
-17612275764
594c744c
101000010000010110111001111100
-1110010011011110001111000010001
-1100111010100001010100000101011
13164015363
-1000001101110001110001001010010
1000110101101111101000111110111
-17432674206
-127105730
-3240042541
701ab1dc
-4fe6c4af
-6671041573
6224d4e6
-1110011101110010100101101010100
-110011000011010110101100100
51897a8e
1001110010000100010101010110
1111001100001000000011000101010
-7761706723
22c5798e
-14159317
-17661712224
5366500607
1001010110111100110000101011111
10766582
1001001110010001000101110110011
-1011100110101110111011001011011
496d0248
1110110100101010110111011101111
36eb8a41
100010000000101010101110001010
-6137b0a5
1000100110100110110010111001001
-55a4044c
-1000110111000000101011010001111
-345516cd
714574502
1110001001000111101001100101111
1111101101101100101101101111001
4242262414
1101111001000001001100100011
10020312522
-12673245515
-7552501252
-100111011101111110001110111010
-64a6bda3
110111011001111100111101100011
-1111101000011110100111010010
11126611472
14164075775
-17432553676
-7102710313
1111011000101101110110110010
381cd403
-3104760010
-1010010010001111001111100111000
1101100000010001100001011011111
-5032307617
2a564e85
-15716740357
320565462
-445646634
-3577c27e
-2830e93e
1011111101100111010001101011001
101101110000101100100011010111
2892cd7e
113334015
-1110100001100100000000111010110
7c78252e
-320561f4
1010011101111101110010111011010
5755451666
4f1bdcf1
1110010100000101100101001111
-1010101111001001100001100100010
-5d4af261
222562423
7763707325
55f1e0df
-1111010011111001111101011001010
110111000111010111001101110010
11001100000110010000011011100
-2354404103
2507324255
