10537235311
-17474411517
46faac02
7e537bdc
2302664275
724fcb7b
11111100111100100111110110000
4775542342
11000100001011110000111000001
-14514314031
5f9a6de
-101111000100001100101100000
43574221
-1111000000111010010000011111011
-5921a46b
-8d78164
11011110001110111010011011100
1754534003
31bd1ff0
5636375657
-3f22a644
586aee24
1001011000001111000001111001101
22c24440
101011010110101000011111010001
199c6f39
463c0313
1745606515
-1112677356
-702df01d
-1001111111110110000101101111001
-610033450
47777e64
-101101111001000001000110000110
-11100100010111101110101111
b17ceec
2f83d629
12657526415
536f7468
5dc52f12
-17445744654
12504637230
1001100001000111010110100001101
-1101101110011111010111111001001
-15137217053
1101111000011111100000101001011
3d678f4e
1011001100111010010000111001101
-5947d84e
13157732075
1000100000010100100100110010
5433254554
-290618b3
1111101001100101101001110000101
-100011001111001011100000011000
1100011001110111111001010101111
49c49269
4332733620
-2133161551
-2035745736
-1001001001011010110011011110111
-73a898e6
6502203306
-1001000001111010011101010110010
-4908e9a3
1100100110001101110011000001
-1101101101111111101101001111010
-1111111000011010010001110111111
1010110010001100101110101010011
-10001010010000100101110101
-6732622635
-5106226554
-5534603530
-6576102522
1011110101111001110010011100
110011111011001111111110010011
-345634153
-14156527132
-111111000110101010001010110100
-10000100001001010100000001100
-54a36ece
14425217421
16171735406
-1001011110110101011000111110001
12172411257
5adf4452
2e14c6db
-10377504442
-6053423537
-1110000101000111100111001110110
-15741263364
-1011101010001110101010110110101
-110100000010100010101000
1f5e5f9
-100101000011101110101111101100
-7f1b4f9f
-111111000010010100011000101000
64c133e0
-11111100111101110001010000011
1000101000111111000000100001101
12774673617
4106072020
12375260032
-111111010011011000001000111111
fb81ac
2106523303
-7633076515
-11661712460
-3307011503
3565315170
1101010111001111001100010100010
16405507152
1100010000100000101111111101
-772956eb
26656390
-1111001110111011001001001001
-111110000011001001111100000111
7730376171
-4703c99a
-34240212
2656511730
101011100010100000111111100000
11110111011001001000000001011
4e774a02
100011100101011010101000
12053030406
-4ca3abda
-16406441705
13042201622
1101010001011010100110110001101
-60870e38
14244767203
2057030467
-3357542424
-1010011111011110101111000110101
100100010011000100000111111011
-682bb428
1011001100001011000010111011101
-3510eeaf
12226177471
-1000001110101001111011011000001
-3733242657
-2fecb1c9
-13105061252
-10671746704
-3f860d26
7c1c9e3e
1111535063
1001000001100101110001101100100
1011010101100111101110000011110
417447012
-1001100000101010110010110010111
-1001101011001101110010100110110
101100001000100110101101010011
3676743760
-2863470b
-110010000000000000001010010
-1fbfb0be
1100011110111101000110011111111
-10504466705
1000100011000101101100010111110
-1101000101001000000111110110110
1011000000010111001111100110100
-5cad5217
1010011010101101001001000101
-1704016511
5de0a477
-13157530143
1010110101011110001111100011111
-25eabf23
-3f672f63
-1101011111101110101111100110111
2710013634
4406277603
-11e0048b
-101011111100110110101111101011
13a64840
17fa7ce3
5444f30d
-14045602356
-2732172344
4d26a48c
1ff82b51
2d9749c7
-1010010001110111110011011100110
1010000000000011010111001011111
207081af
-7942d699
-f8aa869
-17350455620
111101100001010010010010110111
-78fee2b2
543506541
14777674050
-1110000100111000010101010111001
-1010111110111011010010011101011
-1000000110100011010011000110011
505650654
3ef56b5e
14310351730
1010010000111110000100101110100
-56687ceb
6776f050
7213752723
-1101110110001010011010000000110
3602030705
1011110101011011000101011110
-1001101011000101110011001001110
517246327
-1110010101000111110011001011001
-4517743771
7aae6a6c
-111110101010101011101001000011
-1010001001110100010011010001000
-4405172332
-10704505601
-4df536b7
-100101000101010000010111011111
-469ba555
7419313c
7e107584
756031145
1110110011000111100101100011100
-100100010001111101011100000110
1001000000010011101110001110111
-14212206016
1fc4acd9
5dfb05b2
1100011011100111001101101101
3731040044
2571c0a2
-28d02c53
-101111001010101010011110110001
-3142164646
1086467d
576d06
-3775465262
14227342460
-17357246070
556fbf7a
15564377632
5324336067
11100101111110110001111
101111011101000010110011101101
16335344715
-5269252a
37bbb21a
11101000001100100100110101
-2936c900
16a12f6e
-f61e1f1
-37e898f8
1452711351
-43913cc1
-4eb889ad
2d63d465
722fb349
-1011111101111000111000100000011
2ca66a98
-16427425303
1100101011010100110010001100011
-17813357
-15517323413
-11775524543
-3204406667
5c6b58c
13613711116
-59db1b0f
2355004225
14242435056
-110011010010010000011001110110
1001111010111000100110010111
-11001111110011110101001100011
-5c53e5a3
-11504707773
-70415ceb
11554367632
-11166717206
111111100010001101010100010101
7377277550
-230a72c6
-14344755130
111100111000010101001010011110
-afd1c43
1001110010010100110101101100001
-10000010010100010001011000000
-11234100706
e7d3166
-17170636733
17065521102
-6824f405
7a3ad0a5
1011111101101001110101000110011
1ee44eaf
-271600
-14650307511
-100010010001000111000011110101
16111420502
10315572453
5cb43cec
-2500533757
-11105256526
5cf600f9
11646376764
532473250
1e9681d3
2773574003
-1100101110011110111100100011
12674503612
111001100000010111010011100
-445517521
-1000001110110001100100001101111
-1e171722
54385264
1011110100111100001101000110001
111101110101000101000000011101
5b86b709
7caf30f7
10175251647
-3046771450
-2c78f051
-11101010100000011010001101010
-11011000001010010110000010000
1010010100001101110011011000010
-1010010101110001111100100110010
10001101110100100000110111001
-1010000010010000110011111010110
-13644111545
1100000001101011010010100111000
-4400170027
-1000110110110011011010100000100
526171005
5bde307c
-78183e8b
16515310635
-10100101100001111111010111000
2732367675
4653423667
12104264546
16765340711
-1101110000111011100000001000110
-1f56ef23
-6204331451
100000010010111100000111011001
-16272634170
1010000010110110111110010101111
-1100111001110000101100101011110
11072472465
-623779f8
-2ba1d3aa
1111010110100000110101010001110
10010011110010111100101110100
66fd5857
5ddfdc5
1111000001000100010000110101110
-252a3452
110111001101111101101110101100
-10256444246
-7604c3de
101111101101001001101001011
3106506127
74fe7aa0
d411945
693b699
-27157f61
100001000000001111111101000100
-42af1784
-2550077165
-1111100111100100100001110010
-24e85c37
6a2096f7
1100101000001110100100100010100
-7d1d80cb
11010111010000011100101000
111111010100001111000100011010
377500767
3349513
1011010111010011001101010110111
1011010011111000111110101110010
-6eaec4ff
-10111011010110010010100011000
4f30530f
-101011011000000001011110111000
-12465052205
-1000111110001110010011000110000
-10010010101001001100110011110
-14372110214
-1110101110111110011101101100010
-1011110011111100101110011011010
-10110010010000001011011101
101101001001110101001011011001
-72a07b82
17226656412
1100110101010100111100111110
6740006762
-31a12174
-111000001101011110001000111
1407442646
-2634333375
-30226774
-12447107233
7eacaf06
-234025b1
120b4ba9
16266051013
-72572501
-7034acbd
-4aed3cea
101101011000111011010100111100
100110010110001000101001001010
-e221b6c
1341117525
-715274412
-1101011011000101011000000010000
15064516103
-6e706bf7
1011111010010001001111011011100
6fcecef2
5574531025
-14203035657
28c816bf
e12c2a1
-1011110110011000000011000001111
3456ab1b
14765401305
-1562d420
-b39c56d
1001101110011010101010001100010
10046772451
-146017235
13657540330
6717727105
11111000000001101110000011010
2c376b16
-3241004064
-11400537645
16133457426
-523a56a2
-191460ad
-11366024422
-11110101111000111100011000100
-1001110000001110111111100011101
-14376035515
-3434157302
240923e
-1101011110011001011101001000000
-1000000011000101000100101111000
-11aac5a8
10634614600
-100010001111111000001001101
-12730401644
-10011100011001110100111101010
1001000110000111100100111010001
7703215050
7443337153
-101000010010100100000100000011
-1011100011110111101110111100100
6cd09ca3
-101010110110110101101111011001
-7521164200
1001111101001101101100010011101
1111110100011100111011110010110
-7c38fa76
-1675664231
11001110101111011000100000010
-2a8d5ef2
-1951acda
6442231406
16420074172
101001001101101010101101110100
-6332773146
-1011111100110111110011110000001
-7409116d
1001011101100000100101011000111
1011100000010010110011001110
7c538c01
13230672560
3645727517
-27202db4
-10001101001100100100101001111
10110010011100001000000000111
-15234005451
-100101100011100101111101110111
-12731136313
-11000110000110111111001101111
111110000101100100111001111011
100101011101011011000111100010
-1111001110100001100000110111010
-6747516701
-11100011110101110010011011101
-1101100110111000010111101000000
-11302315155
3b6eaefb
-11512006200
14156722702
-6eca4d47
-1011100011001110101000011001010
-111100110110011011000000111001
2f2e8bfe
11001100111111111110000100101
-6174722355
36a59b0a
3535654401
5e58308b
7fd54e37
100110110110010010001110110101
-11011011111011011011110000101
-16622271433
-5d4d9c3b
-13541454536
-1100010110101110110011011001000
-100011001100101101000000000010
25b8a19d
3f17893
671641af
111110110100111111000010001
12504454225
12714366635
14135216261
-6a00f73e
34a98915
-7737176420
-110100010000101110000111100010
-9297efc
-32ad28c7
-5b25aa9
110101111011000011111010010111
-2857728a
-1111011110111100111001111001010
4188a6c6
-743cf6c5
5073651372
-24c39b9
6627222561
33bf18a3
317709c1
-604f55fb
1000010111111110011111110100111
-1101100101111001000010010110111
-31349776
34dcc5f2
-1110000101101010111101001001100
-13122717643
1011100110110100011111000010100
412389e8
-16324674705
1010110110000111010110010010
-3d0c1296
-11301372641
5dc859e2
-53cc4c2
-5339b8a5
12064207143
913ff23
-1d728e16
-1011101010110110110010011010
-6638c843
3105574113
110010111010110110101101111101
11214763713
1011111101011001101110100000010
268c4632
3f86bbb3
5006436722
150afec9
-1010110001101010000000111110
5276675446
1240117715
2c114e68
-2510f45b
-2263375113
2f9089ec
12165156720
-10300714251
1010011011011000001010011011001
-35db7c84
-53a6ffc
-10263165157
-100101111010011010001000110001
111110100000101001010001111110
6aaac6c2
-13632506477
3535571515
1111001100001011101010101
6fe82682
-1010001101010111011001010110100
5abd669a
-7060720424
110010010110111110001100111011
1001101101111111000001000111001
41b4f654
1000000111100100000010111101001
-1111111001010001010011010
1000000111111000101110111111111
-101010011010101010000111000011
-7ad3e32d
-14673600117
-2369bc07
100001101001101001101101000101
110011100011000110111001010110
-1001100101101000111111001
26a5cccc
1110110011110010110011001010011
110100110100011101011011100010
70ddbb3e
17349181
1110010100100101010001001010110
-3ca5a6f3
-12254574063
1010110110000100101000011111
1001010111011001100111001010100
-111101000001010110000011110
-36392b4c
6ac68399
1011101001101000000011111011100
1011100101000110111001110000100
2bc72259
-16254011523
6235340305
1111000000100001000010110111111
-5641572316
-4fb65236
650ed2ea
10126644601
-72f3a474
-4a819b49
101101101000010111100010010111
101100110010111100110000011111
-1110001000001010100010010110011
-1111111100110001111110010001000
7d7382d5
108a854d
1001001110011110101100101101001
-13b2e754
1101101001110011010011011101111
765623531
-14346126141
-10011001101000001011001010111
-77211e69
-2e422f52
-110011110111100000101000111110
-174f963a
38d28c16
-742adaae
-7510021672
-2771005512
-f8e536a
-7424555470
-1751702246
2b152668
1011010001101101011000000101
-1001100100100100010010000110101
19d4a843
-6e67b12a
-10710267260
11101011000010000010001000010
1111010110011010110001100111110
-7776356564
43fda9
-17d4d04e
111000010101000100000100100001
-5710115445
11103054513
3531274335
10117337150
5102a9c4
-3fec4ffa
2645342620
-1010000111000001111100011110100
1011111011001110011011010111100
-110011001110001111100000010111
62ec2c82
-10110010000010010111101100
536ae330
-1011110100001001111110100110000
-11774673055
-3c9a7010
3b86dc6d
-3d84abc7
-6151140105
-5425a0f
-110110011101110101001011111110
-1111010010101111111110001011011
-110110011010000111111100001
450756e9
-111000011111111100111111010011
1011110010001010010101010000001
-4441553644
423c566b
5d1c3d24
1442f1f0
-13755500205
-2001157551
1001111111011111001000000110
-1001110000101101111001111110010
-12117126667
-5172140521
-1110010100111110101111110110010
-2bc81917
-11010000100011001010110000100
-5067301113
-101001000111110100111110001000
1100101010011010000101101001101
-1100000110011100101100111010110
-308a41c6
1001100100110011001000011100111
-101001101001000010011001010101
331a3413
5a86394a
11445655604
-100001111111111100110110111000
-6bea9a71
43ac09f1
-11fa55be
19938454
17474046767
-646131642
-1111010010000001101101100000101
-1100100110100110011001100000
13043425063
-13112701420
-223d515d
11345302760
-101000111001000011110001101000
14161164567
1110110010011000011100001000111
-1100001101010101101111000010010
-123264366
1011111000011101110001111110011
1011010001110110111111100111
1100011011110110001111100101
1000110110001001111100100111
1001111001001000000001101111
-1110010010011011101011111010110
-abe0840
-820d8c1
15363771733
-15554532170
10620537323
-1111010011100111000101010110010
-110001011110100101001100011
-2166524250
-72c2d91a
-185744c3
-26c53ba9
513057226
2127752605
-44206656
-10316240552
-6347452751
16223667163
62dc0f33
-4386c7c
-1110001010100101110110010011100
1018c11d
-1101001111111100010000110101011
-101101111011010110100111001110
1217262411
-7babc536
-10101011000000001100110001110
-ab56d73
-100101100010000000011001010011
-7a8d8f31
16214400036
-7f163ae4
534e7275
1100000111101011111001010111
-1101011011010111000000001001001
-14461113217
