4ac72ec
58fd97e0
-484238bd
1000001110011101101111011101011
-6669144e
1011111010101011010101000110111
-5331577037
10116641261
-5421112511
124e12af
-fb501d4
10737064741
-110100010110111100111100000111
61c019e4
-7ca21cb8
1011011001010010011011111010110
-bd0492a
1111000001100011011000110010001
-3de2f3f6
3183078a
-16500447172
-64af8d36
5344526570
-1100001110000111000111110011
-1ce8df6a
1011011001111110111100010001010
-36c0d081
7102605467
1110110101000101000111110001111
1010010011010001010010111111011
-72b3909e
12313155167
-7903bf5d
-111101011100110101101001000000
1100111101101101101010010110010
110011011101101001100000110001
175de0ff
-6625ef07
-110001100110001000011011111000
48332b61
-6ed9cece
-67736001
-1100111010011011100110111100110
1f2d02ff
-4153144055
-41e39573
-110110111110111111000010001111
15572020360
16356603231
-6885fb8e
-6352110675
-1111101011111100111011011001111
-332a7840
1011010000100100111101011111001
16565504054
-100000100011100111101100111
110100100001011101001000101000
-1010101111000101101110101101001
-111101001100110001110010100001
-4010211302
-3596e6a0
-372423162
1101010011001101100000100000101
-111111101110111111000000010110
-1111110000101001101101000100111
10456321117
1110110011010100110000111101011
1110111110001110100101110011101
17555662365
1100110001111001010100001001000
6f9bb1ec
-5751525224
111011010000110000000101001011
-52faf301
2d80de5f
-13114117201
-70fd46eb
101001000111110001010001000
6007457416
7e571f0
-e5e39de
-7c125cc6
-12236445162
110011000110011100110101000011
-c554112
49ca2923
1001100111101110010011001010010
-16637265141
-1000001100110110010101111001011
-12007167063
-5c31fca7
-11000110111101111100011001010
-48002c66
627a068d
-17666233620
-1011111011001111101101010101000
-3bd5d14f
-1100111101000011111011100110110
11255375461
-111010110100101101110000000010
5664a3b4
-1000101000010010111100111000110
-1001101111001111100000100110101
-101000111100000011100111110
1100001001011001110101001011
-16c7d7c7
110101000010001001011000011110
1111000001111100011111011111101
-1111001100011000001011110010
5606235133
-6040746232
110011001101101001011110010000
-1253657627
100110100001001111101100001001
-1111000011110011111100110101011
-71fa2f1f
111000110111010111111101111
-1100001110011101111011010011111
2143142777
-39e78ed6
7b9ad79
-11774617016
-1000100010011010100000010000001
-14599087
1111100011000110111000001110101
-32db5245
-2535471020
49076fcf
2d7d0480
13534521342
11422332662
1010011100001100110111000110
-7a1c1d55
-21056a1a
34f33360
-2515374363
-7db6ca4c
7567175464
1000010101101010011110000000100
-16721543346
-314d1c9d
-1101011110010110010011000110
364744233
-321a122f
-12776134412
7275421554
11101101100011110101100001000
38f3bb57
-1000110000011111100111101111011
-1100010001011001000110001110101
11465044752
-3620154055
-111000111011100100001000101000
7f2fcf47
11010110101100000011001110
74dbc4b
3bb20510
-5561171770
6d8e95df
111010001101000001001100010010
12657731025
-10237535624
16363154150
-75e85f79
13705273460
-11100011000011001110000100001
3152323475
-650113226
1111010101101001111101101010010
1001100000100010101011110101010
-781226b3
-fa2c09b
-5234a232
-2a4a1494
-14127455314
1011101010101010011100110000001
1100110110001011101110011001000
2401744106
-de04906
-13262655036
1400564342
-6fe8b57
-202cd097
100011100001110111110110010001
-11111110111000110110000110010
-44e48b98
-1010011100000110010101001010011
2010465567
-4734503260
-1100100101110101010111000010100
-1000000001101011000000001011
-1111001011010101100101100100110
-11100100110001100110010011101
1000111100011001111101101101110
1101010100100010011101111110100
-3a2f6985
-1010111110101010101000110110010
-20e26a1
77d456f1
-1700457611
-370d948e
100010110101100100000101101001
61affc2c
-424485e4
37ef3b81
-1101001100101011010110000101011
-1010110110010111001011110011
-10062365415
-50569dea
-731331221
16722306024
1010100111101010111000001000100
-16602366154
14704775253
fc3bece
-16476634631
13736155467
-1100010001101010111111100100110
11011000111101100011010110010
-49df5997
-1000000110100001110001001010
1110100110111100101010011001110
54e8c1e
1111111110000010110011110111111
-4d84c522
111000110001000101100010110011
-12215762746
fdac668
6572134667
39b01281
10110010000000000101000010100
-6be49444
12657fc2
-5126662771
6176723612
-100001001100011101100000110
-110101010101001111010111100111
701a5a2f
1010000100000110011111011001100
-101100101100100011010011011001
1100101111101001000011101101000
-7fd795eb
-1566513141
-135572257
36153da5
-739aedb3
111110100110010101000011011010
-306bdb4
1010011011010111010011010001
52cb17d9
1146654637
-100000100011011010101001011000
-10766353716
1101010101010100011111000110111
1111100111011000111011101110001
101110110011100011010000001111
7174654235
-5350416615
-4127364772
1010111001110111010001000101110
16cca590
-3f3692fe
10011001110110011001011010111
3366565041
525bbb2c
-1010100001010000111010100100001
-1110001010000011011110001110011
3f554e0a
-74e00e0d
4a0745ba
15340554230
-10110011000000010011111010001
-1110101101001000100111010010010
15632677036
-1110010001000100101101110001
-11101011111000000011010000110
-3613213364
1111670246
-17361244501
-13543771512
11010110110001010100101001110
-6b6a824c
-1010110101101110110110111101
14551160770
16575275625
1011110000101100001100111010010
-1111100000010101001111111101101
1100011010010000000010110101010
1011101111110011110010001000111
1000000000111001111101110100101
270eff4e
6131376700
-15353062204
-4143214752
111001101100101101100011100111
10726142766
1b11b728
58facf3c
21ba003
-1001011011111010101111111011010
1101000101001000110110001110000
-5334021125
14140010773
10611760442
-1100101001010100000101110111101
-1e3d797
-1101111111011001100010011100100
-4203167516
1011001000101010101111010011
-7859c968
-5298f3c1
1652275
110101011010011100110111111111
1790cf5b
-61a6e59e
-11234234626
2b33828f
1010110010110011001000110110100
1264014762
-6107611073
2717712455
-511732c2
4436221307
-1110011110001001001011100010
-1110000110110111100011010011010
-448bee91
6143224234
b3062e2
1f9f4a8c
-110011100110000011001111100001
-1206273570
2b2a05e4
14ae3ddc
7127113702
-2e68cba0
12544627607
-14410250715
7341525636
16541553103
4323122600
-7234374634
1011000001010111001110001100000
-1101011100011010100110000100001
1cf2f35d
-11744623601
1011111000010101111011010000010
6272720110
-1f302600
12402024254
-4372775761
7254045043
4553416221
-11027020523
-1111110100011110100101111101011
1010101100111011011110000011011
-148f929b
1001100000110110000110111111100
-101100000100010010101101
-211511423
2354511662
37c57022
7715000710
-7eb876f4
-42559a39
-11cf9515
-2432522123
-5af11d7
13761301501
1001011100010001010101000001110
-5776720d
1110111110011110111011010011
-32f4c158
-773db797
-14521145346
-15654623347
46cd7c31
1101111101110101001100110110111
6730660615
24e2330d
4404413212
562021540
4be61490
6070746757
1011001011001100010000111111010
-1010001010010100100100010100100
-4a4b5264
11010010010011101100000110001
100100110011001110111010100011
1798dc3e
-11574301430
-e02315c
1110011000011100010010100001011
-2604706545
5f1c9e81
-629d374f
-15174620272
11d97c9c
-5fdbbbdf
40a4ed71
-101000001101001110011011111111
-101010001101000011001011001111
6f3dd275
-4d778ef4
-1011101101100110011100110100010
65a86589
16104210127
-6bb0da39
-10660724146
-3a575a35
11111101100000111010110101001
-5ba1d329
-111100001010111010000100011101
-11001110010101101001100000011
387a2752
1110010010111110010000011110001
15617100634
6602725725
10167470155
-221336a2
-110101001100100111100000100100
-111101110100011100010101001101
-55e7af47
325ce566
10711313202
-3003a768
-1011011000101110101010101101110
-29720034
110001010101011000010100000001
1111101110111100101010111010111
-16130316174
5e317551
14fe2810
1100011010111000111110101001010
101011011100010000000011111101
17656563051
-1a4b26a2
-13147035427
-111110111110000100000110101000
4821eb48
-1011101111100010110100000000
-3501223515
14370514435
1000001000011001001100110110
-12231145436
-1111010111011000011101111110010
7400254002
1111001100000101001000001100111
-1000101111010010000100000010001
-3438ceea
-9728d27
-4034cf28
6496f167
1fe7b828
12038104
-1111101111001111010000101100001
13310117661
-1101111100010100111111011011100
1100101001001100100000111011010
-3958c82b
1000111111011000100111111011100
-6316615262
11243026452
-77003479
111111001001011001011001001
c98a324
-25b388a2
-11100100001000000100111100110
-1949c95c
-45036994
-1111110100111010111111000111101
7477113710
5672743645
11277227260
-11100100100010001100111011
1035056026
10076057413
-6572137233
-2d1254d1
-3521166402
-13333660642
1010101001010010101011110011011
-14233517466
-12120676577
-1421576611
13156221066
12660033040
11533447501
722bd26d
12663312656
-100001111101110100011000
11100001101111010001100001111
-ddf5b7a
-11475711021
1375602655
68788e73
64fd8345
-38ec8786
1110000111000000110101111000101
-1111001010101100110010100000011
e2e7826
-17214070321
2f7c2f82
-1110100000101101010111111110110
-111000001000111101000011101
39e159eb
-4ed31cef
-101111000111011100110101000101
5651170050
-66de586e
-3137677656
-17622540365
-100010101011110101101111111110
-11111101110110100110111101111
-15537333052
-15654436666
1e9b9e48
5104464001
1000100011100011001110101111101
-12266223134
-27f16e5e
-1101111011000010011011110011110
11307232422
6420066707
-72ff1f6b
-59b5befd
-3722202034
-6011d6f0
-1011100000111110110001110100101
-101101011101011001101001110100
513136142
12120137044
3210210671
-11000001000011110011011010
1100000101100101100001111100100
-1111010111111101001010010100110
11036650253
3e30924d
1010101111001111100011101011011
28afd806
110000101101011110000001000110
-1111110000111011100110110111000
12171662701
-10561456541
-1111111001001111001001010111001
1011010110000000110100101011101
b57afea
77b38843
143546622
-4355024435
682c04db
1172246005
1110010011101100010111100000101
-1110101010111101100000001011011
-10001101100010111000100101
-787302d8
-7755732357
11001110100111101100111100101
-101110100000111100101110000011
-1111111011000111010100101001001
673ae07b
-1387cce1
1010101010011000111011010010010
-513116464
-1000110001101011100101111101001
-1010001011101111110010011
3251531223
1000001000001111100010110101011
-45a1e1d7
-10072173560
-5146501410
-3172670335
-5032756616
786d992c
-407b2190
14224153073
15663252442
28640705
6f1bc3dc
-10452320326
-7442242c
-7115326005
-10001110110010001001100000001
-1111010110010100100001010111100
1100111001110100101111000001101
100001111000101100000010100000
2173223363
-1111100001011011111000110010011
10165073323
1000010010101101101110000110110
-7227577043
-2447525770
-1010100011110001000011001100
15175711766
-1001010100101001000011110111110
-98d4898
1646113555
101100101000100010011001111010
232f51cf
-1101000001111001111011111110110
-167566472
-110101010111010110001100101
-10371365414
-6ab5a883
6047471612
1110001010101000001110000100111
-5aab0c3e
-110100100010111000111000111011
-415458cf
-1101100100101110000111111100110
-7434127204
5693d8ff
54dfeb1e
436ca69
-1012516102
-7126061775
-2205464674
-5077404705
-6994b83a
14574116677
7ae5b5f6
1111100101100110100000101101011
17227037406
62050a61
300c5a97
44cc2fa
100000110110011111101000000001
42b44f85
-1571311516
1110101010000011100000011100000
1473510121
5ed4b744
13611177206
272d6e52
1111010010011100011010111100
-11101100010000110110110011000
1001000010010010111000000000101
10111111000010101100011010100
11127734525
445704462
4f743702
16037071471
5af78c9b
-3b2e5308
1010011011000010110000010110001
-463de04f
-100111111111111000111000111111
237137712
722033ec
5167154541
-111111010010001111000101110000
-1bdf87d6
1111101111010001011000110011100
8a63d6f
-49a7a8bb
-14447174340
110011010110010101110000001010
4415415162
-14225475247
-76fa9464
-17202004262
-7946d3fc
-58bd79c4
10157733077
101000001101000110110000100111
4e71a571
1967e7e9
14574617423
-16744707320
16042455242
581af3e8
1011001101010000001001101001011
-5555650071
-2414433670
-1133727567
13422617223
1110000101000010100011101110101
-66cc3210
1011010100101101101101010110110
-2323714353
5d2b771a
-16bc8371
-15125160103
-6571723143
2150775465
-110101001000000111111111101101
-1500251
-1100001100101110000100101000000
-3ec36f2a
11011001011101010111011000111
6643636210
7336305444
1111001111010011011100101010000
-1011110011010101100101110010111
-50698c94
-11000011000100100110110101011
-1110010000000001100010110110111
-1100010001010101001010100
-747f6a5d
10100100000101000000100000001
-12350135341
-14231743632
1dc72fd7
-fe0eee1
-7052dee
-2e8870c1
-719596c6
5bbb79da
-9f93786
237612627
-4361061032
-15263202064
10010110111011111110100101011
-28ac8fe5
1235626042
-1101111010010110000001010100110
-1011110100101100000000010110110
5337552366
12502017034
b9f5696
1010000010101110000010001010
-11101101011101011011101011010
11011101010101100010000110101
-1100100111000111110001111000101
10613412517
-19b82fd4
6588e21c
-6624413133
-5542312057
-b86b30c
-269fe96c
-50bf819b
-4e4020ee
17212606115
6252367021
-53d850
10454057001
15150212626
14440516573
-1c2f3103
-38e27e2f
-11252357513
38273f4e
-11101011011011011110010111101
100101111010010010100010011111
12355741233
4617475106
1001111101111110101101000100
-10011001110111110110011101101
1111110111100011111010110010100
16143612415
-712a2a45
1100100010111100011110001000111
5ba01a67
3aa867f8
-39e4dceb
1010110011100010110011000100111
1100011000111101101011010110101
6cc6f103
783f2368
-14242456704
-1001011011000101010011001111110
-266b36c1
554b17e3
41f9a284
-71222782
1011100111001010000110011110010
-1100010101001100010100101000111
-12176042723
-1001100010101101010011011101111
-4227314064
6652141616
154a7193
76c32623
5014562666
100100000111100110001000101101
1414260570
17160155463
1111111011111111010110100010100
1100010001110010001000011001010
6461645245
10000111111001101110110101011
-111101011001100000110010011010
-11011100101010010001010000110
-47fc6503
11011110000111100001010100000
-10111001011011000010000011010
41f1955b
-110011011100001111000100010011
7debb1f4
-6610501320
1aea5076
-3f1fa410
5c884857
1111001000100110110001111101010
-3504670676
-21fcc45c
-6f2e7695
10327777111
190f6ca0
110001011110000101111111100100
5513345014
-2757327223
-17c16202
-1010101000101100100110100100111
111001000111011010001000010
22729a8d
1477655025
-b2a5467
-1f613a22
32a690b4
111001010101011000001000100110
-17205261074
11011000000110100010111010010
6132203125
1100101101101000011010100000000
-65871d53
1443263640
-15471230125
1100101111101010011111101001
-7203613266
111011010111000100110100100
-7310712132
424021cf
7542312105
13666604515
e51f7cc
-1abb6b18
-101011001111011010001110110001
-13567756451
-234270263
17440141514
79e4e706
1101110111011101101101100011001
-11011000000101001000001101110
17136217051
-198f1620
-15075053141
1000011101010010011011110000011
10757045130
16ac35b3
-111001101111111101100101001101
-120420677
-1ab69838
1111111000110011111000110110111
-1111001010011010100100001101000
e98e4b5
-1100100101101101001000000000110
4dd30d00
-11222644744
2411204475
11337107762
-6623745314
10110110111100000000000101
10011110001101000101000110101
-452fb5d8
-11506713314
-12725244106
-30c8039
-5052620251
7576732606
1000010110101101001110111110000
1101010001101101110111011111010
-1011001000011000000101110110100
-ea3e4ee
2526576661
-12753540417
4f5e3338
-17206626005
-10606354506
-1100100001110101111010000111010
-1000001000111001011110110110110
6db0528f
14373611412
-5613567104
1111000100010111001000011001100
7336d352
-1010001010100110101010000011010
7241f88e
-11477670356
2667633044
-1010010001110100111011110010001
-75cca29d
301033447
-110011011110111001100110011
274103400
1100101111101110011001101011111
-15125434146
-6cc471ab
-1110000101001110010101001111011
1000011010000011100001011100110
12773710113
-100111110110100110011110000
-1010010000001010010000110101011
1c7a08c7
-15264734531
-2147024522
11001010011101101110100101101
-53525de0
-11011101010100101111000000010
-11063472526
2311137426
-4f8a9bb2
10504553471
13645513271
3c2b1662
-3165232774
14750766513
-32637b
-10000011100011111011100101011
14044226242
-1001001110001101010100110001001
11110001110110011001100100101
-14362432402
6934923e
1110001000010011001101011111000
-a174cbf
-101110011100101010110111001
100001010000101001011110001101
1010111011010011000010001000001
10636120107
1011001011000101000110000011010
13254142364
4636211636
733ab9c6
54e66068
-1317643d
-4e826fc6
-1010101110110000000100111111001
1b3ec2cc
-2520e53a
11111010100000100110001101
-1000101110000100011010101001101
-7673647330
-1011101001101001011111110001100
15e349c
-65f5f7c5
31318756
5d3b2f51
371c9ec2
-111011011010011011100111001
-1000000010110111010010100011010
7612654747
110000110111101110111001100110
-2464227502
-1c86fbed
-110111011101011110100001100101
-ba15a6
10111101010001100010001101011
15642270733
-5624316042
7271772636
1010011001110010101010110000101
-10f1485a
-1110000101111111110001011111100
10001001110011011100011000010
1a53551c
-6574357713
76f64b23
-5452372016
2235001035
-8c1a374
15b2017c
-5252161755
110011110101001101111001001001
-101100101000010001011101000001
48c7274b
1100100011111011100001010011000
-16570550444
-101101101110101111000101110111
1111001111010001011011000001001
-101010100100111110000000111011
1572543161
-71cae264
-100010011101011110001100100
110111000000000110001001101011
4711770470
-10243041550
1010010001101101110010100100101
1bfced61
111101011010011111110111000000
55e258ed
56b8c966
-2a7b9e8b
-10431104654
110101100010001000101001101001
16350234470
-1046c560
10010100101000010010110000001
-111101110101010000100010110110
2f651fa6
-11670010753
-4af8f1d9
3637ff44
1101111000100101100000011100111
-7725244702
-1000010110010000011001101
-4fb1d33a
32e492b8
5612751065
1110001101010000111011110101011
1f5dbe81
-5e5f20b1
-1100101001100100111111000100001
-1100101100001001110110101010101
4202356206
-4315432004
261e0eaf
-10775421271
-4f0b96f6
5ceab0f5
-410405d6
10001000001100101100010011101
111111011001001001001111000000
-7345054473
-547752256
10101100001011100011100001110
5234372613
14176663524
-1111000000110001111101011101110
-2ec4c225
-6577073771
-1001101001011110010001100110000
10410245147
5363122713
-11756341251
-6e34db74
-13234346571
1043722314
110101111000000111101101110000
72bc6b14
5274c04b
-6ec77a82
12654671171
4f553fd1
2063735350
-17431657236
-6744430026
2317466237
-3361537651
1a40f50b
1100111000000011000101010110011
1f7d58ad
-5cfda893
-100000111001000101111010011000
-1101111101000010111101101011000
1723e45a
-1001001010110101001100001100100
14a294f
-16ddfeae
3730171240
16074203
-1101001100111101010111000000110
1100010110111010111111011000000
1100100000011011010011101001101
111011110001010010001001100000
7078e239
6606337536
-4fec941e
-7caeb333
-14166444142
-1010011000010110101101101101100
5c4356f4
53b9b3e1
16372452543
1111010001110110001011101000101
7045165231
3161553340
-2821964
-1000001011011011101011111110
-6d45afc8
-100110011110000101010111011111
-2dd2438c
-1110000111110001100011011111111
-101110110011011010101110000111
-509aa3c1
-2f5126ba
-1001110100110100011100100010000
-442ed286
586655d4
3c9e6ec7
-111001111010110110100010010110
-1100111001000011010011000001100
-2341741776
11042754562
-1011110100011101010111100010100
1011000011000001000010001100
-73202d13
1101010011001001010110101111010
2677143665
-1113147714
11225477317
-1110011100111001000011010001000
319eb14c
-6f37b02c
10474003350
111111001110100001001101100111
5615326432
-3747251615
72382b16
111011100001110000010111000000
-14067050145
-3c5e9351
1100000000011000100100010101011
6707cdfe
-1019d89a
-1111001010011001101101001000100
-6737342012
-4274373617
9a8cc89
-1010011000011111100111101100001
-477076037
1111010100100000000110000010110
6f396b68
565ff292
440b0a42
11347544424
1110110111100011101110010010100
1001010111011101111011010110111
4553355470
1110010101000101111100110000101
1011011101110101001110010001
7d0b4fac
14525675115
1101101101011000101000110001100
17306100675
11010100001111001101101001001
-2137342616
-4667314124
1000010001101101111111001011001
1010111010001110111100010000011
-1010000001011111010110100111110
4320503010
-5c9b1168
445560575
5142241572
7f3cd145
-12461231300
101100010010100001100000100011
15156443675
1000010100010111000001111101
-2aa35db7
-3f54ffa8
18159465
-14770417507
41b785bf
697527f
-7741030205
5125cd06
-16611441334
-668fa6b3
-1001001111111001010001101010100
-11717370732
67865164
33f8973c
caa59f2
-1000011001110100001100001111011
-14674122532
1110010100100100001010000110
-4502107146
111111101111011000100110001001
13701213277
-4652231775
-112140207
1011111110101000000110010011
13135125761
1101001010101111111010101000101
44615788
-111011000011010111111011101111
-3fac4997
-43f6f368
1458de5d
615d98b9
-4434771225
397a2c6d
-1010100000101001000000011001
6662140335
14517044371
-16363627503
-6797d05b
6725146201
1010001100100100100110101010000
-111100110001110000001111010110
-72f5eaff
111000011110100000000110111101
-1101110011000011000010100111111
1000100110000111100011011101110
-32dba769
-1011010100101101111110111111011
37374199
-6511333444
-1bd4050f
14456047231
-6626072764
55143b2d
-1101000101010101000100100011101
-10111011110000001000000111110
1010011000110100001100011001000
10100101100101111011111011
3507164632
1110101000101000001000001100101
67632a3b
3fb81a6f
-1000000100000000111001111101100
-1001101111111010111010100001
-46a304d4
-14207555455
-343930c
-2999aa51
-110110110110110001101101111100
-57f9013c
-7f7b3ccd
4ee4260e
-10000001011000010100101001111
-26a6c80b
-1d7c7c51
692aff6b
-651292f0
65cfcfe4
-1100001100001011011110010100
12342234463
11510365272
-2f54eef7
-238abf25
5d85a323
5a601efd
-468b4873
-14136463464
11422025401
-16623354246
1001011100100111111100001101111
1111010101000010000011010010100
-101100101100000000101101100011
-7f264bed
-150fa693
1111001010110011000111101111000
-1d76a5f5
-3607027755
-1100101111011011111001000001110
3a6abe29
-16236425640
-346344224
14204100544
3270224506
-1100001011011110100101010000110
-11110001110111101111101011011
-1101100001101011111011111000011
-100101110010100100000010101010
-2890a2ec
-1000100001000000011101011101110
-2921f767
-3034604716
-1110000011101100101111110100100
252503041
-11602420747
-101011110111110000001100111011
13254243045
6c8cecda
1101100000100101110111010010001
1011110011000001110011000001001
-1000011000001110011000111111100
-677489cc
-7e703a43
-234c55c9
-472335435
-2993938b
-10001110011001111010000011110
-357893bb
-3aaf53d6
-7002632727
516046125
-7714006705
17645626563
11020536632
-13226463074
-5dd1d7f8
420ab67e
-7446377553
-7a5c6293
11124554244
-6644541522
30f26de2
-10111000111001110111110001000
311755d3
53b600ee
-1111110100110101101111011000011
-111110011010010110111000010001
11110001101101110001010101111
1c972662
-111100101011010001110100000101
-5e8b6c9d
-7055440200
3d96eca9
1101000100111001010010101100010
-7752621402
110000001111110001011100011011
1010101011110110011011100110
-12262712045
-110001001111101001110100000
-5307555760
3153130a
-7cff3dca
3cef6ce
4eba1013
-11110011000110000100110100
-17236222117
-32db99
12627220532
-2415043502
-1100010100100010011100000001111
101101100001111011110100000010
575b1d1d
111111000101001101011010011101
1110001110101111101011010110010
5c3b4056
75df29f6
101100101001000000111101011110
276e720d
101001101001111001011000000010
5145e71c
1000101101010100001100101111100
-2ab8be04
-dffb5e4
110100110101100011010011101
110000100000000000011001110111
1010101001000001001101001000010
-1647012044
-1111100010111100111010001
7607737211
6b0346fa
12607001356
1c26b8e1
11101000000000100111000001011
-111001110000000100100111101100
15017215274
4306053233
7af8954c
55097d76
1001011001100110011110000001000
-1010000011111101001100101001000
-19d76089
-101111001000001011100010010001
-5faf0af9
1001111000110101010100101100111
-1001010010001101110101011011001
308a9128
1011110100111101100000100011111
-110111011110001111110011010111
-10111011001010111101011001000
51da7a30
4673577754
11001101010010010011010010110
-111010110010000110110010001110
-1011010000111010000000001001000
-2270422003
741c045b
-1010100010001101110110111110010
-5f0d78be
-1110101101111110001100001001110
1110110110011010011000110010000
f12a680
324ae435
14475305541
-10700640133
-5789a018
10650363240
101111001101101001010111010000
542e6b9f
61a1479d
-1010001011100110100001011011100
5da714d5
-319091e7
754ad06c
-7076544124
-5522332164
101011100100010101111011111110
-1101011111110010000011110100010
-13314446260
5457336324
-229c3267
7301537174
3313131545
32509e89
6404514266
-1100000001001011110011111000101
-1010001101001011100111010010
1001111101010001110100101110
15015146503
-26c3417c
10111001101100110111100010111
13670741231
6152166436
7270722516
-3adccaa2
-1010100100100101111010101001010
-10376137264
-1111110000011010101000001111001
-2d77f996
-110010101101001100000101010111
1de0c357
45491e3d
1000110010010101011011100100
1101011101001001100100000010100
-2531375247
1111001011000110011000111000011
11102520670
a2cb60b
-43f0e206
4756471222
-53afcdec
-79f40c57
-11001011000110100101000001110
6d7c1fa3
2641522007
b407e3c
-10011111011011000001111010100
101000011001001000100011011110
-1011101000110001111011101100010
5f88347f
-1001100001000110110101010001011
-5151706262
5e6c5248
10253106332
-13320560224
-1413701577
-1011010000101110101000000111101
1000011010011011001100101111100
10001011001001100010011001110
-110110100111001011100000001100
-88cedb1
-15214341357
-1110100111010001100111011000001
-52c648ce
13472723777
13475522471
12400702371
-1111110101011101001011000011110
-2157124520
6f5edc69
2a24003
-13303773754
-1101010000110111111011001110111
11471234324
-1010110001001010011111011000110
-1d97fc20
-10643113356
-ef6f013
11053051235
572634244
10124024270
6efc2e2c
13615403524
1011101000111100101001111011100
4013365451
6625650622
4511214347
14433653057
-2a29ec77
11111011011011111100111110001
-1110110010101111110011110110100
-714f491b
-43316996
-1010010011101111101011110001
-11701547615
-2cad28a1
17043166771
6c62cd7c
-15654164366
10244503732
-111101001100111110000011111101
-355dc923
-12347077536
21af43b7
-3427742231
25212fc3
-11456361044
11100111000000010010110100100
-10101010000110111000011110100
1100011110001110111011010001
-12124056174
-1001000000001011101100011110001
10000011111100000111011110000
-1101110000111000001111111101100
-70b4fa72
1000100101100001100010001101010
-4a5172c5
-11101010110000110110110011100
1140557602
1100110110010001111011011001010
-11317613062
-5713411241
-16035631051
-1295a639
110001101011000000110101011
110110001011111001001001110110
15042362332
-11000110111110010010011011001
1110101100010111100010100011111
-14241425635
111101111110110100111000101110
-1f672b34
-11100100001011111010111010100
37a6c885
-46645c3c
17616347767
-3442140130
566004354
111010000001110101100100111000
1110010111011001110010100111110
-3561124720
-72034729
6146302153
-1704322541
14217227024
1011110111011111000001100001111
6c9a1e29
-101100011011000101001111101
-1000001000000001101110101101100
-11350306203
-564f7f9b
1010110011100111110001101101001
-100101001010111110100001100100
1101111111101001000110000001101
1100101100111010101111010010101
1001101010000101110001000010100
1011101101111011000111101101011
-11001010101010100101100101111
-1336443301
-100001010001000011001111000001
-11001000011111011101010111110
-15261774420
-111111001010001100000111100001
-1001001110110101110111000111010
1111001001011011000111011000
1571555764
-10631566270
10110111000100001001110111010
12220372131
-3f15da34
-2c54edfd
1101001001110101111010000000011
-9ce0769
-101000111011001111110010111000
-1000001000111011111101100011011
100100100000001100110110011000
-273bcd7b
595db838
-4207647513
1100000000001111001010110111000
1324152521
-8a264ad
10001100100010000000010111000
-15756543714
100010011100101101000110100101
111111011000101001000000000
-39a58635
-100000101110001111001001101011
1011101011000110100101010011111
-3065640411
15526270422
-11111111000100010111111111000
101001101011010111000100101011
15724067101
-1527226474
14763066262
2742313020
15727762351
61eaccca
6723020634
24d6060
-21c6a3a7
-1101100011001110011001011111101
1000111111001100010101101000001
100111011100001100000100100000
10101010011000110100001
1110101111001100101111111100
14024621550
-1000000011111100
-17754102765
15540335253
15063424345
1111010001100110100000010100010
-3266663356
110011011110000001010110010000
-11010110110110001100011011100
-737efad3
-36f522e2
-12311412702
1110000001111001101001100001001
5763566540
-11111000011010110111001011000
33ee4eaf
16725564144
-5033316771
100101011001010011101101101011
-1011111000001101100101010000001
-41b3ec5a
-1292c72c
11134773330
-3606322413
1000011101011011000111001011000
85a688d
70593f6d
-5e1fc4db
101010111111100001110111100010
13011142202
-36b87f20
-110010001010001010100010111100
10416777346
11601334054
-110011011001111110100011111100
-1101010001001001001100110001111
-57d6a7a6
111111111111100011010101000110
6677456442
-1100001010100110010100101011111
-5033616001
11000011011100001110001100011
-d68690a
-15123134203
-16472577144
10147336142
-1011011111100010001100110110111
1011011110111001110011000111100
10111010111000010010011011101
-23f1e4f
1d721667
100110111011111110111001101101
100011101110010101001111001011
e3f9dd2
772b56a
-11146035041
-12f1a2f4
-1011111111110110011100010010010
11000100011111001100110011001
-148fc372
-1011010111010110011111001111
-2fc8f8c1
57240069
-101010110000100110100010111001
570d2bdf
-16477463711
1001001110010001000111100000100
-1101101001011110011011100000011
-3221513142
1100110001001110100100010000111
16353166536
-11000101010000111101000011100
7622225611
-19b98944
-70c7f43f
13314625511
6311745232
1110001111000101101101111110
5f328d60
-3171446271
-13e09ed6
-133e9dd3
43075575
-12156305174
-6732356156
10595d08
100101001110110000100110011100
3035720656
-13053340753
-bc72784
31a10ab1
-11011001110100110001111011000
-101001000011000101111100011011
11764165171
110010101110010101001101100111
1111010110100100001101100100000
4444460140
16041342227
1100010110001101000111010110000
-16241103344
-650a699e
-22e12ab5
6532326135
-1111111001111011111010110001101
-2546037005
1100011100000001010111011100100
-1110011011000001010101100100001
1466020153
1202554131
-1621343256
7ed0b3a
-6412236534
-743802a
-4b1b3d6b
-10110001110111010111000110000
17724245450
-5284235
1001000111111000001000010011010
3dcb07f2
3234036213
4d40535c
62c89c7b
6d6c9e84
-7744367232
-438c03a0
-1346210763
-38ab6ec2
1ee36e33
1011100010000001000111000000000
1245637411
7b0feccf
-15547225117
-233a401
-6755562466
-6176216046
-16232161277
11523074662
1110110110010111010000011100000
c9827be
-10001011001101011101011001
-100001100101111111000010111
-1000111111011000100001010100011
1010001011011000011011100010111
4027517615
31e25b9b
14461436460
101101011111110000010010010010
-76ed3217
-1000111000100001011001100001011
1010011101110100000110110001001
1724666717
-11074250057
16744773276
10001100001011100010000100
-4324b671
-110010100100010001110010110001
-299a8e11
-1010001001101000010110111100
-20966fd
-1010000000100100011010100100110
4c13f211
-1100001000010011001111011001010
-1121017102
6704146514
16661304745
-1000111010101011010111000110010
-4456571571
1100000100111100100101010100000
101011010011001100111000100
1001101010010011100001001011
75d49931
1011111101011110100011111010101
-14755607107
4720244260
-306155b5
1000000001111011101001010000010
-5707276572
10110101001100001010111001110
-d1b505b
5c50ed26
-14164074267
31014efe
-1101011011110000101010011000001
1101100100000101101011001000011
11000100001000010110110100010
110101011011100001011101001100
53143f98
-2603111542
-7b2ec929
-16127002333
-17202354566
6153401032
-10113230761
5642042136
-737a82a0
3654c308
-17274261132
1a8ad38d
-12236734203
-6667213617
-5721246067
110001111000101100100010101
5f9179a6
445a5903
5ccd7e4e
2231044422
51fb1221
-1534203225
-1101100100000111000010110000000
-17773305167
54143c35
-16045052304
7d242e59
2cc8060
2c2fe22c
-15557710215
-11507260717
41459c8
-15546630770
2b46715c
10011000011010101111001100110
-1001000011011001010010101001100
-12123405755
-56cdf356
315d17db
1100011010011101001110101111101
-1a91393
1237671506
ac8268
1001000011100111110111001110011
-7572fb3c
2a1f9a60
33546cae
2b58f66c
15101235710
-10053641336
-13a28070
237253363
4240544070
143755760
-6b44d8df
1010000010100011001001000000111
-6e430800
-64fa66c9
-1111000010111001011011111011100
17252650147
1001011110001001110011110101
100111111001000110111110101010
-4003061325
10656343163
-2134152640
13475021405
78c78207
74593f51
2111bb2f
15066044305
-51362e48
-110000100001100100100100100100
6a74b01b
-444fc821
15015143457
3673357560
474456725
1010000101100101101110010010
14611928
-515040430
-1001000100011011001100010001111
10000000001101010100001110101
-3c73a6b4
10100110100001000000100011101
7027563460
1110011110001110100010001111
16172012237
5462f276
1110010011000001110001001010011
-1010011110001101111001101101001
46dc36e1
14424214404
11011010001011111011111100011
-16401007324
1010011011110111111111000100011
7000270742
5505715365
1111001001110101000011000011101
-14214741517
25b417d5
-11572067267
77a9768c
73468431
-12503441700
2635352436
-64aad04b
17164422020
6664757301
-11110000100110001001101100110
212f8041
-3772732034
3333456452
-1010000110111010100001011011011
-6cc40171
-68cc21fe
14572422472
-101110110011010110110100110000
6b9d1c91
-524418b8
14403321211
-111010110100010111001111010110
100110001011010010100101000010
-2984fe81
-357591b
138999bf
-1c2fb032
-15052601062
2f28e6a6
17120425353
16560012127
110010001001100101001100110000
-17443747175
6214656005
-7f284008
-110100000011110010000100111110
70408e37
-a1fb395
-13731544477
1100111101101011111011111001001
111001000011001110110111011001
-11100011111010101111100000010
439ae327
1101111101100100011110000100001
10132676762
-110100101101110001011101010000
-75299ad9
-1410566520
13571734163
355b318e
-1111101111100011110010110100010
-1101011101000111011011110010101
110001110111011111101111101101
1110110001010101010111111101000
-110001100100111110011011010
-3202561676
-1010000001001100011001111011100
51abea5c
-1000001110010100010111110011110
-767a7da9
-6757552552
-3431517600
-39ad1e7
-11727335756
-17156550210
-1101100011010111010011011100111
-11110001000001001100110000111
17556310604
-1b257350
-ba073dc
-3766016237
1010010100111000000101010101011
1000001101101010011111010100111
40c2e70f
15427761307
-1101111101110100110011011101110
1000000001000000001110000111000
-111001101100001000011010100101
7556071772
-1001011111110110100110001000110
4349deb2
101100101111000001101100110000
-4251574404
-6fae2867
-7572725225
-1111111011100000111110010101100
784c2547
-611745044
-34402610
-101101001111000010010000001000
3fb8abf9
6c841328
-12072250711
22028841
101101010000000010111110101011
-15200523541
-10167041460
1e86fdbc
-3412bb66
11010110000010111111100001000
-4313601442
391a28fd
1001110100110000010110000101110
3d6f224d
1001101101101010010100011101
-3361d65b
-101010100010010000111001101111
13090d69
1001101011101001101000000110101
-101011110100111000100
3722137305
3cc7f487
2677126657
-4713507316
-25143dff
110101000110011101001001001110
6703371743
18d7913a
64127e7d
6905e8ba
-5232eaaf
-1010111111010110000011000111101
1011010111000101101000001011010
-6654272570
6025245526
4f265b61
-1144721613
2bdc924d
111001000110001100111010011101
1010011000010100010001000111101
1110010111001011010110110001100
-722b42f4
5ecb49e1
3e3d422e
-1110011111001010110010001100110
5731046130
2cbc779
15727015524
-1101110010100110110010101101010
bad9cd0
-50f03517
-2b4424ba
4310205776
-1b3cc48e
1b111b72
1000101001101001011000111011111
-1101110111111011110010100011110
101000001001011010101110111000
17336156165
-541331571
-4c61e72b
-1100100110100001010110000100101
2673132530
1111000100000000010100111110101
-15506277254
-1001110110111110111100100111101
1b380165
14363577565
-6f934252
-110000101010101011001000101000
-12063674571
-1234124307
-110000101111010000100110110001
-10000100010111010011110100010
-1101001110101000000101001001110
-25fb3b6b
-1c90a2d
-12310102004
5271005527
1000011000111010110011000000000
571b16e4
1665007311
401f1bc0
-6958005c
1011011111111110011010000110000
-54431334
-33cd2a74
1111001010001011100001101101010
6765233616
-1010001100100100111001010110101
1010101000010111101100110001100
-111101101000101110110001100101
-7c652fb3
6501625360
100110001001001001000010101001
-100111010110010110001000000111
-111100100011010001101110011100
-7ad6f6a8
-110010110111100000101010011100
3521143033
-1110110100000111001001001000011
-b45df2
1011110111110001100000000001111
-12054523225
-16251075544
609a7ebb
-11111100101101101010101110001
-101101010010000110001100100110
-6772403376
31411f3
-464b832a
-10764776736
-10012356742
-1010010010111000100110000110001
-2762535661
11534675735
-1100011101010010001111000100001
-2314711751
222c586a
15607474422
-1010011100100110110000000110110
7d9bfd51
-1000011001011011001000010110011
71de42c6
-14477065655
11010110110010110000100111110
-1101111010100101110001010000111
-41b9cfaf
12274614572
1010111001111010100111000000111
14036001470
-1001100000101000111001011001111
-12345062176
-1100110001010110110111110110000
-10000001000000110100001111001
-12317115053
-5bb61fa3
-111010010011100000001011010011
-111010011110001100001001000110
-1c8f066
110001110100010111000010000
1011100010101010001101011110101
-7544064553
13532577677
-14703624447
4602032471
35db7433
-7073532214
110000011001101000101110110010
-111010101110100111100000011100
15450722230
1101111000100001110000000010111
4053117612
110010001110011001101001010100
-4137077132
-12342221171
-6172a98a
5713711075
101101101110010110010101101001
-13342520503
1e15ef55
66cfb75
1110111010001110001011100011000
11336006013
-59c667c
3261d36e
4151623206
-4979a5d8
-10665152734
-44141685
4773533674
14417370222
2114662615
6e5aab76
1111011111000100011111011001000
-3b5407df
1535236363
-1165217057
111010010010101001000001000010
-11403454667
-6617170043
-512527176
1110101011010111100101001111011
1001110100111010101001110101010
2063115150
14c580cc
-100000011100100110001101010011
-2a8552db
-101101110101011010100100110010
110010100101100001010010001111
4ef6d62d
-1111010000011010010011011010100
-16340106036
2417335364
6d4ca9fe
1001010110110110100010011100111
-3d53e58f
-e18c3c4
2a093c6b
1100011110011101010010001000101
2166bf90
72b4412a
16743314231
10621524303
17436777267
-554a3bc6
-101010100000000101000111111010
-376577105
3357116232
41995933
-1001101110010111000011000110
-2106523305
-110110000100011011010111001000
-d66065f
1110111111000111110100101111110
11100010110111110100010101
-15767266547
7771676703
-6456705420
-4355245255
17050476752
3ce5c8c3
1001101110011000000110001001000
-11110101100011001010001011100
60f94a53
-13064171740
78395b91
-10553060773
-1acf8fcb
-101011000111100100001000100
-5cd0bdd1
-384cbde0
-6ccfaabe
-1011100010100100000001111001011
-4615010111
1101010010100101001011111000
-10010110011001101101100000110
-7bab34dd
14714601557
-15760523053
4220ccf6
12455570022
11446263762
14367321203
6a45c639
-1560275403
101111101100000001001100110001
-10575723352
7a0f588b
1000111000000111111111011001001
6222601461
6d4ad786
-10012312261
-1111101100010100101001000010110
1111100101110101001011001010
1100011000101111111001000011111
13615423202
-21e538f0
101111101010100101111010111101
5244700226
1011111100110001111011010010011
2a03d3ad
4097bfef
16763501622
-1110100100011101101010000110
2556015431
-1101010100110110000011000
565cd22e
-1000011100100000000100001011
100010001111101101011001111011
59cebea4
-11001111011011011100000101100
6416652155
7046135652
-1e0254
-5402544015
-1001100100001001011100111100101
-11660555054
-5715714604
1101000101100001011101100111110
16302057701
-16523030031
-1100100100111000110010000011111
1101111101110010011101011010
16243161332
-1468fe4a
10013251427
-1110100000001110001111101000101
-14452142266
1001100101101011000100010100111
-12562626615
-7625bfa4
-16387962
-1315723526
1010001110111101010110000001110
101100010000001000010100000110
4467753715
11d64f52
-6ef3eebf
-12fa0b2
5ba78ff0
56fad6ed
105ebe3c
1000111000101100110100000000110
-1111011011010001111101011010010
773152073
11152422363
16671351071
11000101110100001010001111011
-15614707703
10064040703
17450727566
16655440203
