-1100001100100001011000001000000
6267262406
-12560012111
12515210244
5fc39704
-6661530657
-241eb54c
-1010010000100010101100110100110
16443450154
10001100000101000011001001010
-5623162124
-1a987437
-174d7fea
1000111110000000101110110110010
-1101111111101100110100111100000
1101001100101100101010101001010
2c93da01
-733202604
20a500ea
1d953ece
-6716656240
1110010110101001111001101101111
3122122367
-20169218
-17047221326
6065624332
-1010010111111100111000011100010
13004204122
11342114705
1111111101101000111101010111011
12553116605
11100101001110011011100110000
-10100001010001111100101101011
3a9ebe0e
1100000101100000001111101101011
14476554651
10642467753
240a9a77
-10010111001100110011000010
-243a6562
-11010101100011000000000000110
-4327635731
-1010101011100111111011111000000
-13473477447
-1111110101110110110100011100
-22d1c8dd
5112216017
-6f2ebf44
-5af2cfdd
-672643150
4236323175
-15651414470
4424e413
11111100110011011110110001001
1101000010010010111010000001001
1b86dcc1
-11011111011101000011110000111
586440a8
-181cbd35
65e267d2
-2106744053
11101011110100101000010101101
-101111010010010111100110011111
-16345365635
110000111011001101100101011110
e4c9586
-101001110000101010011100001010
5ecb48e
1001000001001111110011100001111
1001100101010010101000010100110
-11576705707
1011000001011011010011111011100
-2491f759
-662625744
-317003667
-11110000111101011000100111010
6214614120
1011010011101111000000011111110
1111111001101111101101101010011
-5720203513
1c96a5d5
-3fda8103
-27c704dd
-9de72c5
-2b9a4868
11001101011001111101000100001
1f854673
-1100000101010001110110001100011
-13470257455
-55d40801
-7041007004
2657112275
-1111100111011010101111101100011
-4601153264
17433751065
-10574155035
49b6ff4c
-13077551772
-5451203745
-110111001111000000111101011011
39684acd
1577075523
15715753741
1226635736
111111010110001100000010001110
-23a6231b
1000100010001011100001001001111
11124470071
301bc79f
52dbfe4d
-1110000000001000111111111111011
3334227666
-4017033345
-1011011000100001110111000110100
-557be1cf
93a997f
110000101101011111011010101100
-53a41ef4
1354c259
5cef3a72
16565113771
48a505b8
4966df60
-10640632302
1010111001111000110001001111110
-1110010011000110111100111101000
6203431366
-46df0eca
-10000101011000100101101100
-101010011000001011000000000001
304b63a5
-5230252551
-11111100011100000011001111101
5637716652
111101010000011111100001101110
-245110605
-1011000101010000000011001001100
1101011111001101101011100110010
34151214
77d9021a
3067316226
1100110001100100011100001000001
11735245154
716722305
17437720425
-16510711454
-1111011001000100111110001101000
16007333134
-1362025227
7176a0f1
-277cd769
101001100001000000001000000100
-9485be4
17314450277
10111001111100011111110101101
101110001001011110100100001111
1100011101000110101000100101111
1001110110101100110100101011111
-6ab585f3
-5ba1af1d
-6375003004
-5855a0c5
-17562720355
13671614741
5d901c60
-1101111000100111111010000101
4715534762
-1001100000010011011111111101100
1010101000000010011101001101
-2611020577
17264642712
449213ad
1100000101111011100100011011001
48f91775
11475760636
-1772626553
-32e40f6
6262103070
30081940
21e2ff7b
-7a199dd2
-1000011010011010100000101011001
-5b1c3743
-5754070265
5663417442
110101011001101101101010100010
-2313442405
-12606341556
-4541440171
-1010110111011001010100101000011
13156053303
-1010100101000001100010100
27977f46
3022205500
-3356566266
13063236635
-788cc25d
-1010100000101101001011010100100
6050176247
-7b0ac0da
342cc664
-1100100111110001100100011011100
-3b6515ee
442e8af1
7404103154
1100000010101111010101110111
-30140118
25915e6b
-1000001110001100001011011101010
-110100011010100001000100001101
-1011001011001110100110101001
-1111110111010000110101011101110
5313044703
10465221164
50ea8fdf
-16212117017
-3644671712
-4764247006
-110000000011010001000010100111
10010001000100010111000100111
-11037315631
-17344453357
1101110010010010111110011110011
-10030060462
111100110000000100110001011001
-1111111100001010011011100001101
-1001001100110011011110010001110
-100111100011100011000100000100
1110000001100110010000101100011
6a0dda87
1110100100001001111001101000001
-41965fa6
-12717506725
669f9131
605ce285
1111000011111111011001100010010
-7c268168
14266314320
-10235363123
1101101011101000111001010010110
1111011110100101101001100000111
-1010111101101001011110111000011
-2634451126
1011110000001011101010001110110
1100011110000100000101101011101
11011110111001101011110000011
7b9b4815
1e299971
1101111100000101100110011111010
-11f0418a
11616310511
-11111110011101110001100101101
-28b1d369
111110101110001100110100101110
-36a793c1
741d53db
217fd73
2473642605
7566411132
-6455563534
278e8ff0
7334722164
-10011011010111000100011000001
-1001011000101110000010100000100
-1f413264
-1111011111100000011011001010101
-16544327600
1110111100001001001001010010001
14470313221
-16414273276
-1111100111011110110110101101
1101010110100111101010010
-75ac4078
-1bbdfcc2
-181406f4
101100000100000111111101010111
1010110101000011000110011110
-3563521235
1000100001100100110011100000001
7e24d526
-41e188d1
-477aab1c
-1ad1c45f
455359c0
-10513355522
-1100110111000010011110000111010
6927fce2
-1110011000100100000010101111000
3041070247
734cb312
-335365ab
1001000101001100110111010011101
1011011110000111011010111100010
-110111110111010000110111101001
-17457542761
1011011011100100000001111100001
-1111100100000011111100011111111
6043102161
1110110110111110111110010001011
111100001011101110110110011011
60a12b4e
101110000011000000011011100000
217a7504
4716547707
c13ca29
11001001111000101001110110000
-4563c898
-10110000010110110011101110010
101111110010001100000111001101
-17126241251
7e6ce589
-10712416311
-2467734431
-110111100111000010111100001000
-1111000010001000010100001111000
7565ab3f
-110000011110010110010101001
-5262490c
-22ea49d
-1100011100011101101011000100101
1110111111100111111000000111100
2d831aa9
1011001101010100011100111110
101111110101100000110001001010
1111110101011010011010111101000
514929bb
-1425173373
-14227561262
-235628bb
1010110001110001011100110111001
1011101100001110001000100001110
-327223700
-14677206147
15065735114
4613201073
-35684be
-13417313072
-111110000101111001111101001100
-1aeec3a2
-101011110000101001111110000010
-2760252050
-2012207253
-2661124332
-15142740105
-5ff2f009
1010100100100100110011111000
4360267300
-534653415
2672766726
-1f3eb3
6557662215
24f038a2
26c5dd0b
10100011110110000011011000000
14562660106
703e97e6
5195f600
702b4496
1011110101010000100110110101010
-56c55971
1257003353
10111000011110000011101111111
3aabf4e1
-1110101101110100101000100000001
100000001100111010110111110000
69d41ae8
-11001101100110101010101110101
-1101111010101110111101101001000
7d036617
1011010110110010111010111011000
-1000000001000100101110110
-11100000110111110101010010001
-6a656669
1710566016
-2e3db633
15ee1f3f
17026614375
6de8e564
-1011101010010111101110101010110
255b7caf
7501251060
3056722125
12770306546
-55435019
79bfb348
-1ff2af35
-1000100010011001111010000110100
-7040364416
-14517477165
-3725643325
11646207111
-17744713236
7537152741
-354243275
3c88a850
-7070725442
-1101100100100110010110101101111
-18e6aa81
-3667664340
-286ad13f
7163e944
14373036744
-10704550622
-9b5357f
101101101011110100011000001101
2c54cc00
-1526400662
-30a7f0cf
15173061742
-60df13af
-19f1f092
1111110100010010000000001011001
-5bde70de
-1c84458a
111100101011011100101011110001
46954834
-15771355014
4723602742
-32f52693
-696ad4d4
16220537454
-11000000111010000111110101110
4651326145
13737631174
12651274304
-1000011101011011000000011110
6675112164
5737643751
11601721361
-459f2918
-13a33404
-101001001100001001000010001011
-665b919d
-11606025103
bc7aef
-1000000001010111011000101100001
-3b45af26
4300262654
-4117f26f
-14241203241
3162115762
17605277776
-5122c7fa
1001000110100111010001111110000
7573055057
-3be2d902
-15fb9479
-72d06317
-7501377431
-30dea36d
53445a18
-10471173543
1111000100100011110101110110011
-63216d4b
5bf7f80
-15224600375
2557125242
-110110011101100000111011011101
10354015055
111110001001101000111000101001
-4f734a60
-13000652074
7575475645
1826219a
1100111011100010101100110011001
7e1cd1e5
-23b55e83
110011100000011001110000111011
163135414
1b49c211
1939c588
1111011110110000100001011
1110100001000010111000000010001
-10111101010000010001100110010
4869450
10102700435
1111011000000000110011100110
2205745170
267feb18
-1001011101110111010101010010101
-5624601163
-719bc1c
14326431526
-1111000001110000111101110111110
101011010000000110100101010111
-1001010011011001100100011000100
-1001101111010010000100100100001
-7341652043
4d92fd7b
-2602142660
11000101011101010101100101
-2044273753
-10000111111001110001100101111
-2651561512
-1010000101111010001100111110100
1000110101101001001111110101010
2ccdbc24
-11025130607
13257406127
13646753706
5290f7b0
1001111111000011011010010010100
-7ce738b
5c0fd06e
110111111110010001000101110100
4437657503
-1100111011110100111110111101111
-11001100001000011100010110111
-1011011001111010011000001110
15010313766
-569c4462
-1ffccc60
-1101110110001100110010110000111
4336cddc
3fdcc1f
16032626530
-10147555101
4ba570d0
-14503204010
-110011100100101000011000001010
142cf93f
-60e15e01
1101110101000101011001101000100
365b3ffd
100011100101111000011110100
-1110101111010010011011010000000
4c8dcde3
6c6193f3
-3102059e
-11100110010110011001011000010
-6206473641
-1110101010100010111011101000011
-10653310653
1100000110010111000001111001001
12141117220
-3b848b0f
ec11ac3
10010101110000010110101111111
124664dd
-1110101010111100100000100111110
1101100010011001010010000100011
-30d0858
12463575170
3f51eeb5
-6dece261
-2b2d77a
15126005106
1100100011101010110110001111010
6727333437
576b84b
4970461f
1a5a5ab0
1101101111101010011001111110
-14257126305
-4223110520
-6ef0d538
-11646255172
-1111110001000110011101000110
-9630f35
-7ffe047d
-8d1e920
1000011010110110000111110000001
-100101011100111110110001000011
-111100000100011110111010001010
-7f51c5dd
-1111001001110010001100011000000
-1100111100101101010010101001001
17025776344
-100010111110001111111011001011
15572313322
-110100100111000011011000101110
3056a765
4cffb1ca
75bdc360
-1001000010111010111001101110011
-1011010101101110001011111101000
1011101100111001010010000110111
6252242132
-707605c1
1011010011011110111011111101001
17001321153
-41c0b061
-46104634
-3c613b5
11010010101010101010010000101
-740244475
1110110010000100001010100100100
-64745dfb
1100010001111110011010011001100
111101101110101001101000110011
-3336215662
10f8ca50
111110111111100000100101111111
-16260034255
3305571426
78d2b8a4
-100110000110101111100010111001
-24e53901
-11624276610
17014057200
32954824
10244653156
1100111000011101000110000010101
2607112055
-322b2a9c
3db71a29
-1011101101011000011111101100000
-11233463136
1100101000111001000100101010111
-100000011011100000011011001101
522c8bc8
-1111100000110100111010110
-44053c9d
1101111010011011001100000010111
1100011101000000101100101011101
16251151163
13202221036
10603726203
-10000000110010000111001101110
1010011100111110111110001111
f95224a
-100100101000110101100110001011
76688607
36fbec31
-1025472473
-11312556775
-6554246312
-1011011100011110001010111111010
-12413355622
1100101011001010001000000000000
28c5d3a2
2908d020
15370556435
110000000001010011011111100110
-15776570173
1111111001011001000101110110100
-1111110011011001011000010100011
-1110001000000101111100101001011
-1101100001010000000101010101001
-14315446232
101001111100111000110110101101
1545422147
4655a236
-100101000111001000011110100011
17503373765
-10137251151
4d3b4d89
-1001110110010000010100110000000
-6b0663d4
-6597a62d
-1100111101011101011001101000111
-6d3c1114
1001110001011101101110000000
-4654021143
-2233063012
-3773323621
-100010100101100101100001111011
1000101011010001100010101000100
-4d5711fb
-3101317267
-145a1d6
48e22ad9
-5717162714
-3ded3466
-79fd4a32
-110100000001000100001000111011
-6b1f90b5
-1110001011110110010010000000101
-1101001000010010001011100100101
1111011101001101110010101100001
1010001111100000010110100000000
-188b4f2d
1111101001110001101101001101010
75c3fe7e
2235717701
5570132535
1001000010001110001000110111011
6422754047
1da6394
6132dfbb
-15dcaae7
1110101011010010000101010
-2ec2771d
-1000111011100110101110010010011
-2101414427
6acfcc10
-14175074462
-45ffa206
-295e628
111110110011011110010110010000
1010100101101101110011001001001
3744406314
-4f018b1f
-1006430703
-1111111110100110110000100101100
9c2c433
7c5d14e5
-14174161170
-3033677010
-1101110011000110000011100110001
f67ee29
2f79a3e8
-fdb775e
15335434677
17525027344
-1011001010010000000100001110
-111110011001010000011100110010
50dfbe9
-1111111001111110100010011011110
6205750704
1001000110011111100100100110110
1d77836
-1101010110101011111111001110111
-13222715251
-111011000100111101101011001010
3176142721
-5a73469d
35b7669a
10000000111001011111101101110
16210247735
51b53957
4273353710
508a2f7e
2421234424
4254753571
6bf2a02c
-10671265
56faf632
14391d50
-1c5e3a54
10306232630
-10000111010001101111011011110
1011110001011101010111100000110
-1011001001000110101101110011101
-10430057354
2b5455a7
133650140
1010010100011010010001001101110
1011100010111111110100000110
-5563135171
-1111000000100010000011111010001
5f34f6bf
-6375601372
14d9a758
30497298
351e8bb2
-1651b536
1011000000111011001111011110001
-7651117625
1000111010010110101101001011
-576153421
-7d90f8b7
1302036062
-1010001100001110010001001010
-632fc4b6
35f4e56f
645dd847
1403442757
-4e322337
1000000001100011111001010110010
25473141
-11101111111111101101000010011
1110011001000011111001000101
11111111100011111100111100100
-110110111110000010100110010001
-426a7e8
2ca7ae1a
-236f35e0
5c32241d
-24a25c3b
-1100011010010110010100111110110
1100011110111011111100011110110
-7270372535
4df3575a
100010011000110001001001110000
-1001110110111010110101101111001
-10001101100111111011110001010
2217310424
-1233064520
10001100110011011001010111
-1010110011001110001110010111011
-1100001100001101110110010110100
11010010110011001111001011100
1100101111100010111100010101111
15144037207
-c51be1d
3c5c5afb
-17254541375
-460b6e84
-32017cd
-6701401061
10614030673
-1110101111010011110000010000110
5f67f9ec
-1011101001110100110101100001010
-14427211044
c6df48a
-101101011100110110100010111101
10664310214
60d101a0
637cac5
-1665251574
12152205336
-5b2845bc
-111000100110100010010111100000
11001111111101100110000111000
-14330125663
-17276044565
111011011001110100010110110101
a677829
-1011010000001011110110000110110
10010110010001011110000011001
-2054506534
-1001110111111010011001101101001
7e7aca12
-15666550350
12525345525
-1001000111010010001000110001100
25e635fc
-7e796c86
735e6531
15d59a4d
1111011001101011100100110101001
-1110110101101001111001101011
-6dd253ee
-4a7a681
375722f4
-2c900431
-1562415253
10111100110011110110101011000
-1000011111011011001100111110011
-1001101001001110000101110111001
5b1139a8
19b4bc66
11677074525
-111010001001001101011001110001
10307530703
10012134461
1010000010001001000110101001001
1101011000111010001000101011110
570362060
11130510514
-10636777206
-1110001010100001001000100101
-100001001011101111010100101101
-1110011011000010011100100111101
100001110111111110110100000011
-17754133746
-1111010011101101001011100000101
1100000011000111001001010110000
-1100110010110101100111001100011
1100001100101000100111000100000
2813831b
-12772070021
-18721e0d
1d738daf
-1101111111010101001000010010101
-1947338f
-11000101101010110010001110100
-367027427
-7106315475
1001111000011000101100000000
16672270362
1b9dfb59
-15475201402
-1465213226
284e9d24
1aa101d7
-274be0fe
-447646440
-1010001010010110111111001011000
100000011011110110101011100010
-10302402546
-1f9337b
-101000010010111010010110100100
1100010100011101011111100100001
-326d9492
-13032754112
3dc28297
1111100000110010101000100101011
110101001000000110100111011101
1100001101000110101010001010001
41455803
-6740460607
-1000111100110000101100001111
1c02f883
2514153470
16370540773
101011110000110100101000010101
784c6d85
1101000100101101101101001100011
-6525d121
29ac21d5
-100001001111101101001111001
-1111111010100010100111010000
-208ce239
-10101110101010110010110110101
-110000111000001111101111100101
-204cccea
-605691f7
-10012471317
47924e5c
10101101001000101111111110010
-64e148fb
101111001100111110011100000011
-10101010101010010101010100
-1101110001011001101010000011100
16475360214
15572154516
100000111010100111101101011010
-2710625750
1101101010000000010001110111100
17640517761
-1001110111000010101101000101111
-28937ef2
4644413573
13443725475
-6347034513
11475212512
1266bc81
111000010001011000101111110110
-13627000720
-1011011110011100011000111001000
7430542631
1111110000101000110111101110
2751132742
-6111057115
16701671421
6054212673
14571200256
3320734372
1011110010100001110011001000
-4423423547
1111010001001010001000100111001
-1cc4805e
-74726314
-15077044366
630431421
-17056300370
-11001100110001110011110000011
-101001011011011111000111010
-1001100011110001001010100101010
10703270120
-379b0984
-4ea35de0
-7522141405
-15726546207
-1110010000101100001010101011
-74e341ed
-1101101010010100010010111010
14656731607
-17763520454
1612646747
10657015161
-51f2f6a
110001110100100111011001100011
47687c45
-11110101001100000000010101100
-11444531776
-1011001100110111100101000011111
2026c952
3565476136
445afc05
5e6a0c8
1110010101010000001011001100101
-13434314066
-11279437
-189bd013
447624fa
110100010011101000011100010110
-160a25e7
1010011010100111110100001
-1001010001101110000111111100110
14346560702
-1000100010111011010101010100011
-2444267051
11101001100111101100101000010
1400620257
-3463703640
-1337577734
-17526541047
5362a4ec
-1001110110011110010010000010010
-1101010010100101000110001010
1010100110100010110010100100010
-1110110010111101110011111111001
-13421241613
-1001000101011111100110010111100
11c45387
101110110110011001111110000010
-532400c4
7130657651
12636714626
6c16a87b
-14766172457
16220102614
-4b0b1239
-4022707162
100010111101010100011100101000
-23e24409
-10371577215
110100001001100101000111001
-5076627731
-3300637114
17415511645
-272d93cc
-1010000000111000000110001100101
-1011011111010101011000100010110
-1111101000101001010111111111000
6a798a
-6b3b6084
15265440553
1466712513
13023311725
-3d6b37ed
-13460237103
1110001011110001101111111010011
-15a0f27f
16261456313
75e4854d
17075374713
-a33732e
1110101011001011010010011011
11011100100011001001011000011
1101011011001100111000100011010
1110010100011010000001001101100
-48d62377
1011101001001010010110010101111
-11100101101011100100101101000
76d3e73e
1101011101001011110111000011111
12345406525
-16730122753
-4666400135
1417567435
-1100111010010111011011011011111
1011111111011101001100001101011
59835fd1
-16533252014
3b97c18d
-b865d83
f03eab7
-403150262
-1110101001010100010110011011000
-6f551263
-1001110000100010011011110111001
-10577137364
-6db286c5
-1111110011010010011111111000001
-1110100000111010110100101110
2123252230
1011100101101000000100001011
-101001001101001110011101111010
-11666550223
b500dc8
31796cb4
1110100111101111010010011100010
12054456271
266550350
-1101011000010000010111001011110
1001011010111001010100010110011
15233600673
10100000111110001100010010101
-4b9c8e9
5052c90c
2623777016
12341430332
-365536335
-110001111011010011100000010101
-111010000000000001000100101001
-110011100110101101110111111001
-15327475712
-715cf52f
3676241144
-7046af0
6720106221
e7c0bfa
-70b7bb82
1011110100111101011000011011101
16410151723
-14425655712
110011100110010001110100101
11504761671
3f0dbd4d
2fc8391d
-10665465306
74cee63f
-4fa69554
-60e04e1f
c55c271
-7b1b7077
-44fc57a4
5d7afec3
-6ef6b91d
111001011100010111110100010010
32a16fac
-13764671456
-28dddb8
-7657543614
110111100010010111010000100101
-16700067635
100010111010101101001000110111
101100000110010111101010100000
15225450647
1ef9221e
3b2dfb2d
-4cd953c4
110011110110000010110001011011
100000111100000111001000110000
6f2a0ea0
1110101110111010101111100010001
142f4146
1011011011110100111011010011000
40ba67da
-d07689b
11614630417
1001001000100010000011111010000
10011101001100010010101001000
365afd65
-40995db4
16137437526
4325acc9
-1101111101001011101010111001
13071566612
5e07aaec
242188ab
1011111000011000001001100111110
5f11de09
60f071de
1101111100101011010000011110111
-5843af1b
-6a94a4b9
-6463603d
-1143406253
3dff6459
-39fea311
-14466761132
4414650204
16024437434
-2036cf76
-111111111001010010111010001110
-110110110110000101001101011110
4003c37c
5143736223
-3311007045
e8c621e
1757653541
-100000111110110100010101001
-1aa53d53
1541271176
-646f9dc2
-756411b7
-67610634
-6d93c31
-1101100111010011110110000010010
-7ff3d30d
-13577060160
15662446724
-4e767700
-16771010022
101101111011000110110110000001
4c8e6f11
10531235773
1289f1dc
-11100100110011101001100000
-11101110010000000001110000
6405561341
-15032520372
12046252014
619e41a8
1111100011111000101101010111011
-644418fe
-110100100100011110101010110011
1100110101110101100110101100001
-13167617560
-68bc973d
1110101100000011100010110101
1011101110001010110100011111011
3d114082
13206417273
fd69edf
-450a3407
-1010011110000110110001010001011
11145751746
-5334036740
-6e42385f
-1e65b647
5525365152
700f916c
-65a845a0
4714213125
-1011010011011001000000100100111
-12550426353
10726220162
1011100010100010111111011111011
-10101010111010111101110110010
31b311af
4050142167
-1001110110011101010010011001111
-110010110000100010010100110111
-1870ffce
6266023352
1000101101000100111000001000010
-12401455323
40e0a758
-2d948b90
-11b313c2
-1014551056
461c6ac0
-111110100011111111101100101100
12234022127
6671623156
-1101110011111011011101010100100
-4ebb61f9
-47f36d0b
3f51875e
-35b428f9
-1011100110110101110011001011111
2dd71127
3333454225
-15275361342
11040013126
-1100111011111101100001100111011
-12335573656
-134174370
-100010011101110001001011111011
-2331360263
1111011011111111110101110111011
17454661643
-77626aa5
-100000010010111001111101111101
15615215153
-48417c9d
2ccbb5e7
-7bd2b708
b75db8a
11110010110110101111100100011
-14434100415
-44ac0573
53f81937
-557078c8
-6192f424
-1e6945f9
39bc5573
110000001111010000001010000010
-1100001110101001011001101111000
-71eea89
2734616601
14056366210
5b88a637
-15617351071
1710056116
-11111000001000111111111011111
217cee4a
-1001101001010010000011000010011
7637663233
15162673775
11336516463
12404510036
110111001011101010001000110100
1885fd90
6e9316fc
-1010000011001101101100110110101
6a09f2c5
-110100001011101001010100110000
1a24017
511aecee
1111011011010100101101010111110
-f30db42
488e87e1
-15466721236
529edef9
-1110001100110110001010100111100
33556822
-4bfc0e72
7642071342
-15565132160
1100101000000111111000011101
10526205064
-1110101100001110010010100110110
23a33254
-11010000000111101111000111111
1110001000011101010010000110011
2b0ce1f0
-1100101010101000101010011101001
-5072704202
-4f0de858
3026d047
-2245214e
1111101000011111011100101100111
-12517423755
17547171306
1001000100001000000000000011010
-3164755472
-6564325027
-16065573152
-100111001010110011111011111001
6ef03e69
10101427364
d547e5
-11374375555
-59306db9
1010010000010011001000100111000
-15026070524
-195ed6f4
-4acc0d1a
-1011010001100100100010011110001
-13134635771
-2051734005
-13014432330
2214726236
-5cf01d36
-111011010010110001011011
10011011001000001000011000000
-41683d47
-44877235
-5434624323
2201340613
-16072134032
-2122615752
1000110100101011011101000100001
10447444210
-3560375270
111100101001100011111110100000
-4675336412
-1010011011000110011010110101001
-6130321431
592244fd
-11101010110101100111011110101
326e05d6
1101011011000001011111110111
3d1ccf9c
110101110000000111000000101100
-1101101000110110111000100011101
-5e4126cf
-1110100110011111001101100110010
-526598d8
-7f276057
13714376713
504e7b7
4e7a2904
-16514101504
-1000011101111111100100001101
1011001110011100100110000100000
-1000101110110001011111111010110
-3de09c43
17605315657
6cc86f2f
-7dbcd98a
-30df09a0
1011000001001111100001010111
b910426
-1101101101101100011000001000101
2155600252
-110100101111101010101010010101
-6f1eca29
1001011000100110011100101111110
5121572550
-2a800a65
1005702463
-76619161
-11312257206
2442266274
4ababa0
-111101001001000101000101001101
-3ee5426a
-2057024747
-13767671632
24b94b37
1000010010000101001011011101101
111010101011110110100010111101
2304041416
111110010110111100001001100111
-17051004631
-111000011101100000100111110
16377076441
-4d097013
-582bd380
-110111011111101111001011111010
-5ca9c164
2175706411
13766606441
12334335120
-7897df53
1c047cb2
-1101010101011010011010001101
f255418
66a0ee89
-f52c3ac
4462207001
48a16c6
2064705763
-11110101110100101100101010
1000010101001101010111010011010
2e5545a4
-3aa151cf
111111111100000001010000101000
1010111101000010100011010010110
6217767073
1111010110111101001100111101001
7421731105
14776061666
1010101100110010110111110010011
-110011011010110011010110000100
-1010000101111010110010111010110
-7ca6a9cc
-1100010101000110000101110001
6d9f360e
-110011011100100110001000100111
67668d25
111001111000011111010100111000
-272844cf
-11040516761
1223af4e
2003322247
4b0c1e81
-6211651221
17572106773
cb89da5
-11153574061
-11111010001110100010101001001
100110001011010000111000110110
-4669246d
15565465657
6354352117
-2513c6a0
-4205717164
1001001011011100100101001000110
101101100000000100110111000110
1000100110010011001001001101011
5606223153
-2ac2b346
-111001010111100000111110010000
-1001111100001001010001000110111
6e2ee2cf
693be60c
-10533732110
-16534656310
-54257956
-1011111001110110001100011010010
-17165347022
-6b9ca09d
1111001101011000100011101101010
-1365303732
270013114
-1101111011011000010101111111010
-1000010111110010000111110010111
-25dce23e
-1000010100001001001010000110011
-5114302212
-23775a3f
-11101001100100010101110100001
-79a0676f
11362221634
-5d786586
-28b74f35
-108ca0cc
101000000110110011000001111000
-15000372242
-1a977eb3
101100011100011110101000000111
100110100010101111001101001010
-1638ad76
-1001001100100110111111000111100
111011100000100100111101101001
-1000001101110010011000101110100
-671756ec
1000011000001100110000111110
14371102743
-535324073
-1d1aeada
10a73b6a
-5a7cb67a
-6504766141
-10624031345
1010110101011101000110000010110
-1010001010111101010100001110011
10d13e5b
-6260441177
22ffec5e
476f8c69
-11435121450
-32ec6642
38ed7b02
-2257050376
-1111011010100000000010000011100
6757740751
110001011111110100110000001110
-72264d36
14407365023
4337440136
-76d2b00e
17064452402
-12604133006
-2f5338c2
10000110000011111000101001
-15743071416
3378865c
-339c4b3e
11100101010100110101011110010
5093eec1
2f9bc6db
110100100000010111011100011010
3731d347
-17433722710
-100101010011101001110101001001
13567444265
42c144b
-2b6996f6
13504410662
-1001110110010001100001000001
111100110011001000110000111111
13220365437
111110010001000111100111010101
4434040300
5442526214
15325672740
330ee8ee
4d8c857d
2152712433
2302374471
-14230032242
-1101011000011100100001010001110
-4000614b
-111100100000111110100000000011
36031d12
10110001001111010111011101001
100001101101000000101011001011
-3d917392
-1010101100011001000101110011011
10100111110111111000110111
-10667462052
19f853e7
13574542204
b040c31
-1100001010011100011001000110
4175026741
-100100101111000010010001101001
14762104353
-11010110010010010100111110100
-110101010011101000000100010011
4b94548b
13601615426
2274444372
1742703566
7643137247
3c4d44c5
-7147194b
-1100000110011101010101010101110
1111000100111000100111010111001
31be8abc
-11111001011111101000100111000
1000001111010101100110111001
-16463141103
-3cd0b6a1
12421770543
-4252572072
-5533673715
-1010110110001010011101000000
14106625717
5760757065
-15704177444
13156266464
12611100363
-11046520030
-1101111101111101110111100010111
-12eb4fe2
30ede216
-1011101101010110101101110100000
16523774463
5341643416
-101001101001000010001100101110
-1626525647
2d0e5c30
1010001101001100110010010101111
5871bfcd
1111011100001011011101000011101
12445547266
-6470224104
-20262c6e
-17717373560
-100101010100111111101001001100
-11011010111000010111000010011
16023057343
-1011001100101110111001110111000
-1011011000000100111001010101101
-1010101001011011110110001000100
7ec31ec6
-71bff85d
1011110011001100100000111010010
355abb0b
-17343130401
-11417740156
-11225750255
-1000100010000101001010100000000
6a374f94
4470315022
1774372360
110000110100100010001111100111
-14226557545
-65782187
-652135223
10110001101011111111111101011
3b9d2da8
3466732107
-17771667157
110110110001001010000100000101
5b89f39e
-773101075
111000000100010111001110111011
-1000110010100100101000011101000
-1001011001010000110100111111011
-45c5cbc6
-20c2f8c6
-16471106534
55d07e7f
5245027400
5994c8af
-110010001001100111001011001011
-2677155603
5f13dce2
1b946aae
10566211623
-2890939
2c6165d3
-1000101111011100111110100111001
-101011100001111100101101001010
-14620223021
229f945f
12344657233
1000000011110011100101111010001
1000111110010100010011111011000
-100100111011100111101101000101
110111110001101101100011110101
-101000000011011111011001010111
100101101011010010110111100011
-101110011110101010111111111100
-5016223127
1110011110110101101001010100010
-1507016057
10011101010101001101110001000
-7a55b720
1011010100111010100101011001
-3f510b0a
4136b4a9
17324262326
-1011110110001011000001001000110
61554900
101000010101000011110010011
-1011110010001011100000001011011
-16231055564
3ce4551
-12563253653
69fbc3a2
-1001100001111100010001110111010
2527f275
200accf2
-110111010101011001110110010100
990a520
-15367245147
3e0b73ab
10100101101101111100111011110
56fd0271
-1100110010011110011110111110101
4cfe4b2
-101100001011010000100000011101
-231f3672
-229d8eeb
16051603733
3327044254
-110001011001110011000111000000
-1446532351
2b8e06be
10466537433
-16034233425
-1010110010101110110100100100110
-101001111111001110001101011111
-58c6a3f6
11000000100110001001011001110
110101011001000010111111011010
73ce0a1e
-110111100000001010010100101011
1001111111010011011100001010110
-3cedb8ba
1100101111010010001111110010110
-40661e32
-660d31dc
-1000110010010010100100110000
-4347243601
-1101000101001100010000110101010
6fecb78f
-3047756142
-5e1ae4a7
-111000000000010011011111000111
2d7bd31a
2014765024
-62daf5b0
16143515307
11546546461
111110111010000000110011101000
-5131354574
-6a09b8e1
-17015642653
2d7489e9
-7fbbd36f
6bd428b4
1db90a5c
110011010000000111110000011000
1100011001101101011101010101111
-166f0871
61ca2131
-11420753541
5552716750
37b1b953
4203032727
-46f571df
1100001100001000011111101101101
-110101011010010110110011000
10101101000010101110000010101
-15651440212
558ca518
1110100011111101001001101010
12244276663
7f86ae68
17211007661
-77398412
1b73b7ca
4104644473
1001001101010110111000011110110
5f9bbcb6
7e960273
-453e3d0b
-27da9fe3
10778152
-4672623045
-2226701315
7335772255
-17241067756
3d69faa5
768ae3d2
-29773c2
-eec1ba1
11716263112
17700425257
-5658abc0
-5c1c4dbb
-4573b153
1011000100110000010000100110011
1837a68e
-10062277354
1000001110101101000100011
10010000011111111011100000101
11561002561
-7098b904
54a001b6
5214370423
1111001101111100011100101001110
-13403162420
7377cef2
13466034774
-4cb2f5f
1110110100101010100101110000101
-2d3585e7
-4320331631
10100111000001000000101010111
111111010011011100010101110011
-11111000011000111101100101000
6728e7db
-101000101100111001001100101000
1277347343
100101011000101111000001001010
-1101111101110000110010100110011
1000010000101110000111100110
12326275344
-3067156321
11010100001001111000010111010
-2fdd7941
3773667134
-110000000110011000110001000010
3c71afb6
7f263914
14203716065
-2f9cbe18
1111101101000000000110010000110
627a1427
16204500134
331630176
-1010e37a
-1111110110100100000101110000110
-6123766325
10531013766
-370193eb
1101000011101000111001111010
-66709c0b
-42a5b7dc
7a7dd6cc
-1001011001010010111111001100
1010111001000100001010001111
11703046401
3c2059ff
337663031
4003116163
10110100111111100100101011111
3a41e013
6237621276
36dafd08
10111010001110111000110001
-111101111101000011100101101011
-1000100110111101111100010011100
1000010001110101111011000101010
1ec2a6bd
1100100110001100001000001111
-1667225320
2225141334
-10010001110111101111100101100
-110000010001111101011010101111
5d580c56
-6150460023
111001100111010100001101101100
-14414553754
-15061737657
-2312f748
-1100100011101100101001010000100
35d928c
-111101110011111101101100110010
16510444336
1010000010100110000111001000011
-7165030172
1101110010101100000010101010101
-1001111110000010001111000101111
-11110100010001100111100111101
1100010001001111000111100110101
10001000101010001010110011000
172301314
-672400124
13666721056
1110001000111100100111001011000
733352550
110001111100011010110101101100
-7220435742
55d92cb4
-1e38ca4b
1001110100011010110001001011100
-14613701356
-31551345
16072366456
270f3b8
4f4b668e
14f5a065
cfcf147
2e9045d5
-136113070
-17347734023
-738d76fb
-5431647146
550432636
-5fae64e0
-625092a3
4069b1ec
-4246743016
6742553261
1100001111010100001010001111100
12523424640
-20f3062c
-117575502
-1110010011011101101110000011010
-404204614
54e82231
359440bb
30b8092c
17347362405
-1010001101111110010100100011110
1011100000010100111110010111101
-11172303753
-111001010010100010011100100100
-11225724027
-ff5ceb9
-6453720513
-766fe54d
-17147103220
-1000101011110110001101001011001
12365174031
3cad4778
-1110101110100110100100011110111
319b49ab
-ed31522
110001011100101111101101010010
29c2b4bd
d306463
-1101010101100000001011001110
-692e012e
2ff79ab7
61c42a09
24027a93
5d763851
1000111001101011100001010010001
343829e7
-5cdcd6ed
100001010000111010101110110
-101000001111001010001101110100
16763244504
1111111010010011101010111100100
1100110100100101001001100100001
3b02dc83
10563232325
-1101111101000110011100111010000
-14702222621
646310124
-75c220d8
-51742b99
-54b01b79
12600650145
11100010000111100010100111011
15744732240
101111010111100000011010000001
644617034
-15133365507
-1010000001000101000011100110111
-778079b
-3424003330
4931a558
11553241237
7c4f2359
11107741144
51fbae9a
-1000111100111111111101001000111
-1fcc8a87
7152222433
-14543547434
3150016247
1111011011111110011001000111011
1111100101001100001001111101100
1110011110100011001010010100001
1011110110111000011010001100100
-2c85ce31
1011110100001110111101000101100
100000011000100101001011001110
7acf35d6
-1100101011001000110001110011101
1ed0914c
-1011010101001101110101011011000
7676512032
b923a
-10100011011110101000101111100
56cf1cd2
1525b368
111100100101111100111111100000
459ce4ed
1000101101110001101101110001011
5116754660
-17671456501
5c781427
-16735202247
-7451611357
-100100000000100010000111011100
5bbcef0c
-100011111101010111111011000011
-6cdb8c71
ea358bd
2cb72bad
-12307133140
1614305342
13462567127
-10001011111010011101001000011
111100000111110101110001011111
-2771365767
-4332776072
10000010001000011000001111001
7675cd15
-6346023411
2023553770
-14430746751
-219a48b1
-1001110001111001001101010101110
-10101011111110001110000111011
-5640514244
-110011001100100000111110110111
1111101001011111010000001100101
11650263267
-16347607333
101010100110111110100100100010
-1101111011010100000000111000011
-5632612545
14566126712
5410606760
2f312994
-101101010101110111010101000000
1111010100100011001110111010010
15bb5c02
-1101110101010111010000101101110
1110001010101110010011110001110
358726d1
-1101011001011011001011000100111
643241722
4dbd4243
100001001000110101100010111100
46ff0738
2e4bd7e6
-433e01c6
110000100010011110100000010100
-7299846a
110101110111011101101110101011
-649fc5b6
-1010110101111111101011011110000
-395f6915
-1111101000011111011100011101100
-12612512431
1657026461
7075647014
678745b2
11005063
c037a0e
-7fca2bf0
-111111011101110111001001011101
13627006337
1b666441
121d6fef
-11111010110110010000011001110
11111111110100101111101100110
-4d7cd9d4
16456262674
-19290a8c
-16547640170
-10100001001101000011100110000
-5277e808
100100100111010101110001001001
-10512140550
16523171601
15566437316
-4243263044
-116617627
4724111056
1551312254
17613521325
13747434361
-577a9421
-159c61d5
-1100001010000100100000111110110
110000100011110001111001110111
15221337347
-110011111111001110010101100001
20a3bbe1
-5612632304
1000010100000100001100101001111
17310770534
17730276170
-1ecc069f
-10100101000001101101100001011
110111000011110000110110101011
13156765516
-16114531342
6010451244
1001110100111111111001100100001
3020ad6d
6103460775
7040454336
5081d8b1
15101224106
-bec2d14
-518b901c
1053343572
1010011101010001111001110101011
-1011111100110000000010111001
-1000a9f2
-6be32303
-4e3a7b61
-5e807ef8
-1001101000101101110010000111110
-1010001001110111100100101011
-1101101101101001010001111000110
3782e14a
-7affa4d4
d404e97
72a1e61f
-1011011101111110100111111111100
10464254436
-5ee78156
1010010101001011100101000100011
3fb8d842
-2372003227
-11000111010111111011100110101
110000100011111110110001001110
-1101011101011110001101111111001
6067516553
57e133f2
6353554772
fc6fe9d
51cba34c
-1442444057
-17415135162
13662671024
244ab60e
-b732ade
-6050504054
1010001101000110011001111100101
37bf1a1f
100001101010111100001000011001
1071526674
57598c3d
4033452453
-4345257645
11111000011101000010100001110
-40875fc1
-1cfebed8
-65961862
-1101001011000110001101101111101
30493cc5
11165165421
1111100010111100000111011010111
1111010010101110111010010100
-6eaa1da5
59e757eb
-100011011010000000100011000101
-10101111010111111010100111
-1011100111001011110111110011100
1101010110010100101100110110000
1000011101101000001001100110
-7338f29b
17265365211
2663166366
7d0701cb
25bff77e
1111011010010011000010000001
-17331213105
14064667555
111111110101111100010001111111
-58a986a6
-5b2b0e05
58aaf348
-13363532025
1000000100110110100111001011110
-1001000111001110101011001110000
-1110011111000011110011110111111
1011111010010110011011100110100
13735626555
6e3611e5
28571bab
100011100011010101000110010101
366173004
-1fae8995
-28f4a949
-1100000000101010000010010010000
1111010111000011111110010011011
