0 ' 1
True
1 $ 2
True
2 > 2
True
1 % 2
2 + 2
1 - 2
0 5 1
0   1
1 ] 2
0 2 1
0 ; 1
0 % 1
3 ( 2
0 . 1
0 | 1
3 ] 2
0 1 1
1 < 2
0 = 1
1 % 2
True
1 # 2
1 ~ 2
0 { 1
0 7 1
1   2
1 > 2
0 ' 1
0 * 1
0 + 1
1 ; 2
3 ^ 2
8 @ 2
0 ! 1
0 2 1
3   2
0 ^ 1
1 > 2
0 " 1
True
0 ) 1
2 ; 2
2 # 2
4 + 2
1 % 2
True
3 / 2
2 ` 2
3 | 2
0 [ 1
0 / 1
5 [ 2
2   2
0 ? 1
True
0 4 1
1 * 2
4 - 2
3 ? 2
0 , 1
2 & 2
0 ^ 1
0 3 1
0 ` 1
0 - 1
True
0 % 1
0 2 1
1   2
1 ` 2
0 5 1
3 @ 2
2 ! 2
1 ` 2
5 ~ 2
1 , 2
0 = 1
0 ~ 1
True
2 ~ 2
0 , 1
0 [ 1
1 / 2
0 : 1
0 8 1
0 2 1
1 , 2
0 @ 1
2 % 2
0 # 1
0 ! 1
1 ! 2
4 < 2
8 < 2
0 2 1
0 9 1
True
0 & 1
2 % 2
0 [ 1
1 ` 2
2 ; 2
0 # 1
0 3 1
2 + 2
6 ? 2
0 < 1
2 ' 2
1 ^ 2
0 7 1
0 5 1
True
0 8 1
0 ` 1
0 7 1
True
0 } 1
1 ` 2
0 9 1
1 - 2
6 ] 2
1 [ 2
0 # 1
2 ! 2
0 2 1
True
True
0 ; 1
0 [ 1
0 2 1
3 > 2
0 \ 1
True
0 5 1
1 @ 2
4 ) 2
6 } 2
6 + 2
0 / 1
0 1 1
True
0 , 1
6 * 2
True
0 ^ 1
8 ; 2
0 ` 1
2 @ 2
True
2 } 2
0 2 1
2 : 2
2 @ 2
0 & 1
0 ~ 1
2 | 2
1 , 2
8 ( 2
1 ] 2
1 [ 2
4 * 2
2 ( 2
0 1 1
0 ~ 1
3 ~ 2
3 / 2
1 ) 2
10 % 2
0 ] 1
True
1 ] 2
2 , 2
5 ? 2
True
0 4 1
2 / 2
0   1
0 2 1
True
0 - 1
5 ! 2
3 / 2
2 & 2
1 ) 2
1 ( 2
0 5 1
4 ) 2
0 3 1
0   1
0 ] 1
0 $ 1
0 + 1
1 { 2
0 7 1
3 - 2
0 : 1
2 ! 2
True
1 = 2
0 # 1
0 ) 1
0 > 1
0 1 1
2 @ 2
0 ) 1
2 ' 2
1 . 2
0 ` 1
4 " 2
0 @ 1
1 , 2
5 / 2
1 $ 2
3 } 2
0 \ 1
3 ? 2
0 7 1
0 1 1
6 & 2
0 4 1
4 & 2
3   2
1 # 2
1 * 2
1 ; 2
True
0 ~ 1
True
0 = 1
2 @ 2
0 8 1
0 ] 1
0 0 1
0 [ 1
1 / 2
0 0 1
0 ? 1
0 2 1
1 } 2
0 . 1
4 - 2
9 , 2
0 } 1
True
5   2
0 > 1
1 } 2
0 { 1
0 $ 1
0 # 1
2 # 2
True
True
3 < 2
0 * 1
3 " 2
1 [ 2
4 ? 2
2 ) 2
4 = 2
0 | 1
0 & 1
0 # 1
0 0 1
1 ) 2
3 + 2
0 / 1
1 ! 2
4 = 2
3 ] 2
0 ` 1
0 @ 1
0 " 1
0 | 1
0 3 1
0 * 1
0 $ 1
4 } 2
0 ^ 1
0 ` 1
0 [ 1
0 0 1
0 ! 1
0 $ 1
1 & 2
0 . 1
0 " 1
0 ^ 1
0 ; 1
0 ! 1
0 % 1
0 5 1
True
0 ! 1
True
1 : 2
0 # 1
5 $ 2
0 ] 1
1 , 2
True
1 ] 2
1 * 2
True
1 , 2
1 ) 2
2 ' 2
12 & 2
0 ; 1
0 } 1
True
0 ! 1
0 ^ 1
4 ! 2
3 = 2
1 = 2
0 4 1
0 ] 1
1 ( 2
1 # 2
0 7 1
2 * 2
3 / 2
0 { 1
0 ^ 1
2 { 2
0   1
0 > 1
0 ` 1
True
0 = 1
2 ( 2
0 - 1
5 ? 2
0 6 1
1 , 2
2 % 2
4 + 2
1 % 2
0 } 1
1 = 2
4 : 2
2 ] 2
0 8 1
1 \ 2
0 | 1
True
0 1 1
0 : 1
4 \ 2
1 ; 2
2 ~ 2
0 7 1
0 $ 1
True
0 ; 1
1 < 2
1 > 2
0 + 1
0 # 1
3 + 2
0 [ 1
True
2 | 2
1 ` 2
1 = 2
0 # 1
True
2   2
0 6 1
6 $ 2
True
0 , 1
3 $ 2
0 ' 1
2 : 2
1   2
0 * 1
1 ) 2
7 < 2
2 ) 2
0 @ 1
3 * 2
2 [ 2
0 & 1
1 ; 2
1 = 2
1 ] 2
0 6 1
1 ? 2
0 # 1
6 { 2
0 2 1
0 + 1
4 ` 2
3 - 2
0 9 1
1 * 2
0   1
1 , 2
1 ) 2
2 - 2
2 > 2
1 ] 2
2 { 2
2 } 2
0 ? 1
4 ^ 2
True
3 ^ 2
0 2 1
0 > 1
0 ~ 1
True
3 - 2
0 \ 1
2 " 2
0 < 1
1 : 2
1 ? 2
1 + 2
0 | 1
True
0 ( 1
0 ` 1
2 , 2
0 ~ 1
2 $ 2
0 - 1
0 3 1
0 ^ 1
4 | 2
2 % 2
0 3 1
0 ! 1
True
0 " 1
6 ) 2
0 " 1
0 } 1
True
3 \ 2
2 & 2
True
0 3 1
1 , 2
0 9 1
1   2
True
2 ] 2
0 ~ 1
1   2
True
1 ^ 2
1 " 2
2 > 2
5 | 2
3 : 2
1 " 2
True
1 | 2
True
0 | 1
0 " 1
1 # 2
1 ~ 2
0 ] 1
0 ) 1
4 ^ 2
5 { 2
0 $ 1
0 ` 1
1 + 2
0 ' 1
1 ] 2
2 $ 2
4 \ 2
0 < 1
0 0 1
2 $ 2
0 ? 1
4 ( 2
0 : 1
0 ] 1
0 > 1
8 @ 2
0 5 1
4 ' 2
True
0 \ 1
0 $ 1
1 / 2
0 = 1
0 > 1
0 | 1
True
0 + 1
0 ( 1
4 } 2
2 ! 2
0 0 1
2 | 2
2 ( 2
0 + 1
True
0 + 1
2 > 2
2 \ 2
3 ? 2
4 \ 2
0 > 1
1 @ 2
0 , 1
0 = 1
0 @ 1
0 $ 1
0 2 1
3 " 2
1 , 2
0 ] 1
1 ; 2
0 ; 1
3 * 2
5 } 2
1 < 2
0 [ 1
0   1
2 @ 2
2 @ 2
1 { 2
0 / 1
4 / 2
0 + 1
2 , 2
0 " 1
2 ] 2
0 ^ 1
0 ~ 1
0 & 1
2   2
0 9 1
0 ) 1
0 = 1
3 } 2
0 * 1
0 ] 1
True
1 ` 2
0 * 1
0 | 1
3 ? 2
1 ~ 2
True
0 5 1
7 - 2
True
2 ) 2
0 } 1
2 - 2
True
0 > 1
2 ] 2
0 9 1
True
0 9 1
0 [ 1
0 @ 1
8 ' 2
True
1 % 2
True
1 | 2
1 ; 2
1 } 2
2 ^ 2
0 | 1
0 6 1
1 ~ 2
1 # 2
0 . 1
1 ' 2
0 ^ 1
0 ; 1
0 ( 1
1 = 2
0 \ 1
0 * 1
0 \ 1
5 = 2
5 % 2
1 + 2
0 * 1
0 } 1
3   2
0 ) 1
4 ! 2
1 * 2
True
0 0 1
0 = 1
0 6 1
True
0 # 1
2 > 2
0 " 1
5 - 2
5 ! 2
0 ? 1
0 0 1
0 ~ 1
0 7 1
0 $ 1
True
0 ^ 1
1 - 2
1 # 2
0 ) 1
0 $ 1
0 ] 1
0 ` 1
3 | 2
0   1
True
True
0 { 1
0 [ 1
True
0 8 1
0 $ 1
0 0 1
True
0 6 1
0 / 1
True
0   1
2 [ 2
1 & 2
0 , 1
True
0 > 1
0 ' 1
0 9 1
5 ) 2
0 \ 1
4 ^ 2
1 / 2
0 # 1
0 ; 1
1 ~ 2
0 } 1
4 ~ 2
0 ^ 1
0 = 1
2 , 2
True
3 $ 2
1 + 2
0 / 1
0 8 1
3 = 2
0 1 1
0 0 1
0 ( 1
5 * 2
4 : 2
0 8 1
1   2
0 : 1
1 ? 2
0 < 1
1 ~ 2
0 0 1
0 ` 1
True
1 ) 2
0 9 1
0 & 1
0 . 1
1 \ 2
0 + 1
0 4 1
1 | 2
0 3 1
0 > 1
0 : 1
0 5 1
0 2 1
0 | 1
0 ~ 1
1 - 2
True
True
0 0 1
True
0 } 1
2 ( 2
3 & 2
0   1
0 ! 1
2 [ 2
True
0 ; 1
1 @ 2
2 ] 2
5 ; 2
True
1 ` 2
6 . 2
1 ! 2
1 ; 2
1 ? 2
True
0 \ 1
0 ~ 1
0 < 1
0 $ 1
0 % 1
0 * 1
0 | 1
0 ~ 1
True
True
True
1 / 2
True
0 } 1
0 > 1
0 / 1
True
0 $ 1
1 # 2
0 ) 1
0 & 1
1 " 2
1 # 2
2 } 2
True
1 ^ 2
1 [ 2
True
0 < 1
0   1
0 ? 1
0 ^ 1
0 5 1
2 ^ 2
True
0 @ 1
3 < 2
True
3 { 2
0 9 1
True
True
0 | 1
True
0 6 1
True
10 ] 2
6 ? 2
0 ( 1
2 * 2
0 $ 1
0 9 1
1 ! 2
0 ( 1
0 $ 1
1 - 2
0 < 1
0 9 1
1 ? 2
1 , 2
2 ' 2
3 { 2
True
0 . 1
0 ] 1
0 ( 1
True
1 + 2
1 \ 2
0 % 1
1 ` 2
0 | 1
0 & 1
4 ` 2
1 ' 2
0 ; 1
True
1 ! 2
1 ! 2
2 ^ 2
1 / 2
1 ^ 2
0 ^ 1
0 4 1
0 3 1
1 } 2
True
1 > 2
True
0 \ 1
0 3 1
0 < 1
True
10 , 2
0 ( 1
0 6 1
2 ( 2
2 ~ 2
0 ! 1
0 ~ 1
0 0 1
2 { 2
4 ? 2
4 | 2
0 $ 1
3 ' 2
2 , 2
1 + 2
0 ' 1
0 ? 1
2 , 2
True
1 % 2
0 * 1
6 : 2
0 \ 1
3 ; 2
0 1 1
0 ! 1
3 / 2
3 % 2
2 ? 2
True
2 $ 2
0 7 1
True
True
0 & 1
True
0 " 1
1 > 2
0 0 1
0 % 1
0 ) 1
0 < 1
0 4 1
2 - 2
0 3 1
0 | 1
0 . 1
1 @ 2
1 , 2
0 . 1
3 ' 2
1 [ 2
0 @ 1
0 . 1
1 . 2
1 { 2
0 > 1
2 [ 2
True
0   1
0 4 1
0 0 1
0 ( 1
1 @ 2
0 4 1
0 , 1
0 3 1
1   2
0 - 1
0 9 1
0 ~ 1
2 * 2
0 9 1
2 . 2
1 + 2
3 , 2
0 3 1
2 } 2
True
2 # 2
4 * 2
1 ~ 2
True
1 ; 2
True
0 8 1
0 8 1
3 ^ 2
0 = 1
3 " 2
1 [ 2
0 / 1
True
1 = 2
3 ? 2
True
3 , 2
0 0 1
2 # 2
2 | 2
1 : 2
2 % 2
0 ~ 1
0 9 1
0 [ 1
3 * 2
0 < 1
5 ] 2
0 = 1
0 ` 1
2 ^ 2
0 7 1
True
True
0 3 1
4 ] 2
0 ^ 1
True
3 > 2
0 $ 1
1 { 2
2 % 2
0 \ 1
3   2
3 ^ 2
2 ? 2
3 ( 2
5 " 2
0 8 1
0 = 1
3 ' 2
2 ! 2
0 ! 1
1 : 2
True
0 & 1
0 \ 1
True
1 > 2
2 " 2
0 $ 1
4 { 2
1 * 2
0 3 1
2   2
1 ! 2
0 ~ 1
1 ' 2
10   2
0 . 1
True
0 5 1
0 8 1
2 > 2
1 > 2
0 % 1
0 1 1
6 # 2
True
2 $ 2
6 ` 2
0 ~ 1
1 = 2
0 [ 1
True
0 ) 1
0 ? 1
2 % 2
3 $ 2
3 - 2
True
0 # 1
6 ] 2
0 > 1
0 * 1
11 , 2
2 : 2
1 / 2
True
0 . 1
0 ) 1
0 ] 1
0 # 1
2 = 2
2   2
2 * 2
0 ' 1
True
8 ; 2
0 $ 1
5 $ 2
0 ) 1
2 # 2
2 # 2
0 ( 1
0 # 1
0 > 1
1 ( 2
5 = 2
0 & 1
0 { 1
True
True
1 @ 2
True
1 . 2
3 > 2
1 # 2
4 < 2
True
2 ! 2
3 > 2
True
0 [ 1
1 [ 2
True
4 ] 2
1 ! 2
0 . 1
1 \ 2
0 ~ 1
2 , 2
0 ` 1
2 . 2
0 [ 1
0 ; 1
0 ( 1
0 2 1
0 = 1
0 8 1
1 % 2
1 > 2
1 > 2
0 \ 1
1 # 2
True
1 | 2
0 , 1
2 % 2
5 # 2
6 ~ 2
0 5 1
0 # 1
3   2
0 ` 1
0 { 1
9 " 2
2 ! 2
4 $ 2
2 ? 2
2 + 2
3 [ 2
0 - 1
0 0 1
0 ! 1
3 $ 2
1 + 2
2 & 2
0 ` 1
0 ! 1
0 # 1
0 ] 1
0 ] 1
3 + 2
3 ] 2
0 $ 1
1 . 2
0 < 1
0 " 1
0 % 1
1 % 2
1 ^ 2
1 % 2
2 > 2
2 * 2
1 ) 2
0 : 1
2 < 2
3 @ 2
0 & 1
2 ? 2
0 2 1
1 . 2
0 / 1
0   1
1 , 2
0 | 1
0 ^ 1
0 6 1
True
True
0 1 1
0 \ 1
1 - 2
4 / 2
0 - 1
2 , 2
0 , 1
0 * 1
0 ) 1
1 / 2
4 ? 2
2 ] 2
2 ( 2
0 ( 1
True
2 < 2
0 % 1
1 ' 2
0 , 1
True
1 \ 2
3 ' 2
0 8 1
0 # 1
0 5 1
3 * 2
0 ` 1
7 = 2
3 * 2
0 ; 1
0 7 1
1 & 2
3 # 2
0 2 1
8 = 2
0 + 1
True
1   2
True
0 ( 1
2 " 2
1 < 2
1 ? 2
3 ! 2
True
True
0 > 1
3 - 2
6 + 2
1 ] 2
0 3 1
True
0 \ 1
0 + 1
True
0 2 1
0 ( 1
0 ( 1
0 : 1
1 ~ 2
True
2 ] 2
True
0 @ 1
2 ^ 2
1 : 2
2 ( 2
0 { 1
8   2
2 : 2
0 7 1
0 & 1
1 # 2
0 { 1
2 ? 2
0 4 1
0 " 1
9 # 2
0 5 1
8   2
2 - 2
1 ? 2
1 ( 2
4 ~ 2
0 5 1
0   1
1 : 2
1 ' 2
0 $ 1
0 1 1
1 ? 2
8 . 2
0 - 1
0 ] 1
0 9 1
2 ) 2
0 ) 1
1 = 2
2 < 2
0   1
0 : 1
2 + 2
0   1
2 ( 2
1 ^ 2
0 = 1
0 ) 1
2 + 2
1 * 2
1 ' 2
3 ; 2
1 ' 2
0 | 1
0 & 1
1 } 2
4 ] 2
0 \ 1
1 [ 2
0 ` 1
0 " 1
1 \ 2
1 & 2
3 $ 2
1 & 2
3 # 2
True
1 $ 2
3 & 2
0 { 1
6 + 2
2 ? 2
2 { 2
0 4 1
2 ] 2
1 ! 2
2 - 2
6 ( 2
0 ( 1
0 / 1
4 \ 2
2 @ 2
0 $ 1
4 + 2
0 , 1
0 ( 1
0 + 1
0 = 1
0 6 1
True
0 + 1
7 ` 2
1 @ 2
1 [ 2
0 8 1
1 * 2
0 4 1
0 ( 1
1 # 2
5 , 2
0 % 1
1 [ 2
0 2 1
1 . 2
0 - 1
0 | 1
1 ! 2
3 - 2
True
0 ] 1
1 ( 2
5 , 2
0 : 1
0 } 1
1 ? 2
0 ~ 1
True
4 > 2
0   1
2 # 2
0 ] 1
True
1 \ 2
True
True
0 { 1
1 | 2
True
True
1 ' 2
2 % 2
0 ? 1
0 9 1
0 9 1
0 | 1
0 : 1
2 ; 2
1 " 2
0 1 1
4 ~ 2
0 ~ 1
1 $ 2
1 } 2
True
1   2
0 5 1
3   2
3 { 2
True
3 ! 2
1 : 2
0 = 1
0 ~ 1
0   1
0 \ 1
True
0 ' 1
1 \ 2
3 [ 2
0 " 1
0 " 1
2 ~ 2
1 - 2
0 & 1
0 2 1
0 6 1
True
4 [ 2
1 \ 2
1 ; 2
True
4 * 2
0 8 1
2 @ 2
0 $ 1
0 / 1
0 1 1
2 $ 2
0 > 1
0 ( 1
0 + 1
0 . 1
0 0 1
True
0 } 1
0 . 1
2 + 2
0 ] 1
3 $ 2
3 | 2
0 { 1
0 6 1
2 | 2
4 ; 2
2 { 2
11 - 2
1 ) 2
True
3 ] 2
2 ! 2
0 ; 1
3 ? 2
0 % 1
0 8 1
0 ^ 1
6 / 2
0 > 1
True
0 - 1
1 & 2
True
0 > 1
0 ] 1
1 / 2
1 ? 2
0 6 1
0 @ 1
4 ; 2
0 , 1
1 ! 2
4 } 2
0 , 1
0   1
1 ? 2
0 : 1
1 ( 2
0 @ 1
0 8 1
1 $ 2
0 ; 1
True
3 { 2
0 0 1
3 & 2
1 = 2
7 - 2
0 ] 1
0 6 1
3 @ 2
0 4 1
1   2
2 " 2
0 \ 1
2 { 2
0 ? 1
True
0 ; 1
0 / 1
2 > 2
2 @ 2
6 - 2
0 > 1
0 [ 1
2 & 2
1 # 2
0 . 1
0 ) 1
0 { 1
0 { 1
1 } 2
0 " 1
0 ` 1
0 ? 1
0 $ 1
2 # 2
5 { 2
2 - 2
0 : 1
3 } 2
True
0 7 1
5 ) 2
2 \ 2
0 ^ 1
4 : 2
3 : 2
3 @ 2
0 , 1
1 " 2
5 | 2
0 { 1
True
0 6 1
1 < 2
0 * 1
0 | 1
1 ! 2
0 0 1
1 ( 2
0 4 1
2 + 2
4 : 2
1 @ 2
2 # 2
2 * 2
6 : 2
0 + 1
0 | 1
1 $ 2
0 | 1
3 $ 2
0 } 1
4 = 2
2 ] 2
True
2 ; 2
4 & 2
0 # 1
True
True
0 - 1
0 + 1
0 ] 1
0 ~ 1
3 > 2
3 < 2
2 ] 2
True
1 ^ 2
0 9 1
2 ? 2
1 + 2
5 ` 2
1 ! 2
1 < 2
0 ' 1
5 + 2
1 | 2
0 1 1
2 | 2
True
True
1 ; 2
0 - 1
0 5 1
9 . 2
2 $ 2
0 < 1
4 ; 2
4 + 2
True
0 7 1
0 ` 1
0 ? 1
1 ' 2
0 8 1
2 ] 2
True
0 5 1
0 ( 1
3 " 2
3 } 2
3   2
10 ? 2
True
0 ~ 1
0 = 1
7   2
0 ` 1
2 ` 2
0 0 1
1 ' 2
0 / 1
True
0 ' 1
1 ^ 2
5 | 2
0 ! 1
0 7 1
0 + 1
1 : 2
0 - 1
True
0 " 1
6 ? 2
5 ~ 2
3 ] 2
1 : 2
1 * 2
0 + 1
True
0 ? 1
1 ` 2
1 ? 2
1 % 2
2 @ 2
0 { 1
2 * 2
1 ; 2
2 ` 2
2 } 2
0 , 1
True
3 , 2
0 ` 1
3 / 2
0 } 1
5 { 2
2 ` 2
0 = 1
0 ) 1
1 [ 2
0 + 1
3 \ 2
2 ~ 2
2 . 2
0 2 1
1 < 2
0 % 1
2 + 2
0 1 1
1 = 2
4 $ 2
0 [ 1
0 * 1
0 @ 1
5 < 2
True
True
0 ' 1
2 # 2
1 : 2
3 ' 2
2 ' 2
2 $ 2
0 8 1
0 / 1
0 * 1
2 = 2
1 " 2
6 $ 2
0 @ 1
0 , 1
3 } 2
0 + 1
2 [ 2
0 ` 1
2 > 2
0 ) 1
0 ~ 1
2 " 2
True
0 6 1
0 1 1
0 # 1
5 ~ 2
0 < 1
True
5   2
0 ; 1
3 ( 2
0 4 1
7 * 2
0 $ 1
0 \ 1
0 \ 1
True
3 , 2
2 / 2
2 # 2
7 ( 2
1 ~ 2
3 ; 2
0 0 1
True
0 3 1
0 $ 1
0 8 1
1 . 2
1 ' 2
True
1 ) 2
0 , 1
2 + 2
3 - 2
3 & 2
3 < 2
7 ' 2
0 ' 1
2 $ 2
1 = 2
True
2 & 2
2 ; 2
0 > 1
4 ~ 2
True
0 $ 1
2 : 2
3 ? 2
0 # 1
True
10 + 2
True
5 ; 2
1 ^ 2
True
5 = 2
0 < 1
1 / 2
0 0 1
0 ) 1
1 " 2
6 ) 2
True
1 ` 2
3 ; 2
0 ! 1
1 " 2
0 ( 1
3 , 2
4 ` 2
True
True
0 6 1
0 8 1
0 ^ 1
1 = 2
1 > 2
0 $ 1
3 ; 2
1 ~ 2
7 - 2
4 ( 2
0 ` 1
2 ( 2
4 " 2
True
8 [ 2
0 3 1
1 ) 2
0 6 1
0 ) 1
1 } 2
0 ; 1
1 } 2
0 ; 1
True
True
True
True
0 6 1
2 ^ 2
0 2 1
0 + 1
2 @ 2
0 - 1
2 > 2
4 * 2
0 8 1
0 " 1
0 $ 1
1 & 2
0 8 1
True
3 ' 2
5 \ 2
1 - 2
0 0 1
3 ; 2
0 [ 1
1 \ 2
0 9 1
1 ' 2
2 + 2
0 " 1
5 $ 2
0 ( 1
True
2 { 2
0 | 1
0 4 1
0 " 1
1 $ 2
4 > 2
True
True
2 + 2
0 1 1
0 [ 1
0 7 1
1 / 2
1 < 2
0 7 1
0 8 1
5 | 2
1 | 2
4 + 2
3 \ 2
True
True
7 : 2
1 } 2
1 & 2
1 * 2
1 ) 2
0 1 1
2 ? 2
2 " 2
1 ; 2
0 0 1
1 } 2
0 ? 1
True
1 & 2
0 6 1
0 . 1
1 | 2
7 } 2
0 [ 1
1 ' 2
0 = 1
3   2
0 , 1
0 , 1
0 $ 1
0 ( 1
0 7 1
0   1
4 ? 2
2 * 2
0 , 1
True
2 ( 2
0 @ 1
0 ` 1
2 [ 2
2 , 2
4 ! 2
0 7 1
0 [ 1
0 - 1
1 ] 2
0 ` 1
0 * 1
0 $ 1
3 ` 2
7 ( 2
0 ) 1
0 3 1
1 . 2
0 | 1
0 ( 1
0 ? 1
3 ' 2
0 0 1
1 ; 2
7 + 2
1 $ 2
8 ; 2
True
0 ! 1
True
2 $ 2
0 \ 1
0 6 1
0 5 1
0 ! 1
0 " 1
1 % 2
4 [ 2
0 > 1
1 { 2
True
0 [ 1
0 ^ 1
0 > 1
13 ] 2
1 : 2
0 ] 1
0 * 1
0 8 1
1 > 2
True
0 4 1
1 = 2
0 & 1
2 ? 2
0 \ 1
0 | 1
0 < 1
2   2
0 ~ 1
1 ^ 2
1 + 2
1 @ 2
0 0 1
0 ~ 1
0 ^ 1
0 2 1
0 ] 1
0 @ 1
0 - 1
0 9 1
1 , 2
0 / 1
0 5 1
0 { 1
1 " 2
0 2 1
8 > 2
1 } 2
4 , 2
2 [ 2
0 ~ 1
0 ; 1
True
2 | 2
True
0 2 1
True
True
1 } 2
True
1 ] 2
0 + 1
1 ^ 2
4 : 2
1 . 2
0 5 1
8 , 2
3 ] 2
4 : 2
0 6 1
1 % 2
0   1
0 9 1
0   1
1 $ 2
True
2 ~ 2
1 + 2
True
0 < 1
0 ] 1
1 / 2
0 ; 1
0 | 1
2 . 2
4 { 2
1 > 2
0 / 1
1 ? 2
2 ' 2
0 0 1
0 | 1
1 * 2
0 5 1
9 , 2
1 - 2
4 / 2
0 " 1
2 & 2
True
0 - 1
0 = 1
0 ! 1
2 ^ 2
0 5 1
1 , 2
1 { 2
0 * 1
1 [ 2
1 = 2
0 } 1
0 ` 1
0 * 1
0 1 1
0 % 1
1   2
4 > 2
2 ~ 2
3 $ 2
2 < 2
0 = 1
0 5 1
True
0 - 1
0 ] 1
1 } 2
True
4 ; 2
2 * 2
0 - 1
2 ` 2
1 > 2
2 ( 2
True
1 ! 2
0 { 1
1 . 2
0 ; 1
0 ^ 1
0 $ 1
True
0 { 1
0 ^ 1
3 $ 2
True
0 ? 1
True
1 } 2
True
2 ^ 2
0 ; 1
0 / 1
3 " 2
3 { 2
0 ) 1
0 < 1
1 & 2
0 ( 1
2 ~ 2
0 & 1
True
0 2 1
3 ' 2
0 . 1
0 " 1
1 / 2
0 4 1
0 ` 1
2 ` 2
0 ! 1
0 1 1
1 ' 2
10 = 2
0 $ 1
2 } 2
3 | 2
0 : 1
True
0 * 1
True
0 + 1
1 < 2
1 ) 2
2 ' 2
True
0 $ 1
0 } 1
1 $ 2
0 * 1
0 ) 1
3 < 2
0 | 1
1 + 2
2 ; 2
True
0 } 1
2 \ 2
1 ( 2
3 * 2
1 [ 2
1 ] 2
True
0 \ 1
0 ) 1
1 [ 2
0   1
1 & 2
3 > 2
2 = 2
0 < 1
0 ? 1
True
0 3 1
2 ' 2
2 & 2
1 ' 2
0 4 1
0 | 1
0 $ 1
True
4 & 2
True
1 - 2
0 ~ 1
2 " 2
0 8 1
1 ) 2
6 & 2
0 ! 1
0 ^ 1
1 ; 2
0 ? 1
0 , 1
1 ' 2
0 . 1
5 + 2
2 + 2
3 / 2
0 . 1
0 - 1
0 8 1
0 [ 1
1 % 2
1 { 2
0 % 1
0 1 1
True
0 : 1
4 ' 2
True
0 : 1
1 ^ 2
0 2 1
0 ? 1
0 > 1
0 + 1
5 ? 2
0 ! 1
2 / 2
10 \ 2
0 " 1
2 = 2
1 ^ 2
0 , 1
2 = 2
0 4 1
0 + 1
1 > 2
3 * 2
0 0 1
0 @ 1
0 ; 1
0 " 1
2 $ 2
0 . 1
0 [ 1
0 4 1
8 } 2
0 ? 1
2 ' 2
1 - 2
0   1
0 ^ 1
0 " 1
0 > 1
0 $ 1
0 % 1
1 { 2
5 # 2
0 : 1
0 5 1
1 > 2
2 - 2
0 < 1
1 % 2
0   1
True
1 \ 2
True
0 & 1
0 | 1
0 3 1
2 ` 2
0 \ 1
0 ) 1
0 | 1
0 * 1
1 , 2
1 ; 2
0 : 1
0 - 1
2 + 2
3 . 2
2 # 2
1 " 2
2 { 2
6 & 2
3 & 2
6 . 2
0 ( 1
4 $ 2
9 $ 2
0 ! 1
0 ] 1
0 / 1
0 5 1
True
3 ~ 2
0 ^ 1
2 > 2
2 | 2
0 @ 1
4 | 2
0 ( 1
0 7 1
4 [ 2
2 ~ 2
1 ] 2
0 . 1
2 \ 2
0 9 1
0 ? 1
0 7 1
1 > 2
0 - 1
1 | 2
0 ? 1
0 6 1
12 @ 2
2 ; 2
0 ] 1
0 ] 1
0 8 1
2 } 2
2 * 2
2 , 2
0 @ 1
0   1
2 ^ 2
1 ? 2
0 0 1
0 " 1
1 { 2
9 : 2
3 * 2
3 & 2
2 ^ 2
2 # 2
1 ` 2
0 ; 1
0 ! 1
0 7 1
0 & 1
0 6 1
0 9 1
1 ) 2
True
1   2
True
3   2
1 < 2
0 [ 1
1 " 2
0 8 1
2 ) 2
0 % 1
0 * 1
0 ^ 1
0 6 1
4 " 2
0 ` 1
2 . 2
0 = 1
0 @ 1
True
0 | 1
0 4 1
1 ~ 2
True
True
1 * 2
0 4 1
3 ` 2
2 ` 2
5 / 2
1 ` 2
2 ; 2
0 [ 1
0 ] 1
0 ] 1
2 % 2
1 . 2
0   1
0 ! 1
0 + 1
0 ] 1
2 ^ 2
2 [ 2
3 ' 2
1 ( 2
True
True
0 < 1
2 : 2
3 @ 2
0 \ 1
5 - 2
0 % 1
0 < 1
3 ) 2
2 > 2
True
1 ; 2
0 ~ 1
0 : 1
True
1 \ 2
12 [ 2
0 ' 1
0 - 1
3 & 2
True
2 - 2
0 ? 1
True
True
0 < 1
2 ) 2
1 ? 2
1 < 2
1 / 2
4 ] 2
3 @ 2
0 ] 1
1 + 2
2   2
2 { 2
0 ; 1
0 @ 1
0 , 1
1 \ 2
True
2 $ 2
0 + 1
2 < 2
2 - 2
0 4 1
1 / 2
2 + 2
2 & 2
1 ( 2
0 ; 1
0 " 1
0 ; 1
0 > 1
7 ( 2
2 ~ 2
1 $ 2
0 ) 1
1 * 2
1 , 2
1 < 2
3 ) 2
6 % 2
0 1 1
0 | 1
True
3 } 2
2 < 2
True
6 # 2
3 = 2
1 } 2
0 | 1
3 \ 2
True
0 1 1
0 { 1
0 8 1
0 6 1
True
0 5 1
1 ( 2
0 ] 1
0 @ 1
1 ? 2
0 ! 1
1 % 2
2 , 2
1 ? 2
2 ' 2
0 ^ 1
1 @ 2
0 | 1
1 [ 2
True
0 ! 1
1 ^ 2
1 $ 2
0 3 1
2 # 2
0 5 1
5 + 2
0 3 1
True
0 % 1
0 : 1
0 1 1
0 % 1
0 9 1
0 $ 1
0 > 1
0 { 1
0 8 1
0 , 1
2 \ 2
0 ; 1
0 9 1
2 $ 2
1 { 2
0 , 1
0 } 1
0 @ 1
0 # 1
2 $ 2
True
1 " 2
2 ( 2
0 @ 1
0 # 1
0 ( 1
6 / 2
0 6 1
0 # 1
1 ! 2
0 . 1
5 ~ 2
True
9 > 2
1 } 2
1 } 2
True
1 , 2
0 6 1
0 % 1
0 / 1
2 - 2
0 & 1
4 ' 2
1 " 2
0 " 1
0 [ 1
1 ^ 2
1 ; 2
1 & 2
4 / 2
1 ( 2
True
0 7 1
1 < 2
1 $ 2
True
0 1 1
0 3 1
0 @ 1
4 < 2
1 @ 2
1 \ 2
1 # 2
0 = 1
0 9 1
0 % 1
0 < 1
0 ~ 1
5 / 2
0 ~ 1
0 6 1
True
0 / 1
True
0 9 1
3 { 2
0 ! 1
0 " 1
1 ? 2
2 . 2
1 $ 2
0 ` 1
1 ; 2
0 ^ 1
0   1
0 ` 1
2 { 2
True
0 } 1
0 / 1
1 : 2
0 " 1
1 ~ 2
1 ~ 2
0 ! 1
0 @ 1
0 > 1
1 ! 2
2 # 2
0 ` 1
3 ; 2
1 ( 2
0 } 1
1 ( 2
0 : 1
2 ; 2
0 ' 1
0 " 1
True
1   2
True
1 # 2
0 $ 1
1 < 2
3 , 2
0 " 1
1 + 2
2   2
1 ! 2
0 ~ 1
0 { 1
0 < 1
0 @ 1
0 8 1
4 < 2
True
0 < 1
0 $ 1
True
0 + 1
1 ; 2
0 + 1
True
2 - 2
0 5 1
0 8 1
0 1 1
2 } 2
0 ' 1
True
0   1
0 ^ 1
0 ] 1
0 ~ 1
2 ! 2
1 / 2
2 - 2
0 > 1
True
0 % 1
0 8 1
0 < 1
4 | 2
3 ? 2
1 * 2
0 ^ 1
0 . 1
0 # 1
2 : 2
2 # 2
0 ` 1
2 # 2
2 \ 2
3 [ 2
0 0 1
2 | 2
0 ( 1
0 3 1
True
2 ' 2
0   1
0 $ 1
0 ? 1
2 } 2
0 " 1
3 : 2
6 > 2
0 0 1
0 @ 1
1 \ 2
0 . 1
True
1 ? 2
6 / 2
0 ^ 1
1 ~ 2
0 % 1
0 ; 1
True
1 " 2
3 @ 2
1 - 2
1 : 2
2 $ 2
0 ] 1
0 9 1
0 ] 1
0   1
1 [ 2
3 ) 2
1 ] 2
0 < 1
1 : 2
2 . 2
0 7 1
0 ^ 1
0 7 1
0 ( 1
0 4 1
1 ( 2
0 > 1
0 2 1
0 . 1
3 * 2
1 ! 2
0 } 1
True
3 \ 2
0 ` 1
3 = 2
2 / 2
0 6 1
0 ) 1
True
2 ~ 2
0 ! 1
0 2 1
0 ( 1
0 4 1
1 . 2
0 9 1
3 $ 2
0 + 1
1 # 2
1 $ 2
0 # 1
True
0 < 1
2 ! 2
0 * 1
0 % 1
True
3 < 2
0 9 1
0 % 1
1 ; 2
0 7 1
True
0 ? 1
1 } 2
0 2 1
True
2 ? 2
True
True
5 # 2
2 ] 2
0 # 1
1 > 2
0 " 1
0 7 1
True
0 6 1
1 ' 2
0 > 1
True
3 ] 2
0 = 1
8 ? 2
0 = 1
0 8 1
True
0 ( 1
0 , 1
0 # 1
0 ; 1
1 | 2
0 0 1
2 } 2
0 [ 1
True
0 ? 1
0 , 1
3 ] 2
0 / 1
0 > 1
0 ; 1
4 ! 2
0   1
1 - 2
0 3 1
2 < 2
0   1
0 2 1
0 = 1
0 9 1
1 - 2
0 ' 1
1 ~ 2
0 # 1
3 # 2
2 [ 2
0 ` 1
1 ? 2
0 ; 1
0 | 1
3 < 2
0 ] 1
0 7 1
3 . 2
0 ~ 1
True
0 | 1
2 - 2
0 " 1
2 . 2
0 ! 1
2 ? 2
4 | 2
0 9 1
0 * 1
True
0 8 1
0 ? 1
0 # 1
2 . 2
0 { 1
0 & 1
0 ! 1
0 * 1
2   2
0 ( 1
True
0 2 1
2 } 2
0 ) 1
1 $ 2
0 " 1
0 8 1
1 @ 2
6 / 2
0 7 1
6 ~ 2
5 / 2
0 / 1
0 3 1
True
3 ; 2
0 ^ 1
0 < 1
0 8 1
3 ( 2
0   1
5 ] 2
2 ; 2
0 : 1
0 4 1
2   2
0 \ 1
0 ( 1
1 ) 2
13 # 2
0 [ 1
2 { 2
2 < 2
0 : 1
0 4 1
3 < 2
3 [ 2
2 : 2
6 : 2
0 \ 1
3 : 2
0 3 1
0 ( 1
0 ` 1
1 ( 2
0 < 1
0 3 1
5 ` 2
0 : 1
1 { 2
2 . 2
True
3 " 2
True
2 : 2
1 ! 2
0 ? 1
0 ^ 1
0 $ 1
3 ; 2
1 @ 2
0 - 1
1 @ 2
True
4 # 2
1 / 2
True
0 - 1
2   2
3 | 2
5 ` 2
1 ^ 2
1 * 2
0 7 1
5 ) 2
True
0 " 1
0 8 1
3 - 2
6 ? 2
1 ` 2
2 ? 2
0 ] 1
True
3 ` 2
0 ! 1
True
3 @ 2
True
0 . 1
2 ) 2
1 & 2
0 = 1
True
0 1 1
2 [ 2
0 & 1
0 4 1
0 ) 1
0 . 1
1 ; 2
True
True
0 ; 1
2 $ 2
0 ? 1
True
1 : 2
1 & 2
0 9 1
0 $ 1
1 % 2
0 : 1
True
2 / 2
0 9 1
0 9 1
1 - 2
0   1
0 ^ 1
0 | 1
4 . 2
5 = 2
2 @ 2
2 { 2
2 $ 2
2 & 2
0 3 1
1 + 2
0 ) 1
0 4 1
0   1
0 3 1
1 . 2
0 : 1
3 / 2
0 + 1
0 : 1
0 @ 1
2 ? 2
0 | 1
0 0 1
0 / 1
1 > 2
0 / 1
2 * 2
2 @ 2
2 : 2
1 [ 2
1   2
0 * 1
0 # 1
0 2 1
0 . 1
0 ; 1
1 * 2
3 $ 2
1   2
1 ! 2
True
1 ~ 2
4 \ 2
1 & 2
0 [ 1
3 ] 2
0 , 1
True
True
0 | 1
0 ^ 1
0 2 1
1 . 2
1 = 2
0 2 1
11 % 2
0 + 1
0 = 1
True
True
0 5 1
1 ) 2
0 7 1
0 , 1
0 = 1
3 ~ 2
1 * 2
3 [ 2
2 ^ 2
1   2
0 ~ 1
0 , 1
0 2 1
5 * 2
0 7 1
1 ) 2
0 # 1
0 } 1
0   1
0 1 1
1 " 2
1 ) 2
0 0 1
3 # 2
0 < 1
0 # 1
3 | 2
2 - 2
0 ( 1
0 0 1
0 ^ 1
True
7 ~ 2
0 0 1
0 # 1
True
0 } 1
1 , 2
1 : 2
0 6 1
1 ; 2
1 ) 2
0 ! 1
7 > 2
4 = 2
7 ] 2
True
0 < 1
2 | 2
0 ) 1
0 ^ 1
0 " 1
1 - 2
0 + 1
0 # 1
0 & 1
0 ( 1
0 ` 1
0 + 1
0 $ 1
0 2 1
8 ! 2
0 = 1
0 - 1
0 , 1
1 " 2
True
0 } 1
1 - 2
8 % 2
1 < 2
0 2 1
True
0 1 1
0 ! 1
1 # 2
0 - 1
True
0 8 1
0 } 1
4 ) 2
2 " 2
1 ' 2
True
0 > 1
1 [ 2
3 / 2
4 ~ 2
1 ! 2
0 5 1
2 ! 2
3 % 2
5 } 2
3 [ 2
0 < 1
0 ( 1
True
True
0 # 1
True
1   2
4 ] 2
0 6 1
0 ^ 1
True
0 ? 1
4 * 2
0 2 1
True
4 . 2
0 = 1
0 ; 1
4 & 2
0 ` 1
1 ! 2
0 6 1
0 ? 1
1 . 2
0 6 1
0 # 1
0 ' 1
0 ) 1
True
3 + 2
1 ( 2
0 } 1
1 & 2
0 , 1
0 . 1
0 * 1
2 } 2
True
0 3 1
1 / 2
2 [ 2
0 } 1
5 ! 2
2 ~ 2
4 & 2
1 ~ 2
0 * 1
2 . 2
0 % 1
True
1 $ 2
True
True
3 ! 2
True
0 ? 1
2 * 2
0 ? 1
2 + 2
True
0 % 1
0 3 1
1 : 2
2 ^ 2
0 " 1
7 . 2
0 ] 1
1 ! 2
3 { 2
True
1 ] 2
0 = 1
0 3 1
4 $ 2
1 + 2
1 ^ 2
True
4 ! 2
0 = 1
1 & 2
True
3 \ 2
0 , 1
1 / 2
2 + 2
2 - 2
1   2
5 $ 2
2 ~ 2
2 \ 2
0 0 1
0 ( 1
True
0 } 1
0 ; 1
0 { 1
3   2
0   1
1 * 2
2   2
True
0 | 1
2 # 2
True
1 ] 2
2 $ 2
True
1 . 2
3 , 2
4 / 2
True
0   1
5 . 2
5 $ 2
0 ; 1
0 } 1
3   2
3 | 2
True
0 ? 1
True
0 ~ 1
1   2
4 } 2
0 9 1
0 7 1
0 , 1
0 < 1
0 [ 1
0 > 1
0 . 1
0 ` 1
0 6 1
0 0 1
1 ' 2
0 & 1
4 , 2
0 | 1
0 } 1
True
1 . 2
0 \ 1
0 ~ 1
0 " 1
0 + 1
1 # 2
0 { 1
0 = 1
1 { 2
8 ^ 2
0 ; 1
6 / 2
2 { 2
0 > 1
0 ; 1
1 : 2
0 | 1
3 / 2
True
0 , 1
0 ; 1
0 { 1
1 | 2
2 ^ 2
True
0 ` 1
1 ^ 2
0 8 1
0 > 1
3 & 2
True
True
1 / 2
4 / 2
2 + 2
0 [ 1
0 . 1
0 : 1
0 5 1
True
3 ) 2
0 " 1
3 ) 2
0 4 1
0 < 1
2 " 2
2 ; 2
0 ! 1
8 / 2
True
2 * 2
1 = 2
0 3 1
2 . 2
0 5 1
1 / 2
True
4 $ 2
0 8 1
0 - 1
2 ; 2
0 : 1
0 5 1
1 & 2
0 : 1
3 - 2
1 / 2
0 " 1
1 + 2
0 > 1
2 : 2
0 0 1
3 * 2
True
0 7 1
2 . 2
2 ] 2
0 5 1
3 [ 2
3 & 2
0 # 1
5 { 2
True
0 ) 1
2 { 2
0 ` 1
2 @ 2
True
0 % 1
3 ` 2
2 [ 2
1 ( 2
True
0 ! 1
0 1 1
0 ^ 1
2 ! 2
0 ( 1
0 < 1
0 ] 1
0 8 1
0 3 1
1 < 2
2 ` 2
2 + 2
True
True
0 4 1
2 # 2
0 , 1
0 9 1
0 ( 1
True
0 6 1
True
0 5 1
5 \ 2
0 ' 1
0 ` 1
1 } 2
True
2 ) 2
0 : 1
0 ] 1
0 $ 1
0 > 1
0 5 1
True
True
0 . 1
6 # 2
0 ' 1
1 - 2
True
2 ) 2
0 ` 1
True
1 + 2
True
2 ` 2
0   1
0 ( 1
3 - 2
1 ] 2
7 ) 2
0 ( 1
0 0 1
0 7 1
0 7 1
0 / 1
0 * 1
2 $ 2
0 ) 1
True
6 \ 2
True
0 1 1
True
1 ' 2
0 ~ 1
True
4 ] 2
0 3 1
0 1 1
0 = 1
3 [ 2
1 ? 2
1 [ 2
0 ' 1
0 ; 1
0 : 1
0 : 1
3 ! 2
1 # 2
2 ' 2
0 7 1
1 - 2
2 % 2
0 ; 1
1 ) 2
0 > 1
4 / 2
1 & 2
4 } 2
1 ` 2
1 + 2
4 * 2
5 ( 2
2 * 2
True
2 \ 2
0 / 1
0 ] 1
0 . 1
0 & 1
2 ~ 2
0 \ 1
True
0 7 1
1 } 2
2 , 2
4 + 2
0 | 1
0 ^ 1
8 ( 2
1 [ 2
0 { 1
0 0 1
1   2
0 6 1
0 & 1
1 ] 2
0 4 1
0 3 1
3 < 2
0 ] 1
6 ] 2
3 % 2
0 & 1
3 & 2
0 ^ 1
3 : 2
0 8 1
0 ) 1
True
0 % 1
0 8 1
5 : 2
3 ] 2
0 . 1
0 ( 1
0 ( 1
True
True
True
0 < 1
0   1
0 7 1
1 ' 2
1 - 2
2 - 2
0 " 1
0 5 1
2   2
0 2 1
0 @ 1
3 ( 2
0 ` 1
0 4 1
0 ; 1
0 7 1
2 . 2
True
True
1 | 2
0 ' 1
0 9 1
0 5 1
0 3 1
0 ; 1
0 6 1
1 } 2
1 / 2
0 3 1
2 & 2
1 % 2
0 ! 1
0 \ 1
True
8 + 2
2 ~ 2
2 * 2
0 ) 1
True
3 % 2
True
True
4 / 2
0 : 1
1 = 2
0 < 1
0 | 1
0 > 1
0 < 1
1 # 2
0 @ 1
1 : 2
0 , 1
5 ! 2
2 < 2
0 ? 1
1 < 2
0 ? 1
0 7 1
True
1 , 2
2 + 2
3 ' 2
True
2   2
0 [ 1
0 < 1
0 " 1
True
0 1 1
4 ` 2
4 [ 2
True
5   2
2 & 2
1 = 2
3 > 2
1 ( 2
0 - 1
0 3 1
0 5 1
True
2 * 2
0 @ 1
1 < 2
1 " 2
True
1 ^ 2
1 = 2
1 ; 2
True
0 % 1
2 + 2
0 0 1
1 < 2
0 , 1
4 ; 2
5 @ 2
1   2
True
0 5 1
True
2 # 2
0 = 1
0 ; 1
True
2 = 2
2 ? 2
1 ` 2
0 # 1
0 | 1
0 < 1
0 6 1
0 : 1
0 : 1
5 \ 2
1 : 2
True
0 $ 1
6 > 2
0 ` 1
0 = 1
0 { 1
1 | 2
2 } 2
0 | 1
0 ! 1
True
1   2
0 2 1
0 ` 1
True
0 ? 1
0 # 1
1 > 2
4 ' 2
1 / 2
0 } 1
2 ( 2
0 < 1
0 | 1
True
True
1 + 2
1 . 2
0 { 1
0 } 1
True
0 ~ 1
0 ^ 1
0 < 1
0 ] 1
0 . 1
0 & 1
3 { 2
1 ? 2
True
6 ] 2
0 * 1
0 { 1
0 ^ 1
1 ( 2
1 . 2
2 * 2
4 ` 2
0 $ 1
True
10 . 2
0 8 1
0 ? 1
0 ! 1
2 $ 2
0 ) 1
0 ` 1
3 - 2
1 ? 2
2 - 2
0 9 1
0 " 1
True
True
1 [ 2
1 ` 2
0 ) 1
2 | 2
0 + 1
1 $ 2
0 9 1
0 = 1
1 , 2
2 < 2
True
0 ( 1
0 ] 1
0 : 1
1 . 2
1 * 2
0 : 1
0 1 1
1 - 2
1 / 2
2 ' 2
True
0 5 1
True
2   2
0 7 1
True
0 ( 1
0 ? 1
4 & 2
2 . 2
1 ' 2
0 ( 1
1 = 2
0 { 1
1 . 2
True
0 [ 1
2 | 2
0 ; 1
0 { 1
1 } 2
0 : 1
0 / 1
True
0 / 1
True
1 \ 2
True
0 { 1
0 } 1
0 / 1
0 , 1
0 6 1
5 = 2
1   2
0 ] 1
0 9 1
1 ( 2
0 9 1
6 ] 2
0 . 1
2 ' 2
True
1 ! 2
0   1
0 ^ 1
True
0 0 1
6 ) 2
True
0 / 1
1 * 2
0 " 1
0 } 1
3 } 2
0 * 1
True
True
3 < 2
2 : 2
True
0 [ 1
2 ; 2
1 % 2
0 | 1
3 ; 2
0   1
0 + 1
0 + 1
0 < 1
0 ; 1
1 { 2
3 " 2
True
1 ~ 2
2 + 2
0 # 1
0 ? 1
0 % 1
0 ? 1
0 4 1
3 @ 2
1 % 2
4 @ 2
1 . 2
0 @ 1
2 @ 2
4 & 2
1 @ 2
1 * 2
1 \ 2
0 9 1
0 | 1
0 2 1
0 ( 1
0 ; 1
1 / 2
0 " 1
2 > 2
0 = 1
0 ' 1
2 ] 2
0 [ 1
1 ? 2
1 ? 2
0 5 1
0 @ 1
1 ) 2
True
0 { 1
3 ; 2
0 , 1
1 ' 2
1 # 2
0 ? 1
0 2 1
3 ^ 2
0 4 1
2 ! 2
True
0 : 1
True
0 9 1
True
0 @ 1
True
1 ( 2
0 { 1
0   1
1 | 2
0 5 1
True
3 ! 2
0 ~ 1
1 { 2
0 8 1
0 = 1
0 ) 1
True
3 } 2
0 } 1
0 ' 1
0 , 1
0 # 1
2 ^ 2
1 , 2
0 , 1
1 + 2
5 < 2
0 + 1
0 } 1
7 < 2
0 7 1
0 / 1
0 } 1
True
0 & 1
6 ^ 2
0 > 1
True
0 . 1
0 + 1
1 # 2
3 ~ 2
True
1 ( 2
2 : 2
2 ) 2
3 ( 2
4 [ 2
0 % 1
2 ( 2
True
True
1 , 2
2 ; 2
1 ! 2
4 , 2
1 { 2
0 % 1
0 9 1
6 + 2
0 0 1
0 = 1
True
0 > 1
0 5 1
3 ] 2
9 ) 2
0 " 1
1 ) 2
True
1 ^ 2
1 % 2
3 > 2
0 ? 1
2 " 2
0 . 1
0 * 1
3 } 2
4 ' 2
1 ^ 2
0 \ 1
1 ~ 2
1 ? 2
0 . 1
0 ~ 1
0 [ 1
0 - 1
True
2 , 2
0 & 1
1 [ 2
1 - 2
0 ] 1
0   1
0 3 1
True
4 [ 2
1 | 2
3 ( 2
0 % 1
0 3 1
3 ^ 2
0 " 1
0 : 1
True
0 & 1
0 @ 1
True
0 @ 1
0 8 1
1 ? 2
3 ` 2
0 ( 1
0 0 1
1 . 2
True
2 ( 2
0 . 1
0 " 1
True
True
1 - 2
0 5 1
2 } 2
2 ! 2
0 / 1
True
1 ; 2
3 - 2
0 9 1
9 * 2
3 \ 2
4 ~ 2
0 = 1
1 + 2
0 ( 1
0 } 1
0 - 1
0 ^ 1
3 ! 2
1 ' 2
0 % 1
0 ` 1
3 ] 2
0 8 1
0 - 1
0 : 1
0 > 1
True
5 ( 2
0 * 1
2 \ 2
3 " 2
1 " 2
0 ; 1
0 ! 1
0 3 1
0 $ 1
0 6 1
3 ) 2
0 9 1
6 . 2
True
0 2 1
True
1 } 2
0 ) 1
0 3 1
0 3 1
True
0 # 1
0 % 1
0 8 1
0 = 1
1 / 2
0 @ 1
4 + 2
2 & 2
4 ; 2
0 } 1
True
1 * 2
True
4 / 2
0 $ 1
1 { 2
5 ) 2
0 " 1
3 % 2
1 @ 2
0 ) 1
1 \ 2
1 - 2
1 @ 2
3 @ 2
3 ( 2
1 $ 2
True
1 ? 2
True
True
1 { 2
0 5 1
0 3 1
1 - 2
2 & 2
True
0 . 1
0 ? 1
0 \ 1
0 1 1
0 ! 1
2 . 2
0 / 1
0 \ 1
0 $ 1
0 5 1
0 = 1
0 = 1
1 ' 2
0 " 1
2 ] 2
0 ) 1
1 < 2
True
True
1 @ 2
1 [ 2
1 @ 2
1   2
4 % 2
0 & 1
6 @ 2
1 ] 2
0 + 1
0 : 1
1 ) 2
0 { 1
0 $ 1
0 ; 1
True
6 ( 2
0 3 1
1 ' 2
1 } 2
True
0 . 1
0 . 1
0 ] 1
0 " 1
2 ! 2
True
True
0 \ 1
0 0 1
True
3 [ 2
0 ; 1
0 6 1
1 + 2
1 { 2
5 * 2
0 / 1
2 \ 2
5 ` 2
0 ^ 1
0 / 1
0 \ 1
0 ! 1
0 & 1
2 . 2
1 ~ 2
6 ; 2
4 } 2
True
0 1 1
0 3 1
6 ~ 2
2 + 2
0 ( 1
0 > 1
5 { 2
0 % 1
2 ! 2
0 ( 1
0 & 1
3 " 2
0 , 1
2 ( 2
0   1
3 > 2
0 ' 1
6 . 2
True
2 * 2
1 , 2
5 ] 2
3 / 2
0 " 1
1 ] 2
2 [ 2
0 ! 1
0 $ 1
0 \ 1
0 * 1
0 2 1
0 { 1
0 3 1
True
0 @ 1
0 = 1
1 ] 2
0 @ 1
0 ) 1
0 1 1
0 ( 1
True
0 [ 1
2 < 2
0 ] 1
True
0 ' 1
2 } 2
0 2 1
0 \ 1
4 - 2
4 | 2
0 ~ 1
2 . 2
0 = 1
1 \ 2
True
4 @ 2
3 > 2
1 , 2
3   2
1 | 2
True
0 + 1
0 ? 1
0 7 1
2 $ 2
1 ; 2
4 ; 2
0 1 1
0 ! 1
0 : 1
0 1 1
0 ] 1
True
True
2 ] 2
1 = 2
1 % 2
True
2 , 2
0 * 1
0 * 1
0 > 1
0 ? 1
2 } 2
1 # 2
4 ~ 2
3 * 2
0 | 1
0 8 1
1 / 2
1   2
0 ^ 1
0 ] 1
3 ? 2
0 \ 1
4 ) 2
2   2
10 / 2
3 | 2
0 $ 1
True
2 + 2
True
3 ! 2
1 > 2
0 . 1
5 \ 2
0 + 1
0 0 1
1 ( 2
0 3 1
True
1 # 2
4 ` 2
True
1 ] 2
0   1
0 8 1
0 ) 1
2 ? 2
4 ; 2
0 9 1
0 % 1
0 ` 1
0 2 1
0 ( 1
2 > 2
1 ? 2
2 " 2
0 % 1
True
0 : 1
3 ~ 2
8 ] 2
0 > 1
0 6 1
0 } 1
0 ! 1
0 + 1
10 . 2
4 ] 2
0 8 1
6 > 2
0 7 1
0 ! 1
0 4 1
0 } 1
0 = 1
4 - 2
0 - 1
4 | 2
0 3 1
2 > 2
True
0 - 1
0 1 1
True
0 : 1
0 9 1
0 : 1
0 = 1
1 | 2
0 " 1
0 ^ 1
2 ] 2
0 0 1
4 { 2
5 = 2
True
0 ~ 1
0 7 1
True
0 . 1
5 $ 2
0 ' 1
0 - 1
0 $ 1
7 ; 2
0 7 1
2 $ 2
2 * 2
5 { 2
0 # 1
0 ( 1
0 + 1
0 } 1
3 [ 2
0 @ 1
2 ) 2
0 @ 1
2 ; 2
True
2 @ 2
1 : 2
0 ! 1
2 " 2
0 , 1
0 ! 1
0 8 1
0 " 1
0 | 1
0 ' 1
0 " 1
True
3 [ 2
True
0 6 1
5 ! 2
0 . 1
2 ; 2
0 \ 1
0 8 1
0 " 1
0 7 1
True
0 ( 1
3 > 2
0 ] 1
True
0   1
2   2
11 ~ 2
0 1 1
4 | 2
True
0 1 1
0 . 1
8 + 2
0 5 1
0 3 1
1 { 2
3 . 2
0 ' 1
True
4 & 2
2 [ 2
1 [ 2
0 ~ 1
2 @ 2
0 > 1
2 ~ 2
0 \ 1
0 : 1
1 ? 2
3 { 2
2 > 2
1 + 2
0 9 1
0 \ 1
0 - 1
0 ' 1
0 [ 1
0 < 1
0 ) 1
0 2 1
4 ! 2
1 > 2
1 < 2
0 ( 1
0 | 1
3 ~ 2
1 $ 2
5 ] 2
2 = 2
6 . 2
1 ? 2
0 @ 1
0 # 1
0 7 1
0 ^ 1
1 : 2
0 = 1
0 ^ 1
0 * 1
1 ^ 2
2 ` 2
4 ( 2
6 + 2
0 , 1
1 ~ 2
1 # 2
0 > 1
2 | 2
0 2 1
0   1
0 : 1
True
True
2 $ 2
0 + 1
7 { 2
8 ) 2
2 / 2
0 5 1
0 } 1
0 0 1
0 % 1
True
0 | 1
0 . 1
0   1
0 0 1
0 ; 1
1 ( 2
0 ? 1
3 ^ 2
0 = 1
0 { 1
1 % 2
5 > 2
1 = 2
0 6 1
1 $ 2
0 $ 1
1 { 2
0 - 1
0 + 1
1 ! 2
0 & 1
2 + 2
0 0 1
2 " 2
10 ' 2
0 - 1
0 ~ 1
3 [ 2
0 > 1
0 ? 1
0 % 1
0 / 1
0 7 1
1 & 2
True
4 ? 2
1 % 2
True
0 ! 1
True
1 & 2
0 " 1
3 ! 2
2 ; 2
2 ? 2
1 ~ 2
True
2 ) 2
0 0 1
3 % 2
True
2 ) 2
1 , 2
0 { 1
0 5 1
0 } 1
0 \ 1
0 % 1
1 + 2
5 / 2
0 } 1
0 ! 1
2 { 2
5 : 2
0 [ 1
0 ? 1
1 [ 2
0 < 1
0 ! 1
1 @ 2
0 8 1
0 5 1
0 4 1
0 ? 1
0 ^ 1
True
0 ) 1
2 ^ 2
0 = 1
0 ; 1
0 + 1
0 0 1
0 : 1
0 2 1
3 [ 2
0 , 1
0 ' 1
True
4 # 2
2 " 2
1 : 2
0 > 1
3 $ 2
True
2 ] 2
4 ? 2
0 # 1
2 @ 2
6 + 2
2 ( 2
1 " 2
2 ( 2
0 : 1
1 " 2
2 ; 2
True
1 | 2
0 3 1
0 6 1
0 < 1
True
1 & 2
0 & 1
0 9 1
True
True
0 + 1
4 % 2
2 > 2
3 ; 2
1 & 2
11   2
True
0 | 1
4 & 2
3 ? 2
3 @ 2
1 : 2
0 7 1
0 \ 1
0 ( 1
True
2 \ 2
3 $ 2
2 * 2
0 ^ 1
9 < 2
0 / 1
3 . 2
1 % 2
0 > 1
0 8 1
True
0 ~ 1
1 : 2
3 ! 2
1 + 2
5 , 2
0 ~ 1
1 + 2
0 \ 1
0 4 1
8 ; 2
0 < 1
0 . 1
0 ~ 1
0 , 1
True
True
3 / 2
0 9 1
0 | 1
1 / 2
2 # 2
0 { 1
0 4 1
0 " 1
True
1 : 2
0 ] 1
0 7 1
1 + 2
True
0 3 1
2 , 2
1 = 2
2 ( 2
2 @ 2
9   2
3 @ 2
0 ~ 1
1 : 2
True
0 # 1
0 " 1
1 ] 2
0 5 1
4 " 2
3 " 2
0 7 1
True
0 ` 1
3   2
1 * 2
2 } 2
1 ' 2
1 : 2
0 9 1
2 @ 2
0 ~ 1
0 2 1
0 % 1
0 # 1
0 \ 1
0 ~ 1
6 ] 2
1 " 2
2 - 2
3 ? 2
True
1 " 2
0 ~ 1
3 ~ 2
0 2 1
1 = 2
1 $ 2
1 / 2
0 ! 1
0 . 1
2 ) 2
0 0 1
0 - 1
1 | 2
1 - 2
0 " 1
0 ) 1
0 ? 1
0 ; 1
1 [ 2
0 [ 1
7 ! 2
True
5 { 2
1 { 2
4 ) 2
5 % 2
1 \ 2
2 . 2
0 ] 1
0 % 1
1 { 2
1   2
1 = 2
0 6 1
2 | 2
0 ! 1
2 ` 2
6 ` 2
1 ! 2
1 ? 2
2 ] 2
4 # 2
1 ' 2
0 6 1
0 " 1
0 7 1
1 & 2
0 ` 1
0 . 1
True
3 * 2
1 | 2
0 ! 1
0 - 1
0 ? 1
0 0 1
0 } 1
0 * 1
1 ] 2
0 3 1
0 : 1
0 7 1
1 ( 2
True
1 $ 2
0 $ 1
0 ? 1
0 4 1
0 + 1
0 = 1
2 , 2
2 @ 2
1 " 2
4 % 2
0 7 1
1 ' 2
0 & 1
4 ^ 2
0 ) 1
0 ( 1
1 < 2
1 > 2
5 + 2
True
0 9 1
1 ( 2
1 % 2
0 1 1
1 ` 2
0 $ 1
0 ~ 1
0 + 1
0 ^ 1
5 ~ 2
0 ^ 1
6 + 2
0 . 1
1 * 2
1 ( 2
0 * 1
True
2 ' 2
0 . 1
True
0 . 1
1 ] 2
1 / 2
0 } 1
1 @ 2
4 # 2
True
0 ~ 1
True
3 % 2
0 { 1
0 ' 1
0 6 1
0 6 1
1 ? 2
0 | 1
4 | 2
0 5 1
0 { 1
0 ! 1
0 & 1
3 = 2
0 | 1
5 ' 2
0 ) 1
4 | 2
True
2 ) 2
2 ~ 2
2 / 2
4 # 2
2 ^ 2
True
0   1
True
0 . 1
2 = 2
0 \ 1
0 4 1
True
True
2 - 2
2   2
True
0 @ 1
1 ? 2
0 8 1
2 ~ 2
0 | 1
0 - 1
0 + 1
3 [ 2
0 & 1
0 0 1
0 \ 1
0 ' 1
0 ; 1
3 / 2
1 " 2
0 5 1
1 ^ 2
2 , 2
4   2
0 ? 1
True
0 " 1
0 * 1
1 [ 2
0 : 1
2 ( 2
7 ] 2
0 % 1
True
0 1 1
0 } 1
1 % 2
0 * 1
0 < 1
0 - 1
1 < 2
0 | 1
0 . 1
2 ? 2
1 : 2
2   2
2 + 2
0 - 1
0 ` 1
0 - 1
0 ~ 1
True
3 % 2
0 > 1
0 % 1
0 / 1
7 @ 2
1 @ 2
2 * 2
0 ^ 1
1 & 2
True
6 ] 2
0 8 1
2 / 2
3 = 2
1 % 2
1 + 2
1 @ 2
1 } 2
3 / 2
4 # 2
3 + 2
4 = 2
0 , 1
0 ! 1
0 | 1
1 > 2
True
2 + 2
0 / 1
0 , 1
0 . 1
6 ; 2
0 > 1
1 ? 2
0 . 1
1 \ 2
3 < 2
True
1 = 2
3 < 2
0 & 1
3 , 2
True
True
1 { 2
1 # 2
2 ] 2
1 " 2
1 ' 2
0 + 1
0 9 1
2 + 2
0 = 1
True
True
1 # 2
3 > 2
2 . 2
True
True
0 3 1
3 ( 2
0 4 1
4 [ 2
0 8 1
3 @ 2
1 ' 2
1 = 2
0 9 1
0 5 1
0 \ 1
1 } 2
2 < 2
6 / 2
0 - 1
1 ^ 2
0 ' 1
0 + 1
6 ] 2
True
2 ) 2
0 % 1
0 } 1
True
7 # 2
1 ) 2
0 4 1
1 ' 2
1   2
0 | 1
0 ] 1
True
0 ` 1
0 0 1
0 1 1
0   1
2 % 2
True
0 5 1
0 7 1
0 ) 1
1 : 2
True
True
0 ? 1
0 ` 1
5 : 2
0 : 1
2 ` 2
1 ~ 2
1 ; 2
0   1
True
0 { 1
2 } 2
1 " 2
1 ` 2
8 ] 2
2 ] 2
0 4 1
2 $ 2
0 # 1
7 ~ 2
0 ^ 1
0 ? 1
4 [ 2
0 \ 1
0 2 1
0 1 1
1 & 2
1 \ 2
0 ` 1
0 * 1
3 + 2
0 # 1
0 # 1
0 4 1
0 @ 1
3 - 2
0 6 1
0 - 1
0 ' 1
4 / 2
1 ' 2
2 ` 2
1 * 2
True
0 9 1
True
2 " 2
0 * 1
0 ~ 1
3 $ 2
0 ; 1
3   2
2 ! 2
2 ' 2
0   1
2 " 2
True
0 / 1
0 @ 1
0 > 1
3 / 2
1 ) 2
4 & 2
True
1 ' 2
0 . 1
0 \ 1
3 $ 2
6 & 2
0 2 1
0 3 1
1 . 2
2 * 2
2 / 2
2 = 2
0 6 1
True
0 : 1
2 @ 2
0 6 1
0 3 1
0 = 1
2 * 2
0 6 1
3 { 2
0 % 1
5 { 2
True
True
0 / 1
1 , 2
0 % 1
0 . 1
True
3 } 2
1 } 2
0 1 1
1 * 2
0 ? 1
0 2 1
0 @ 1
2 : 2
0 / 1
0 ~ 1
True
2 $ 2
0 % 1
0 \ 1
True
5 = 2
0 @ 1
3 { 2
0 : 1
3 & 2
0 9 1
1 . 2
1 ( 2
0 < 1
0 3 1
0 4 1
0 1 1
True
0 2 1
0   1
6 ! 2
1 $ 2
2 > 2
3 ( 2
3 ^ 2
5 * 2
0 { 1
1 ` 2
0 ] 1
3 - 2
0 ) 1
1 . 2
7 @ 2
2 : 2
0 # 1
4 $ 2
4 & 2
3 ^ 2
0 | 1
1 ( 2
1 ! 2
3 = 2
1 : 2
0 , 1
True
4 . 2
0 $ 1
0 ) 1
0 { 1
0 8 1
0 0 1
1 % 2
0 7 1
True
0 4 1
0 6 1
2 ` 2
0 # 1
4 * 2
True
0   1
0   1
2 ' 2
0 ] 1
1 , 2
3 " 2
2 / 2
3 < 2
0 < 1
0 ' 1
True
0 6 1
1 | 2
0 9 1
0 & 1
0 { 1
0 : 1
1 } 2
7 ? 2
0 # 1
0 } 1
3 . 2
True
4 " 2
0 ; 1
2 \ 2
0 . 1
0 ; 1
6 ; 2
0 } 1
0 ) 1
True
2 ( 2
0 4 1
1 ; 2
3 [ 2
0 ) 1
0 9 1
0 | 1
0 ] 1
0 - 1
True
0 7 1
0 + 1
0 9 1
2 ] 2
0 ! 1
True
0 ~ 1
0 ' 1
0 | 1
0 3 1
0   1
0 . 1
1 ` 2
4 + 2
True
3 % 2
1 > 2
0 4 1
0 { 1
0 ~ 1
True
1 $ 2
0 4 1
True
True
2 @ 2
0 : 1
3 ! 2
0   1
2 | 2
0 # 1
7 + 2
0 " 1
5 @ 2
0 4 1
2 - 2
1 . 2
0 ` 1
2 ( 2
3 ~ 2
0 ^ 1
0 : 1
1 | 2
0 : 1
0 ` 1
True
6 . 2
0 ) 1
0 ( 1
True
2 / 2
0 $ 1
0 ] 1
0 + 1
1 # 2
0 % 1
True
2 , 2
4   2
1 { 2
0 { 1
1 ( 2
4 $ 2
True
1 + 2
1 ] 2
2 [ 2
True
0 1 1
7   2
2 { 2
0 ^ 1
2 { 2
5 / 2
2 } 2
5 ] 2
2 ^ 2
True
0 ] 1
1 ] 2
4 | 2
0 ( 1
2 * 2
0 - 1
0 ' 1
True
True
0 # 1
True
5 . 2
0 / 1
1 # 2
3 * 2
0 \ 1
True
0 ^ 1
1 > 2
0 2 1
0 } 1
0 = 1
0 > 1
True
0 4 1
0 < 1
6 : 2
1 ) 2
4 . 2
1 < 2
0 8 1
2 \ 2
0 } 1
0 . 1
True
1 ( 2
1 ! 2
4 $ 2
0 ` 1
0 } 1
0 ; 1
1 < 2
3 * 2
0 + 1
0 ( 1
True
0 ) 1
4 < 2
2 > 2
0 3 1
1 { 2
2 # 2
True
0   1
True
True
1 - 2
2 ! 2
0 3 1
3 : 2
0 / 1
0 | 1
4 = 2
0 1 1
True
True
7 & 2
3 \ 2
0 0 1
0 0 1
4 ` 2
True
0 ` 1
True
0 ) 1
2 < 2
1 [ 2
1 * 2
0 | 1
4   2
3 ^ 2
1 " 2
True
0 6 1
0 = 1
0 ? 1
3 | 2
2 = 2
0 % 1
1 } 2
1 | 2
0 * 1
1 " 2
4 & 2
2 ! 2
True
0 3 1
1 ? 2
True
2 ? 2
True
True
4 " 2
2 , 2
5 = 2
2 : 2
0 " 1
1 / 2
True
1 @ 2
True
0 ? 1
True
1 = 2
1 } 2
3 ( 2
0 ] 1
0 ? 1
10 < 2
True
0 & 1
0 & 1
2 ' 2
0 , 1
0 : 1
4 [ 2
3 ` 2
0   1
1 ' 2
1 $ 2
9 @ 2
1 ] 2
True
0 > 1
0 ? 1
1 ] 2
0 8 1
1 < 2
0 8 1
2 @ 2
3 ? 2
5 - 2
4 + 2
0 8 1
1 ' 2
4 > 2
1 $ 2
3 ' 2
3 { 2
0 ? 1
2 ` 2
0 , 1
0 < 1
1 < 2
4 ' 2
3 [ 2
1 { 2
0 { 1
2 ) 2
1 = 2
3 @ 2
0 , 1
0 2 1
0 2 1
True
1 } 2
1 & 2
4 , 2
4 ( 2
0 > 1
0 & 1
True
12 $ 2
0 ( 1
True
2 ` 2
0 { 1
True
0 3 1
0 @ 1
0 & 1
1 ; 2
2 ( 2
0 ` 1
3 # 2
0 ? 1
1 : 2
2 $ 2
7 ! 2
1   2
0 9 1
2 ~ 2
0 ' 1
0 # 1
1 + 2
1 < 2
0 [ 1
0 | 1
7 @ 2
1 $ 2
True
1 . 2
0 6 1
1 ^ 2
4 ! 2
1 # 2
1 . 2
0 6 1
0 ] 1
0 $ 1
5 @ 2
True
0 . 1
2 & 2
0 ] 1
0 4 1
0 } 1
0 3 1
1 % 2
1 , 2
0 7 1
0 : 1
0 ~ 1
0 > 1
0 [ 1
3 \ 2
1 @ 2
3 ` 2
3 * 2
2 = 2
0 9 1
0 0 1
0 # 1
1 $ 2
0 | 1
0 5 1
1 - 2
1 | 2
True
4 } 2
0 = 1
0 ` 1
1 " 2
0 & 1
0 ] 1
True
1 ! 2
0 > 1
1 \ 2
0 , 1
2 / 2
4 ' 2
0 - 1
0 - 1
0 } 1
2 & 2
1 + 2
2 ? 2
1 . 2
5 : 2
1 # 2
2 # 2
1 } 2
2 . 2
4 # 2
0 ` 1
0 ! 1
1 { 2
4 " 2
4 { 2
3 ! 2
1 $ 2
0 ] 1
1 ? 2
2 ! 2
4 { 2
1 { 2
0 8 1
True
0 < 1
0 ` 1
2 ! 2
3 + 2
9 : 2
4 " 2
0 4 1
0 ! 1
0 - 1
0 # 1
True
3 % 2
True
1 - 2
4 ] 2
0 ( 1
0 ) 1
True
1 ~ 2
3 $ 2
1 % 2
1 | 2
0 5 1
0 8 1
2 % 2
True
0 / 1
5 ' 2
0 \ 1
1 : 2
0 = 1
0 7 1
True
1 ! 2
1 * 2
0 # 1
4 ? 2
3 + 2
3 [ 2
2 { 2
2 ) 2
True
True
True
True
True
0 8 1
0 7 1
4 * 2
1 ~ 2
True
1 | 2
1 ( 2
1 } 2
0 ( 1
4 % 2
3 ' 2
1 [ 2
1 , 2
4 ~ 2
0 " 1
0 2 1
0 } 1
0 - 1
3 ) 2
0 5 1
0 7 1
0 ' 1
2 + 2
3 & 2
True
0 2 1
0 5 1
0 2 1
1 ; 2
0 $ 1
0 + 1
1 ^ 2
0 6 1
3 * 2
3 * 2
0 - 1
0 ' 1
3 # 2
1 ] 2
0 5 1
0 . 1
0 4 1
0 / 1
1 + 2
3 * 2
1 ? 2
1 ~ 2
0 [ 1
2 ( 2
7 { 2
0 9 1
True
0 ` 1
2 ( 2
0 \ 1
2 ? 2
0 ( 1
True
0 9 1
True
True
0 , 1
0 ! 1
True
2 ` 2
True
True
2 ~ 2
0 # 1
1 . 2
4 > 2
1 " 2
1 | 2
8 } 2
1 ! 2
4 + 2
0 3 1
3 - 2
0 : 1
4 > 2
0 ? 1
True
1 : 2
0 ^ 1
0 $ 1
10 . 2
4 ` 2
3 + 2
1 ; 2
3 # 2
0 3 1
1 ' 2
1 ! 2
0 $ 1
1 \ 2
3 , 2
1 " 2
5 * 2
True
2 " 2
0 # 1
1 / 2
0 2 1
4 % 2
2   2
True
1 ? 2
0 ~ 1
0 ^ 1
True
1 & 2
True
0 ; 1
1 > 2
True
0 = 1
0 6 1
0 ! 1
0 ) 1
2 ] 2
0 + 1
0 } 1
3 , 2
1 % 2
2 ? 2
1 ` 2
0 | 1
1 / 2
0 2 1
2 [ 2
1 } 2
0 7 1
4 & 2
True
0 9 1
1 # 2
1 ^ 2
3 > 2
1 $ 2
3 ) 2
0 ~ 1
0 # 1
0 0 1
0 ; 1
0 = 1
1 < 2
True
4 , 2
0 6 1
1 < 2
0 1 1
0 / 1
0 8 1
True
4 / 2
3 ? 2
True
0 \ 1
1 < 2
True
1 - 2
7 " 2
True
0 3 1
0 ` 1
0 , 1
1 : 2
0 ? 1
0 \ 1
3 ` 2
0 & 1
True
0 1 1
True
5 ) 2
0 = 1
0 < 1
1 . 2
2 ` 2
True
True
0 [ 1
0 + 1
0 ` 1
True
0 ] 1
3 $ 2
4 ` 2
0 8 1
1 ' 2
2 = 2
4 } 2
3 ~ 2
1 } 2
4 + 2
0 4 1
0 9 1
3 * 2
0 8 1
0 0 1
0 2 1
True
0 % 1
0 ^ 1
0 < 1
0 , 1
0 [ 1
0 ' 1
True
0 ? 1
1 & 2
0 ) 1
2 * 2
0 ' 1
0 + 1
True
0 ( 1
1 ~ 2
6 " 2
1   2
1 # 2
True
2 ^ 2
4 & 2
0 " 1
2 > 2
1 | 2
True
3 # 2
0 & 1
1 ! 2
True
2 # 2
0 \ 1
0 ) 1
2   2
1 . 2
0 [ 1
1 . 2
0 ` 1
0 0 1
6 - 2
4 % 2
1 * 2
3 > 2
0 6 1
3 % 2
3 < 2
1 % 2
0 2 1
1 ( 2
1 " 2
0 < 1
2   2
3 | 2
4 * 2
True
3 + 2
1 { 2
0 \ 1
0 $ 1
0 , 1
3 + 2
0 # 1
0 . 1
5 ( 2
1 ' 2
0 , 1
0 & 1
0 > 1
1 * 2
0 } 1
0 : 1
0 7 1
5 $ 2
0 ( 1
2 ( 2
3 - 2
True
0 ) 1
5 . 2
True
3 ! 2
0 / 1
3 } 2
3 * 2
0 6 1
1 ! 2
0 ` 1
0 ( 1
1 } 2
4 * 2
True
1 < 2
0 @ 1
1 ~ 2
2 } 2
1 = 2
1 . 2
0 - 1
0 1 1
0 1 1
0 } 1
0 { 1
1 $ 2
True
0 ' 1
0 : 1
True
6 } 2
0 * 1
2 ; 2
5 . 2
1 \ 2
0 7 1
2 ; 2
1 # 2
1 + 2
3   2
True
0 . 1
1 ( 2
0 % 1
4 , 2
2   2
3 # 2
0 ; 1
3 ? 2
0 ~ 1
1 ) 2
True
0 4 1
0 & 1
1 ] 2
0 ! 1
0 ] 1
3 [ 2
0 0 1
0 - 1
0 > 1
0 } 1
0 ) 1
1 ' 2
0 6 1
1 * 2
True
4 @ 2
0 @ 1
3 & 2
5 . 2
True
0 ` 1
1 ( 2
4 [ 2
0 & 1
0 3 1
True
0 8 1
0 % 1
6 ( 2
13 ` 2
0 1 1
True
1 + 2
2 " 2
3   2
0 ^ 1
7 = 2
True
0 + 1
True
1 ] 2
0 \ 1
1 . 2
0 7 1
1 & 2
0 3 1
0 ^ 1
0 } 1
True
0 4 1
True
1 ' 2
True
0 & 1
0 ` 1
1 @ 2
5 ' 2
2 . 2
2 | 2
1 . 2
0 < 1
0 ] 1
0 8 1
0 8 1
1 ` 2
1 , 2
0 # 1
3 ] 2
0 > 1
0 $ 1
0 { 1
1 % 2
1 ( 2
True
0 < 1
0 # 1
0 0 1
2 ) 2
1 : 2
0 [ 1
0 | 1
1 \ 2
0 \ 1
1 / 2
4 ( 2
0 { 1
0 } 1
1 @ 2
0 } 1
True
6 [ 2
4 ( 2
3 : 2
3 # 2
0 % 1
0 $ 1
0 ` 1
0 7 1
1 \ 2
True
0 ) 1
0 9 1
5 " 2
1 ; 2
0 ` 1
1 ( 2
True
0 | 1
2 " 2
True
1 " 2
1 ~ 2
2 { 2
0 * 1
0 ? 1
1 - 2
3 [ 2
2 - 2
2 $ 2
1 : 2
2 ] 2
0 [ 1
True
0 0 1
1 ? 2
0 8 1
True
1 + 2
5 $ 2
3 } 2
0 } 1
2 ; 2
0 8 1
0 , 1
2 = 2
0 < 1
0 % 1
0 & 1
1 ~ 2
0 = 1
2 % 2
0 ` 1
True
2 ) 2
0 " 1
0 " 1
True
0 + 1
0 % 1
0 ! 1
2 { 2
1 [ 2
0 ! 1
0 ^ 1
2 ] 2
0 } 1
0 ) 1
0 = 1
2 ] 2
4 [ 2
0 > 1
2 ? 2
1 ! 2
0   1
True
0 @ 1
0 $ 1
1 ? 2
0 , 1
True
2 ? 2
0 1 1
1 ) 2
1 > 2
3 & 2
0 | 1
True
0 ; 1
0 9 1
1 ? 2
True
1 ) 2
3 / 2
5 / 2
0 ! 1
True
1 % 2
2 { 2
1 % 2
0 9 1
3 | 2
1 - 2
4 \ 2
0 } 1
0 4 1
3 ~ 2
4 ? 2
0 8 1
1 ? 2
True
0 ~ 1
3 * 2
0 $ 1
1 + 2
0 4 1
True
2 ; 2
0 } 1
True
True
True
0 . 1
0 4 1
1 . 2
1 \ 2
4 } 2
1 @ 2
0 * 1
4 ] 2
True
0 } 1
4 { 2
0 3 1
6 ^ 2
2 ) 2
0 = 1
1 \ 2
0 " 1
0 = 1
0 ( 1
0 ( 1
4 $ 2
4 [ 2
0 2 1
True
2 ^ 2
0 ~ 1
0 ^ 1
0 6 1
2 ! 2
0 @ 1
2 # 2
0 ) 1
1 " 2
0 1 1
0 % 1
2 ( 2
0 ] 1
0 # 1
3 ) 2
4 ` 2
True
1 * 2
0 / 1
0 ; 1
2 = 2
0 / 1
0 : 1
1 / 2
0 ! 1
0 ? 1
True
True
1 . 2
2 } 2
1 $ 2
1 $ 2
0 0 1
1 ` 2
True
2 ` 2
True
0 & 1
1 + 2
0 ) 1
1 / 2
0 ( 1
0 = 1
0 ] 1
True
3 ) 2
1 * 2
0 " 1
3 ' 2
0 [ 1
1 < 2
True
0 ! 1
0 , 1
0 ? 1
True
0 7 1
0 ^ 1
True
3 { 2
0 ^ 1
0 ! 1
1 & 2
3 ] 2
0 # 1
1   2
0 0 1
7 ! 2
2   2
0 ~ 1
0 [ 1
True
True
True
0 | 1
True
0 8 1
1 \ 2
0 ( 1
1 | 2
1 * 2
1 " 2
0 . 1
0 4 1
True
7 , 2
0 1 1
0 : 1
2 @ 2
4 ` 2
0 9 1
1 { 2
3 ~ 2
0 8 1
0 5 1
True
3 [ 2
3 $ 2
0 % 1
0 \ 1
0 % 1
1 ` 2
0 ] 1
3 . 2
2 / 2
0 4 1
0 5 1
5 ) 2
2 } 2
3 { 2
True
True
2 ) 2
0 9 1
True
True
3 | 2
1 * 2
1 ! 2
0 \ 1
0 ~ 1
0 3 1
0 2 1
0 + 1
2 % 2
0 2 1
0 ` 1
2 ` 2
0 2 1
4 ] 2
2 ) 2
True
3 [ 2
1 / 2
0 5 1
2 ; 2
1 = 2
True
2 . 2
0 + 1
3 ~ 2
True
0 ? 1
0 : 1
2 { 2
0 | 1
0 } 1
0 = 1
1 | 2
0 , 1
0 " 1
2 | 2
1 " 2
2 ) 2
2 . 2
0 6 1
0 + 1
0 ~ 1
0 - 1
1 * 2
0   1
2 , 2
True
0 . 1
True
0 ` 1
0 ~ 1
1 ) 2
0 ^ 1
2 # 2
0 6 1
0 / 1
2 } 2
1 \ 2
3 ? 2
0 / 1
2 ` 2
0 9 1
4 , 2
True
2   2
5 + 2
1 ? 2
1 ( 2
2 ) 2
2 ' 2
0 3 1
0 : 1
0 > 1
True
0 3 1
2 # 2
0 0 1
True
1   2
4 & 2
0 % 1
1 > 2
0 % 1
0 . 1
2 ; 2
0 6 1
0 - 1
0 $ 1
0 3 1
2 & 2
4 ~ 2
0 & 1
0 6 1
True
0 * 1
3 ) 2
0 0 1
0 ~ 1
3 ; 2
1 ) 2
0 @ 1
0 @ 1
0 4 1
0 \ 1
1 ! 2
1 ' 2
0 ' 1
0 6 1
2 @ 2
1 < 2
1 " 2
True
0 9 1
0 ; 1
0 \ 1
1 > 2
0 & 1
1   2
0 [ 1
0 # 1
True
1 , 2
True
True
3 } 2
0 ? 1
1 ` 2
0 ' 1
0 + 1
4 * 2
0 4 1
1 : 2
2 & 2
0 & 1
0 } 1
0 , 1
0 @ 1
True
0 | 1
0 < 1
0 $ 1
0 ` 1
True
0 8 1
6 { 2
1 * 2
0 + 1
0 6 1
3 } 2
0 3 1
1   2
True
2 ` 2
True
2 ! 2
0   1
1 > 2
0 ? 1
0 * 1
2 [ 2
1 ! 2
1 . 2
True
0 # 1
0 : 1
0 2 1
0 [ 1
True
0 + 1
0 @ 1
1 & 2
True
0 + 1
2 ] 2
True
2 % 2
1 % 2
1   2
0 < 1
2 + 2
2 - 2
4 ? 2
0 [ 1
0 @ 1
1 } 2
True
5 } 2
0 % 1
0 & 1
2 > 2
0 @ 1
2 ( 2
2 - 2
2 . 2
0 ( 1
2 ~ 2
0 ' 1
0 7 1
0 ` 1
0 ? 1
1 [ 2
2 ? 2
2 ~ 2
0 \ 1
0 @ 1
5 ; 2
1 ! 2
0 ( 1
2 : 2
2 $ 2
3 ) 2
0 " 1
1 ] 2
0 * 1
1 & 2
4 ~ 2
0 1 1
0 4 1
2   2
1 > 2
2 * 2
0 \ 1
0 ! 1
2 / 2
True
0 . 1
2 % 2
0 { 1
0 \ 1
True
0 # 1
1 } 2
1 * 2
0 / 1
7 ] 2
True
2 - 2
0 * 1
0 ; 1
0 } 1
0 ` 1
True
3 < 2
True
0 ) 1
True
4 ` 2
0 ( 1
0 2 1
2 ] 2
0 ( 1
1 ) 2
2 % 2
2 > 2
0 $ 1
0 ~ 1
1 ~ 2
3 + 2
0 [ 1
0 7 1
2 | 2
0 0 1
3 ] 2
1 [ 2
True
2 ' 2
7 : 2
2 [ 2
True
True
1 = 2
0 . 1
6 ) 2
3 ` 2
True
0 : 1
0 5 1
6 ! 2
0 \ 1
2 \ 2
1 > 2
0 # 1
0 . 1
True
4 @ 2
0 8 1
0 8 1
2 % 2
5 % 2
6 ! 2
0 { 1
0 ^ 1
0 ~ 1
2 % 2
True
0 ' 1
0 | 1
4 & 2
1 & 2
1 ; 2
0 [ 1
True
1 ^ 2
3 | 2
True
True
0 2 1
1 ~ 2
0 ' 1
True
0 1 1
2 { 2
0 ] 1
0   1
3 ) 2
1 = 2
True
True
True
0 , 1
0 : 1
0 7 1
1 / 2
3 ' 2
0 & 1
True
2 ! 2
1 ? 2
3 + 2
0 * 1
2 < 2
0 : 1
0 + 1
0 * 1
1 > 2
1   2
1 * 2
2 ( 2
1 < 2
True
1 < 2
2 ? 2
1 $ 2
3 > 2
2 " 2
2 * 2
0 ` 1
0 * 1
0 0 1
3 { 2
0 | 1
1 @ 2
1 ? 2
0 " 1
0 0 1
0 : 1
True
0 { 1
0 > 1
0 & 1
True
0 " 1
2 = 2
4 } 2
True
True
0 ? 1
True
3 { 2
0 / 1
0 ! 1
4 ~ 2
0 ! 1
1 * 2
0 8 1
0 1 1
0 $ 1
0 1 1
1 = 2
1 ^ 2
0 9 1
0 = 1
True
0 ! 1
5 ` 2
1 ' 2
1 ` 2
0 @ 1
5 } 2
0 0 1
0 > 1
0 [ 1
1 * 2
True
0 9 1
0 5 1
0 } 1
0 3 1
2 ` 2
True
2 # 2
0 ~ 1
0 ~ 1
1   2
True
1 $ 2
True
0 ? 1
0 9 1
0 / 1
4 . 2
2   2
8 [ 2
0 * 1
1 [ 2
1 ~ 2
1 ' 2
4 ~ 2
True
0 < 1
0 ; 1
2 . 2
7 ) 2
0 > 1
1 ' 2
0 * 1
1 - 2
2 ) 2
0 ` 1
1 ^ 2
True
1 * 2
2 + 2
0 % 1
4 ( 2
0 { 1
4 | 2
1 ! 2
True
1 " 2
1 | 2
1 ? 2
2 ^ 2
0 : 1
0 \ 1
0 ~ 1
0 & 1
0 , 1
2 ` 2
0 ? 1
3 ] 2
3 ^ 2
0 7 1
0 6 1
3 , 2
0 ! 1
0 6 1
2 , 2
0 # 1
2 \ 2
0 9 1
0 ~ 1
2 [ 2
True
0 ^ 1
1 ` 2
1 : 2
1 " 2
0 [ 1
2   2
True
0 0 1
1 : 2
0 > 1
2 } 2
0 3 1
1 - 2
0 7 1
1 % 2
0 % 1
0 > 1
0 { 1
True
4 ^ 2
1 { 2
4 ( 2
True
6 - 2
3 } 2
2 ] 2
3 ! 2
4 . 2
5 ] 2
0 3 1
0 , 1
1 ` 2
2 . 2
2 ( 2
1 % 2
0 * 1
2 ~ 2
2   2
1 ^ 2
0 { 1
0 { 1
4 ! 2
5 ) 2
1 > 2
0 8 1
True
0 " 1
True
1 | 2
7 : 2
1 ? 2
0 " 1
1 ) 2
2 ^ 2
2 ! 2
0 6 1
1 ( 2
0 ] 1
True
1 [ 2
0 - 1
7 } 2
0 * 1
0 ; 1
1 # 2
True
0 ? 1
3 # 2
2 " 2
0 \ 1
2 " 2
0 ) 1
0   1
2 ] 2
0 . 1
6 ; 2
2 * 2
0 & 1
0 ' 1
2 ] 2
3 < 2
1 / 2
2 = 2
0 ` 1
0 # 1
0 8 1
2 ) 2
0 6 1
True
True
0 } 1
1 } 2
2 ` 2
True
1 ` 2
0 6 1
0 < 1
1 / 2
True
0 & 1
0 ( 1
0 . 1
0 | 1
6 " 2
0 ( 1
0 , 1
3 < 2
0 3 1
1 > 2
1 ^ 2
1 ^ 2
4   2
4 ~ 2
6 % 2
3 $ 2
1 . 2
5 ^ 2
7 ? 2
0 # 1
2 < 2
1 ; 2
0 - 1
True
2 ] 2
0 = 1
1 < 2
2 / 2
0 . 1
0 ! 1
0 5 1
2 : 2
6 [ 2
0 3 1
1 [ 2
0 0 1
0 @ 1
6 ( 2
0 { 1
3   2
1 | 2
0 ) 1
1 % 2
1 \ 2
1 ~ 2
0 / 1
5 } 2
0 , 1
1 # 2
3 + 2
0 # 1
3 - 2
6 ' 2
1 > 2
3 > 2
0 , 1
4 ( 2
True
4 : 2
3 " 2
1 [ 2
0 ' 1
0 / 1
1   2
0 0 1
0 ( 1
2 | 2
0 1 1
4 ^ 2
1 - 2
0 + 1
5 : 2
0 / 1
0 \ 1
0 ` 1
0 0 1
0 ! 1
0 ; 1
9 & 2
0 4 1
1 @ 2
True
0 $ 1
5 | 2
1 , 2
0 ] 1
0 { 1
0 5 1
7 ] 2
4 ! 2
0 ^ 1
2 ; 2
1 { 2
3 [ 2
3 ! 2
0 < 1
2 ) 2
4 | 2
2 @ 2
1 = 2
2 % 2
2 > 2
1 < 2
0 2 1
0 8 1
0 ` 1
0 < 1
3 & 2
0 ' 1
1 ~ 2
True
0 @ 1
0 ] 1
2 $ 2
1 ` 2
1 ! 2
1 % 2
0 8 1
2 , 2
1 + 2
0 < 1
0 # 1
3 # 2
0 ? 1
0 . 1
0 ^ 1
0 7 1
0 ( 1
True
0 ! 1
1 , 2
0 8 1
2 ^ 2
0 # 1
0 , 1
3 ` 2
0 . 1
0 + 1
0 & 1
3 } 2
0 @ 1
0 < 1
2 / 2
True
1 ; 2
2 = 2
0 5 1
1   2
0 ~ 1
1 } 2
0 ) 1
0 1 1
True
3 ! 2
0 ^ 1
1 ! 2
True
1 ; 2
5 = 2
2 } 2
1 [ 2
0 8 1
7 > 2
6 } 2
0 > 1
3 $ 2
0 : 1
0 5 1
0 ^ 1
0 + 1
0 } 1
1 \ 2
0 ^ 1
1 , 2
2 @ 2
0 , 1
0 / 1
3 ( 2
1 { 2
0 } 1
0 2 1
0 ) 1
0 7 1
0 < 1
3 ! 2
0 - 1
4 } 2
4 @ 2
4 ' 2
4 ] 2
0 , 1
1 | 2
0 ] 1
3 { 2
True
6 , 2
1 @ 2
1 ? 2
0 : 1
0 * 1
3 / 2
True
1 ) 2
8 [ 2
0 * 1
2 } 2
1 ] 2
0 ? 1
0 ~ 1
0 ~ 1
5 - 2
1 | 2
2 * 2
3 / 2
8 * 2
True
1 : 2
1 < 2
0 # 1
True
0 4 1
0 ; 1
0 1 1
3 ` 2
2 \ 2
2 ; 2
7 ' 2
1 . 2
0 @ 1
True
0 3 1
2 : 2
0 ~ 1
1 ! 2
True
0 0 1
1 = 2
0 * 1
0 * 1
0 \ 1
0 9 1
True
0 % 1
0 # 1
True
8 ! 2
8 ( 2
0 ( 1
4 % 2
2 < 2
0 8 1
0 [ 1
0 } 1
0 7 1
2 / 2
1 | 2
0 3 1
0 ` 1
0 ^ 1
0 4 1
0 8 1
0 1 1
7 % 2
0 . 1
10 } 2
1 | 2
0 < 1
2 ? 2
2 ( 2
1 ~ 2
0 4 1
2 < 2
0 # 1
2 ` 2
0 ^ 1
2 @ 2
0 # 1
1 ! 2
0 < 1
0 # 1
1 @ 2
True
0 | 1
2 / 2
1 { 2
0 & 1
2 % 2
True
1 < 2
1 ( 2
0 7 1
1 = 2
5 . 2
2 ? 2
7 < 2
True
3 * 2
4 ! 2
1 ; 2
1 / 2
True
1 ' 2
True
6 @ 2
True
4 $ 2
5 ] 2
8 ? 2
1 = 2
5 $ 2
1 $ 2
0 { 1
0 7 1
1 / 2
0 - 1
5 ( 2
1 ] 2
True
2 ) 2
4 ` 2
1 / 2
0 ) 1
0 # 1
4 ` 2
2 , 2
1 < 2
3   2
1 % 2
2 > 2
0 9 1
1 % 2
0 | 1
0 ~ 1
4 & 2
0 7 1
5 } 2
0 = 1
0 = 1
0 4 1
0 1 1
0 [ 1
1 : 2
1 + 2
0 ` 1
True
6 - 2
4   2
True
2 @ 2
4 # 2
7 * 2
1 : 2
0 . 1
0 [ 1
3 @ 2
0 ( 1
1 @ 2
3 [ 2
0 @ 1
1 ( 2
True
2 ; 2
0 \ 1
2 $ 2
6 # 2
0 , 1
0 9 1
0 ^ 1
0 ? 1
8 ] 2
2 & 2
0 ~ 1
3 * 2
1 ^ 2
0 " 1
0 3 1
0 ] 1
1 " 2
1 { 2
True
0 : 1
1 ^ 2
0 4 1
3 % 2
0 8 1
1 ( 2
True
True
1   2
1 @ 2
0 - 1
1 ^ 2
0 $ 1
True
5 * 2
0 7 1
0 ( 1
0 ? 1
2 " 2
1 $ 2
1 | 2
0 5 1
0 2 1
1 + 2
0 " 1
0 { 1
True
5 ) 2
True
True
4 : 2
0 1 1
0 ] 1
4 ) 2
0 } 1
5 > 2
2 - 2
5 + 2
0 ` 1
0 + 1
1 * 2
3 < 2
True
0 * 1
1 ] 2
0 + 1
0 ' 1
2 \ 2
0 { 1
4 ] 2
0 | 1
1 . 2
2 < 2
0 @ 1
5 % 2
0 & 1
1 { 2
0 % 1
0   1
0 ` 1
1 ~ 2
5 ( 2
0 # 1
0 9 1
True
0 8 1
3 { 2
0 , 1
0 6 1
2 * 2
1 ? 2
0 " 1
1 : 2
0 . 1
0 + 1
1 ; 2
0 * 1
0 9 1
1 > 2
0 - 1
0 6 1
0 1 1
2 ~ 2
0 { 1
2 [ 2
5 ! 2
6 ) 2
3   2
3 % 2
0 = 1
3 } 2
0 : 1
0 4 1
0 | 1
0 0 1
3 ? 2
True
1 $ 2
0 ? 1
1 + 2
10 % 2
0 ! 1
2 * 2
0 $ 1
2 ] 2
1 = 2
0 [ 1
2   2
2 @ 2
1 ] 2
True
3 \ 2
True
True
2 = 2
0   1
0 2 1
0 ^ 1
1 = 2
0 , 1
1 ? 2
2 ( 2
0 7 1
1 ; 2
0 - 1
0 + 1
0 / 1
3 / 2
2 / 2
True
0 5 1
2 ' 2
9 : 2
0 4 1
0 # 1
2 ~ 2
0 8 1
1 ! 2
0 ' 1
0 ' 1
7 { 2
5 # 2
0 ) 1
1 < 2
2 [ 2
0 , 1
0 " 1
0 ! 1
0 1 1
2 \ 2
4 > 2
0 2 1
0 ' 1
0 7 1
4   2
0 | 1
True
7 ! 2
1 ` 2
4 & 2
1 . 2
1 ] 2
0 : 1
3 } 2
2 = 2
2 + 2
True
2 : 2
0 # 1
0 2 1
0 , 1
0 # 1
0 < 1
True
0 \ 1
True
2 ( 2
0 \ 1
0 / 1
0 ? 1
0 < 1
0 ' 1
6 . 2
0 ' 1
1 + 2
0 - 1
0 ( 1
0 & 1
True
0 @ 1
1 ( 2
True
1 ^ 2
3 $ 2
1 & 2
3 = 2
1 { 2
0 5 1
0 ^ 1
0 4 1
3 * 2
0 9 1
0 ? 1
0 & 1
0 ] 1
0 8 1
2 + 2
3 ; 2
1 | 2
2 ! 2
2 . 2
1 [ 2
1 ( 2
0 $ 1
5 $ 2
0 { 1
0 " 1
2 ( 2
6   2
0 @ 1
0 - 1
0 ? 1
1 ( 2
0 = 1
0 * 1
0 } 1
11 } 2
4 ! 2
True
0 ) 1
3 $ 2
2 $ 2
5 | 2
1 \ 2
0 | 1
0 0 1
0 2 1
True
0 4 1
9 ! 2
2 ) 2
True
2 " 2
True
3 $ 2
0 < 1
1 ) 2
0 ~ 1
2   2
0 & 1
1 ! 2
9 - 2
True
1 % 2
0 / 1
2 * 2
0 $ 1
2 ^ 2
3 ~ 2
True
2 @ 2
4   2
0 " 1
0 % 1
0 0 1
0 7 1
1 - 2
1 } 2
1 + 2
0 : 1
2 $ 2
1 ] 2
0 % 1
1 ? 2
4 & 2
1 / 2
0 - 1
0 ' 1
0 0 1
0 : 1
0   1
True
1 > 2
2 @ 2
2 # 2
True
1 ` 2
2 } 2
3 ? 2
0 ( 1
True
3   2
1 ( 2
0 , 1
0 [ 1
0 / 1
2 = 2
1 + 2
0 ! 1
0 % 1
1 ` 2
1 # 2
1 / 2
0 | 1
4 ? 2
0 7 1
0 1 1
0 # 1
2 ! 2
0 | 1
0 ~ 1
3 * 2
0 1 1
3 * 2
0 9 1
3 ( 2
0 / 1
2 { 2
True
4 ~ 2
1 ^ 2
4 / 2
0 2 1
True
1 - 2
0 1 1
0 ; 1
1 ; 2
0 & 1
0 : 1
0 3 1
0 5 1
3 & 2
2 = 2
True
0 @ 1
3 ^ 2
2 - 2
3 , 2
0 3 1
0 0 1
0 * 1
0 4 1
2 / 2
0 ^ 1
0 ; 1
0 ~ 1
0 @ 1
0 = 1
4 * 2
0 ( 1
True
0 / 1
2 / 2
3 ' 2
4 , 2
4 ~ 2
0 ? 1
2 / 2
3 ' 2
0 ? 1
True
1 ! 2
True
0 * 1
4 > 2
True
0 ~ 1
0 5 1
3 ! 2
0 ; 1
2 $ 2
1 $ 2
1 + 2
1 [ 2
0 1 1
2 ; 2
1 ) 2
3 ) 2
2 @ 2
1   2
3 - 2
3 : 2
0 $ 1
2 < 2
2 $ 2
5 ^ 2
0 2 1
0 = 1
2 [ 2
0 4 1
0   1
1 [ 2
1 # 2
1 # 2
2 ] 2
0 ) 1
0 , 1
0 ! 1
2 ` 2
4 \ 2
3 # 2
0 $ 1
2 ^ 2
0 , 1
True
0 * 1
0 2 1
True
0 [ 1
0 - 1
1 $ 2
0 & 1
0 ' 1
1 { 2
0 { 1
0 % 1
0 - 1
1 $ 2
2 ~ 2
4 % 2
0 % 1
True
1 / 2
0 } 1
2 ! 2
1 * 2
1 # 2
5 " 2
1 } 2
7 . 2
2 ` 2
4 ^ 2
0 3 1
0 4 1
0 5 1
0 " 1
1 " 2
0 7 1
0 6 1
0 < 1
2 ~ 2
True
True
1 ' 2
0 = 1
True
1 " 2
4 < 2
3 [ 2
0 " 1
1   2
0 5 1
0 & 1
0 { 1
0 7 1
0 6 1
0 ) 1
0 - 1
6 - 2
True
0 > 1
2 ) 2
2 ^ 2
0 7 1
0 ! 1
True
1 | 2
True
1 ] 2
0 0 1
True
2 - 2
4   2
0 [ 1
1 \ 2
True
3 @ 2
0 \ 1
True
0 & 1
True
0 , 1
2 > 2
0 [ 1
0 / 1
0 ? 1
7 ' 2
6 \ 2
0 ` 1
True
0 " 1
True
3 - 2
0 . 1
1 ~ 2
0 - 1
0 > 1
True
0 / 1
0 ! 1
True
True
0 ^ 1
True
2 { 2
1 ] 2
10   2
1 @ 2
0   1
0 % 1
0 / 1
0 [ 1
1 ) 2
True
1 * 2
4 " 2
1 ! 2
0 = 1
4 ^ 2
1   2
3 + 2
1 < 2
0 ( 1
0 / 1
0 ' 1
1 : 2
0 , 1
2 + 2
4 ( 2
0 ] 1
0 * 1
1 | 2
0 < 1
0 > 1
0 ^ 1
2 % 2
0 ^ 1
1 - 2
0 ^ 1
0 ( 1
True
0 , 1
True
2 = 2
3 ) 2
1 ( 2
2 < 2
1 } 2
0 8 1
1 ' 2
1 , 2
2 @ 2
1 / 2
1 | 2
4 ? 2
0 ~ 1
0 ~ 1
0 / 1
0 ` 1
0 % 1
0 ) 1
0 5 1
1 & 2
0 < 1
5 } 2
0 = 1
0 & 1
3 " 2
0 $ 1
True
True
1 < 2
0 > 1
2 = 2
True
3 : 2
0 6 1
1 \ 2
0 ` 1
5 % 2
True
1 ! 2
True
0 8 1
1 ~ 2
2 - 2
0 , 1
0 8 1
1 ; 2
0 \ 1
0 ] 1
0 9 1
0 1 1
0 7 1
3 [ 2
0 7 1
9 ] 2
0 } 1
1 ? 2
2 | 2
0 2 1
0 @ 1
7 # 2
0 6 1
True
0 * 1
0 4 1
0 / 1
1 : 2
0 6 1
0 ` 1
0 5 1
0 ' 1
1 ? 2
0 2 1
True
0 \ 1
2 @ 2
True
True
0 ? 1
2 ^ 2
0 } 1
3 * 2
0 ( 1
1 = 2
8 > 2
True
1 $ 2
2 ( 2
2 = 2
1 , 2
0 ; 1
3 + 2
2 ) 2
1 ) 2
0 . 1
1 " 2
2 # 2
True
2 ; 2
2 ^ 2
1 @ 2
3 \ 2
0 # 1
0 ( 1
1 . 2
0 ] 1
0 5 1
2 { 2
0 ^ 1
0 0 1
0 # 1
2 > 2
0 [ 1
True
0 ` 1
3 } 2
2 : 2
3 * 2
0 @ 1
0 0 1
0 | 1
0 . 1
0 + 1
1 " 2
0 @ 1
0 = 1
True
0 & 1
0 % 1
0 ) 1
True
1 ( 2
0 4 1
True
0 - 1
5 ' 2
True
0 1 1
0 ' 1
2 = 2
True
1 ' 2
1 ^ 2
0 4 1
0 = 1
8 ) 2
0   1
True
0 ? 1
3 < 2
2 * 2
0 | 1
0 ; 1
3 / 2
0 6 1
True
0 [ 1
True
0 ( 1
0 ^ 1
1 < 2
0 < 1
0 ` 1
0 { 1
0 , 1
1 , 2
1 ? 2
0 } 1
0 + 1
0 = 1
0 & 1
0 4 1
True
2 = 2
2 [ 2
2 , 2
0   1
0 $ 1
0 : 1
0 ` 1
0 : 1
True
0 > 1
1 . 2
4 > 2
0 4 1
0 1 1
True
0 @ 1
2 @ 2
4 , 2
0 / 1
0 % 1
0 1 1
0 : 1
0 7 1
1 $ 2
4 / 2
2 * 2
4 $ 2
True
0 > 1
True
1 @ 2
0 ~ 1
0 * 1
0 \ 1
0 . 1
0 } 1
0 & 1
1 ) 2
True
True
True
1 < 2
4 $ 2
5 " 2
0 1 1
0 6 1
1 & 2
0 } 1
0 : 1
2   2
True
2 [ 2
3 } 2
0 9 1
3 ] 2
0 ^ 1
True
0 5 1
2 . 2
0 [ 1
3 | 2
0 = 1
True
1 < 2
3 = 2
1 . 2
0 ; 1
1 | 2
1 : 2
0 . 1
2 / 2
2 / 2
5 . 2
1 > 2
0 ( 1
2 { 2
1 ' 2
4 = 2
2 ` 2
0 ! 1
0 9 1
0 + 1
0 | 1
0 9 1
2 $ 2
0 3 1
0 $ 1
2 ! 2
0 ~ 1
0 & 1
0 8 1
0 | 1
0 * 1
0 4 1
0 ` 1
0 @ 1
1 ' 2
4 - 2
2 ? 2
3 # 2
5 & 2
2 [ 2
2 } 2
0 7 1
True
1 / 2
0 ? 1
6 < 2
2 % 2
1 , 2
0 ] 1
True
0 % 1
2 : 2
6 \ 2
0 4 1
0 ~ 1
0 < 1
3 ` 2
1 ] 2
3 > 2
True
1 = 2
0 2 1
0 * 1
0 = 1
2 } 2
5 } 2
0 " 1
6 ! 2
0 ] 1
4 ^ 2
0 7 1
True
True
0 & 1
2 ) 2
0 1 1
1 & 2
2   2
0 0 1
0 7 1
2 + 2
0 0 1
1 \ 2
0 * 1
0 . 1
True
1 < 2
2 ! 2
4 ~ 2
0 ^ 1
0 $ 1
1 $ 2
0 ) 1
0 = 1
0 [ 1
2 + 2
0 . 1
7 ] 2
0 ) 1
2 ( 2
5 ~ 2
1 ~ 2
3 & 2
1 ~ 2
2 ? 2
1 { 2
3 " 2
4 , 2
2 = 2
2 & 2
0 0 1
0 . 1
0 " 1
3 ) 2
3 , 2
True
0 % 1
4 ( 2
1 @ 2
0 { 1
True
5 / 2
True
1 $ 2
2 } 2
0 { 1
1 \ 2
0 < 1
True
2 - 2
True
1 | 2
0 / 1
3 $ 2
0 7 1
1 @ 2
0 , 1
0 6 1
2 * 2
0 | 1
2   2
0 " 1
0 2 1
0 ) 1
0 ; 1
1 # 2
0 ( 1
0 \ 1
1 ( 2
True
1 ~ 2
True
True
1 > 2
0 % 1
1 ; 2
1 \ 2
True
True
0 / 1
4 % 2
2 : 2
1 [ 2
0 , 1
0 ] 1
0 * 1
1 - 2
9 = 2
5 > 2
1 > 2
1 ? 2
2 * 2
0 = 1
0 { 1
0 = 1
1   2
True
1 | 2
0 ' 1
1 ^ 2
1 * 2
0 { 1
3 ^ 2
True
0 " 1
1 * 2
0 # 1
True
0 7 1
0 " 1
2 ] 2
0 + 1
4 / 2
4 ` 2
0 < 1
0 0 1
1 * 2
2 ` 2
0   1
2 $ 2
0 9 1
3 < 2
1 ^ 2
2 = 2
3 ` 2
1 # 2
True
0 7 1
3 % 2
3 . 2
0 # 1
0 4 1
True
2 ( 2
True
3 ; 2
0 ; 1
2 @ 2
0 < 1
0   1
2 < 2
0 6 1
0 1 1
1 ] 2
0 : 1
2 + 2
3 ! 2
7 ( 2
0 [ 1
0 4 1
1 ; 2
0 { 1
True
0 & 1
0 $ 1
True
0 ; 1
1 : 2
1 ; 2
0 ] 1
0 9 1
1 % 2
3 $ 2
3   2
1 % 2
0 $ 1
0 7 1
0 7 1
2 : 2
1 > 2
1 } 2
0 ^ 1
0 ^ 1
1 ^ 2
0 & 1
0 ( 1
0 ` 1
3 ^ 2
0 , 1
2 ( 2
0 ] 1
4 * 2
True
1 @ 2
0 = 1
0 3 1
0 [ 1
3 ` 2
0 { 1
3 } 2
1 @ 2
1 ^ 2
0 1 1
2 \ 2
0 ] 1
2 } 2
0 * 1
0   1
0 8 1
1 ; 2
0 7 1
4 " 2
True
0 ! 1
0 # 1
4 < 2
True
True
8 : 2
0 > 1
0 3 1
0 , 1
4 ' 2
1 * 2
0 & 1
5 + 2
2 ] 2
0 / 1
1 > 2
1 ) 2
4 - 2
2 ) 2
0 7 1
0 5 1
True
1 $ 2
0 } 1
0 = 1
1 @ 2
3 . 2
True
0 . 1
0 + 1
4 \ 2
3 - 2
2 ` 2
11 ' 2
1 ^ 2
6 = 2
1 \ 2
1 + 2
0 ` 1
5 ; 2
0 * 1
0 { 1
True
0 ~ 1
True
1 ^ 2
3 ^ 2
0 [ 1
0 ! 1
3 \ 2
True
5   2
True
True
2 , 2
True
0 ] 1
True
5 ! 2
True
0 3 1
1 ' 2
0 ` 1
True
0 | 1
0 : 1
0 , 1
1 $ 2
3 [ 2
0 9 1
0 7 1
0 + 1
1 } 2
7 ; 2
0 5 1
2 ` 2
0 & 1
3 & 2
1 + 2
0 3 1
0 0 1
2 @ 2
0 1 1
0 [ 1
2 < 2
5 # 2
True
1 ! 2
0 5 1
0 @ 1
1 ? 2
0 + 1
2 } 2
0 / 1
0 & 1
0 0 1
6 | 2
0 } 1
True
0 0 1
2 # 2
0 , 1
0 [ 1
0 { 1
0 } 1
True
0 $ 1
0   1
0 ~ 1
0 ] 1
2 , 2
1 - 2
0 % 1
1 / 2
3 $ 2
0 ` 1
5 < 2
0 - 1
0 \ 1
5 ? 2
0 - 1
5 ( 2
0 $ 1
True
2 ; 2
True
2 / 2
True
0 ( 1
7 } 2
1 * 2
0 2 1
0 * 1
0 $ 1
1 ] 2
2 % 2
0 ) 1
True
1 " 2
3 ! 2
True
0 ? 1
2 ' 2
1 ] 2
1 [ 2
4 | 2
5 > 2
0 | 1
1 ? 2
1 - 2
0 3 1
0 9 1
True
1 ; 2
0 @ 1
1 $ 2
0 / 1
0 8 1
0 ^ 1
0 ! 1
0 , 1
True
0 : 1
1 < 2
3 ) 2
1 = 2
7 { 2
1   2
0 3 1
5 ^ 2
1 , 2
0 < 1
2 } 2
2 < 2
8 [ 2
2 ^ 2
2 ^ 2
2 ( 2
0 ] 1
2 / 2
0 ? 1
0 \ 1
2 , 2
True
1 = 2
0 ) 1
5 ` 2
0 ) 1
True
0 6 1
0 9 1
1 ? 2
2 ) 2
4 [ 2
0 3 1
1 & 2
0 ] 1
5 > 2
0 ? 1
0 - 1
1 - 2
0 8 1
0 1 1
0 4 1
True
2 . 2
0 ( 1
2 ? 2
6 # 2
0   1
1 ; 2
0 # 1
True
1 & 2
0 ] 1
7 ? 2
3 - 2
1 | 2
True
1 ? 2
True
True
1 % 2
1 ( 2
2 = 2
0 ( 1
True
True
0 ? 1
6 { 2
3 / 2
0 0 1
4 * 2
0 % 1
0 ) 1
0 * 1
0 - 1
0 ! 1
0 @ 1
3 + 2
3 } 2
0 ~ 1
0 ^ 1
1 | 2
2 ~ 2
0 ` 1
12 ` 2
4 @ 2
True
4 . 2
0 { 1
0 " 1
3 < 2
0 , 1
4 & 2
0 ? 1
0 \ 1
0 | 1
0 $ 1
0 ? 1
0 4 1
True
2 ( 2
2   2
0 9 1
4 $ 2
True
1 > 2
4 $ 2
True
0 7 1
4 ( 2
1 ^ 2
2 = 2
1 ! 2
0 ~ 1
0 + 1
1 / 2
2 @ 2
3 - 2
0 \ 1
0 ` 1
2 ) 2
0 . 1
0 ? 1
0 6 1
2 ] 2
0 . 1
6 " 2
0 3 1
0 ; 1
2 : 2
4 ; 2
True
0 ~ 1
0 | 1
3 ! 2
1 # 2
0 & 1
1 } 2
1 < 2
4 . 2
0 , 1
4 ' 2
True
True
2 ] 2
2 . 2
7 , 2
0 ; 1
1 ! 2
True
1 > 2
0 & 1
0 ) 1
1 | 2
1 # 2
2 : 2
0 / 1
0 ) 1
1 < 2
0 . 1
3 # 2
0 4 1
2 < 2
1 & 2
0 - 1
0 < 1
True
0 5 1
0   1
1 ! 2
1 ; 2
0 [ 1
0 " 1
0 ; 1
0 ? 1
0 @ 1
5 < 2
0 \ 1
2 ' 2
1 ) 2
True
2 ` 2
1 - 2
2 : 2
7 . 2
2 > 2
True
0 1 1
1 { 2
0 , 1
0 / 1
0 $ 1
1 @ 2
0 > 1
0 5 1
1 ~ 2
2 & 2
1 - 2
True
1 ' 2
0 @ 1
0 0 1
2 | 2
0 ' 1
0 : 1
0 / 1
1 @ 2
0 ( 1
0 > 1
0 { 1
2 $ 2
0 7 1
0 5 1
1 $ 2
0 5 1
0 } 1
1   2
0 5 1
0   1
3 [ 2
0 % 1
1 + 2
0 * 1
0 # 1
3 | 2
True
0 8 1
3 > 2
1 } 2
2 | 2
1 > 2
4 / 2
0 / 1
0 ( 1
1 ) 2
1 & 2
2 { 2
