0 @ 1
0 9 1
13 > 2
3 ? 2
1 $ 2
0 $ 1
2 " 2
1 ( 2
0 5 1
1 < 2
8 ! 2
0 ( 1
4 = 2
True
1 = 2
True
4 \ 2
0 / 1
1 $ 2
1 ] 2
0 3 1
0 ~ 1
0 | 1
3 : 2
3 . 2
5 | 2
True
1 ] 2
True
0 # 1
1 { 2
0 < 1
0 9 1
7 ' 2
0 2 1
True
0 . 1
0 [ 1
0 } 1
7 } 2
1 \ 2
0 [ 1
0 ^ 1
0 , 1
3 ; 2
True
0 7 1
1 | 2
1   2
True
0 ; 1
0 - 1
0 ] 1
0 0 1
8 ) 2
2 ] 2
True
0 ' 1
0 ( 1
0 6 1
0 ! 1
2 ( 2
1 ` 2
0 , 1
1 / 2
True
2 ` 2
1 # 2
7 > 2
0 ` 1
0 8 1
1 ( 2
2 * 2
0 < 1
0 8 1
2 . 2
2 # 2
0 1 1
0 > 1
3 ( 2
2 / 2
4 > 2
0 % 1
1 " 2
True
3 @ 2
2 \ 2
6 { 2
0 ( 1
0 [ 1
2 % 2
1 & 2
0 0 1
1 : 2
0 , 1
1 = 2
2 - 2
1 @ 2
1 $ 2
True
0 ` 1
0 ` 1
True
0 > 1
9 ` 2
0 ! 1
True
0 4 1
True
4 < 2
0   1
True
0 9 1
5 , 2
0 @ 1
2 < 2
0 5 1
0 ( 1
0 2 1
1 * 2
3 ] 2
0 | 1
1 ' 2
0 3 1
0 , 1
0 # 1
0 0 1
1 ; 2
0 * 1
0 | 1
True
True
