-5391
6710
8480
-70029
-39345
-13900
11535
-21319
-5429
-1233
3176
-15054
-67590
-2831
5254
27033
-25744
27638
-12113
4382
-3819
10198
-20328
24610
-18825
1143
-19335
-9146
33330
-8040
-38503
30714
4638
45202
9616
-22259
4659
-33629
47188
-35224
14104
-4062
6294
-50657
-23738
23240
-2912
-13858
32165
22192
-18475
-7204
-17825
-4910
-18482
-22180
10073
20282
19960
9353
33237
12113
14224
19909
-19548
52246
8086
-47150
594
-44015
27927
351
-11432
10495
-14968
1883
-18535
13674
591
-16191
2959
561
-25226
-43922
61223
3184
-3288
16238
-39862
-15704
41367
-25711
-1764
73344
-25823
10683
-33761
4611
20966
-55523
-5665
16432
-9
-2687
16977
-11820
-21191
-18501
-660
1590
3984
-5562
53967
47449
-19025
8086
-8395
7775
840
8257
16848
71632
-23729
19431
-11865
-3228
632
11012
8375
9727
10244
27094
-4466
14919
-7074
-2315
32231
9165
5238
20583
-31556
391
-10230
4798
-16004
7735
8085
5683
17672
29871
-29128
-5549
24911
18510
2329
18069
-441
-10720
36171
20590
6305
-40233
15698
2632
18850
-4352
-9964
-16668
158
-14717
9316
6605
-15562
1980
-15287
6172
-85224
-28481
37395
53860
59698
-404
17034
-2454
10648
30667
17786
52317
1100
-13625
-3008
12683
23338
19439
-15435
-20697
-5714
-12952
19269
14020
-4927
3902
-10327
-6529
43739
3203
18465
43499
-17473
-5674
1331
-12497
4937
-1588
26755
-10880
-124
-51550
-30629
-2480
-7490
21902
57579
-12548
26435
-9877
14722
9020
45474
5179
55749
-17506
17671
-17082
19445
-19469
25269
16489
-8458
-823
-44716
3174
33991
-19796
-3863
-11219
-637
18749
-39780
-513
28441
-26188
33891
20582
-18360
8286
3885
4815
-10020
4266
-5812
-4821
-12793
33679
-14213
27421
5098
-34554
2185
66239
-6359
-6826
17408
-13101
14725
-57162
-35077
12852
-2814
33107
-8777
-29928
20214
-8221
5751
-7150
12797
-18902
-24014
38015
3841
45430
13784
4370
-38492
-23687
30697
6037
-9451
25244
-5205
2246
-1022
-3227
21901
18936
-9235
-16195
13630
12149
-2225
6400
8311
8924
5907
26160
2892
1791
948
250
15847
-14570
2273
-30879
35304
-381
4993
-36502
-9062
-31370
-16578
-24276
8772
-8507
16518
-22842
-17272
-9721
1516
7296
-8726
29239
-15657
21444
1835
-10739
2773
2062
68163
-21909
-6328
19392
40740
-40940
24773
-13104
23401
3274
-2092
31190
20949
16287
564
-35403
-16788
-11700
-7328
38929
6254
-28894
10696
51111
65529
-17403
2252
-28011
-6892
-19261
43376
-29137
-6569
-34823
-5031
22003
-77613
-34689
33251
18799
-6306
18165
-5075
312
-44414
23606
6131
19665
-24815
-28338
-6049
-35257
10710
-13118
40104
20112
-11698
-4169
-14596
-6523
30
-2507
12074
38129
2939
-23855
-25624
203
4277
30891
-4934
-11397
-22065
-14744
32496
11004
-18139
-33571
-1993
-35656
-18506
26670
11000
-8721
2803
-1153
14058
-6309
-50337
-9760
-76210
-4873
11001
-3543
-20550
7146
20563
2358
-13863
-30518
-3993
-3744
-34090
-34350
-6984
2751
-50082
-8585
-21174
-15558
-1220
10654
55819
-2295
66
13299
-5050
-1178
-36182
2580
8006
2040
-38688
-13246
-3921
-8305
5604
3162
-29258
8655
-13758
29300
-25030
-19901
-3334
6691
3213
3394
-21098
6227
8560
21388
-20846
1993
-2640
-17504
-43581
-33788
17773
-40960
-15922
-15941
-2640
-7695
-48143
-15267
10738
19994
-41536
-22892
-12190
-9048
-39412
3850
-5037
8157
-23147
20321
-38023
98962
53417
14287
-4955
22131
-24277
-11383
5281
-5905
10189
-3410
19850
4679
9206
5412
35902
-51203
-38896
-3479
-17102
5285
-16324
35309
-15103
-42694
17235
3146
-21017
-20371
-3880
-31282
7475
-23625
-2528
-47271
-19826
-2902
47453
-31918
12494
-9024
-263
1612
11441
29518
-2396
-1247
705
-9862
20805
4616
7718
33816
-4663
-3209
-5974
23522
-6233
24046
-713
20295
24494
66616
-16436
3908
34837
2341
-53741
-18000
-9119
10704
-35986
-4072
11954
23486
-27443
3304
16532
-6107
22722
-4704
-8213
-28693
6604
9841
-24850
-23991
12014
-18359
46141
30323
21810
5709
11821
-4602
-21255
18146
39
11134
21489
33754
-2330
-3468
13355
22937
1846
-928
29776
-29673
38464
8535
42
-18279
14093
-88
-55288
59080
-25125
-3177
16429
20261
50100
44122
40765
-7033
12652
14688
-2714
6556
-6148
-19012
14148
-50192
22355
-1164
-53092
7221
-5481
20407
-21003
-16657
-6833
1583
7622
18246
-11059
3254
405
2006
-2907
10640
-7662
-39463
-29170
-9672
20790
-53818
4982
92246
-14685
-1980
-26527
11314
-185
-13323
32103
-11718
21627
23015
-34325
-6753
-10274
-2393
-63808
3
-34092
-18214
11204
30290
19784
8379
14011
-10415
7979
-7024
16167
10196
35833
28974
756
1837
4181
11499
-346
30690
-4118
-4087
-17246
5288
-46184
27951
-21675
16706
38328
214
-27127
877
3001
8164
-8340
22150
24467
-11637
1335
-71049
-12424
38140
-13574
-5392
13808
28594
13961
-43
6333
-40261
6323
-24096
-6203
81
-44885
11889
-7645
-24268
33250
-979
25042
2934
-32202
-6123
71915
22630
2186
2372
-1766
47456
-28670
10239
-10034
33802
-12079
4128
22727
-3765
-57134
-22530
-45526
2979
-22394
32083
22068
22235
-3482
-13352
6852
25462
-36655
30769
-18010
-49242
3489
10486
-18498
11992
5099
11562
7877
37359
8866
-8908
4903
11019
25566
48899
431
5467
5096
-41934
11911
12231
-12177
-24127
2227
11557
1172
-45657
19720
15879
-8666
-1583
-22222
932
-23823
24861
2296
-16533
-29966
3963
36917
-39089
23718
17523
-5675
-16516
2808
20294
-4747
38176
-11445
-1106
12006
27135
-30077
-46019
-11699
4595
-14975
-27373
3956
8322
-19306
-8685
8718
59384
33518
-2009
8606
45430
-12370
4508
-4944
-8597
26727
-35017
-3223
37360
-71628
-27259
-31894
-22540
34190
-71351
4606
6684
-23723
-3640
34881
9638
-14733
-68925
-19988
21081
-2937
-18813
-21327
3516
-20769
-13220
-15991
-31502
-16531
3300
25268
37955
6595
9903
101
10866
2683
-20415
27418
-27819
224
-13126
24325
-24302
-19898
-15058
19693
3265
32680
-40675
21974
1687
4907
-3544
-46054
-37714
-21812
19873
36559
2121
23412
91506
-34083
33762
-9182
-10561
15913
-4037
31787
-14066
-12242
11652
4760
31255
-25661
-19687
21068
17582
978
-1771
7366
30424
773
-206
65644
-9607
33206
3580
-10446
-31875
22019
-2570
40428
14098
7924
-5279
6498
-18911
1601
18954
-11353
6108
-30647
32738
9834
5000
3388
-73946
-11393
-7427
-15548
18209
24290
-11810
-41312
15197
-12317
-38789
8203
-20447
-49622
-22673
2559
-17347
-45570
-12570
38965
34816
2322
-24222
34994
-36492
-47281
-14335
-3121
9362
15799
8777
22839
37929
1939
-7019
