b
b
c
d
d
e
e
f
f
f
f
g
g
g
g
i
i
i
i
i
i
j
j
j
j
j
k
k
k
k
be
bf
bk
ce
dc
de
de
df
dj
eg
fd
fd
ff
ge
gg
hb
hc
he
hf
ib
ij
jb
jd
jg
jh
jk
jk
kg
bbi
bbj
bcg
bed
cif
cif
cjj
dck
dgf
dgk
ebh
eif
fgi
fjg
gbk
gbk
gdh
gee
ggb
gib
hdh
hdj
hfi
hfj
hid
iee
iej
ifh
jdh
jdj
jeg
jfc
jgj
kdh
kfj
kjc
bcdi
bchk
bdib
bghc
bifi
bkei
cchh
cece
cffb
cgdh
cifg
cijg
cjec
ckcg
ddgi
ddhg
deci
defh
dgfi
eccd
edbi
efbh
eihj
ekkb
fgdj
fjic
fjkj
gbhe
geki
gijg
hbdj
hhjg
hibh
hiid
hkif
iehk
iejc
igeb
ikif
jibj
jjcc
jjgd
jjjd
kgff
bhjgg
bjbcc
bjhki
bkeii
cbcfd
cefhk
ddjib
dkfck
eckef
edfjj
efdjj
fbheg
fcekk
fejbg
fhkig
ficci
fjfjc
giihi
gjfcf
gkkec
hbfgd
hbhjj
hegec
ibfdk
idejd
ideki
igdjj
iiijj
jehbk
jhejk
jiddi
jifhj
jikkk
jkeff
kcghg
kefec
kfbdi
kibdh
kjckk
kjfhj
kkikc
bchckd
bffhdj
bihkde
bjfhcg
ccjdjj
cckefg
ebckgj
edjkdh
efcjeh
ehbbbf
eidkic
ejbkdc
ekgffk
fgbhjd
fheggf
ggbegj
ggdkdk
gjcffk
gjdfch
gjfibc
gkbgff
hdebde
hhjded
ibfhie
ihbjce
ihkbci
jbccgk
jdjckf
jffjgc
jhcjkd
jihdkb
jkgbci
kbibfk
kdgcgc
kfdjkb
kkcidj
bdjhcfe
cbchece
cdjfcji
chdfkhe
cjeciic
dhjjghj
eidcehd
ekkfhib
fdikdgk
fdkfkkb
fhbhggc
fifdedc
fjjigce
ggbbbgg
ghikkji
gjhkgkh
gkkdeib
hcebfjj
hgfhekk
hjkddfb
hjkifhk
igiibce
igkcbbi
jcdcjhh
jgefcgi
jgijdgk
jhgckee
jjbjikg
kbbkckh
kgeddkg
kideejj
kiigcjc
bgfgijcd
bhgbdjgf
biecbcib
bificfdi
cegdkkie
dbhhdehe
dhecjdeh
dkbfebfi
dkejfjjb
dkjjbeck
edbkbkek
ehdkbeif
eibddgdc
ekebfkhh
ekfkjghd
fbjjcjkd
fgdjfdfe
fggkhcii
fiejcgij
fkckgfhd
gddjghfd
ghfejdgk
gkedbkid
gkfbjjkb
hdkdidbg
hjbcbkkk
hjiccjck
ibikjjhi
ickichgb
ifehhjdk
ifhbjddc
ikihhgic
jcbibbec
jdhdigee
jejcjfhi
jfhdfief
kgcbdhfh
khckcdei
kickihef
kijjgdhg
bckdhikjj
bfeifdhhd
bgchiddej
bkcjekhke
bkjkfdjig
cjbcegcgc
ddchghbei
edhdficik
egggeiefh
ffcgcgjki
ffejhidki
fgfdcjgcg
fgjgeibjc
fgjggeeec
fifhihcbh
fijebegeg
fkfegdcbd
fkgcgjgec
gehgbceej
hbbcickbf
hdkkefffi
hkcgeddid
ieibejidf
igdigdhkg
igkkfbbie
ijbbhghke
jbdhbhhje
jecgjbidg
jhgjkgckf
jickjeccc
kegcdkdih
kfhdjecbg
khddcfbkg
kihgegbdk
kjedgejbk
bbcegegfcf
bbkgkijgkf
bcbgbkgbbd
bcfcbdkeie
bggbibciid
bijdgdehic
bjhdjkiegj
ccgdbhdbdi
cebkhihdde
cgeffekgci
cgejfhijci
ckbdbhedee
dbbjddkgef
dbhcfekbih
dbkchhgekb
dckdhkifff
dddgdigjgi
dfdbiehfij
dihijebkjj
dkiikbccib
eefjgbiigj
eefkfjbhck
ehddbdiheb
ehhjhjeefc
ekigbihdcc
fjbjdgcjbe
fjfegkdhie
gcddjiecdc
gcekcccjdf
giiegfebbi
gijbgihccd
hdfbjbfjhj
hebebhidbg
idgcgkbdhd
iffiiidkbi
jdckkhkgcj
jhjedbhifj
jikhcghijc
kciedggfge
kdkbhiegjb
kfkicjcjcd
khkjdihhdi
kkcdecfjdk
