b
b
b
b
b
b
b
b
b
c
c
c
c
c
c
c
c
c
c
d
d
d
d
d
d
d
d
d
d
d
d
d
d
d
e
e
e
e
e
e
e
e
e
e
f
f
f
f
f
f
f
f
f
f
f
f
g
g
g
g
g
g
g
g
g
g
g
g
g
g
g
g
g
h
h
h
h
h
i
i
i
i
i
i
i
i
i
i
i
i
j
j
j
j
j
j
j
j
k
k
k
k
k
k
k
k
k
k
bc
bd
be
bf
bg
bh
bh
bk
cc
ce
ce
cf
cf
cf
cg
cg
ch
ci
ci
cj
db
dc
de
dg
dh
di
dj
dj
ed
ed
ee
eg
eh
ei
ej
ej
ek
ek
ff
fg
fg
fh
fi
fj
fk
fk
gc
gc
gd
gf
gf
gf
gg
gi
hb
hb
hb
hd
hd
hd
he
he
hf
hg
hi
ic
ie
if
if
if
if
ih
ii
ij
ij
ik
jb
jb
je
je
jf
jh
jk
jk
kb
kc
kd
ke
ke
kf
kf
kg
kh
ki
kj
kk
bbi
bde
bdi
bef
bfc
bhb
cbi
cbi
cdf
ceb
cek
cfg
cgb
cgc
cgd
cgh
chf
chh
cie
dbc
dbg
dcd
dcf
dcj
dfg
dfg
dfk
dge
dgf
dhd
dhj
dii
dje
ecb
edc
eee
efc
efg
egd
ejc
eji
fce
fcj
fdb
fdh
fhh
fij
fik
fjb
gbd
gbj
gcj
gdh
gef
gek
gfk
ggg
gij
gik
gjb
gjc
gjh
gke
hcc
hch
hef
hfb
hgj
hhc
hib
hje
hkg
hkj
hkj
icg
idi
ifc
ife
ifj
ihe
iid
iii
ijf
ikf
jfb
jge
jhk
jjb
jjg
kbd
kcf
kcg
kde
kdf
kdg
kgd
khd
kke
kkh
bcgh
bchg
bckg
bckj
bddk
beeh
bhcj
bidg
bihi
bkfc
cbjb
cfde
cfjk
cggb
chcg
cheh
chgh
cigk
dbcj
dbdj
dbfh
dbjg
dcbh
dddf
deke
dfce
dgbh
dgdj
dhhc
dhki
didi
diif
dkde
dkjj
ebgf
ecbh
ecih
eddd
eehk
eeii
effj
egjg
eidh
eifk
eiii
ejch
ejeb
fbbj
fcbj
fcef
fehj
fjij
fkde
gbgh
gceh
gckd
gcki
gfcj
gfkk
gibi
hbeh
hcig
hdij
hebj
heee
hfcb
hgfj
hihd
hjff
hjfk
hjkj
hkce
hkei
ibef
ibej
ibkd
icfc
igek
igkj
ijke
jbcc
jbck
jbfg
jfeb
jgfe
jgff
jgfj
jgkh
jhfb
jhkg
jigg
kcec
kdfb
kdhe
kejc
kfdk
kgbe
kgek
kggc
khik
kieg
kkfg
bbbei
bbfdc
bcdij
bckjc
bddhd
bdfhi
beceh
bedjg
bejek
bgeek
bhddj
bjbkj
bjdgd
bjghd
bkhej
cbedd
cdeif
cibfe
cifcg
cigjg
dbfdk
dbfig
dbikg
dcifh
ddhhd
defdg
dfhig
dggdf
dhehj
ecbgb
edfib
eeefe
eekdk
effkc
efkcg
egfbg
egkbf
eidfg
ekcde
ekfee
ekjgk
fcheb
fgbdd
fhcii
fkfhg
gecij
gfjhf
gfkbh
ggckf
ghdih
gicjj
giijg
gikfd
gjfbd
gjidf
gkkih
hdbgg
hdhdj
hdiij
hdjdi
hedfh
heijb
hgdfh
hgecg
hhidk
hhjdh
hicjh
hjeik
hkfdj
hkihb
ibbdd
ibgjh
icifk
idhih
ifdkb
iffkb
ihfef
ihjjg
iiekk
iiiid
ijfbe
ikbjb
ikjfd
jbdgg
jbhhf
jckec
jdjkg
jegfc
jgbjh
jgdgg
jgegd
jibdd
jihjc
jijci
jikcb
jkhhf
jkkgi
kbddk
kcegf
kchbe
kedjd
kehdg
kejbi
kejec
kffdf
kfief
kjdfe
kjedd
kkcij
kkddh
kkfbg
bbcgbc
bcdbfc
bcggcc
behkid
bfkbhg
bgdfhi
biebgf
bifdjk
bikbhf
bjhjff
bkbdke
cdhjhk
cehkhg
cffdff
cgfije
cgijjf
cgjjjd
cjiibd
ckfckh
ckifjg
dbbefg
dbigkd
ddbkfe
dfehfe
dfhfce
dgihib
dhehbi
dhhfih
dhjfdd
dighfj
dkigbk
ebgjed
effebj
egiggd
ehdjdj
ehdkfh
ejcfki
fbbkgb
fbedhi
fbffjb
fbkjkf
fcfhdk
fddbff
fegfkk
fekgie
fgcbhi
fgjhkh
fhijij
fiiide
gbggig
gbhkkf
gbkbhd
gefhig
gkddfe
hcjhhi
hdigkf
hdkkjj
hfgehh
hfhiii
hghhhj
hhgkfe
hidhdh
hiicgk
hjeefc
hkedej
hkjjdh
ibbige
iccdbf
icjfef
idhfic
iehihd
ieikck
igcibg
igckic
iggicj
igifch
ijkbeb
jcchjg
jcjggg
jfbgfg
jfhjgh
jgjcek
jifjdh
jjicgd
jkjejb
kdegcj
kdghfb
kefdbd
kffigf
kjjhgk
kkfkhg
kkjeki
bbeejbh
bbhcege
bbjgfbj
bdchjif
bfdekfd
bfijkjf
bfkhiid
bhhbheb
bhkicbh
bifgdcd
bikhgbc
cchcgfi
cchddjg
cdkgfbi
ceffejh
cffeiek
cgcehec
chhgjde
chhijik
chjjdgc
ciggihi
cikjhif
cjefedc
ckcckfi
dchkddj
defkihf
dgfhjfc
dhgcife
diehhbc
dkeedeb
ebegfig
edbdidk
ediiike
edijdbg
eejjjed
eibhece
ejbjgge
ekjchkc
fbkegcg
fcfjkff
fehfdfk
fgjhdhf
fgjkkck
fidbkjg
fkbcjeb
gfhcbfd
gficdbc
gfidifd
ggfgfck
gidhdhb
gikcgbe
gjdghkg
gjfgjek
gjjjjce
hbchdke
hcjiedg
hdhiffi
hedidbc
hfddbke
hfgkgkk
hfiggid
hggdedf
hheejhe
hhfcggf
hijbkfh
ibhhkhf
ibhkihh
idkigib
ifbifhi
ifhjcbd
ihhfggk
jbckeib
jbiifdf
jbkfgjj
jcdejhe
jckdfkh
jdbjhdi
jddhbhg
jdggcbi
jebgbkc
jeffibd
jekcfgi
jfjjhjg
jhcfjjf
jhejbbi
jhjbhhg
kbdjjic
kbgkjgb
kcehgbk
kdijdbb
kdjgbbd
kegkhkg
kfbcdge
kfcdcdc
kfdeegh
kicefjb
kjckcek
kkghcjk
bbkejjkc
bgdfgfei
bhbcdifi
bhfgfhef
bhidbkgj
bihdcdfd
bkdkcgck
bkfehkcj
cbiifbgb
cfifhjdk
cgicbcbk
cgkfhbfc
dbegkhki
dbeibgeg
dbfcfbkj
dcchkcfi
ddhefkbe
ddibkijb
ddkgegdg
digfkiki
djgjkeeh
dkcbdkbd
dkiejcbc
egihhebc
ehbkbhce
ehiiegkh
eifjbefb
ejbghfdb
ekbfgdjd
ekkgbekb
fbbcfkdk
fbgkfijc
fdgckffi
fecjcchk
ffdgifbb
fgdgcgce
fgejheck
fgfbhckj
fgjjiikf
fhcchkgi
fhccjjfb
fhcjehbk
figkhjif
fjggejib
fkfkfdkd
gbebhejh
gbkdbgbg
gdcfijbf
gdifieeb
gibfcfid
gifbdjji
hchhibej
hcjikiei
hdjddckh
hfdjfhhe
hgbfegfe
hgfgfkhk
hhgfhcbf
hihbjgfi
hiiecjgd
hiiffhjf
hjbjgked
hjhgdfid
hkbejkdk
icbbdjkd
icehdcfg
iddkcdfj
idfekjei
iebcdhib
ijcijkce
ikbkigff
ikeidghg
ikhcfdcb
ikhicdhg
ikhjdkkc
jbjjkidi
jbkijfej
jcidkjck
jdfcddke
jebihcfj
jegccgkj
jffbjfci
jgddgddb
jggffijc
jghdfgeg
jjhhbhhb
jkgcjhhk
jkggbgdb
kdccgjhe
kekickhd
kfcgegbg
kfeggfgg
kgdbiddj
kgdjdkec
kgekjdci
kihdkeij
kjeiffck
kjhcdceh
kkegbdbg
kkekibhj
bcfckhjje
bdkihehbe
bekcgdcgi
bfdgchibd
bfjfgcigc
bghfiikkk
bkgdjifbh
cbbhcfjjc
ccficffik
cfdbfeghk
cffbdjbhb
cfkbkcbgb
cfkihhffd
cgjeehcgh
chgickdbh
cjcdeghgh
dbeichidc
dchhfibjf
dgieheebj
dheifbhdc
dibkhfeij
diegdcdhf
diffhebgi
djcfkfgeb
djekcddkg
dkbfffeii
ebdcikgcj
ecgidckkg
ecibibfii
eckdgkbhk
edhjcbggg
efbiefdgg
ehdhdjhkj
ehgebdddc
ejjddefij
fbdhkejck
fbjhdibbg
fcbkfibid
fcggegcgf
ffkegkjfc
fgkdgkbic
fhibiihde
fijecjgki
gdcebhich
gebchhjjg
geckiicje
gefjhhbdf
ggedhbkbh
giehkcieb
giffhfkgh
gjdfdhhfg
gjebifejd
gjfbbejdh
gjkfecjhc
gkfghbhji
hbbihebdd
hdgdejkbc
hdkgicjgf
hefhiickb
hefhkgkid
hgfjjcjfg
hggefgehg
hhgjiiieb
hhkfkgbjf
hkcfkjhej
hkchdeihc
icbfghkcg
iciigdkec
idhkbjbjh
ifbhdhjej
ifbijffdj
ifccdebjg
igjbjgkii
ihcdjfeee
iibbjbiib
iidkdihdb
ijbjhbjfc
ikgdfdfdb
jbfjjckdh
jcgdjhjfh
jdghdihbf
jefjgjebg
jfcfiggch
jhkhhjfgd
jjbfbegkh
jkdbfjjej
kdfhfhbbb
kdgcgjjbd
kgijjhfbb
khbeggdde
khfcgfcfd
khicfffij
kibdheecd
kigfjfbdd
kjchbdbdf
kjjkbkgcd
bcbfkhhede
bcehihhhef
bcjkfckfkf
bckiibfhjd
bdbbgbegce
bdkbhijhjk
bfekgbhjjk
bgcfegjbic
bgkkghkcec
bhbbddjbeb
bibkbdihdk
bidkihjiej
bjdgfckjki
bjjfbfekbi
bkbbdhchjk
bkfecdfcfk
ccbgjhbhfj
ccfjjdgkdi
cehfgdeieg
chegfgbedk
ciekkkkjhi
ckciheedcf
ckedjbggcd
ddfefgkhjk
ddijjbdkjg
defhhjdkef
dfedhidfck
dfgdkigebc
dgicgihdkg
dhbeedbiij
dhjcdhjhkk
dicbkdkkge
dikgbkbeje
djfchcfkib
ebdkhkhdjc
edjfjcbjbi
eebedggcfd
eedicchgje
eeekfgijih
eehcgfbjee
egchehjjfk
ehfefghjif
eikbkjedbf
ejdcfkbjhd
fbcfjibceb
fbjdbjjiji
fcdejdfech
fdkgcbcdii
fejiecbikk
fffddcjffb
gbjkgjkiic
gdbgikcgbd
gdeijcfjjc
gekggbdhhb
gfehdejfgg
gfficdkfke
ghbcifgdgi
ghhfccjkbg
ghkifffjeg
gkicejhckh
hcikdddckc
heehhbgdjk
hfbgbbeigk
hhjkdbbfbh
hihekbheij
hkidhbkdcf
ibifdkdkjh
ichdibgfhh
idbfcgefeb
ieebfghbif
ifcjgfjijc
igbigfjkfg
iifijbiidj
iiigkjggik
ijicgdeihi
ikihieibhi
ikjfhijjfj
jbdehffkgc
jdhbbieijj
jfkekeghdk
jggicefdic
jgieijcbbj
jkhgcfgbkj
kbcigfggei
kdbgfhhfhj
kdhifbbibe
kebeeddfbk
kefhjiggfj
kejhdeighb
kfbhbgcccj
kgebbkcigf
kgehgbcebf
kgffcdjckc
kghhkjhjdc
kigecgckgf
kihcfejegh
kihgfkjiji
kkhfjfgdhg
