-1
31
369
325
-1
738
54
1697
1337
1377
506
1549
1023
-1
116
712
1155
61
682
33
319
11
338
584
536
212
27
1078
872
361
305
-1
653
59
214
843
9
-1
573
356
308
7
296
28
-1
-1
130
695
227
830
187
1044
4
-1
383
20
827
1071
53
355
708
1013
283
-1
48
266
-1
510
-1
805
35
305
-1
26
101
810
45
336
400
-1
270
264
14
82
-1
48
435
-1
374
-1
107
79
13
1038
373
1098
1156
-1
196
365
809
41
-1
760
1069
614
585
756
951
63
296
1880
66
1218
202
262
268
1132
788
1163
1055
14
571
231
440
278
-1
77
496
425
872
-1
1321
376
67
400
758
-1
427
1009
41
15
1048
515
658
165
197
587
-1
-1
410
21
375
123
750
-1
509
7
107
126
79
-1
42
807
725
1642
619
203
728
1609
-1
28
1125
49
68
987
788
-1
-1
1699
-1
1018
-1
322
1386
-1
403
45
-1
5
-1
-1
481
67
491
893
1783
34
940
272
627
674
1312
1580
300
399
237
489
536
175
204
324
117
37
656
386
-1
-1
100
366
361
-1
537
1381
-1
505
448
1076
97
750
-1
270
154
18
167
6
32
84
548
-1
707
258
-1
-1
22
651
574
371
7
-1
591
-1
136
62
710
-1
84
139
1279
676
128
1011
498
61
295
-1
-1
-1
126
332
1
-1
705
507
761
14
1191
-1
203
228
798
399
29
692
-1
870
576
1387
-1
649
148
-1
66
1811
64
178
1861
735
-1
203
1
242
1058
-1
127
385
-1
50
434
302
22
1062
58
-1
-1
76
157
-1
1623
240
106
1518
23
1006
10
588
0
4
605
116
73
1313
1599
977
-1
1330
989
568
308
-1
9
1015
708
1424
23
-1
-1
500
-1
-1
1661
966
-1
-1
-1
222
-1
492
77
618
71
55
-1
174
-1
299
314
168
-1
32
403
10
595
-1
155
-1
1574
533
570
75
1008
567
240
63
241
-1
195
-1
1522
130
1224
-1
238
374
105
482
-1
903
1409
254
10
3
36
603
1126
-1
499
719
121
-1
133
-1
272
162
733
44
900
102
190
-1
1808
114
7
1308
90
-1
227
1087
25
107
1528
535
161
262
248
245
-1
161
49
45
68
93
700
97
84
138
1319
591
22
60
330
518
1037
293
1537
887
57
412
41
957
470
813
549
-1
205
-1
1058
-1
199
444
842
59
-1
0
-1
123
-1
-1
82
-1
145
1690
695
123
-1
-1
84
769
138
324
12
-1
1113
-1
-1
244
-1
333
-1
681
93
-1
55
894
64
594
1172
153
50
1
556
461
421
111
-1
3
1425
254
653
666
146
-1
-1
1738
390
-1
-1
-1
-1
-1
-1
518
-1
1199
715
309
349
322
334
943
26
119
-1
1231
968
1764
60
463
423
95
198
104
-1
902
599
257
89
-1
17
-1
55
891
1153
361
450
51
169
261
515
1021
1614
1824
804
1164
33
1333
77
30
-1
162
201
239
-1
-1
85
174
1425
629
426
210
-1
420
-1
782
14
817
651
584
352
815
-1
60
125
937
-1
93
-1
-1
-1
288
1539
67
24
1019
-1
1008
-1
165
29
184
315
28
15
614
575
23
351
617
1617
94
-1
15
608
59
362
841
873
307
744
519
447
35
195
295
152
156
15
800
-1
493
515
13
989
37
61
163
671
644
634
399
238
800
-1
-1
579
13
775
770
652
126
-1
229
-1
303
1785
-1
462
70
482
97
200
-1
1030
1212
95
1450
-1
394
-1
57
510
116
908
135
868
-1
73
139
1557
423
334
804
265
574
898
960
482
263
84
55
-1
765
-1
117
980
418
1004
-1
-1
240
776
49
1413
67
2
138
444
1687
65
496
134
831
55
16
-1
425
-1
874
343
13
365
-1
238
64
-1
199
22
80
49
969
1009
709
719
-1
104
-1
950
498
-1
67
681
101
1357
-1
965
-1
322
324
508
78
1786
534
738
541
29
-1
811
462
1550
423
154
255
102
39
1094
244
14
634
219
1761
304
23
447
284
1174
42
109
21
1517
658
12
1170
137
26
568
1690
320
391
198
924
696
-1
658
206
194
1494
583
520
151
123
39
42
167
-1
255
85
41
0
8
54
79
462
9
-1
180
20
552
-1
1275
293
4
152
106
225
1428
-1
-1
826
21
361
426
896
-1
214
572
143
754
135
473
-1
281
749
-1
188
839
136
466
875
1240
1311
160
394
287
42
51
-1
-1
411
897
494
1220
585
-1
-1
-1
809
278
164
-1
-1
98
4
1076
-1
537
-1
753
-1
1218
892
159
76
82
1417
-1
129
146
497
632
814
747
-1
