97
330
593
-1
648
163
711
3
769
985
-1
-1
-1
-1
-1
172
690
17
-1
255
1279
1080
-1
-1
86
190
-1
1577
1259
293
859
1617
-1
100
21
448
-1
37
714
752
17
-1
32
1226
217
78
603
162
330
1055
68
669
212
68
389
806
662
163
1255
1227
803
-1
862
1431
3
187
506
107
513
68
217
516
614
211
827
159
1123
-1
-1
1530
-1
-1
34
784
141
492
-1
-1
788
44
653
1088
176
-1
-1
10
781
639
375
864
58
944
506
489
183
-1
306
833
1428
-1
501
47
-1
33
-1
15
210
1548
106
-1
13
1210
-1
277
134
1628
4
-1
0
101
466
271
-1
-1
405
-1
356
-1
147
-1
89
183
590
455
238
140
277
395
12
750
475
411
1104
577
371
211
-1
-1
-1
1341
494
-1
799
370
204
168
-1
498
936
847
1856
575
-1
41
35
62
220
427
180
-1
449
300
-1
23
687
16
334
346
-1
129
3
4
357
1042
182
114
-1
-1
-1
620
525
20
636
120
1093
597
33
527
702
1892
-1
1211
40
193
153
223
-1
147
425
-1
-1
154
122
11
891
216
-1
1921
1236
1431
365
1249
23
155
93
-1
736
81
195
1560
1007
-1
77
583
-1
-1
3
165
657
185
32
3
-1
1221
1173
31
-1
-1
62
591
5
712
272
148
328
148
3
899
-1
672
81
-1
458
94
-1
-1
-1
1915
629
549
1702
218
465
9
-1
1433
-1
1333
76
233
941
-1
-1
91
-1
1146
1921
41
-1
407
434
239
393
222
391
831
18
1273
1058
598
741
1108
267
437
-1
561
-1
-1
191
914
-1
738
298
764
21
480
1357
5
1308
1368
443
-1
1094
1124
1762
-1
126
56
222
153
81
730
47
175
46
26
123
-1
1252
536
1500
1968
55
675
570
-1
-1
-1
61
1749
160
976
51
-1
1021
72
11
36
493
1026
299
552
-1
451
1612
-1
251
338
379
1068
244
119
1136
8
10
-1
-1
768
447
215
0
264
814
880
1182
169
21
583
758
619
191
-1
429
-1
-1
-1
327
88
124
141
1433
762
444
198
790
891
1419
561
63
122
204
568
899
273
1271
315
91
380
679
-1
562
38
1039
75
362
-1
424
522
634
-1
-1
-1
482
385
-1
-1
-1
266
125
987
69
-1
-1
-1
782
82
694
218
-1
963
380
273
274
911
241
184
872
363
600
426
1274
11
34
883
-1
45
52
1173
-1
319
867
340
-1
-1
29
-1
307
63
296
358
260
1103
552
-1
1170
1159
238
35
114
-1
91
200
1340
289
144
90
-1
-1
906
106
