381
1191
601
-1
106
471
-1
342
595
790
315
403
375
903
23
165
601
-1
1
-1
405
1071
-1
290
317
129
-1
886
1823
779
-1
249
156
783
194
954
887
955
156
31
-1
412
243
603
-1
664
-1
665
1061
85
60
-1
969
279
262
1670
772
478
595
101
351
1045
332
1285
157
136
131
-1
-1
702
73
655
0
1648
819
1289
436
132
-1
511
-1
72
374
670
72
-1
-1
223
589
474
6
1726
1064
58
129
14
85
227
1387
131
295
350
-1
886
89
280
310
949
929
1137
387
811
184
-1
733
-1
389
-1
-1
46
-1
147
-1
40
792
-1
792
222
1535
757
289
-1
-1
-1
129
934
1278
40
1790
66
1362
1358
796
884
419
811
187
-1
-1
0
169
145
-1
4
149
-1
-1
-1
323
-1
33
100
307
258
13
206
-1
259
151
848
391
-1
394
667
247
3
128
-1
183
162
642
704
1160
540
970
78
588
76
508
-1
-1
865
685
166
397
11
-1
410
956
-1
467
535
366
500
122
48
-1
104
482
340
492
660
1663
1000
1342
453
939
104
919
684
119
975
502
515
556
81
500
377
153
1426
441
273
538
686
914
81
12
-1
26
8
58
1335
29
1339
-1
854
1576
425
-1
245
48
700
38
362
930
18
354
683
314
1091
-1
33
1775
714
-1
212
58
-1
-1
18
320
-1
389
1307
170
1
642
45
-1
-1
-1
1377
7
984
730
838
252
-1
380
-1
13
329
-1
-1
830
619
-1
155
285
117
57
3
-1
-1
593
7
1240
240
727
-1
1207
245
51
199
-1
429
848
1466
-1
1527
-1
27
539
854
285
612
766
725
893
705
84
85
1517
-1
573
221
70
-1
669
897
118
80
1031
-1
77
320
59
197
551
377
-1
52
494
116
1385
7
587
463
257
466
518
204
256
66
443
209
422
1483
148
-1
321
-1
-1
132
1276
-1
264
62
242
-1
835
253
243
744
-1
2
665
260
1185
-1
142
698
464
1458
33
481
-1
-1
541
406
1079
621
547
1199
63
99
1305
532
407
708
1517
1344
593
-1
80
-1
652
53
423
709
1185
499
-1
332
25
-1
1457
-1
179
6
-1
674
-1
383
517
13
235
-1
1029
-1
-1
1266
34
266
133
533
238
90
886
1677
6
1539
-1
232
391
315
111
1747
200
-1
1353
-1
-1
1408
931
-1
1049
19
1058
29
143
-1
-1
719
868
130
428
150
-1
-1
407
667
1987
656
273
337
1021
-1
121
16
453
377
915
260
381
183
1158
686
160
284
522
1166
402
714
0
177
223
240
944
232
421
710
815
63
324
-1
-1
-1
-1
878
1523
53
620
34
134
296
-1
-1
-1
0
32
596
1870
381
-1
380
136
1030
14
425
227
815
205
10
85
-1
342
-1
573
-1
866
324
206
-1
-1
-1
537
-1
164
160
1349
95
614
157
908
418
1166
327
121
1243
-1
63
148
587
657
15
80
139
104
1016
989
-1
940
101
-1
24
470
155
924
288
452
88
-1
1069
532
1239
-1
777
-1
-1
636
421
953
-1
1019
37
-1
-1
119
284
318
254
-1
1172
112
357
552
-1
608
-1
58
63
326
1011
48
-1
-1
173
1631
292
240
1518
290
-1
568
202
-1
-1
1282
179
844
152
742
44
148
311
-1
661
-1
-1
456
481
45
19
1002
1403
708
901
396
46
-1
715
-1
25
176
986
21
95
423
7
1510
-1
151
-1
623
119
199
716
-1
1286
505
1371
-1
-1
1287
734
944
205
235
793
512
469
64
1526
42
724
568
217
1538
-1
65
855
41
1077
761
249
-1
149
-1
1234
822
1116
150
113
163
793
314
10
189
352
373
1670
-1
87
31
239
172
102
19
618
171
130
725
450
-1
1075
125
1025
23
29
-1
764
193
1344
38
204
-1
1097
941
467
529
-1
-1
213
1443
1682
0
-1
704
1497
56
651
397
359
97
-1
-1
849
404
659
628
895
209
544
1268
1295
2023
434
1190
667
574
630
272
816
11
415
-1
-1
1192
458
-1
907
473
134
519
426
616
930
-1
-1
-1
-1
10
1157
-1
-1
732
177
567
22
-1
324
-1
1099
293
-1
418
-1
-1
108
403
36
528
1632
-1
1803
667
-1
1040
1421
151
-1
148
1489
-1
565
1285
-1
734
1256
97
2
-1
669
-1
17
1012
124
-1
32
905
1141
19
566
205
1347
412
-1
-1
34
406
1034
-1
-1
312
1235
103
-1
338
392
-1
190
607
169
209
907
433
319
850
-1
-1
764
872
84
188
437
395
495
121
254
41
23
24
-1
301
990
146
1563
154
81
1863
137
9
339
1013
856
283
734
173
36
233
415
279
-1
114
123
179
-1
-1
53
85
1250
343
31
229
699
122
-1
33
542
813
