528
143
701
439
1556
-1
-1
1403
713
-1
449
883
51
524
-1
-1
270
114
761
238
1741
150
52
-1
135
324
-1
94
751
383
-1
482
732
593
667
1119
433
-1
-1
1123
15
564
436
747
441
1273
727
492
457
1206
-1
-1
48
1034
181
325
1630
0
225
6
1223
279
637
-1
4
410
180
33
466
315
376
311
-1
218
-1
1518
-1
770
883
-1
515
25
597
687
467
455
1188
694
687
1608
1191
372
126
973
-1
78
-1
0
-1
926
-1
-1
849
-1
1236
-1
689
569
40
336
1161
-1
18
648
164
1029
280
28
912
389
231
780
25
6
283
100
413
-1
222
13
823
1173
873
49
580
733
867
1180
-1
151
438
43
820
114
-1
-1
1343
214
5
607
764
759
94
-1
121
91
479
-1
568
1271
676
1896
285
-1
187
1496
-1
25
351
1260
439
38
106
109
401
590
1560
28
-1
1116
240
697
358
88
450
-1
-1
168
733
283
-1
486
292
-1
-1
435
-1
132
50
455
189
1011
11
135
404
-1
156
594
-1
274
-1
107
214
1331
115
548
768
481
1387
772
633
1267
661
540
468
150
127
-1
-1
-1
-1
3
228
229
442
475
870
656
1100
843
1131
-1
112
98
168
719
813
867
600
66
934
25
8
1617
151
194
916
842
629
824
653
754
153
328
204
239
349
-1
391
8
1336
559
1383
359
-1
728
965
727
192
1142
-1
63
13
13
461
-1
-1
140
330
57
542
-1
492
31
357
9
69
1394
449
1210
1075
338
740
128
196
631
1632
424
10
172
413
418
-1
25
989
21
417
73
-1
84
825
455
-1
286
1296
-1
42
118
276
-1
395
-1
15
389
522
863
-1
345
535
1180
419
233
-1
472
-1
93
1633
139
30
404
329
343
300
263
6
512
-1
293
-1
-1
-1
8
-1
90
1042
1435
54
224
179
1787
90
479
1860
269
1353
-1
1272
494
632
759
685
190
-1
45
295
-1
126
630
-1
1580
377
823
619
574
-1
631
580
139
868
-1
599
104
11
227
130
-1
337
304
179
618
1913
379
136
83
142
1375
541
1413
7
1567
1192
81
313
665
1048
322
652
260
545
134
-1
446
689
18
1541
708
-1
156
420
448
1396
516
-1
1402
261
576
340
285
659
221
20
1744
-1
485
429
-1
981
1061
-1
46
1414
118
1123
1060
205
93
956
366
-1
112
-1
371
-1
1664
620
227
111
539
134
564
-1
214
216
881
78
812
14
1202
143
558
525
105
1030
-1
445
-1
-1
461
-1
523
142
1182
353
1074
1344
303
327
-1
715
188
394
1442
1754
-1
552
-1
1121
503
866
522
18
211
378
103
147
1032
1031
974
-1
38
781
-1
702
38
353
515
-1
242
64
37
726
162
1155
166
45
-1
376
329
53
1055
147
740
1347
520
989
122
1325
71
49
394
95
1228
5
-1
524
108
325
16
388
248
-1
388
121
-1
62
864
273
126
105
605
222
84
231
-1
303
144
493
-1
579
235
550
-1
579
34
127
672
222
665
112
163
-1
294
-1
1537
223
-1
299
24
-1
294
169
271
415
72
294
289
341
331
38
131
887
-1
392
314
404
0
159
714
80
-1
886
-1
330
1
148
-1
56
167
532
397
8
-1
733
-1
478
-1
-1
196
241
596
24
23
176
546
139
-1
1176
1453
590
1226
1142
367
-1
-1
-1
1241
274
56
442
412
54
555
34
