527
-1
-1
160
120
1010
340
1926
1679
9
-1
400
-1
960
369
172
54
1262
702
-1
274
232
296
-1
374
890
287
422
164
-1
296
-1
57
-1
454
835
719
257
-1
-1
703
843
154
112
831
525
548
386
365
578
903
918
810
408
-1
245
719
544
477
496
152
435
61
981
267
870
1292
794
65
20
474
320
87
31
318
519
57
-1
-1
-1
136
0
923
105
758
-1
1100
373
862
-1
739
23
-1
1412
442
292
-1
90
667
460
863
169
-1
1101
848
26
912
176
1674
-1
299
288
619
62
14
-1
308
927
-1
184
-1
25
537
58
-1
1240
85
-1
224
631
578
776
748
6
89
509
19
373
7
225
994
-1
214
707
96
753
-1
273
266
355
479
150
323
-1
-1
-1
350
572
680
265
-1
-1
622
599
277
1054
560
148
118
4
176
1009
535
710
419
292
1004
1031
1440
27
358
1375
1657
-1
81
792
324
140
1779
340
1236
-1
1281
147
0
525
641
414
174
878
722
29
-1
184
593
27
152
279
24
335
-1
125
105
-1
-1
410
368
762
1101
183
-1
14
134
918
850
1050
1314
74
378
182
79
891
123
361
1582
890
130
-1
896
-1
319
281
363
79
332
638
245
1026
37
1132
1037
708
4
619
552
184
-1
131
780
300
1656
1549
1021
950
1555
1349
235
1728
73
386
1698
316
55
425
432
631
632
13
339
-1
18
1130
1049
1197
59
833
96
970
215
-1
64
-1
499
445
-1
811
670
928
