-1
63
236
1689
34
459
239
-1
164
-1
-1
491
194
669
-1
-1
2
237
310
958
139
457
122
1555
821
1932
106
998
170
3
-1
79
1094
-1
1420
85
572
28
750
-1
624
358
137
458
3
402
783
-1
323
353
1203
300
257
1092
484
160
670
0
302
-1
837
-1
270
251
30
-1
802
3
80
382
312
-1
-1
988
-1
90
366
5
1556
1025
-1
895
386
658
1092
437
1070
-1
178
153
477
-1
1055
1339
828
906
798
1225
-1
323
129
326
-1
1260
138
872
485
671
104
108
964
273
605
653
624
-1
1084
1305
-1
46
-1
326
328
817
-1
-1
57
466
208
114
212
-1
296
9
-1
-1
31
-1
-1
6
1662
620
47
-1
84
22
-1
-1
7
845
143
12
-1
121
204
390
949
501
936
-1
162
245
81
1048
801
1463
906
-1
-1
232
-1
100
705
-1
-1
364
102
117
638
58
292
-1
851
482
414
377
6
820
-1
-1
1051
369
-1
745
154
561
1056
287
1131
-1
336
980
-1
67
219
-1
-1
137
216
703
388
900
-1
424
292
199
46
3
691
232
329
171
8
204
-1
2
862
593
117
116
387
467
-1
-1
-1
484
1
547
214
-1
13
988
547
-1
245
-1
826
83
11
1428
-1
1104
1347
72
-1
-1
476
-1
-1
506
130
130
33
1111
-1
0
948
24
55
13
388
482
250
1407
56
527
723
-1
910
-1
75
167
268
307
127
596
228
-1
565
357
1215
620
738
54
135
427
6
0
875
832
493
15
67
1937
721
191
74
60
108
534
194
122
601
-1
726
12
134
213
1374
171
159
289
214
22
579
835
593
1709
-1
949
-1
1707
204
741
1755
-1
709
416
6
-1
7
1565
600
763
939
207
409
235
648
116
-1
172
227
-1
3
28
374
686
116
-1
736
-1
186
47
-1
-1
708
-1
56
966
-1
-1
-1
-1
91
967
8
192
15
-1
269
-1
458
192
112
884
396
451
69
348
1669
-1
792
202
342
-1
820
645
-1
1217
685
319
237
250
555
518
140
78
919
1192
1450
554
198
503
-1
426
555
-1
65
1170
3
1511
463
24
834
120
3
183
948
996
-1
776
212
136
1240
-1
416
638
388
461
828
-1
397
1309
87
180
84
1499
975
-1
587
92
-1
-1
1261
361
11
1574
53
-1
827
568
24
138
-1
12
-1
653
702
765
374
114
29
507
32
1380
199
698
565
-1
-1
304
-1
780
1788
46
97
365
-1
855
-1
-1
383
155
249
61
879
968
705
430
498
134
1697
-1
456
148
1122
1309
1599
-1
184
771
1347
77
301
1430
190
601
-1
152
925
819
839
253
662
1145
14
1272
467
-1
-1
-1
469
424
31
-1
1733
1371
622
-1
53
380
1267
1
-1
688
547
-1
352
432
198
-1
-1
28
1323
1185
973
-1
75
87
97
-1
592
533
320
1326
91
428
677
851
687
-1
4
931
240
581
29
60
-1
-1
240
-1
495
-1
398
456
761
43
783
1126
1397
9
55
622
1281
254
581
-1
72
9
396
53
-1
2
1177
658
1036
648
192
-1
534
1234
353
738
287
576
195
459
201
100
237
394
-1
-1
156
518
311
-1
1061
573
225
7
35
533
1392
350
85
8
1090
1127
430
-1
371
464
1057
44
54
257
588
-1
698
586
32
457
1161
299
512
15
1239
112
832
1215
761
1673
105
-1
3
419
-1
-1
1003
9
-1
241
432
329
227
311
183
156
956
2
-1
1656
-1
50
238
549
114
654
752
637
1047
1007
219
-1
512
-1
480
1253
1066
93
435
696
38
75
-1
166
835
70
64
538
644
21
188
758
152
288
201
30
177
-1
197
56
-1
20
309
16
297
-1
1156
399
-1
88
642
281
1219
1590
309
791
305
419
403
621
60
184
86
111
74
656
601
203
-1
415
168
340
82
-1
405
724
584
1829
33
127
478
39
-1
264
-1
-1
-1
400
636
236
382
1068
267
43
15
-1
1742
-1
169
0
628
716
-1
-1
854
1270
1646
282
344
377
1038
42
-1
40
77
304
423
231
83
1458
189
179
171
1344
83
-1
-1
-1
-1
955
188
-1
15
20
-1
66
900
10
194
178
862
302
1209
-1
1454
-1
702
366
867
0
