-1
149
634
736
45
-1
13
916
478
1137
1677
-1
157
1160
527
-1
326
357
22
-1
-1
276
2
-1
545
1301
623
32
209
60
424
2
-1
967
-1
82
548
-1
327
890
313
-1
3
869
278
3
234
587
1210
650
275
532
532
907
756
1307
4
-1
549
465
534
-1
173
356
269
2
395
759
1131
295
-1
141
-1
21
-1
824
244
126
483
55
-1
1029
1659
425
386
-1
14
-1
99
-1
1191
93
373
709
146
-1
20
-1
595
987
167
831
247
-1
453
40
-1
-1
-1
1080
-1
-1
64
823
421
113
1250
6
-1
254
1192
406
691
52
56
-1
36
-1
486
166
474
98
285
1026
1331
338
551
92
1239
-1
290
-1
567
-1
442
1287
-1
2
179
1
174
-1
627
110
0
121
1964
274
636
9
71
1544
59
1392
690
85
-1
722
105
1381
-1
204
279
1669
486
703
-1
0
1113
195
24
82
142
517
30
10
248
456
599
633
38
815
349
16
344
809
13
14
1004
647
924
218
-1
931
1086
290
1486
-1
1115
776
394
-1
609
1596
-1
-1
816
646
-1
550
-1
379
-1
1160
23
1252
-1
-1
694
347
318
883
962
441
1094
23
288
-1
891
-1
8
773
841
-1
265
-1
-1
1584
547
7
1913
80
901
65
16
213
42
6
233
1093
20
638
29
-1
1290
996
1006
63
-1
1139
194
-1
718
9
170
-1
-1
671
339
432
3
29
730
588
-1
-1
-1
926
1161
-1
329
617
-1
592
1484
-1
484
-1
947
1
67
2
1334
18
-1
301
576
1
781
-1
30
1060
654
31
592
1024
338
794
229
662
518
885
1377
868
449
34
-1
200
1204
120
-1
397
-1
143
-1
376
391
-1
-1
272
-1
682
252
14
401
74
576
251
263
-1
1664
475
-1
471
1413
723
158
517
15
459
287
1090
936
-1
-1
120
652
6
106
258
-1
158
704
244
178
152
-1
704
141
39
399
322
312
1
393
-1
42
709
1455
-1
-1
221
1143
-1
400
61
163
44
212
64
360
60
152
194
258
160
11
489
1212
-1
225
-1
69
26
955
1
-1
227
97
551
-1
646
804
174
239
607
728
1
203
223
-1
-1
740
2
-1
290
-1
-1
254
1
14
83
13
631
176
821
581
569
5
115
1047
370
1518
478
-1
990
533
402
397
245
436
540
111
-1
198
-1
396
740
13
1691
-1
-1
922
806
8
216
-1
256
1123
4
510
30
1759
973
614
447
1211
801
1027
969
15
18
80
-1
425
307
593
257
1079
43
-1
671
726
0
750
1437
173
50
639
636
233
264
253
-1
274
0
1403
345
20
-1
703
-1
-1
-1
-1
-1
222
81
165
522
1638
170
426
-1
386
1704
569
116
687
-1
502
-1
515
-1
-1
83
1129
209
805
381
107
311
947
200
111
622
758
277
-1
225
1327
1610
163
451
5
170
301
315
978
995
87
257
267
173
605
385
-1
230
154
180
1139
2
368
-1
-1
856
298
1302
736
1911
-1
-1
653
142
324
225
-1
897
121
1017
46
-1
510
-1
96
174
742
114
357
235
303
-1
240
1
-1
3
560
-1
632
172
128
210
777
832
303
140
208
183
-1
588
236
192
212
994
41
43
1133
802
906
288
28
1278
138
560
91
1082
14
161
1066
-1
148
-1
324
307
1518
-1
-1
-1
175
-1
-1
10
449
71
968
187
315
-1
706
416
18
1052
15
-1
791
-1
401
50
-1
36
98
-1
0
157
314
-1
-1
1701
-1
200
1371
5
355
702
-1
-1
500
-1
-1
-1
108
457
301
460
-1
-1
209
1139
-1
38
813
67
-1
121
112
1464
41
627
1177
