-1
-1
41
683
200
-1
357
828
-1
536
223
274
963
26
118
383
65
1266
1069
1620
1657
805
-1
9
-1
746
705
1
42
8
22
35
-1
585
0
-1
598
-1
149
-1
120
-1
321
807
-1
247
-1
1287
406
686
-1
154
226
350
782
228
887
479
252
16
918
134
18
-1
41
-1
849
151
171
14
1086
217
39
-1
700
608
-1
7
744
-1
96
74
798
1495
75
791
-1
961
-1
250
195
860
83
-1
1163
1107
-1
173
663
141
931
47
335
176
-1
-1
316
973
1027
-1
338
336
1096
15
648
411
908
96
345
234
-1
-1
823
63
650
706
1245
252
250
27
345
98
949
15
33
136
8
844
-1
-1
1173
440
0
230
7
71
683
1412
601
767
61
808
165
393
881
231
986
66
9
11
578
411
193
240
17
64
803
-1
326
260
45
26
45
-1
151
920
450
969
372
218
146
1124
760
656
293
783
462
1659
140
206
-1
-1
149
53
1745
-1
930
-1
729
455
1221
378
-1
941
399
76
-1
752
-1
-1
321
1562
1
76
99
231
-1
-1
429
264
-1
416
416
297
23
956
-1
746
296
37
-1
-1
971
-1
127
25
1842
6
818
336
25
700
17
316
1
764
-1
-1
250
869
45
324
-1
-1
-1
-1
142
74
432
297
1068
95
401
143
212
-1
579
-1
807
-1
-1
-1
-1
295
1132
15
112
238
274
633
165
1644
341
17
367
224
60
16
-1
1069
1027
421
259
1156
478
91
-1
5
107
5
36
137
1031
606
643
370
772
72
1200
636
1152
4
58
1465
308
982
156
412
1616
134
-1
657
811
547
-1
1010
-1
324
1372
30
171
438
107
787
948
168
14
104
-1
4
142
2
55
111
479
1411
335
1340
838
-1
119
322
80
1944
-1
970
169
15
-1
-1
-1
60
791
34
848
198
865
1031
34
1087
221
112
462
600
319
125
-1
217
195
169
35
908
1327
774
864
362
-1
315
431
-1
1216
62
81
612
289
206
183
1144
31
93
890
993
1373
20
289
38
273
523
6
645
136
1034
175
196
9
300
12
169
714
517
52
252
-1
126
288
391
233
242
-1
451
112
-1
3
88
561
105
-1
-1
21
435
1386
272
1252
-1
848
253
435
-1
472
-1
223
43
1593
199
-1
587
69
1140
1290
-1
632
70
1066
179
588
1119
12
661
-1
236
748
408
-1
-1
329
-1
-1
544
202
13
1015
1799
110
1187
-1
792
801
89
156
495
8
324
47
1150
584
-1
0
210
63
663
175
173
383
520
230
664
17
718
-1
-1
-1
-1
-1
1623
433
-1
-1
94
419
1435
176
51
-1
81
55
70
588
1329
902
1328
875
8
874
263
-1
133
15
0
-1
1662
94
-1
-1
-1
826
47
622
39
530
366
174
903
30
-1
-1
18
394
446
448
493
-1
635
7
-1
11
549
192
487
-1
131
927
640
1
1021
728
357
-1
168
306
-1
-1
-1
-1
117
128
-1
-1
1624
-1
679
380
1385
1160
524
86
867
-1
112
-1
790
379
397
1316
103
19
177
-1
0
1394
872
452
297
1325
315
308
196
447
289
634
103
-1
490
-1
1137
1408
-1
-1
200
-1
869
690
412
245
286
-1
77
900
1271
12
395
1428
-1
133
-1
530
978
-1
103
412
1375
149
55
48
-1
-1
314
-1
-1
565
271
240
1198
186
991
1555
309
25
342
663
-1
0
694
896
-1
256
