829
109
1638
496
594
574
329
-1
1125
751
337
402
30
-1
69
26
806
1270
250
-1
777
881
946
476
310
52
531
185
148
-1
310
1366
552
369
98
441
482
44
205
117
838
-1
28
6
11
6
1842
21
1322
583
238
1896
211
-1
-1
1296
882
-1
22
801
106
1104
1244
960
1446
-1
1642
-1
528
759
852
39
-1
256
-1
399
1115
272
36
188
4
524
-1
-1
34
209
724
221
225
6
224
220
1
-1
6
635
-1
320
160
1593
-1
351
124
75
1599
202
330
363
1770
251
751
-1
344
427
12
1392
-1
44
-1
651
972
48
-1
1047
620
-1
165
-1
-1
391
996
146
240
2
91
0
103
665
-1
190
572
370
720
0
414
1310
-1
1813
663
184
191
1251
1714
968
-1
324
2
331
147
388
567
23
4
1257
126
-1
54
231
945
-1
121
69
34
376
344
-1
-1
59
69
-1
1467
-1
272
-1
979
-1
-1
635
1524
-1
551
392
495
25
1990
-1
1054
248
327
16
505
-1
1147
788
43
250
541
-1
215
1
352
1582
1007
-1
40
158
500
86
0
-1
-1
844
-1
984
691
916
319
142
425
20
267
-1
510
-1
1053
-1
1173
-1
1838
1065
1334
779
23
-1
130
145
989
91
81
666
1016
-1
1728
302
329
337
708
361
1019
-1
-1
804
-1
-1
23
-1
1450
23
712
61
324
634
15
84
-1
215
5
140
1888
-1
-1
170
-1
990
-1
10
-1
499
107
120
239
-1
15
-1
736
345
111
493
1959
156
341
-1
884
332
633
260
22
88
-1
14
200
1181
472
912
971
973
728
205
-1
10
703
157
242
812
54
8
371
263
1529
447
489
-1
321
-1
338
246
-1
955
46
846
718
565
-1
167
166
111
243
72
779
1180
-1
3
627
219
-1
108
935
413
1465
566
422
-1
618
-1
745
220
-1
214
281
-1
96
534
-1
-1
160
18
169
95
876
173
250
762
953
769
703
56
216
1242
1454
-1
699
-1
893
-1
871
-1
1068
612
-1
13
267
823
467
738
258
659
1452
168
849
588
8
833
-1
1324
1109
1444
124
1453
-1
56
-1
110
-1
454
260
-1
451
-1
927
238
655
29
1323
-1
695
140
1354
1020
445
234
897
8
365
841
422
312
43
-1
-1
6
-1
580
-1
-1
314
-1
923
774
567
116
737
1674
-1
1487
476
-1
-1
412
332
185
859
719
-1
92
-1
-1
124
263
492
-1
104
-1
542
935
858
681
-1
807
1101
229
365
0
7
4
-1
-1
562
328
646
145
-1
-1
-1
-1
875
78
-1
581
93
476
1401
681
1550
883
35
-1
489
308
707
685
190
-1
506
-1
271
1106
1442
310
201
309
514
978
11
1008
1447
47
80
-1
355
255
212
677
226
-1
749
619
945
514
66
-1
364
135
3
-1
311
813
130
-1
-1
256
45
960
-1
791
162
549
271
-1
-1
898
544
-1
537
627
983
656
2
23
16
860
-1
108
971
1383
-1
68
337
572
531
53
2
1150
1379
2
1453
112
463
-1
1294
-1
454
-1
-1
787
935
-1
232
151
257
1803
480
1398
-1
6
126
569
2
-1
98
-1
36
-1
164
912
130
16
130
364
626
114
413
978
310
183
-1
712
51
145
176
156
90
596
131
344
307
109
6
1011
1043
853
138
-1
395
691
261
-1
383
1
123
1154
-1
-1
-1
131
783
229
531
-1
138
697
-1
519
200
200
865
106
231
1209
-1
352
357
1379
209
823
42
158
552
521
131
131
940
455
132
708
401
575
817
125
947
362
924
-1
23
245
898
-1
153
23
901
114
231
1397
531
1058
308
1237
255
-1
1051
694
183
628
33
1131
1099
652
91
692
-1
1
123
-1
-1
621
-1
17
1796
776
368
681
432
271
194
578
51
989
13
37
12
511
-1
349
93
6
-1
226
-1
343
782
585
454
1370
352
1100
484
14
120
1365
-1
256
753
-1
-1
840
1308
368
685
2
407
1486
1098
7
559
40
182
422
74
1317
26
93
707
104
944
372
475
49
155
72
863
90
-1
-1
105
742
252
53
453
754
57
376
-1
-1
-1
-1
-1
1447
-1
265
661
143
-1
20
105
-1
566
132
252
1532
596
80
5
1458
364
13
419
676
478
767
116
1745
