-0583
-7624
-1656777
-27662047
657
794
1548347
9644
-3685686
64
-203797
-124201
-64146
48
68
60527
-55498423
-47
14075754
8100304
53392799
251384
93241
731
-13497
396597
-79762804
-54401
9680717
84619223
-627
864
91867781
-5869
-606891
93745
3809295
-46
-86325309
-421
-303553
-9385407
0230322
-57112556
-36887926
-362812
6003873
-5233606
-305994
0958
7261322
199051
-2294
7148
-073471
-87760027
25568
2972
64
-38576689
-06
934138
9516
72
-3933725
0625101
-49722
367825
89878748
-0635367
-6247354
-78176
-66615
312
63
-44219042
-94502537
-7074945
40289967
-77475746
-501761
-64553
-7037376
2859267
-02842
-53
-545
4336
-31
40049
8001
-165846
-0597
-47
-16003929
793796
-746164
-16
08334
1503
-9097
132
36602
20028
-7619
8670911
9251277
497
-69452897
696631
-101558
-0333602
274
24
-602178
404
3193
56008315
-15148
05847935
60791
-36653379
494
25
892
-048
931
-0889749
07
-462
9365
-863307
3006692
756299
-761
193
9907
6208
-231
-611912
-14749
-76642371
-67
-95
-4497357
-63862
6488268
35
83
-923
2386
-5299
-96378156
58
4634181
-1127132
8763876
49400437
-569
-0999
-684
54
-444234
-9174
-6706
-6649985
-72
9202958
48259
03949836
73021623
-49356169
-73175999
62199
69134
7243
96604
-36703
-895
8839
-2431
9150905
18928
-937
-130806
-088
-774209
-047
-88629695
-399
32541
-45
5489
-29
853801
-2399354
-34197891
-665
6513716
08118268
4915217
-8554
115895
-30144101
4203
042403
-999507
-56966725
1887959
4455149
-140596
59
-8789
165635
-36725696
-85
-13013
91141
-80811133
-8989
-83478
0697257
079312
-25
2229
99368
197886
-24
-409
-03
-971
0332422
-136937
-34129
98919
54369633
-371179
-68991942
798
-11
573806
-286
15452352
04
-32381
86
08139
-7857
857
27
-044895
-7633058
1787389
31809
1127756
-71
-03913
275689
1388
-053
-84072
-19502677
-9077
-79
680924
-47
-325
-81
-9315141
-2300589
-79
-97911
-389
681644
846
291
-904
-42
8163623
496326
736597
-3581
-4967265
1919735
45010254
-5049
081728
003848
32
-0586
3408
72319
74369
1191011
-86
-8232
-24
09033
043
1746
913
9623424
-17
103444
-4586
0676889
617948
-128
3824
72
-032
0083438
13310684
-709477
8949
-30406944
-126
54716
-251
1416238
9192
-22394845
-8241
2429
77664
12
57
-271588
-71157
036
-95265462
25172
0673
30161
-203
-030238
-8134
-15
-2593
8230086
-51088
-333222
7058079
-03
-676
98
-11956
018103
535816
-983
986537
039
32
-59024
44
49236
-8945
-25979
-6954
25917
078
-643983
-305
396
52448903
-7965
18
56
-06526
-44476634
65
3637
9804
5541
91332
-3278231
135394
935
98
-536604
-0475
-86
8135354
4381333
-001824
-55
-22565695
-890431
-09125
-97645034
-78043567
83994335
-6961016
539915
-59
88
-126322
16274
3296716
-908344
988444
-2959929
85
-48916
-9854218
-39
-20439
-82
-8189
018
195
-885
-54578
3692677
-13802
6287
-737048
8832414
1105
46016
92792
2552423
484562
-728784
-2986
-05
-35752
05
91017
-86895
9213
740831
13
-252941
88157586
-2744488
07204965
-144885
-83
75567
-58
-49
-2393634
-84
58012423
-77009
359683
-6492887
-38
-097
-1058561
-631
4574
9628118
-23618
8535547
48
92612681
-036
-1332
-9092795
59424466
86472
-251
-0727
9785956
-39863
-567
-803337
-9089855
-4753
-26303636
88680978
-43605103
57
4689
99231087
66
-286388
42729
34787428
-448667
-3832944
0585811
-052955
-454963
7619784
52727618
-058
722602
8873704
659425
63958
01633142
51248099
88443
01173
690019
-382478
-6395432
56032331
-6217833
-3007695
-93048
47
72
-46642803
-93
-597874
-7983
-1272706
32319
-5714993
-2446948
04643311
077196
-6833
-8831
2822477
-207502
86881112
1994
-2149
41998
124524
71
-936
-4483
-8977
-54559
926362
-003
-87712184
-3348049
3161
-4346
4808
-6369
9377318
8247
90828852
200509
28706
5270458
-44
-90935714
76341
1702158
8854633
6313
60006881
-48867
125457
5264492
5051792
732
-5655963
-2793
-74165
69
-698
-050185
4046353
61863836
-7748
-6379
-278225
-62318035
097
-2035
3702
78789
418
68
-919
-59339
-73485601
694756
-27
-6349891
992843
1271975
6409064
56161
454
3887656
-2233433
-71875
-40488
-4782571
-706232
-75
-65
3237
848
67
38
96231
62088702
88675
-2817454
87
3986884
79
539679
5809
83645
-0227
0294089
95
8756
115428
-94279
32
-861
29001
0356272
-3426
35329595
-309
-4711937
68784001
-8909917
15
7701194
-74700608
-199028
1717
-63
-758041
289
40804125
617695
5617
-893608
8103
7093023
8974583
-13
1345654
089
63122625
7063
8809905
162
58326
-2072
1811837
-1217
46
36652861
-8102
82658
-118
29
32797929
-748
-088
-16
-549514
-679777
-292523
-88846
70148
-246
33583623
-30797733
-1549
