-095
59319
042
0026
-21
-94
3583728
-025487
6356
95385
895
8245
-133
-62068549
4036
-49
6395277
34114532
93817
-12336
-612839
-8793
-2965
07974
892929
-9189
-05928
-346
38169001
-42992877
-885741
-6119317
-802
-2259045
60367
0470608
244431
-67
-997
5743
7755
849
-91
83234
-589
-246
868
-694
77707
-087
894623
-95895
41030743
-1048191
-377
-9742186
-7383942
06037601
3518
-101684
-588
839
171
-4737
64288
-210779
087
-431
-8123
79037
-9072267
-616808
-9232
449
4006
-08322
748
649106
2049
-57
-9049
024423
421
442604
0805
-6511993
-363811
06839
69
-8445
-247
210028
572745
637
73758501
12955541
32942
2956
2483
-197084
-19739
-5272
882982
-33076861
-4774
54763
-878748
45
7571521
-24533272
-68115
46
75
2871875
-179
-9391
07
16898
042773
-126686
-275202
-27
-502716
734
-122272
-88
-56808
-484
60273
-13621
-675
-0936644
1793
7998822
-39915
-80558924
-22
16052399
-119973
98907
3450075
6297974
152
931
4762313
96798
-6131
600332
-92
-249786
-1071928
44356596
-2175
93
9693216
28145
52
8919634
5078632
-3433807
03
19577
-75
-2572
5549217
-774789
39
-5416698
6938
-634813
7338
86572789
-827
31
4432
09381047
3165
-93
-8725351
45
271177
38559924
001
-61887145
70435123
408
-09108
679673
-264085
-65
-25309
051441
-70877982
09
085
-60593
93847
-5809
255138
-4906224
-98226
-34
-11894
7854
28294
307342
-224
-55572
57
940797
-064
-10837981
012
36128
-78964
-234582
-803
-45436125
-3056789
-773131
-56
-469
-43087946
2976364
-99992855
14021
-8718
69
-79088
9679023
-31725475
072417
-971
-2422151
625623
79754
-25264
389666
673123
-4652778
73
-3165708
313238
5632765
095393
787655
239
-1734484
20896
-714058
8109
-7515613
-333127
-995426
-81081532
91
-69035
-43714
-0124
-65
-02
-506275
421
-02201088
-712364
7836014
-15926
-836
91011831
56322
-29966391
-166433
97443
5909
-91554
-707
5078
835
18386029
85264
24
15635
-86
-95003
574
-10306721
-73106958
42523
-239818
-8362644
-21276
57673394
34993
49938414
679531
-84
4319187
-858678
-2187485
-315332
6854
684
-6923
915402
1187
01351192
925
-53
-9506
60028219
-60976
-74359
-12
98
6612
3655
-79
-11032
435324
12
-780699
57960808
-337
147
-1594742
346464
-6082644
0310104
1862
06
-37869
-9123
63
12
-193
-74446173
-55029739
9676497
369989
-362187
-813
03078
-13142883
466
71056146
-16
-4487
94
3509
63423025
-69817
-888
-0590611
448704
26999417
-1426866
-54294241
-69047156
0222453
-17
-0077
-55274
-96248
86
4939668
1964604
058
18951396
698027
0861341
376
-5487
-491464
-889
-14
09930254
-322
79984479
63773979
-117
08
-59148
1245647
698
6573249
-8247752
-84934
2547422
-2933262
47268
-293798
196894
04661011
9121801
-32
9921
811
-4405031
-47133
486
-529081
17592
-33244
063191
-299323
-60091333
45
012074
-102512
25355467
-6716
-8962
-72895
-4357391
680321
651
-36845
-847
-18
-4639
55
68822
-9386063
20744
01639
98
353892
0676
-97
-412
-28
15722374
4655003
451
2528
5394539
-81319
876
-502
05891993
059
9849512
-333592
-07
-51867066
94432764
-4270516
-19
-07742
476304
47456
762201
-45608162
77926132
363
097481
-43
98
53886
0907
8415
-21858739
-72
90969
-76240553
5763662
-554881
-179541
-787121
5784168
71
17872976
-7668
-05321
1957546
0425679
2032972
87
-61
-7334204
-89071
-8329001
-03452956
-7472602
49
-73182
57987
-00298917
-63
03939211
-9652
-9573138
-3431288
26940999
349
-82
-088
37394183
-1641618
-773489
9468
-62868
-0531
-579
-7330743
2224
-88652951
-182
-4667
-15
77612046
76
-9783
74783812
67
-36
-10509332
-137
-96
3663
-357
45732
-96079
-0229162
5824472
171352
22
67579
-07684
-48
-717
-8913
24
-945886
26
17207665
-29486
5053576
-3824239
-8366
-5644713
-06
-4652
46552
-9588048
70055
508
721986
819918
-5253
8584968
-417
2418
-5162
-5867905
6070067
-22207
1499931
-57
-7437491
-9086
-83738981
4314743
04332387
-9924
2245
-804175
16
-2167
07189
-3896489
745716
-75
35052124
-5473422
2512646
-29
184894
-7395
-38588
99569
-90621358
-29716
48721
-47047705
-5682019
31355
8423
40639
295
-11706
922341
-4144
1468486
-5927812
-83
61212
-23888852
-0287589
-767687
028
602
-44
-944721
1268
807838
917
-0975
975675
-187
-473954
407
-50666853
-94
-64
24
47502007
9375
456
4875
35893
-22
-71409
22875274
-7869368
8238
-6774
-34
87347204
-39624444
7215
-54258
-7596265
-35927379
5572
-2659586
-70036
-76401844
-623956
02
-46069261
-85329
-9173
510887
5995474
42961063
-25315644
-410643
-49903263
9907
96070202
-203
62322553
-253307
-40637
-691
-226
-8633
17961
29
8574
2014
-19
6990183
-56
7835
-5865897
11916497
0448
-661086
8760019
-870713
-337
005697
-8243
-82881
206377
2890147
67
-5446649
-51
995446
-22
-403
-33
-45206535
-97462
27746314
-952
524982
-4929
-188606
147493
-16090717
32
-112
502482
51064
-31465586
78931456
-1956
5090966
372
58
271759
-14521
77
8719
86596523
-95815734
-3295885
7827948
-732098
-219
-983
55580864
43
