-8621177
0616461
-91889
1699
827
9198999
-36
346996
-715497
991
-784268
71497
-66
75
09
-359
92
-222064
-9466
-5972
-88029187
-26107429
-25746717
2357727
147
928
886401
17
6766297
584048
-3077
9396196
85124974
680316
035
7136
6615
-5908109
1445
0408
-870457
37
-279
-16694
4517
-854318
-40952
05092
-862
-7740307
7267775
-768
183
-2941
-605707
12
7853242
-9977307
-77
619366
-57200306
77511
-65141
4565684
46132141
-2292087
58
-9797
-9166
8175954
22874
-63762814
-411053
5181557
-08936215
77
51
07
5108
760548
46261
36684
-95792933
70006
-112
85798
449326
60995317
1218
5582633
38
-836618
-516961
-26296233
7316431
59
-639
74457
-06609063
93315791
-947
-10299
-6260173
-3480907
-68
-32
435586
77154
-86232
9294
-21115
7731
46262
-05063
54
525
-52615
1433709
-02914
-2353
2643226
304686
-6500998
-19959
-3079
-434315
-771
65
537142
262743
779368
02
3877843
-54
76406
3403994
-7968
-075532
4391761
-117
-81
977
-45093042
-35134
-79513
29377
00255
-2397686
-55187
-003
-84362
56586
377
035
-3020097
-26737914
136964
9465
-21561911
82088286
-35084
8207084
-89843593
-60571
-307
-289
66848
-127363
-040969
-1808
-47
41607551
02474762
5028
-983
-52917
-62156274
-57668
-37
-404
-431
66688
-08337609
372589
-2081
-7263006
1998767
7928
86846
-80037698
81068
4043186
3949371
09
-7795
-5800348
77
-393
-2776
-98
-921
8852381
-7789
-920603
1436
07427
-0977136
-50752993
-9442
8108
678
-14822
-21720916
-886167
136
71
4135
3585125
-16756
-828946
14
-9633
-759226
71369
-10989137
-184062
-18298
-0466
7284248
34
-15168
-7492356
715
202
-6164
626444
-1247
-56
-9279337
-281991
7764
1272228
-425
374
-51
-69
-517045
70958788
-7787349
339169
-185
-8321
758243
35
-9143
53073
926396
0175386
-802
72
86
-9091416
-9487856
846
-351742
042
-30644
-365
06802742
-96
50230516
99
186647
14288
8434769
-26
7457
-42
-31182417
-1450166
-958589
-853
-40724046
-309039
308114
5161
-7588
-41
05645535
-1224
74452
-8503105
43268
9828
46991245
-49068
77251
-94
-1855386
6887602
-78
-86
149342
-21
-228
-38299669
-7884
463817
-323592
-33
-040546
-463016
-1044234
-723
-39
-19954344
-52450135
404076
-86602
-99389
26
-028301
7853
-2925
134361
038
-7825
-286131
30633
-177
4151
2829205
-673265
2515
-1343
2551
-63045507
-49
64829276
-4616
-7504
2957423
-499371
2694702
-46488
26265248
-7538
0106286
72
53
61119966
69
945584
-378356
33
-9088034
8654
344
-739546
192
915
-4902919
792
04528
5127522
-637
-08
226
4451689
-71116608
-726
-17214708
-98
46436
24233
-9537
8607
-5495725
935
04
158
68504345
-32
6176
935071
4452956
-42133
-3772339
77
-679822
5027279
-65411592
-4228
-15223509
-854702
64178
-850458
-641
-882
-78258909
2317991
-131267
684
-762188
89
2900888
-490531
-76
-6882577
-81
-65871147
9250082
-1482
-704
48899158
665
-19948
42467
63316
-81517
-60557
34113
01941647
-387
-61666
82918
4291943
-1663542
25
-01
-44
60504077
-0934
-8026
-04678292
-09956985
-95
-66409665
-97513
52
-2852
014
7748
-182
-13
-084
-2386799
74892672
-92451
-8132
-96858
37413
-4316
-226
78
-98934
-69832451
2061815
55267
05759
1318848
113313
3499
8174
-670397
6167
37
-950071
97797
5173139
-96
-384488
-02332
689675
-87276
-5068
2611
-3755
0584
-2442475
1316637
4779651
927
-375622
82
43405
-99
4399181
-229654
36
-395
14708
23261044
6992
-70172637
-8564
812755
-38703
-35441
-06741619
-55
-4585489
846349
160186
-8672
-037
-375
655
-34848
27360427
-20186714
30527
83744948
5585313
-63181
22083
-01355285
-699939
-01
9472
-67009365
361722
668
30601875
-3173302
08528016
-2468979
38180069
258078
-2383
-39
-672
26
-12
-468
234
38415463
-80322432
-4664
63687381
68
-4163672
24
-844709
7233454
7793
-0426
-488
95893
91848
-647576
-68294
29
4400139
438002
033068
1404884
-82502
9601
-27
-0731554
-17868419
-4913274
87
-45
-237962
32492
49
-3017708
-45
46048336
5425
-1320325
6323714
-99678
890711
80051168
-80845
-8738
-10776
-98
600875
-743116
44230579
-6198715
359179
-863
4327097
625
1248
-00609203
-4403
224775
-2973011
-54
845682
548368
473
-894
61972
-4366
-244
15726468
-72606269
-24
9673
-569
58
-523
070779
9535
20655
41776
80337
-0000623
-60209406
-8757
0264
249229
-07
-26229
9309975
05
907
0182
-19
-766
-76775319
76
14
-8284478
056
-86872664
07
772127
-0802
85941773
8958174
-6884
-84
-87
2448
-08627
-07
47
-4269644
127
16936
-22
-02149
7558
3182346
-25727
956798
-8126711
77192
367029
-145299
2169
8988
6209
765
63324737
-233724
-441629
-3536
-94093235
-8874835
-17321536
-79627
-92677
-1198433
-893
66
-812
64
-291004
37596
714
-655499
7479
-33
-17460147
-4488
-06
-667659
-993702
-7140792
-715144
65016
398009
-7237716
94423578
44405427
89
-76331
9706
91
53655559
-403
-1190322
-94
82
066
-2584
58
828495
487375
-72
7794854
-38
2702781
-0995
-0242031
-010797
719
-70283708
-38
0896
4133
-41280946
-61372
-83292674
29
-5672477
06
034506
-98
65
62
72
279
21718989
-25457685
8577213
27007
026886
-839238
-639589
-277
-206
-81922
-36
639846
904531
-557506
-3098
42934649
290714
-389901
785551
-60205459
77034623
8684
09177
-17164013
-699177
-156
-98
6117
88445932
24
596493
9900912
-8828129
-553377
-603
-498281
-7305
-74
-2768075
05375
-966171
5273665
-3037
129
930824
44602
-521508
23773992
-1481537
5585
09923978
53457845
-06192
-29528944
-75
4978
2523
66149
522097
23783
992237
6675
75626
44
4441362
43167
93536113
88774609
5440012
76823
566
384
-48792704
-26769716
9769
1803817
-82133336
93444
38549
0581407
-61139547
174943
7678419
48280129
1662
137196
-95692889
15241
82
24153023
-55410381
907665
16
7324
-27537
-613
094413
10796943
643646
-86
967173
3563
-6188
-350549
11762727
67056
6374
087
6600318
43
-59381
564895
-938
-7953221
-025
226717
-0499669
-0624
-49421
380966
58
-43
-402308
01598125
459
472
40143092
-0324224
-62880895
-759696
-52
