7994
016
-36513
-004874
-63457869
-06141971
734
-62
-68519
-71751022
-05
491
-696502
-73862
04
-1844
-186632
56939035
-35
94481559
95991348
92683
69
903608
43
-24257
87
-241
-23693
-157042
933855
-14729617
1891
-4220835
-05
009
0257
72684
-858173
3830423
-039007
451
-706
173315
-2741
235517
-76165384
1344
09526531
53
-553826
-7271
-67802
-055871
-433989
079678
0798297
-633
-6739428
-047
-529
-72477282
9059
-73
-882497
81480815
0269526
-679032
-079
-809
47322
-78923
-29
-574026
-41
9611
-113
-3096741
61499
-50908
-2566468
-4880302
925
-14318
-925
-61598882
-60215
-572326
-10770894
-99
-452783
401
-29551838
-2048954
-2028147
-8121
-5278
76239
-78207
92913061
0002
-1717
166
-1532
-005064
-24134
-495
52
-0674
-26
-9158961
8601328
58021136
13672645
-97613
44
-63
-06825
56257278
42
00229173
-8745
-84
-5297421
-4998836
24
-0690681
-1097265
-2123486
7086552
-31
-026
-029952
58865324
-0266744
0737
6888
80964
0589
-9844
036
-82
-447
442
0753
704
-372979
-83848
-84909
789
-9280023
-3319
8306
-8851583
2707035
-70469776
-5767125
20005384
-5052
535
75711471
2083
89192236
456699
4762
-78488
-52958
1045
98308
-19102251
63864
-3888796
33464
-22
6977
0422
-146899
75065517
7931
0196825
058657
-3936
421
9658889
841
-166089
-853989
-2768337
-1977945
376
-49507
75159168
-11
-03
84737
69180344
-7491
-8334871
85
-26
-85
467
-654101
6937
67
-25
-24907
57
8857
8600835
-528
-886076
2251
5138149
51
13292
-6066
6495664
95529
381905
18331989
24
-0719
32106766
-94
-60031834
-07
899991
-138844
4586
-316263
-7372378
30318274
-48
-913
90265
-634535
05
855193
-39321012
-8509
49376
-863
87023
-64
02422672
-89177
-76183
283567
8661509
05
6428
049
410454
-90252914
-2301
874
567108
-00422
-179
650773
-902543
-63
-39772737
-73168
-01393284
-08345113
-414684
69909
63242
6319
-5914
-66252
016
-5056769
558
-885498
-865646
08
-5294
902
-321058
062
-659864
-35345104
-2391537
-510721
-43
-5824
13177677
-855026
-60906788
76917
-14
448
5747879
2466
-514655
43386
-2384833
-08507
-72
-86057403
-543
-2984831
01
-91
575
-105
7598
32415
-501856
7729342
-9307954
881985
83
9221
-702
6817
-581
07327
9867
-021
-947682
1903
46726
75
553
71652
-76
73
04049
-837303
-9526275
305
444818
065657
-554932
-72057888
-757
-89982235
8899544
9346
-655821
75498388
9136373
-226
-5435
6729
35732441
-70814353
-4038475
946115
-41
7108
-35325
-5678
-1366897
3613
0754
-02455
-72259
-439
489306
-6903466
-7584902
-96393777
-96298
1324461
38809
79925
-44991132
04295122
-352
6892373
-9001707
59
-84
-045547
49123
8625
19
-271582
-565
-87429934
97989318
35686
2056
-639899
932
-42
0081
-049959
7220425
4686405
76863
384
179
706
-2117001
-6847273
081625
-939
-37
-571239
660146
64503965
-754
-55103238
68
-5665274
-41
84
-8452
-4706532
24571387
-7982
-84862
428005
-07729
-1922873
-03668
-4679399
-019
02
707
-40569424
-31726
-14663256
-7420173
854
-64467
-7421098
9645142
-34116936
-89148678
-61117
-49
66711
196483
-57
1758
-81713
55
97747
5999
-99
54
-71359512
-4094
-15
-1312431
962
459
-0345
-017918
361
81964484
-3882
-97
155
-2506439
-161
-54219
-4776325
-05874
-499
-5971
-8215
165
-87
675976
27
-63
-79
73
-29
661463
-21411
27
-4868
-523
-992667
869034
-285
-6337266
-72515
-41675137
-733974
-34885593
89
-669859
49301061
-28
879
-415
-131
48480063
29
33221
7739
190854
-2166924
7173
63
-406117
-23
83
-37996
28884
8089471
-260535
702
511323
-386
8504
-4566934
4235734
2468
-24
-572322
86351
2364
-188
25
15
69409524
-845
5728
-769
81706244
-3523115
-913
-859141
78
-8019237
08267688
-6043508
8262
918235
62
-9271
-1306
-548257
697289
91890959
51648
584
-47402
-42
-08108
-071
491022
8657
-9345
-079281
-41
00635092
-3233423
-26157
-5056
-7240821
04
-372
-67
5197
66876931
-01711196
95196
-938
29778
-8817
-91
-827
13165
021
721
-91741
6708
39372
92
-0354928
24581708
23871
-70172
6298
153
-08493
-7777
-32
-243
7808
-80398
-4694
-15
4896
245
-2071681
-49
-9905
28
-48005
227
087
-58216
-44812
419485
90315114
6523299
618
-63
241218
-35927
0248281
-51888
-5422
1557251
3876
7739156
-95706605
-59796082
-080492
7755799
2895
-67007926
5205038
01872138
31
-80934
2176044
-686
849046
94
-0337
8843
35508
04261669
-1418
133
-21803893
-41913
-5097521
-32034776
-08172
-82291642
-141979
05806568
-36751
-6371
20728
-6881
-71509357
680183
5910277
32921
-62983195
-89
-950767
-67275
-079
-266
665
-4427
26795
-263
469
1758761
8429
-3348818
-87513942
-5505
709326
-77099
-137825
4921895
269301
-59
378
93957
18642
-78886607
-27332
-23877
-66017253
547
673
829
-04
29
19
62
-5057
-001
-137
-411448
230553
-011627
94
-33260618
85
-758
4962565
-9431807
879617
-835695
26
2511313
-482181
-894
2215894
37954585
141
-2759
-92522397
4729
09
-0267
029
-61
2276338
-4111
75130154
-84942994
-73138
88952242
-83378
211
-2887
-937
997
-97090689
05465076
2638593
-4306
724
717579
-02
797
-382073
-161494
4246
-4539
5825181
26244771
8957
104737
79
26
-19107
-15602
68278503
-27829
-492531
85
-21297861
-3848
-22625
-176541
37
-48261
1133
096184
45492
-71072
8921
43751
85118
-8645572
-4254
-1719
71
8525
-7471411
-325669
-67287247
-9277
38
-163
-660505
48382277
-9808874
-506
-84387
8354349
-1856986
90286
71092819
0416061
67
79603
68828
-5536811
931
-7478115
056473
-19804
-55178967
4484552
-591251
755
4588
-463745
-51
105352
-0867458
-88483155
3565763
-4993
-99774
-8515399
-54268637
-339
4820769
41
766393
57906
32679
91
-329048
57
-215018
25243
-475725
-3723234
59186
