-4006482
-04100392
333
77616055
2814
-83058
-89333
645
849311
-55201
-0959266
-9109
-22789
618
75405
-078848
8012
-58448
94452
-771244
-542
711
-8141
26153402
193558
-494
6308401
-612872
699167
45815
6623287
-983
51545
-5771464
9159
449
-284
71794
085387
-9117069
81649
-95
42183703
627
36825442
15
-74772
841
9359704
429
6822
-8777
7611
-08
-0477242
479
-287239
05374429
-57083278
126
42941309
5155
038034
-9998671
9778732
-07
03
-8058429
-52
-85
39
569
075589
-1938682
21
698687
63
61
-2263
-4148
-25
860792
52
-38813
-7123
-04
48393
-42
-46051
-515936
-20419606
47017
776
-2643
03
9796164
-776
56
-4379
34
204176
-43141269
-3868
294
2050904
-7090587
82975878
-1449533
-15686
72089
80591
7691011
-46973
-5956277
-13
-786
-7417777
-105854
2701
-84
-5454215
-14
606826
4117
-7458
70707789
03588
-7632
-562
65072972
-5556496
-72891985
49397698
3559545
43816
-7204614
-453
196788
-5197812
-40047
1807332
88628389
831333
511
12232266
45067967
-08342
68739186
55
-2619346
9549
83
25
-9455
-9797556
-85
-249492
-93634
93
52
508445
86660411
-138
13
7423341
-2035
8765344
7494
-46183
52683647
-4869
70065656
-792
-204
967
