-13
-7864
-499
932
-731085
8048991
0055
43581
-2318452
-159
-886
-1826
-88263
-3915
31
8564904
243
49287606
-3184253
0686249
-39004
916
-105
-8351
61
4566527
-427806
6871
87661288
7408016
-404386
0488941
-1299
-3786616
-37595
894
-404
-76
60125584
606363
8099267
9789
-9776
-976
04
93291708
18398
-5815
-205
6872207
-204675
-3858228
-244
74
824795
-2389718
6724
-775
-54
8087873
20516
74364013
-041
-3779828
2682797
38824
-24
68454
568
54249696
-6678
-4207
-12
-99629
-2278
336
-100607
26426564
-454
6293061
-55254875
-18
-009719
54591
-4589622
954
1188
059767
3679462
-50849
-35087387
