522
7933
-5902738
-5058
-8154
82579
72168
-809022
-71383
16393
-418045
-26291527
7629979
-37
-01
23971
-027272
9844955
-52891238
-68556286
654
-014152
-978
47
-9052146
-362
42754
6567
1819
-8924276
91596
69883376
1705
56943762
-16523
-1184694
-18553199
-514975
-6032
-567
-67711614
564829
1065529
52172584
596
93
-498
95
-444
-01231
-23043
-05898
-322954
-918136
-97
42
75
-8015
858
-25807
-19226
3379
-883915
27813
32551956
-43106
5560599
-54
-4341915
2807629
-58
-0365
5029
534381
-323
-39
08722153
-64253263
90156127
9044117
-82
-8269
-5814337
-98378
-3187337
-37342181
98273512
-864
816059
163717
926
263659
-5321
-855
4857352
4854
80294
375
-5095341
-91147065
-49
-05
-99
-868528
5704
35
84913122
03481413
004478
-71
-82
-951
-3149
-444237
904372
-487
95805
-71505293
-42059629
-7926
94
-41923
1706
-873803
-790113
484664
-7153
-35
923599
739755
-79468971
-851
746
-0875
28746784
21
01
4220096
2396076
-0462914
8296
49534
2487071
-84118138
0678144
-394276
-5990841
888
-59374221
33
388884
7957
-64045
6923
48
519
-5888367
-78739459
4408
-313111
-479554
0964
3953413
7883012
-653
-714
09871945
-15912193
95
-12614089
-773312
-33025
-4542263
3643
-909799
0335095
058742
-3815382
-17923215
898
-2784703
39339
9135455
958374
-9869178
07919
11
46453106
02454622
-6168
-724844
-0982
-4608353
-582
343
-3519
748
-168
-797
-0104
-0354501
-706217
-31903
-22
-46245
-26
74934
-7799558
9488689
-146527
-576
60652059
-4865
3923
29387
-96021958
0599686
-7924384
-38535075
-98
-97
-005787
36559
4134
-344
047
-82
86629974
257
-9561
41
579386
-9328728
86209262
-69500852
5994101
3809879
-283
-0734
-1502
639
115
84
-707548
-61218401
-823
-19609285
5895
-07
-36
-2189
-0463202
83343548
-9884084
-46592265
-8113
-1729
38833
-80124226
97951958
-83061739
062238
-252
246
62
96
36
-127
-89616
-626
841319
16480128
3815
-61376404
-466
2328804
334
6439
996
3351179
88
-0416315
-20818
66
-272224
63999
75399
48152321
-9237
-28
-48759912
45
7688
343
-541
-24449
5457
069
71613
75797276
-5116704
20933
341
-98
-807324
7227
89363
-395
-499
0946
-63188442
7585433
24
9848
93
-47213784
112888
6131814
1851683
5001049
-361
03
-48090001
-523
3787
-309608
16
5532989
81632
-471
3697336
-8897
0485
88322889
-7857353
1965
-859
-56103
89
-0187
0967282
04
