-657089
3047873
-4765612
58
-4554307
-577
7251
-1876614
-1467657
89
699329
-48
-7439
0842405
-526
91272
-697271
39
9659706
8919
44557803
41213
-3279412
-49690765
-533024
533
213
-177567
-2147
96065
18690935
67077
-603843
-477355
-751143
999132
35849233
-589
-899
977
7388
-830355
-9526
-54
-62358267
5644
2318249
8278
4229869
25
201
-79
40009815
-4919
-1153
-873
722
-3284611
39141578
-23724348
5831
0965
48
06
80767
7571792
-39109
89
536
-67914873
-27
-08509456
5457
4019644
-188
93633694
-584
-926198
72
89723
-918948
9376
8532
-75454121
-0862796
-062508
45164
-87406
15067
-8333
-107291
44
55494128
-3265
-639886
-25
-56
570788
-515416
-63
83
435707
-4317131
6761
01077
02704
138007
-945
-271964
741
-446
52188732
402933
-87
156
07011
-21605
-9248738
2013
-81
73043
8606086
99061
2152
-38
2397705
-06
154
-52192
-1426649
-0733
-7750642
-72
4419194
4639
26836
0966473
-10494478
217309
-5751364
-3722
96565361
068
49992
-71664231
38755
4738422
45
-91
-6228
22
-8056025
11304416
-796804
03
31876342
-68
-9996
443753
-172007
-881
-251117
-54309
-50636
77170895
70699376
3371516
-06903839
07343
98
-2772222
-362518
-8703921
-3371345
18
-6791
06473
69712906
7053
35617
99
-45
-684
-201808
-7731
-958
-577595
82
-11948
-0890108
-09798
-33623263
914
-476434
-757
-9339
-87173
-72686514
7766829
-17225
15174421
-36415
-89110376
-799455
0967
703273
158
-201
3246
54968
-4552058
82771
-1892201
034
-92074509
-15057
54481
-72729985
8434336
-19488
02
-95299394
-018
5646
-03294
41
-82248
-25281063
9229
53
-38
62333
-544535
5506174
58453591
-4693266
4573
08526
598163
-0374
-8518331
0655
-355323
536
84
6577928
4478
-951255
-7096579
-9104
-3168
9655315
61
3644
-116
-84
88055
673
6740154
-51
1528655
98349437
182
6362
58
63166
-727796
-702
-3212373
19
-214691
-4283
-74
-675
-71
175172
-6744
-1005
025585
81
2867
-94699
76278
743
-82611691
-06905689
-0603871
-8867
-35
-727
275
2863
62
433692
306
46676
34845
91785
-8953
5484755
-75579
03753
82294322
-3349
646825
583
-5381
441604
-7201
-001311
758
8060985
-363
1785
7749
1379
-2981466
-82465
-487
7867617
0559329
43832
8191572
-531
-8540732
-96818
024176
-560556
-859
-9625
-719
327485
49253
-07915
-3645486
-245625
-082
-3696
-60016
-875
72654
8958
-3172192
8643
4067
-634858
36286549
81117964
23568972
574
2053
-840671
18514
6149589
-1961
-297
1230455
44
011457
-11805637
80959453
48
-605344
231222
-83497
3332
59
54085803
-00956033
-503337
74823
-5133123
5550871
-855001
3256
52844
9409417
-72
-637
-79
-49071
14
9733963
1714
-2988
-6331
42123
85515844
49824
-7471436
-4525
-6212935
587115
-14382
-9339238
548798
-66476424
163
-53246
651
-06399
49
-57
-0890007
-79998
-451657
705
734
-9139537
-28
96114
28
443752
-654
-7348043
-489697
04483736
773
16
-07385
-4197
-82068
16744
89641
-1572
-267807
33838
-2238
5959
-2348007
-543898
14
96128357
28
08830129
7796
-476
6503573
18274
1732256
-0054
-222
09
166
68257566
-25028097
24743
85
29095
-52445998
-10928213
-13
1358669
05318565
-3135575
69
81
468
-43
761
-84
73005116
518378
44199
-26
4842954
1847291
296617
-6838746
032896
-65
423
71
1356
-586
25
046
-59
-51363
-97
12635
30093464
4532368
-387
-432
-491986
5683
2139
-49
23
706698
322176
27964
-264
8226
218356
-161363
-878154
-3215
-06326
-74609
-48
-91108381
17249
4412
-525505
-09
-052
8557
-5795121
-93218
285985
65
-3318
82
-7374869
-95
71134
-653
-4671
-62
-31144901
-801
-828028
42
-049364
58
87306
42623
99765
-4455997
156962
1093217
-76805913
1733083
-038053
-885
547325
-116226
-6533
-8066
-5047472
-14092153
73602
8416523
-35927363
-363
-27
39131
-8637
-539
-870738
-45923
72
822316
898
91
-818705
521
-595277
-72683
