146
5912011
-065
-36
77534208
81
3443485
3646
-2127
-3974
19897925
518207
-72
838
971
87606
118
4797
4137196
-138727
786363
34
-82420945
-3731448
-218822
-66184047
0796109
3686011
86
-918
-59134882
-6375
9487856
-37339028
159059
-777
1213047
330933
-7566
-69567
-768
172052
-39
97592032
-9816105
-6743775
1504
-374
379868
-29879391
4056
-67
-44845
-449814
23
22
-83948
998
-96
004846
81
-9990386
-950561
-58823445
009
-358
-014
8912
-453
-9725714
-59876158
-26
63876609
-77648
-0139
88224188
266
-746
9829259
-36989
6513
128303
-118848
841305
24
-3606
-627
63284
93644074
-55838009
-4835
3246
-55895
-298819
-87917
867
-52453595
530631
99961
-9001
-65
89151332
-1913958
02
681634
-1039
8112
51
-532
55919796
-11643
-6810965
31131234
169461
-3761
86
09729
4731
88801
5777
-3012
-17468
-27
43663
054
-914769
64463
-280895
-2378
91619278
0700347
1909
413
4444588
-91
-29
-948329
0437
7568668
-0826805
06365249
-2415324
3517605
-31
-0677
720878
-762
972
5623713
-86871
991229
-2392
88
-43
-6480024
30914462
-16445
-513
603
0970035
-7223
14154844
89
042815
64
86
-493986
985905
668
87680107
57986
3448309
-82856
1975448
-0315
239
1459346
5161
39700183
17697154
41341477
28
560753
-97
45182
-985
-76
-531407
-65148373
-9158
-36542421
2256
74
85628781
-2542198
-5872814
1897216
-191409
-29
96877
663
0983
1033
9381
-113
-959
-106
75
4180165
1650807
-303
44
-42
-8187219
1613
-80802
8368571
-1704
780805
13
960624
-57154094
-84168699
54
-4418
-25173
-3809
-1475
10015
573
-17
-04379467
-88
3335935
8578822
585
2641861
-933859
-05750422
-27
57
8492
919
8101297
-659
6761
66
-9851
969615
-71875379
-7379451
-08952
8435398
-3839
-70176722
-93
-5827306
-23
-8817
-202
741957
7631
-53979262
766
95669
-32113
20313
9083552
49
42588009
-414254
-433
70543
-90112
-640808
-973757
85604
87
-67464268
2543701
-87
-30056336
1343609
-79080784
-16916177
14649252
370027
93
-595235
-3603857
-5248
0133
-47260352
-8563
-58599
-82170259
146585
-6438
-21527331
62258
-41424766
-46279
009468
27
-05772826
33889
9776
6074
-37
-307644
787
-2955855
-05
18
0822
-1944
-21641232
6295
-96903
-021
16363
683
64
29062
-2015
65366
6229028
43506044
-63713
95856
-17472
345346
-29
-511816
84598209
5915681
519142
428
46
-1130271
-04
8274
-5201836
-863119
-96
45169
077319
12033
44206384
-13105
49613
72
074176
549
-2824921
-069
-49812
-16
-94
422573
92430156
-31587082
-9065
247
9003782
3668
-060822
-73275405
55
-71713682
2361
-60556424
871004
5546
936
5507918
-97822
08441
62536973
-39294866
-921431
4833
-32
-0004528
-2286
0805919
7498189
-16975
-605
8056
-51029721
-86534876
189
-678007
29428997
-11
-66871134
781478
-1470552
-42266
54
12518089
-91182
26025619
-655
829301
66655
-73
-84
59617
87188
44719959
59
-695435
4631
-854935
-923
-453
1543
8663
-288
-92972
3455
-9861
-5050413
-8591985
3890884
7048
-6956598
10674
-864
-44666834
0470424
-45
3368
63816846
0283
941
792549
-2574
-493354
-9544171
693244
724
